[2025-11-19T12:21:07.852+0000] {local_task_job_runner.py:120} INFO - ::group::Pre task execution logs
[2025-11-19T12:21:07.977+0000] {taskinstance.py:2073} INFO - Dependencies all met for dep_context=non-requeueable deps ti=<TaskInstance: cbr_daily_to_raw.load_cbr_daily_for_date scheduled__2025-07-24T21:00:00+00:00 [queued]>
[2025-11-19T12:21:08.009+0000] {taskinstance.py:2073} INFO - Dependencies all met for dep_context=requeueable deps ti=<TaskInstance: cbr_daily_to_raw.load_cbr_daily_for_date scheduled__2025-07-24T21:00:00+00:00 [queued]>
[2025-11-19T12:21:08.051+0000] {taskinstance.py:2303} INFO - Starting attempt 1 of 2
[2025-11-19T12:21:08.230+0000] {taskinstance.py:2327} INFO - Executing <Task(_PythonDecoratedOperator): load_cbr_daily_for_date> on 2025-07-24 21:00:00+00:00
[2025-11-19T12:21:08.246+0000] {logging_mixin.py:188} WARNING - /home/***/.local/lib/python3.12/site-packages/***/task/task_runner/standard_task_runner.py:61 DeprecationWarning: This process (pid=388) is multi-threaded, use of fork() may lead to deadlocks in the child.
[2025-11-19T12:21:08.245+0000] {standard_task_runner.py:90} INFO - Running: ['***', 'tasks', 'run', 'cbr_daily_to_raw', 'load_cbr_daily_for_date', 'scheduled__2025-07-24T21:00:00+00:00', '--job-id', '70', '--raw', '--subdir', 'DAGS_FOLDER/cbr_daily_to_raw.py', '--cfg-path', '/tmp/tmp1ap6zypg']
[2025-11-19T12:21:08.249+0000] {standard_task_runner.py:63} INFO - Started process 393 to run task
[2025-11-19T12:21:08.250+0000] {standard_task_runner.py:91} INFO - Job 70: Subtask load_cbr_daily_for_date
[2025-11-19T12:21:08.402+0000] {task_command.py:426} INFO - Running <TaskInstance: cbr_daily_to_raw.load_cbr_daily_for_date scheduled__2025-07-24T21:00:00+00:00 [running]> on host 2d463c30b66e
[2025-11-19T12:21:08.695+0000] {taskinstance.py:2644} INFO - Exporting env vars: AIRFLOW_CTX_DAG_OWNER='***' AIRFLOW_CTX_DAG_ID='cbr_daily_to_raw' AIRFLOW_CTX_TASK_ID='load_cbr_daily_for_date' AIRFLOW_CTX_EXECUTION_DATE='2025-07-24T21:00:00+00:00' AIRFLOW_CTX_TRY_NUMBER='1' AIRFLOW_CTX_DAG_RUN_ID='scheduled__2025-07-24T21:00:00+00:00'
[2025-11-19T12:21:08.701+0000] {taskinstance.py:430} INFO - ::endgroup::
[2025-11-19T12:21:09.338+0000] {base.py:84} INFO - Using connection ID 'raw_postgres' for task execution.
[2025-11-19T12:21:09.391+0000] {sql.py:457} INFO - Running statement: 
            INSERT INTO raw.cbr_daily_xml (rate_date, payload)
            VALUES (%s, %s::xml)
            ON CONFLICT (rate_date) DO UPDATE
              SET payload = EXCLUDED.payload,
                  load_ts = now();
            , parameters: (Date(2025, 7, 24), '<?xml version="1.0" encoding="windows-1251"?><ValCurs Date="24.07.2025" name="Foreign Currency Market"><Valute ID="R01010"><NumCode>036</NumCode><CharCode>AUD</CharCode><Nominal>1</Nominal><Name>Австралийский доллар</Name><Value>51,5244</Value><VunitRate>51,5244</VunitRate></Valute><Valute ID="R01020A"><NumCode>944</NumCode><CharCode>AZN</CharCode><Nominal>1</Nominal><Name>Азербайджанский манат</Name><Value>46,1457</Value><VunitRate>46,1457</VunitRate></Valute><Valute ID="R01030"><NumCode>012</NumCode><CharCode>DZD</CharCode><Nominal>100</Nominal><Name>Алжирских динаров</Name><Value>60,4976</Value><VunitRate>0,604976</VunitRate></Valute><Valute ID="R01035"><NumCode>826</NumCode><CharCode>GBP</CharCode><Nominal>1</Nominal><Name>Фунт стерлингов</Name><Value>105,9122</Value><VunitRate>105,9122</VunitRate></Valute><Valute ID="R01060"><NumCode>051</NumCode><CharCode>AMD</CharCode><Nominal>100</Nominal><Name>Армянских драмов</Name><Value>20,4344</Value><VunitRate>0,204344</VunitRate></Valute><Valute ID="R01080"><NumCode>048</NumCode><CharCode>BHD</CharCode><Nominal>1</Nominal><Name>Бахрейнский динар</Name><Value>208,5924</Value><VunitRate>208,5924</VunitRate></Valute><Valute ID="R01090B"><NumCode>933</NumCode><CharCode>BYN</CharCode><Nominal>1</Nominal><Name>Белорусский рубль</Name><Value>26,8041</Value><VunitRate>26,8041</VunitRate></Valute><Valute ID="R01100"><NumCode>975</NumCode><CharCode>BGN</CharCode><Nominal>1</Nominal><Name>Болгарский лев</Name><Value>46,9244</Value><VunitRate>46,9244</VunitRate></Valute><Valute ID="R01105"><NumCode>068</NumCode><CharCode>BOB</CharCode><Nominal>1</Nominal><Name>Боливиано</Name><Value>11,3528</Value><VunitRate>11,3528</VunitRate></Valute><Valute ID="R01115"><NumCode>986</NumCode><CharCode>BRL</CharCode><Nominal>1</Nominal><Name>Бразильский реал</Name><Value>14,0825</Value><VunitRate>14,0825</VunitRate></Valute><Valute ID="R01135"><NumCode>348</NumCode><CharCode>HUF</CharCode><Nominal>100</Nominal><Name>Форинтов</Name><Value>23,0552</Value><VunitRate>0,230552</VunitRate></Valute><Valute ID="R01150"><NumCode>704</NumCode><CharCode>VND</CharCode><Nominal>10000</Nominal><Name>Донгов</Name><Value>31,1585</Value><VunitRate>0,00311585</VunitRate></Valute><Valute ID="R01200"><NumCode>344</NumCode><CharCode>HKD</CharCode><Nominal>1</Nominal><Name>Гонконгский доллар</Name><Value>10,0112</Value><VunitRate>10,0112</VunitRate></Valute><Valute ID="R01210"><NumCode>981</NumCode><CharCode>GEL</CharCode><Nominal>1</Nominal><Name>Лари</Name><Value>28,9411</Value><VunitRate>28,9411</VunitRate></Valute><Valute ID="R01215"><NumCode>208</NumCode><CharCode>DKK</CharCode><Nominal>1</Nominal><Name>Датская крона</Name><Value>12,2941</Value><VunitRate>12,2941</VunitRate></Valute><Valute ID="R01230"><NumCode>784</NumCode><CharCode>AED</CharCode><Nominal>1</Nominal><Name>Дирхам ОАЭ</Name><Value>21,3608</Value><VunitRate>21,3608</VunitRate></Valute><Valute ID="R01235"><NumCode>840</NumCode><CharCode>USD</CharCode><Nominal>1</Nominal><Name>Доллар США</Name><Value>78,4477</Value><VunitRate>78,4477</VunitRate></Valute><Valute ID="R01239"><NumCode>978</NumCode><CharCode>EUR</CharCode><Nominal>1</Nominal><Name>Евро</Name><Value>91,7897</Value><VunitRate>91,7897</VunitRate></Valute><Valute ID="R01240"><NumCode>818</NumCode><CharCode>EGP</CharCode><Nominal>10</Nominal><Name>Египетских фунтов</Name><Value>15,9818</Value><VunitRate>1,59818</VunitRate></Valute><Valute ID="R01270"><NumCode>356</NumCode><CharCode>INR</CharCode><Nominal>100</Nominal><Name>Индийских рупий</Name><Value>90,8300</Value><VunitRate>0,9083</VunitRate></Valute><Valute ID="R01280"><NumCode>360</NumCode><CharCode>IDR</CharCode><Nominal>10000</Nominal><Name>Рупий</Name><Value>48,1068</Value><VunitRate>0,00481068</VunitRate></Valute><Valute ID="R01300"><NumCode>364</NumCode><CharCode>IRR</CharCode><Nominal>100000</Nominal><Name>Иранских риалов</Name><Value>13,4576</Value><VunitRate>0,000134576</VunitRate></Valute><Valute ID="R01335"><NumCode>398</NumCode><CharCode>KZT</CharCode><Nominal>100</Nominal><Name>Тенге</Name><Value>14,7469</Value><VunitRate>0,147469</VunitRate></Valute><Valute ID="R01350"><NumCode>124</NumCode><CharCode>CAD</CharCode><Nominal>1</Nominal><Name>Канадский доллар</Name><Value>57,5341</Value><VunitRate>57,5341</VunitRate></Valute><Valute ID="R01355"><NumCode>634</NumCode><CharCode>QAR</CharCode><Nominal>1</Nominal><Name>Катарский риал</Name><Value>21,5516</Value><VunitRate>21,5516</VunitRate></Valute><Valute ID="R01370"><NumCode>417</NumCode><CharCode>KGS</CharCode><Nominal>100</Nominal><Name>Сомов</Name><Value>89,7866</Value><VunitRate>0,897866</VunitRate></Valute><Valute ID="R01375"><NumCode>156</NumCode><CharCode>CNY</CharCode><Nominal>1</Nominal><Name>Юань</Name><Value>10,9593</Value><VunitRate>10,9593</VunitRate></Valute><Valute ID="R01395"><NumCode>192</NumCode><CharCode>CUP</CharCode><Nominal>10</Nominal><Name>Кубинских песо</Name><Value>32,6865</Value><VunitRate>3,26865</VunitRate></Valute><Valute ID="R01500"><NumCode>498</NumCode><CharCode>MDL</CharCode><Nominal>10</Nominal><Name>Молдавских леев</Name><Value>46,3472</Value><VunitRate>4,63472</VunitRate></Valute><Valute ID="R01503"><NumCode>496</NumCode><CharCode>MNT</CharCode><Nominal>1000</Nominal><Name>Тугриков</Name><Value>21,8778</Value><VunitRate>0,0218778</VunitRate></Valute><Valute ID="R01520"><NumCode>566</NumCode><CharCode>NGN</CharCode><Nominal>1000</Nominal><Name>Найр</Name><Value>51,0981</Value><VunitRate>0,0510981</VunitRate></Valute><Valute ID="R01530"><NumCode>554</NumCode><CharCode>NZD</CharCode><Nominal>1</Nominal><Name>Новозеландский доллар</Name><Value>47,1196</Value><VunitRate>47,1196</VunitRate></Valute><Valute ID="R01535"><NumCode>578</NumCode><CharCode>NOK</CharCode><Nominal>10</Nominal><Name>Норвежских крон</Name><Value>77,2229</Value><VunitRate>7,72229</VunitRate></Valute><Valute ID="R01540"><NumCode>512</NumCode><CharCode>OMR</CharCode><Nominal>1</Nominal><Name>Оманский риал</Name><Value>204,0252</Value><VunitRate>204,0252</VunitRate></Valute><Valute ID="R01565"><NumCode>985</NumCode><CharCode>PLN</CharCode><Nominal>1</Nominal><Name>Злотый</Name><Value>21,6348</Value><VunitRate>21,6348</VunitRate></Valute><Valute ID="R01580"><NumCode>682</NumCode><CharCode>SAR</CharCode><Nominal>1</Nominal><Name>Саудовский риял</Name><Value>20,9194</Value><VunitRate>20,9194</VunitRate></Valute><Valute ID="R01585F"><NumCode>946</NumCode><CharCode>RON</CharCode><Nominal>1</Nominal><Name>Румынский лей</Name><Value>18,1638</Value><VunitRate>18,1638</VunitRate></Valute><Valute ID="R01589"><NumCode>960</NumCode><CharCode>XDR</CharCode><Nominal>1</Nominal><Name>СДР (специальные права заимствования)</Name><Value>107,3839</Value><VunitRate>107,3839</VunitRate></Valute><Valute ID="R01625"><NumCode>702</NumCode><CharCode>SGD</CharCode><Nominal>1</Nominal><Name>Сингапурский доллар</Name><Value>61,3496</Value><VunitRate>61,3496</VunitRate></Valute><Valute ID="R01670"><NumCode>972</NumCode><CharCode>TJS</CharCode><Nominal>10</Nominal><Name>Сомони</Name><Value>81,8570</Value><VunitRate>8,1857</VunitRate></Valute><Valute ID="R01675"><NumCode>764</NumCode><CharCode>THB</CharCode><Nominal>10</Nominal><Name>Батов</Name><Value>24,3831</Value><VunitRate>2,43831</VunitRate></Valute><Valute ID="R01685"><NumCode>050</NumCode><CharCode>BDT</CharCode><Nominal>100</Nominal><Name>Так</Name><Value>64,4979</Value><VunitRate>0,644979</VunitRate></Valute><Valute ID="R01700J"><NumCode>949</NumCode><CharCode>TRY</CharCode><Nominal>10</Nominal><Name>Турецких лир</Name><Value>19,4313</Value><VunitRate>1,94313</VunitRate></Valute><Valute ID="R01710A"><NumCode>934</NumCode><CharCode>TMT</CharCode><Nominal>1</Nominal><Name>Новый туркменский манат</Name><Value>22,4136</Value><VunitRate>22,4136</VunitRate></Valute><Valute ID="R01717"><NumCode>860</NumCode><CharCode>UZS</CharCode><Nominal>10000</Nominal><Name>Узбекских сумов</Name><Value>61,7503</Value><VunitRate>0,00617503</VunitRate></Valute><Valute ID="R01720"><NumCode>980</NumCode><CharCode>UAH</CharCode><Nominal>10</Nominal><Name>Гривен</Name><Value>18,7831</Value><VunitRate>1,87831</VunitRate></Valute><Valute ID="R01760"><NumCode>203</NumCode><CharCode>CZK</CharCode><Nominal>10</Nominal><Name>Чешских крон</Name><Value>37,3774</Value><VunitRate>3,73774</VunitRate></Valute><Valute ID="R01770"><NumCode>752</NumCode><CharCode>SEK</CharCode><Nominal>10</Nominal><Name>Шведских крон</Name><Value>81,8624</Value><VunitRate>8,18624</VunitRate></Valute><Valute ID="R01775"><NumCode>756</NumCode><CharCode>CHF</CharCode><Nominal>1</Nominal><Name>Швейцарский франк</Name><Value>98,9751</Value><VunitRate>98,9751</VunitRate></Valute><Valute ID="R01800"><NumCode>230</NumCode><CharCode>ETB</CharCode><Nominal>100</Nominal><Name>Эфиопских быров</Name><Value>56,7809</Value><VunitRate>0,567809</VunitRate></Valute><Valute ID="R01805F"><NumCode>941</NumCode><CharCode>RSD</CharCode><Nominal>100</Nominal><Name>Сербских динаров</Name><Value>78,5674</Value><VunitRate>0,785674</VunitRate></Valute><Valute ID="R01810"><NumCode>710</NumCode><CharCode>ZAR</CharCode><Nominal>10</Nominal><Name>Рэндов</Name><Value>44,7036</Value><VunitRate>4,47036</VunitRate></Valute><Valute ID="R01815"><NumCode>410</NumCode><CharCode>KRW</CharCode><Nominal>1000</Nominal><Name>Вон</Name><Value>56,5878</Value><VunitRate>0,0565878</VunitRate></Valute><Valute ID="R01820"><NumCode>392</NumCode><CharCode>JPY</CharCode><Nominal>100</Nominal><Name>Иен</Name><Value>53,5845</Value><VunitRate>0,535845</VunitRate></Valute><Valute ID="R02005"><NumCode>104</NumCode><CharCode>MMK</CharCode><Nominal>1000</Nominal><Name>Кьятов</Name><Value>37,3560</Value><VunitRate>0,037356</VunitRate></Valute></ValCurs>')
[2025-11-19T12:21:09.399+0000] {sql.py:466} INFO - Rows affected: 1
[2025-11-19T12:21:09.466+0000] {base.py:84} INFO - Using connection ID 'raw_postgres' for task execution.
[2025-11-19T12:21:09.496+0000] {sql.py:457} INFO - Running statement: 
            INSERT INTO raw.cbr_daily_rates
                (rate_date, val_id, num_code, char_code, nominal, name, value)
            VALUES (%s, %s, %s, %s, %s, %s, %s)
            ON CONFLICT (rate_date, char_code) DO UPDATE
              SET val_id  = EXCLUDED.val_id,
                  num_code= EXCLUDED.num_code,
                  nominal= EXCLUDED.nominal,
                  name    = EXCLUDED.name,
                  value   = EXCLUDED.value,
                  load_ts = now();
        , parameters: (Date(2025, 7, 24), 'R01010', '036', 'AUD', 1, 'Австралийский доллар', 51.5244)
[2025-11-19T12:21:09.499+0000] {sql.py:466} INFO - Rows affected: 1
[2025-11-19T12:21:09.605+0000] {base.py:84} INFO - Using connection ID 'raw_postgres' for task execution.
[2025-11-19T12:21:09.650+0000] {sql.py:457} INFO - Running statement: 
            INSERT INTO raw.cbr_daily_rates
                (rate_date, val_id, num_code, char_code, nominal, name, value)
            VALUES (%s, %s, %s, %s, %s, %s, %s)
            ON CONFLICT (rate_date, char_code) DO UPDATE
              SET val_id  = EXCLUDED.val_id,
                  num_code= EXCLUDED.num_code,
                  nominal= EXCLUDED.nominal,
                  name    = EXCLUDED.name,
                  value   = EXCLUDED.value,
                  load_ts = now();
        , parameters: (Date(2025, 7, 24), 'R01020A', '944', 'AZN', 1, 'Азербайджанский манат', 46.1457)
[2025-11-19T12:21:09.658+0000] {sql.py:466} INFO - Rows affected: 1
[2025-11-19T12:21:09.738+0000] {base.py:84} INFO - Using connection ID 'raw_postgres' for task execution.
[2025-11-19T12:21:09.766+0000] {sql.py:457} INFO - Running statement: 
            INSERT INTO raw.cbr_daily_rates
                (rate_date, val_id, num_code, char_code, nominal, name, value)
            VALUES (%s, %s, %s, %s, %s, %s, %s)
            ON CONFLICT (rate_date, char_code) DO UPDATE
              SET val_id  = EXCLUDED.val_id,
                  num_code= EXCLUDED.num_code,
                  nominal= EXCLUDED.nominal,
                  name    = EXCLUDED.name,
                  value   = EXCLUDED.value,
                  load_ts = now();
        , parameters: (Date(2025, 7, 24), 'R01030', '012', 'DZD', 100, 'Алжирских динаров', 60.4976)
[2025-11-19T12:21:09.772+0000] {sql.py:466} INFO - Rows affected: 1
[2025-11-19T12:21:09.838+0000] {base.py:84} INFO - Using connection ID 'raw_postgres' for task execution.
[2025-11-19T12:21:09.874+0000] {sql.py:457} INFO - Running statement: 
            INSERT INTO raw.cbr_daily_rates
                (rate_date, val_id, num_code, char_code, nominal, name, value)
            VALUES (%s, %s, %s, %s, %s, %s, %s)
            ON CONFLICT (rate_date, char_code) DO UPDATE
              SET val_id  = EXCLUDED.val_id,
                  num_code= EXCLUDED.num_code,
                  nominal= EXCLUDED.nominal,
                  name    = EXCLUDED.name,
                  value   = EXCLUDED.value,
                  load_ts = now();
        , parameters: (Date(2025, 7, 24), 'R01035', '826', 'GBP', 1, 'Фунт стерлингов', 105.9122)
[2025-11-19T12:21:09.881+0000] {sql.py:466} INFO - Rows affected: 1
[2025-11-19T12:21:09.942+0000] {base.py:84} INFO - Using connection ID 'raw_postgres' for task execution.
[2025-11-19T12:21:09.973+0000] {sql.py:457} INFO - Running statement: 
            INSERT INTO raw.cbr_daily_rates
                (rate_date, val_id, num_code, char_code, nominal, name, value)
            VALUES (%s, %s, %s, %s, %s, %s, %s)
            ON CONFLICT (rate_date, char_code) DO UPDATE
              SET val_id  = EXCLUDED.val_id,
                  num_code= EXCLUDED.num_code,
                  nominal= EXCLUDED.nominal,
                  name    = EXCLUDED.name,
                  value   = EXCLUDED.value,
                  load_ts = now();
        , parameters: (Date(2025, 7, 24), 'R01060', '051', 'AMD', 100, 'Армянских драмов', 20.4344)
[2025-11-19T12:21:09.978+0000] {sql.py:466} INFO - Rows affected: 1
[2025-11-19T12:21:10.045+0000] {base.py:84} INFO - Using connection ID 'raw_postgres' for task execution.
[2025-11-19T12:21:10.072+0000] {sql.py:457} INFO - Running statement: 
            INSERT INTO raw.cbr_daily_rates
                (rate_date, val_id, num_code, char_code, nominal, name, value)
            VALUES (%s, %s, %s, %s, %s, %s, %s)
            ON CONFLICT (rate_date, char_code) DO UPDATE
              SET val_id  = EXCLUDED.val_id,
                  num_code= EXCLUDED.num_code,
                  nominal= EXCLUDED.nominal,
                  name    = EXCLUDED.name,
                  value   = EXCLUDED.value,
                  load_ts = now();
        , parameters: (Date(2025, 7, 24), 'R01080', '048', 'BHD', 1, 'Бахрейнский динар', 208.5924)
[2025-11-19T12:21:10.080+0000] {sql.py:466} INFO - Rows affected: 1
[2025-11-19T12:21:10.156+0000] {base.py:84} INFO - Using connection ID 'raw_postgres' for task execution.
[2025-11-19T12:21:10.183+0000] {sql.py:457} INFO - Running statement: 
            INSERT INTO raw.cbr_daily_rates
                (rate_date, val_id, num_code, char_code, nominal, name, value)
            VALUES (%s, %s, %s, %s, %s, %s, %s)
            ON CONFLICT (rate_date, char_code) DO UPDATE
              SET val_id  = EXCLUDED.val_id,
                  num_code= EXCLUDED.num_code,
                  nominal= EXCLUDED.nominal,
                  name    = EXCLUDED.name,
                  value   = EXCLUDED.value,
                  load_ts = now();
        , parameters: (Date(2025, 7, 24), 'R01090B', '933', 'BYN', 1, 'Белорусский рубль', 26.8041)
[2025-11-19T12:21:10.191+0000] {sql.py:466} INFO - Rows affected: 1
[2025-11-19T12:21:10.255+0000] {base.py:84} INFO - Using connection ID 'raw_postgres' for task execution.
[2025-11-19T12:21:10.297+0000] {sql.py:457} INFO - Running statement: 
            INSERT INTO raw.cbr_daily_rates
                (rate_date, val_id, num_code, char_code, nominal, name, value)
            VALUES (%s, %s, %s, %s, %s, %s, %s)
            ON CONFLICT (rate_date, char_code) DO UPDATE
              SET val_id  = EXCLUDED.val_id,
                  num_code= EXCLUDED.num_code,
                  nominal= EXCLUDED.nominal,
                  name    = EXCLUDED.name,
                  value   = EXCLUDED.value,
                  load_ts = now();
        , parameters: (Date(2025, 7, 24), 'R01100', '975', 'BGN', 1, 'Болгарский лев', 46.9244)
[2025-11-19T12:21:10.304+0000] {sql.py:466} INFO - Rows affected: 1
[2025-11-19T12:21:10.366+0000] {base.py:84} INFO - Using connection ID 'raw_postgres' for task execution.
[2025-11-19T12:21:10.398+0000] {sql.py:457} INFO - Running statement: 
            INSERT INTO raw.cbr_daily_rates
                (rate_date, val_id, num_code, char_code, nominal, name, value)
            VALUES (%s, %s, %s, %s, %s, %s, %s)
            ON CONFLICT (rate_date, char_code) DO UPDATE
              SET val_id  = EXCLUDED.val_id,
                  num_code= EXCLUDED.num_code,
                  nominal= EXCLUDED.nominal,
                  name    = EXCLUDED.name,
                  value   = EXCLUDED.value,
                  load_ts = now();
        , parameters: (Date(2025, 7, 24), 'R01105', '068', 'BOB', 1, 'Боливиано', 11.3528)
[2025-11-19T12:21:10.402+0000] {sql.py:466} INFO - Rows affected: 1
[2025-11-19T12:21:10.497+0000] {base.py:84} INFO - Using connection ID 'raw_postgres' for task execution.
[2025-11-19T12:21:10.533+0000] {sql.py:457} INFO - Running statement: 
            INSERT INTO raw.cbr_daily_rates
                (rate_date, val_id, num_code, char_code, nominal, name, value)
            VALUES (%s, %s, %s, %s, %s, %s, %s)
            ON CONFLICT (rate_date, char_code) DO UPDATE
              SET val_id  = EXCLUDED.val_id,
                  num_code= EXCLUDED.num_code,
                  nominal= EXCLUDED.nominal,
                  name    = EXCLUDED.name,
                  value   = EXCLUDED.value,
                  load_ts = now();
        , parameters: (Date(2025, 7, 24), 'R01115', '986', 'BRL', 1, 'Бразильский реал', 14.0825)
[2025-11-19T12:21:10.538+0000] {sql.py:466} INFO - Rows affected: 1
[2025-11-19T12:21:10.617+0000] {base.py:84} INFO - Using connection ID 'raw_postgres' for task execution.
[2025-11-19T12:21:10.679+0000] {sql.py:457} INFO - Running statement: 
            INSERT INTO raw.cbr_daily_rates
                (rate_date, val_id, num_code, char_code, nominal, name, value)
            VALUES (%s, %s, %s, %s, %s, %s, %s)
            ON CONFLICT (rate_date, char_code) DO UPDATE
              SET val_id  = EXCLUDED.val_id,
                  num_code= EXCLUDED.num_code,
                  nominal= EXCLUDED.nominal,
                  name    = EXCLUDED.name,
                  value   = EXCLUDED.value,
                  load_ts = now();
        , parameters: (Date(2025, 7, 24), 'R01135', '348', 'HUF', 100, 'Форинтов', 23.0552)
[2025-11-19T12:21:10.698+0000] {sql.py:466} INFO - Rows affected: 1
[2025-11-19T12:21:10.791+0000] {base.py:84} INFO - Using connection ID 'raw_postgres' for task execution.
[2025-11-19T12:21:10.854+0000] {sql.py:457} INFO - Running statement: 
            INSERT INTO raw.cbr_daily_rates
                (rate_date, val_id, num_code, char_code, nominal, name, value)
            VALUES (%s, %s, %s, %s, %s, %s, %s)
            ON CONFLICT (rate_date, char_code) DO UPDATE
              SET val_id  = EXCLUDED.val_id,
                  num_code= EXCLUDED.num_code,
                  nominal= EXCLUDED.nominal,
                  name    = EXCLUDED.name,
                  value   = EXCLUDED.value,
                  load_ts = now();
        , parameters: (Date(2025, 7, 24), 'R01150', '704', 'VND', 10000, 'Донгов', 31.1585)
[2025-11-19T12:21:10.869+0000] {sql.py:466} INFO - Rows affected: 1
[2025-11-19T12:21:10.928+0000] {base.py:84} INFO - Using connection ID 'raw_postgres' for task execution.
[2025-11-19T12:21:10.974+0000] {sql.py:457} INFO - Running statement: 
            INSERT INTO raw.cbr_daily_rates
                (rate_date, val_id, num_code, char_code, nominal, name, value)
            VALUES (%s, %s, %s, %s, %s, %s, %s)
            ON CONFLICT (rate_date, char_code) DO UPDATE
              SET val_id  = EXCLUDED.val_id,
                  num_code= EXCLUDED.num_code,
                  nominal= EXCLUDED.nominal,
                  name    = EXCLUDED.name,
                  value   = EXCLUDED.value,
                  load_ts = now();
        , parameters: (Date(2025, 7, 24), 'R01200', '344', 'HKD', 1, 'Гонконгский доллар', 10.0112)
[2025-11-19T12:21:10.980+0000] {sql.py:466} INFO - Rows affected: 1
[2025-11-19T12:21:11.080+0000] {base.py:84} INFO - Using connection ID 'raw_postgres' for task execution.
[2025-11-19T12:21:11.131+0000] {sql.py:457} INFO - Running statement: 
            INSERT INTO raw.cbr_daily_rates
                (rate_date, val_id, num_code, char_code, nominal, name, value)
            VALUES (%s, %s, %s, %s, %s, %s, %s)
            ON CONFLICT (rate_date, char_code) DO UPDATE
              SET val_id  = EXCLUDED.val_id,
                  num_code= EXCLUDED.num_code,
                  nominal= EXCLUDED.nominal,
                  name    = EXCLUDED.name,
                  value   = EXCLUDED.value,
                  load_ts = now();
        , parameters: (Date(2025, 7, 24), 'R01210', '981', 'GEL', 1, 'Лари', 28.9411)
[2025-11-19T12:21:11.147+0000] {sql.py:466} INFO - Rows affected: 1
[2025-11-19T12:21:11.222+0000] {base.py:84} INFO - Using connection ID 'raw_postgres' for task execution.
[2025-11-19T12:21:11.263+0000] {sql.py:457} INFO - Running statement: 
            INSERT INTO raw.cbr_daily_rates
                (rate_date, val_id, num_code, char_code, nominal, name, value)
            VALUES (%s, %s, %s, %s, %s, %s, %s)
            ON CONFLICT (rate_date, char_code) DO UPDATE
              SET val_id  = EXCLUDED.val_id,
                  num_code= EXCLUDED.num_code,
                  nominal= EXCLUDED.nominal,
                  name    = EXCLUDED.name,
                  value   = EXCLUDED.value,
                  load_ts = now();
        , parameters: (Date(2025, 7, 24), 'R01215', '208', 'DKK', 1, 'Датская крона', 12.2941)
[2025-11-19T12:21:11.272+0000] {sql.py:466} INFO - Rows affected: 1
[2025-11-19T12:21:11.340+0000] {base.py:84} INFO - Using connection ID 'raw_postgres' for task execution.
[2025-11-19T12:21:11.375+0000] {sql.py:457} INFO - Running statement: 
            INSERT INTO raw.cbr_daily_rates
                (rate_date, val_id, num_code, char_code, nominal, name, value)
            VALUES (%s, %s, %s, %s, %s, %s, %s)
            ON CONFLICT (rate_date, char_code) DO UPDATE
              SET val_id  = EXCLUDED.val_id,
                  num_code= EXCLUDED.num_code,
                  nominal= EXCLUDED.nominal,
                  name    = EXCLUDED.name,
                  value   = EXCLUDED.value,
                  load_ts = now();
        , parameters: (Date(2025, 7, 24), 'R01230', '784', 'AED', 1, 'Дирхам ОАЭ', 21.3608)
[2025-11-19T12:21:11.381+0000] {sql.py:466} INFO - Rows affected: 1
[2025-11-19T12:21:11.436+0000] {base.py:84} INFO - Using connection ID 'raw_postgres' for task execution.
[2025-11-19T12:21:11.474+0000] {sql.py:457} INFO - Running statement: 
            INSERT INTO raw.cbr_daily_rates
                (rate_date, val_id, num_code, char_code, nominal, name, value)
            VALUES (%s, %s, %s, %s, %s, %s, %s)
            ON CONFLICT (rate_date, char_code) DO UPDATE
              SET val_id  = EXCLUDED.val_id,
                  num_code= EXCLUDED.num_code,
                  nominal= EXCLUDED.nominal,
                  name    = EXCLUDED.name,
                  value   = EXCLUDED.value,
                  load_ts = now();
        , parameters: (Date(2025, 7, 24), 'R01235', '840', 'USD', 1, 'Доллар США', 78.4477)
[2025-11-19T12:21:11.486+0000] {sql.py:466} INFO - Rows affected: 1
[2025-11-19T12:21:11.563+0000] {base.py:84} INFO - Using connection ID 'raw_postgres' for task execution.
[2025-11-19T12:21:11.591+0000] {sql.py:457} INFO - Running statement: 
            INSERT INTO raw.cbr_daily_rates
                (rate_date, val_id, num_code, char_code, nominal, name, value)
            VALUES (%s, %s, %s, %s, %s, %s, %s)
            ON CONFLICT (rate_date, char_code) DO UPDATE
              SET val_id  = EXCLUDED.val_id,
                  num_code= EXCLUDED.num_code,
                  nominal= EXCLUDED.nominal,
                  name    = EXCLUDED.name,
                  value   = EXCLUDED.value,
                  load_ts = now();
        , parameters: (Date(2025, 7, 24), 'R01239', '978', 'EUR', 1, 'Евро', 91.7897)
[2025-11-19T12:21:11.596+0000] {sql.py:466} INFO - Rows affected: 1
[2025-11-19T12:21:11.651+0000] {base.py:84} INFO - Using connection ID 'raw_postgres' for task execution.
[2025-11-19T12:21:11.693+0000] {sql.py:457} INFO - Running statement: 
            INSERT INTO raw.cbr_daily_rates
                (rate_date, val_id, num_code, char_code, nominal, name, value)
            VALUES (%s, %s, %s, %s, %s, %s, %s)
            ON CONFLICT (rate_date, char_code) DO UPDATE
              SET val_id  = EXCLUDED.val_id,
                  num_code= EXCLUDED.num_code,
                  nominal= EXCLUDED.nominal,
                  name    = EXCLUDED.name,
                  value   = EXCLUDED.value,
                  load_ts = now();
        , parameters: (Date(2025, 7, 24), 'R01240', '818', 'EGP', 10, 'Египетских фунтов', 15.9818)
[2025-11-19T12:21:11.703+0000] {sql.py:466} INFO - Rows affected: 1
[2025-11-19T12:21:11.786+0000] {base.py:84} INFO - Using connection ID 'raw_postgres' for task execution.
[2025-11-19T12:21:11.828+0000] {sql.py:457} INFO - Running statement: 
            INSERT INTO raw.cbr_daily_rates
                (rate_date, val_id, num_code, char_code, nominal, name, value)
            VALUES (%s, %s, %s, %s, %s, %s, %s)
            ON CONFLICT (rate_date, char_code) DO UPDATE
              SET val_id  = EXCLUDED.val_id,
                  num_code= EXCLUDED.num_code,
                  nominal= EXCLUDED.nominal,
                  name    = EXCLUDED.name,
                  value   = EXCLUDED.value,
                  load_ts = now();
        , parameters: (Date(2025, 7, 24), 'R01270', '356', 'INR', 100, 'Индийских рупий', 90.83)
[2025-11-19T12:21:11.846+0000] {sql.py:466} INFO - Rows affected: 1
[2025-11-19T12:21:11.942+0000] {base.py:84} INFO - Using connection ID 'raw_postgres' for task execution.
[2025-11-19T12:21:11.994+0000] {sql.py:457} INFO - Running statement: 
            INSERT INTO raw.cbr_daily_rates
                (rate_date, val_id, num_code, char_code, nominal, name, value)
            VALUES (%s, %s, %s, %s, %s, %s, %s)
            ON CONFLICT (rate_date, char_code) DO UPDATE
              SET val_id  = EXCLUDED.val_id,
                  num_code= EXCLUDED.num_code,
                  nominal= EXCLUDED.nominal,
                  name    = EXCLUDED.name,
                  value   = EXCLUDED.value,
                  load_ts = now();
        , parameters: (Date(2025, 7, 24), 'R01280', '360', 'IDR', 10000, 'Рупий', 48.1068)
[2025-11-19T12:21:11.998+0000] {sql.py:466} INFO - Rows affected: 1
[2025-11-19T12:21:12.075+0000] {base.py:84} INFO - Using connection ID 'raw_postgres' for task execution.
[2025-11-19T12:21:12.121+0000] {sql.py:457} INFO - Running statement: 
            INSERT INTO raw.cbr_daily_rates
                (rate_date, val_id, num_code, char_code, nominal, name, value)
            VALUES (%s, %s, %s, %s, %s, %s, %s)
            ON CONFLICT (rate_date, char_code) DO UPDATE
              SET val_id  = EXCLUDED.val_id,
                  num_code= EXCLUDED.num_code,
                  nominal= EXCLUDED.nominal,
                  name    = EXCLUDED.name,
                  value   = EXCLUDED.value,
                  load_ts = now();
        , parameters: (Date(2025, 7, 24), 'R01300', '364', 'IRR', 100000, 'Иранских риалов', 13.4576)
[2025-11-19T12:21:12.128+0000] {sql.py:466} INFO - Rows affected: 1
[2025-11-19T12:21:12.209+0000] {base.py:84} INFO - Using connection ID 'raw_postgres' for task execution.
[2025-11-19T12:21:12.265+0000] {sql.py:457} INFO - Running statement: 
            INSERT INTO raw.cbr_daily_rates
                (rate_date, val_id, num_code, char_code, nominal, name, value)
            VALUES (%s, %s, %s, %s, %s, %s, %s)
            ON CONFLICT (rate_date, char_code) DO UPDATE
              SET val_id  = EXCLUDED.val_id,
                  num_code= EXCLUDED.num_code,
                  nominal= EXCLUDED.nominal,
                  name    = EXCLUDED.name,
                  value   = EXCLUDED.value,
                  load_ts = now();
        , parameters: (Date(2025, 7, 24), 'R01335', '398', 'KZT', 100, 'Тенге', 14.7469)
[2025-11-19T12:21:12.271+0000] {sql.py:466} INFO - Rows affected: 1
[2025-11-19T12:21:12.350+0000] {base.py:84} INFO - Using connection ID 'raw_postgres' for task execution.
[2025-11-19T12:21:12.379+0000] {sql.py:457} INFO - Running statement: 
            INSERT INTO raw.cbr_daily_rates
                (rate_date, val_id, num_code, char_code, nominal, name, value)
            VALUES (%s, %s, %s, %s, %s, %s, %s)
            ON CONFLICT (rate_date, char_code) DO UPDATE
              SET val_id  = EXCLUDED.val_id,
                  num_code= EXCLUDED.num_code,
                  nominal= EXCLUDED.nominal,
                  name    = EXCLUDED.name,
                  value   = EXCLUDED.value,
                  load_ts = now();
        , parameters: (Date(2025, 7, 24), 'R01350', '124', 'CAD', 1, 'Канадский доллар', 57.5341)
[2025-11-19T12:21:12.385+0000] {sql.py:466} INFO - Rows affected: 1
[2025-11-19T12:21:12.444+0000] {base.py:84} INFO - Using connection ID 'raw_postgres' for task execution.
[2025-11-19T12:21:12.472+0000] {sql.py:457} INFO - Running statement: 
            INSERT INTO raw.cbr_daily_rates
                (rate_date, val_id, num_code, char_code, nominal, name, value)
            VALUES (%s, %s, %s, %s, %s, %s, %s)
            ON CONFLICT (rate_date, char_code) DO UPDATE
              SET val_id  = EXCLUDED.val_id,
                  num_code= EXCLUDED.num_code,
                  nominal= EXCLUDED.nominal,
                  name    = EXCLUDED.name,
                  value   = EXCLUDED.value,
                  load_ts = now();
        , parameters: (Date(2025, 7, 24), 'R01355', '634', 'QAR', 1, 'Катарский риал', 21.5516)
[2025-11-19T12:21:12.487+0000] {sql.py:466} INFO - Rows affected: 1
[2025-11-19T12:21:12.556+0000] {base.py:84} INFO - Using connection ID 'raw_postgres' for task execution.
[2025-11-19T12:21:12.589+0000] {sql.py:457} INFO - Running statement: 
            INSERT INTO raw.cbr_daily_rates
                (rate_date, val_id, num_code, char_code, nominal, name, value)
            VALUES (%s, %s, %s, %s, %s, %s, %s)
            ON CONFLICT (rate_date, char_code) DO UPDATE
              SET val_id  = EXCLUDED.val_id,
                  num_code= EXCLUDED.num_code,
                  nominal= EXCLUDED.nominal,
                  name    = EXCLUDED.name,
                  value   = EXCLUDED.value,
                  load_ts = now();
        , parameters: (Date(2025, 7, 24), 'R01370', '417', 'KGS', 100, 'Сомов', 89.7866)
[2025-11-19T12:21:12.594+0000] {sql.py:466} INFO - Rows affected: 1
[2025-11-19T12:21:12.680+0000] {base.py:84} INFO - Using connection ID 'raw_postgres' for task execution.
[2025-11-19T12:21:12.738+0000] {sql.py:457} INFO - Running statement: 
            INSERT INTO raw.cbr_daily_rates
                (rate_date, val_id, num_code, char_code, nominal, name, value)
            VALUES (%s, %s, %s, %s, %s, %s, %s)
            ON CONFLICT (rate_date, char_code) DO UPDATE
              SET val_id  = EXCLUDED.val_id,
                  num_code= EXCLUDED.num_code,
                  nominal= EXCLUDED.nominal,
                  name    = EXCLUDED.name,
                  value   = EXCLUDED.value,
                  load_ts = now();
        , parameters: (Date(2025, 7, 24), 'R01375', '156', 'CNY', 1, 'Юань', 10.9593)
[2025-11-19T12:21:12.745+0000] {sql.py:466} INFO - Rows affected: 1
[2025-11-19T12:21:12.807+0000] {base.py:84} INFO - Using connection ID 'raw_postgres' for task execution.
[2025-11-19T12:21:12.840+0000] {sql.py:457} INFO - Running statement: 
            INSERT INTO raw.cbr_daily_rates
                (rate_date, val_id, num_code, char_code, nominal, name, value)
            VALUES (%s, %s, %s, %s, %s, %s, %s)
            ON CONFLICT (rate_date, char_code) DO UPDATE
              SET val_id  = EXCLUDED.val_id,
                  num_code= EXCLUDED.num_code,
                  nominal= EXCLUDED.nominal,
                  name    = EXCLUDED.name,
                  value   = EXCLUDED.value,
                  load_ts = now();
        , parameters: (Date(2025, 7, 24), 'R01395', '192', 'CUP', 10, 'Кубинских песо', 32.6865)
[2025-11-19T12:21:12.844+0000] {sql.py:466} INFO - Rows affected: 1
[2025-11-19T12:21:12.889+0000] {base.py:84} INFO - Using connection ID 'raw_postgres' for task execution.
[2025-11-19T12:21:12.933+0000] {sql.py:457} INFO - Running statement: 
            INSERT INTO raw.cbr_daily_rates
                (rate_date, val_id, num_code, char_code, nominal, name, value)
            VALUES (%s, %s, %s, %s, %s, %s, %s)
            ON CONFLICT (rate_date, char_code) DO UPDATE
              SET val_id  = EXCLUDED.val_id,
                  num_code= EXCLUDED.num_code,
                  nominal= EXCLUDED.nominal,
                  name    = EXCLUDED.name,
                  value   = EXCLUDED.value,
                  load_ts = now();
        , parameters: (Date(2025, 7, 24), 'R01500', '498', 'MDL', 10, 'Молдавских леев', 46.3472)
[2025-11-19T12:21:12.942+0000] {sql.py:466} INFO - Rows affected: 1
[2025-11-19T12:21:13.059+0000] {base.py:84} INFO - Using connection ID 'raw_postgres' for task execution.
[2025-11-19T12:21:13.087+0000] {sql.py:457} INFO - Running statement: 
            INSERT INTO raw.cbr_daily_rates
                (rate_date, val_id, num_code, char_code, nominal, name, value)
            VALUES (%s, %s, %s, %s, %s, %s, %s)
            ON CONFLICT (rate_date, char_code) DO UPDATE
              SET val_id  = EXCLUDED.val_id,
                  num_code= EXCLUDED.num_code,
                  nominal= EXCLUDED.nominal,
                  name    = EXCLUDED.name,
                  value   = EXCLUDED.value,
                  load_ts = now();
        , parameters: (Date(2025, 7, 24), 'R01503', '496', 'MNT', 1000, 'Тугриков', 21.8778)
[2025-11-19T12:21:13.100+0000] {sql.py:466} INFO - Rows affected: 1
[2025-11-19T12:21:13.226+0000] {base.py:84} INFO - Using connection ID 'raw_postgres' for task execution.
[2025-11-19T12:21:13.260+0000] {sql.py:457} INFO - Running statement: 
            INSERT INTO raw.cbr_daily_rates
                (rate_date, val_id, num_code, char_code, nominal, name, value)
            VALUES (%s, %s, %s, %s, %s, %s, %s)
            ON CONFLICT (rate_date, char_code) DO UPDATE
              SET val_id  = EXCLUDED.val_id,
                  num_code= EXCLUDED.num_code,
                  nominal= EXCLUDED.nominal,
                  name    = EXCLUDED.name,
                  value   = EXCLUDED.value,
                  load_ts = now();
        , parameters: (Date(2025, 7, 24), 'R01520', '566', 'NGN', 1000, 'Найр', 51.0981)
[2025-11-19T12:21:13.264+0000] {sql.py:466} INFO - Rows affected: 1
[2025-11-19T12:21:13.402+0000] {base.py:84} INFO - Using connection ID 'raw_postgres' for task execution.
[2025-11-19T12:21:13.473+0000] {sql.py:457} INFO - Running statement: 
            INSERT INTO raw.cbr_daily_rates
                (rate_date, val_id, num_code, char_code, nominal, name, value)
            VALUES (%s, %s, %s, %s, %s, %s, %s)
            ON CONFLICT (rate_date, char_code) DO UPDATE
              SET val_id  = EXCLUDED.val_id,
                  num_code= EXCLUDED.num_code,
                  nominal= EXCLUDED.nominal,
                  name    = EXCLUDED.name,
                  value   = EXCLUDED.value,
                  load_ts = now();
        , parameters: (Date(2025, 7, 24), 'R01530', '554', 'NZD', 1, 'Новозеландский доллар', 47.1196)
[2025-11-19T12:21:13.483+0000] {sql.py:466} INFO - Rows affected: 1
[2025-11-19T12:21:13.574+0000] {base.py:84} INFO - Using connection ID 'raw_postgres' for task execution.
[2025-11-19T12:21:13.608+0000] {sql.py:457} INFO - Running statement: 
            INSERT INTO raw.cbr_daily_rates
                (rate_date, val_id, num_code, char_code, nominal, name, value)
            VALUES (%s, %s, %s, %s, %s, %s, %s)
            ON CONFLICT (rate_date, char_code) DO UPDATE
              SET val_id  = EXCLUDED.val_id,
                  num_code= EXCLUDED.num_code,
                  nominal= EXCLUDED.nominal,
                  name    = EXCLUDED.name,
                  value   = EXCLUDED.value,
                  load_ts = now();
        , parameters: (Date(2025, 7, 24), 'R01535', '578', 'NOK', 10, 'Норвежских крон', 77.2229)
[2025-11-19T12:21:13.612+0000] {sql.py:466} INFO - Rows affected: 1
[2025-11-19T12:21:13.703+0000] {base.py:84} INFO - Using connection ID 'raw_postgres' for task execution.
[2025-11-19T12:21:13.742+0000] {sql.py:457} INFO - Running statement: 
            INSERT INTO raw.cbr_daily_rates
                (rate_date, val_id, num_code, char_code, nominal, name, value)
            VALUES (%s, %s, %s, %s, %s, %s, %s)
            ON CONFLICT (rate_date, char_code) DO UPDATE
              SET val_id  = EXCLUDED.val_id,
                  num_code= EXCLUDED.num_code,
                  nominal= EXCLUDED.nominal,
                  name    = EXCLUDED.name,
                  value   = EXCLUDED.value,
                  load_ts = now();
        , parameters: (Date(2025, 7, 24), 'R01540', '512', 'OMR', 1, 'Оманский риал', 204.0252)
[2025-11-19T12:21:13.745+0000] {sql.py:466} INFO - Rows affected: 1
[2025-11-19T12:21:13.843+0000] {base.py:84} INFO - Using connection ID 'raw_postgres' for task execution.
[2025-11-19T12:21:13.899+0000] {sql.py:457} INFO - Running statement: 
            INSERT INTO raw.cbr_daily_rates
                (rate_date, val_id, num_code, char_code, nominal, name, value)
            VALUES (%s, %s, %s, %s, %s, %s, %s)
            ON CONFLICT (rate_date, char_code) DO UPDATE
              SET val_id  = EXCLUDED.val_id,
                  num_code= EXCLUDED.num_code,
                  nominal= EXCLUDED.nominal,
                  name    = EXCLUDED.name,
                  value   = EXCLUDED.value,
                  load_ts = now();
        , parameters: (Date(2025, 7, 24), 'R01565', '985', 'PLN', 1, 'Злотый', 21.6348)
[2025-11-19T12:21:13.906+0000] {sql.py:466} INFO - Rows affected: 1
[2025-11-19T12:21:13.988+0000] {base.py:84} INFO - Using connection ID 'raw_postgres' for task execution.
[2025-11-19T12:21:14.042+0000] {sql.py:457} INFO - Running statement: 
            INSERT INTO raw.cbr_daily_rates
                (rate_date, val_id, num_code, char_code, nominal, name, value)
            VALUES (%s, %s, %s, %s, %s, %s, %s)
            ON CONFLICT (rate_date, char_code) DO UPDATE
              SET val_id  = EXCLUDED.val_id,
                  num_code= EXCLUDED.num_code,
                  nominal= EXCLUDED.nominal,
                  name    = EXCLUDED.name,
                  value   = EXCLUDED.value,
                  load_ts = now();
        , parameters: (Date(2025, 7, 24), 'R01580', '682', 'SAR', 1, 'Саудовский риял', 20.9194)
[2025-11-19T12:21:14.046+0000] {sql.py:466} INFO - Rows affected: 1
[2025-11-19T12:21:14.133+0000] {base.py:84} INFO - Using connection ID 'raw_postgres' for task execution.
[2025-11-19T12:21:14.205+0000] {sql.py:457} INFO - Running statement: 
            INSERT INTO raw.cbr_daily_rates
                (rate_date, val_id, num_code, char_code, nominal, name, value)
            VALUES (%s, %s, %s, %s, %s, %s, %s)
            ON CONFLICT (rate_date, char_code) DO UPDATE
              SET val_id  = EXCLUDED.val_id,
                  num_code= EXCLUDED.num_code,
                  nominal= EXCLUDED.nominal,
                  name    = EXCLUDED.name,
                  value   = EXCLUDED.value,
                  load_ts = now();
        , parameters: (Date(2025, 7, 24), 'R01585F', '946', 'RON', 1, 'Румынский лей', 18.1638)
[2025-11-19T12:21:14.214+0000] {sql.py:466} INFO - Rows affected: 1
[2025-11-19T12:21:14.296+0000] {base.py:84} INFO - Using connection ID 'raw_postgres' for task execution.
[2025-11-19T12:21:14.384+0000] {sql.py:457} INFO - Running statement: 
            INSERT INTO raw.cbr_daily_rates
                (rate_date, val_id, num_code, char_code, nominal, name, value)
            VALUES (%s, %s, %s, %s, %s, %s, %s)
            ON CONFLICT (rate_date, char_code) DO UPDATE
              SET val_id  = EXCLUDED.val_id,
                  num_code= EXCLUDED.num_code,
                  nominal= EXCLUDED.nominal,
                  name    = EXCLUDED.name,
                  value   = EXCLUDED.value,
                  load_ts = now();
        , parameters: (Date(2025, 7, 24), 'R01589', '960', 'XDR', 1, 'СДР (специальные права заимствования)', 107.3839)
[2025-11-19T12:21:14.399+0000] {sql.py:466} INFO - Rows affected: 1
[2025-11-19T12:21:14.470+0000] {base.py:84} INFO - Using connection ID 'raw_postgres' for task execution.
[2025-11-19T12:21:14.590+0000] {sql.py:457} INFO - Running statement: 
            INSERT INTO raw.cbr_daily_rates
                (rate_date, val_id, num_code, char_code, nominal, name, value)
            VALUES (%s, %s, %s, %s, %s, %s, %s)
            ON CONFLICT (rate_date, char_code) DO UPDATE
              SET val_id  = EXCLUDED.val_id,
                  num_code= EXCLUDED.num_code,
                  nominal= EXCLUDED.nominal,
                  name    = EXCLUDED.name,
                  value   = EXCLUDED.value,
                  load_ts = now();
        , parameters: (Date(2025, 7, 24), 'R01625', '702', 'SGD', 1, 'Сингапурский доллар', 61.3496)
[2025-11-19T12:21:14.609+0000] {sql.py:466} INFO - Rows affected: 1
[2025-11-19T12:21:14.763+0000] {base.py:84} INFO - Using connection ID 'raw_postgres' for task execution.
[2025-11-19T12:21:14.844+0000] {sql.py:457} INFO - Running statement: 
            INSERT INTO raw.cbr_daily_rates
                (rate_date, val_id, num_code, char_code, nominal, name, value)
            VALUES (%s, %s, %s, %s, %s, %s, %s)
            ON CONFLICT (rate_date, char_code) DO UPDATE
              SET val_id  = EXCLUDED.val_id,
                  num_code= EXCLUDED.num_code,
                  nominal= EXCLUDED.nominal,
                  name    = EXCLUDED.name,
                  value   = EXCLUDED.value,
                  load_ts = now();
        , parameters: (Date(2025, 7, 24), 'R01670', '972', 'TJS', 10, 'Сомони', 81.857)
[2025-11-19T12:21:14.854+0000] {sql.py:466} INFO - Rows affected: 1
[2025-11-19T12:21:14.950+0000] {base.py:84} INFO - Using connection ID 'raw_postgres' for task execution.
[2025-11-19T12:21:15.019+0000] {sql.py:457} INFO - Running statement: 
            INSERT INTO raw.cbr_daily_rates
                (rate_date, val_id, num_code, char_code, nominal, name, value)
            VALUES (%s, %s, %s, %s, %s, %s, %s)
            ON CONFLICT (rate_date, char_code) DO UPDATE
              SET val_id  = EXCLUDED.val_id,
                  num_code= EXCLUDED.num_code,
                  nominal= EXCLUDED.nominal,
                  name    = EXCLUDED.name,
                  value   = EXCLUDED.value,
                  load_ts = now();
        , parameters: (Date(2025, 7, 24), 'R01675', '764', 'THB', 10, 'Батов', 24.3831)
[2025-11-19T12:21:15.024+0000] {sql.py:466} INFO - Rows affected: 1
[2025-11-19T12:21:15.096+0000] {base.py:84} INFO - Using connection ID 'raw_postgres' for task execution.
[2025-11-19T12:21:15.154+0000] {sql.py:457} INFO - Running statement: 
            INSERT INTO raw.cbr_daily_rates
                (rate_date, val_id, num_code, char_code, nominal, name, value)
            VALUES (%s, %s, %s, %s, %s, %s, %s)
            ON CONFLICT (rate_date, char_code) DO UPDATE
              SET val_id  = EXCLUDED.val_id,
                  num_code= EXCLUDED.num_code,
                  nominal= EXCLUDED.nominal,
                  name    = EXCLUDED.name,
                  value   = EXCLUDED.value,
                  load_ts = now();
        , parameters: (Date(2025, 7, 24), 'R01685', '050', 'BDT', 100, 'Так', 64.4979)
[2025-11-19T12:21:15.164+0000] {sql.py:466} INFO - Rows affected: 1
[2025-11-19T12:21:15.286+0000] {base.py:84} INFO - Using connection ID 'raw_postgres' for task execution.
[2025-11-19T12:21:15.366+0000] {sql.py:457} INFO - Running statement: 
            INSERT INTO raw.cbr_daily_rates
                (rate_date, val_id, num_code, char_code, nominal, name, value)
            VALUES (%s, %s, %s, %s, %s, %s, %s)
            ON CONFLICT (rate_date, char_code) DO UPDATE
              SET val_id  = EXCLUDED.val_id,
                  num_code= EXCLUDED.num_code,
                  nominal= EXCLUDED.nominal,
                  name    = EXCLUDED.name,
                  value   = EXCLUDED.value,
                  load_ts = now();
        , parameters: (Date(2025, 7, 24), 'R01700J', '949', 'TRY', 10, 'Турецких лир', 19.4313)
[2025-11-19T12:21:15.376+0000] {sql.py:466} INFO - Rows affected: 1
[2025-11-19T12:21:15.453+0000] {base.py:84} INFO - Using connection ID 'raw_postgres' for task execution.
[2025-11-19T12:21:15.533+0000] {sql.py:457} INFO - Running statement: 
            INSERT INTO raw.cbr_daily_rates
                (rate_date, val_id, num_code, char_code, nominal, name, value)
            VALUES (%s, %s, %s, %s, %s, %s, %s)
            ON CONFLICT (rate_date, char_code) DO UPDATE
              SET val_id  = EXCLUDED.val_id,
                  num_code= EXCLUDED.num_code,
                  nominal= EXCLUDED.nominal,
                  name    = EXCLUDED.name,
                  value   = EXCLUDED.value,
                  load_ts = now();
        , parameters: (Date(2025, 7, 24), 'R01710A', '934', 'TMT', 1, 'Новый туркменский манат', 22.4136)
[2025-11-19T12:21:15.537+0000] {sql.py:466} INFO - Rows affected: 1
[2025-11-19T12:21:15.632+0000] {base.py:84} INFO - Using connection ID 'raw_postgres' for task execution.
[2025-11-19T12:21:15.674+0000] {sql.py:457} INFO - Running statement: 
            INSERT INTO raw.cbr_daily_rates
                (rate_date, val_id, num_code, char_code, nominal, name, value)
            VALUES (%s, %s, %s, %s, %s, %s, %s)
            ON CONFLICT (rate_date, char_code) DO UPDATE
              SET val_id  = EXCLUDED.val_id,
                  num_code= EXCLUDED.num_code,
                  nominal= EXCLUDED.nominal,
                  name    = EXCLUDED.name,
                  value   = EXCLUDED.value,
                  load_ts = now();
        , parameters: (Date(2025, 7, 24), 'R01717', '860', 'UZS', 10000, 'Узбекских сумов', 61.7503)
[2025-11-19T12:21:15.678+0000] {sql.py:466} INFO - Rows affected: 1
[2025-11-19T12:21:15.756+0000] {base.py:84} INFO - Using connection ID 'raw_postgres' for task execution.
[2025-11-19T12:21:15.803+0000] {sql.py:457} INFO - Running statement: 
            INSERT INTO raw.cbr_daily_rates
                (rate_date, val_id, num_code, char_code, nominal, name, value)
            VALUES (%s, %s, %s, %s, %s, %s, %s)
            ON CONFLICT (rate_date, char_code) DO UPDATE
              SET val_id  = EXCLUDED.val_id,
                  num_code= EXCLUDED.num_code,
                  nominal= EXCLUDED.nominal,
                  name    = EXCLUDED.name,
                  value   = EXCLUDED.value,
                  load_ts = now();
        , parameters: (Date(2025, 7, 24), 'R01720', '980', 'UAH', 10, 'Гривен', 18.7831)
[2025-11-19T12:21:15.810+0000] {sql.py:466} INFO - Rows affected: 1
[2025-11-19T12:21:15.866+0000] {base.py:84} INFO - Using connection ID 'raw_postgres' for task execution.
[2025-11-19T12:21:15.904+0000] {sql.py:457} INFO - Running statement: 
            INSERT INTO raw.cbr_daily_rates
                (rate_date, val_id, num_code, char_code, nominal, name, value)
            VALUES (%s, %s, %s, %s, %s, %s, %s)
            ON CONFLICT (rate_date, char_code) DO UPDATE
              SET val_id  = EXCLUDED.val_id,
                  num_code= EXCLUDED.num_code,
                  nominal= EXCLUDED.nominal,
                  name    = EXCLUDED.name,
                  value   = EXCLUDED.value,
                  load_ts = now();
        , parameters: (Date(2025, 7, 24), 'R01760', '203', 'CZK', 10, 'Чешских крон', 37.3774)
[2025-11-19T12:21:15.911+0000] {sql.py:466} INFO - Rows affected: 1
[2025-11-19T12:21:16.013+0000] {base.py:84} INFO - Using connection ID 'raw_postgres' for task execution.
[2025-11-19T12:21:16.068+0000] {sql.py:457} INFO - Running statement: 
            INSERT INTO raw.cbr_daily_rates
                (rate_date, val_id, num_code, char_code, nominal, name, value)
            VALUES (%s, %s, %s, %s, %s, %s, %s)
            ON CONFLICT (rate_date, char_code) DO UPDATE
              SET val_id  = EXCLUDED.val_id,
                  num_code= EXCLUDED.num_code,
                  nominal= EXCLUDED.nominal,
                  name    = EXCLUDED.name,
                  value   = EXCLUDED.value,
                  load_ts = now();
        , parameters: (Date(2025, 7, 24), 'R01770', '752', 'SEK', 10, 'Шведских крон', 81.8624)
[2025-11-19T12:21:16.078+0000] {sql.py:466} INFO - Rows affected: 1
[2025-11-19T12:21:16.194+0000] {base.py:84} INFO - Using connection ID 'raw_postgres' for task execution.
[2025-11-19T12:21:16.258+0000] {sql.py:457} INFO - Running statement: 
            INSERT INTO raw.cbr_daily_rates
                (rate_date, val_id, num_code, char_code, nominal, name, value)
            VALUES (%s, %s, %s, %s, %s, %s, %s)
            ON CONFLICT (rate_date, char_code) DO UPDATE
              SET val_id  = EXCLUDED.val_id,
                  num_code= EXCLUDED.num_code,
                  nominal= EXCLUDED.nominal,
                  name    = EXCLUDED.name,
                  value   = EXCLUDED.value,
                  load_ts = now();
        , parameters: (Date(2025, 7, 24), 'R01775', '756', 'CHF', 1, 'Швейцарский франк', 98.9751)
[2025-11-19T12:21:16.282+0000] {sql.py:466} INFO - Rows affected: 1
[2025-11-19T12:21:16.341+0000] {base.py:84} INFO - Using connection ID 'raw_postgres' for task execution.
[2025-11-19T12:21:16.364+0000] {sql.py:457} INFO - Running statement: 
            INSERT INTO raw.cbr_daily_rates
                (rate_date, val_id, num_code, char_code, nominal, name, value)
            VALUES (%s, %s, %s, %s, %s, %s, %s)
            ON CONFLICT (rate_date, char_code) DO UPDATE
              SET val_id  = EXCLUDED.val_id,
                  num_code= EXCLUDED.num_code,
                  nominal= EXCLUDED.nominal,
                  name    = EXCLUDED.name,
                  value   = EXCLUDED.value,
                  load_ts = now();
        , parameters: (Date(2025, 7, 24), 'R01800', '230', 'ETB', 100, 'Эфиопских быров', 56.7809)
[2025-11-19T12:21:16.367+0000] {sql.py:466} INFO - Rows affected: 1
[2025-11-19T12:21:16.427+0000] {base.py:84} INFO - Using connection ID 'raw_postgres' for task execution.
[2025-11-19T12:21:16.457+0000] {sql.py:457} INFO - Running statement: 
            INSERT INTO raw.cbr_daily_rates
                (rate_date, val_id, num_code, char_code, nominal, name, value)
            VALUES (%s, %s, %s, %s, %s, %s, %s)
            ON CONFLICT (rate_date, char_code) DO UPDATE
              SET val_id  = EXCLUDED.val_id,
                  num_code= EXCLUDED.num_code,
                  nominal= EXCLUDED.nominal,
                  name    = EXCLUDED.name,
                  value   = EXCLUDED.value,
                  load_ts = now();
        , parameters: (Date(2025, 7, 24), 'R01805F', '941', 'RSD', 100, 'Сербских динаров', 78.5674)
[2025-11-19T12:21:16.465+0000] {sql.py:466} INFO - Rows affected: 1
[2025-11-19T12:21:16.520+0000] {base.py:84} INFO - Using connection ID 'raw_postgres' for task execution.
[2025-11-19T12:21:16.575+0000] {sql.py:457} INFO - Running statement: 
            INSERT INTO raw.cbr_daily_rates
                (rate_date, val_id, num_code, char_code, nominal, name, value)
            VALUES (%s, %s, %s, %s, %s, %s, %s)
            ON CONFLICT (rate_date, char_code) DO UPDATE
              SET val_id  = EXCLUDED.val_id,
                  num_code= EXCLUDED.num_code,
                  nominal= EXCLUDED.nominal,
                  name    = EXCLUDED.name,
                  value   = EXCLUDED.value,
                  load_ts = now();
        , parameters: (Date(2025, 7, 24), 'R01810', '710', 'ZAR', 10, 'Рэндов', 44.7036)
[2025-11-19T12:21:16.592+0000] {sql.py:466} INFO - Rows affected: 1
[2025-11-19T12:21:16.679+0000] {base.py:84} INFO - Using connection ID 'raw_postgres' for task execution.
[2025-11-19T12:21:16.712+0000] {sql.py:457} INFO - Running statement: 
            INSERT INTO raw.cbr_daily_rates
                (rate_date, val_id, num_code, char_code, nominal, name, value)
            VALUES (%s, %s, %s, %s, %s, %s, %s)
            ON CONFLICT (rate_date, char_code) DO UPDATE
              SET val_id  = EXCLUDED.val_id,
                  num_code= EXCLUDED.num_code,
                  nominal= EXCLUDED.nominal,
                  name    = EXCLUDED.name,
                  value   = EXCLUDED.value,
                  load_ts = now();
        , parameters: (Date(2025, 7, 24), 'R01815', '410', 'KRW', 1000, 'Вон', 56.5878)
[2025-11-19T12:21:16.719+0000] {sql.py:466} INFO - Rows affected: 1
[2025-11-19T12:21:16.803+0000] {base.py:84} INFO - Using connection ID 'raw_postgres' for task execution.
[2025-11-19T12:21:16.835+0000] {sql.py:457} INFO - Running statement: 
            INSERT INTO raw.cbr_daily_rates
                (rate_date, val_id, num_code, char_code, nominal, name, value)
            VALUES (%s, %s, %s, %s, %s, %s, %s)
            ON CONFLICT (rate_date, char_code) DO UPDATE
              SET val_id  = EXCLUDED.val_id,
                  num_code= EXCLUDED.num_code,
                  nominal= EXCLUDED.nominal,
                  name    = EXCLUDED.name,
                  value   = EXCLUDED.value,
                  load_ts = now();
        , parameters: (Date(2025, 7, 24), 'R01820', '392', 'JPY', 100, 'Иен', 53.5845)
[2025-11-19T12:21:16.846+0000] {sql.py:466} INFO - Rows affected: 1
[2025-11-19T12:21:16.897+0000] {base.py:84} INFO - Using connection ID 'raw_postgres' for task execution.
[2025-11-19T12:21:16.928+0000] {sql.py:457} INFO - Running statement: 
            INSERT INTO raw.cbr_daily_rates
                (rate_date, val_id, num_code, char_code, nominal, name, value)
            VALUES (%s, %s, %s, %s, %s, %s, %s)
            ON CONFLICT (rate_date, char_code) DO UPDATE
              SET val_id  = EXCLUDED.val_id,
                  num_code= EXCLUDED.num_code,
                  nominal= EXCLUDED.nominal,
                  name    = EXCLUDED.name,
                  value   = EXCLUDED.value,
                  load_ts = now();
        , parameters: (Date(2025, 7, 24), 'R02005', '104', 'MMK', 1000, 'Кьятов', 37.356)
[2025-11-19T12:21:16.935+0000] {sql.py:466} INFO - Rows affected: 1
[2025-11-19T12:21:16.948+0000] {python.py:237} INFO - Done. Returned value was: 55
[2025-11-19T12:21:16.951+0000] {taskinstance.py:441} INFO - ::group::Post task execution logs
[2025-11-19T12:21:17.058+0000] {taskinstance.py:1205} INFO - Marking task as SUCCESS. dag_id=cbr_daily_to_raw, task_id=load_cbr_daily_for_date, execution_date=20250724T210000, start_date=20251119T122107, end_date=20251119T122117
[2025-11-19T12:21:17.146+0000] {local_task_job_runner.py:240} INFO - Task exited with return code 0
[2025-11-19T12:21:17.228+0000] {taskinstance.py:3482} INFO - 0 downstream tasks scheduled from follow-on schedule check
[2025-11-19T12:21:17.239+0000] {local_task_job_runner.py:222} INFO - ::endgroup::
