[2025-11-19T12:22:09.255+0000] {local_task_job_runner.py:120} INFO - ::group::Pre task execution logs
[2025-11-19T12:22:09.663+0000] {taskinstance.py:2073} INFO - Dependencies all met for dep_context=non-requeueable deps ti=<TaskInstance: cbr_daily_to_raw.load_cbr_daily_for_date scheduled__2025-09-12T21:00:00+00:00 [queued]>
[2025-11-19T12:22:09.770+0000] {taskinstance.py:2073} INFO - Dependencies all met for dep_context=requeueable deps ti=<TaskInstance: cbr_daily_to_raw.load_cbr_daily_for_date scheduled__2025-09-12T21:00:00+00:00 [queued]>
[2025-11-19T12:22:09.777+0000] {taskinstance.py:2303} INFO - Starting attempt 1 of 2
[2025-11-19T12:22:09.897+0000] {taskinstance.py:2327} INFO - Executing <Task(_PythonDecoratedOperator): load_cbr_daily_for_date> on 2025-09-12 21:00:00+00:00
[2025-11-19T12:22:09.931+0000] {logging_mixin.py:188} WARNING - /home/***/.local/lib/python3.12/site-packages/***/task/task_runner/standard_task_runner.py:61 DeprecationWarning: This process (pid=504) is multi-threaded, use of fork() may lead to deadlocks in the child.
[2025-11-19T12:22:09.934+0000] {standard_task_runner.py:63} INFO - Started process 512 to run task
[2025-11-19T12:22:09.933+0000] {standard_task_runner.py:90} INFO - Running: ['***', 'tasks', 'run', 'cbr_daily_to_raw', 'load_cbr_daily_for_date', 'scheduled__2025-09-12T21:00:00+00:00', '--job-id', '120', '--raw', '--subdir', 'DAGS_FOLDER/cbr_daily_to_raw.py', '--cfg-path', '/tmp/tmp8zsthz07']
[2025-11-19T12:22:09.941+0000] {standard_task_runner.py:91} INFO - Job 120: Subtask load_cbr_daily_for_date
[2025-11-19T12:22:10.308+0000] {task_command.py:426} INFO - Running <TaskInstance: cbr_daily_to_raw.load_cbr_daily_for_date scheduled__2025-09-12T21:00:00+00:00 [running]> on host 2d463c30b66e
[2025-11-19T12:22:10.958+0000] {taskinstance.py:2644} INFO - Exporting env vars: AIRFLOW_CTX_DAG_OWNER='***' AIRFLOW_CTX_DAG_ID='cbr_daily_to_raw' AIRFLOW_CTX_TASK_ID='load_cbr_daily_for_date' AIRFLOW_CTX_EXECUTION_DATE='2025-09-12T21:00:00+00:00' AIRFLOW_CTX_TRY_NUMBER='1' AIRFLOW_CTX_DAG_RUN_ID='scheduled__2025-09-12T21:00:00+00:00'
[2025-11-19T12:22:11.003+0000] {taskinstance.py:430} INFO - ::endgroup::
[2025-11-19T12:22:11.554+0000] {base.py:84} INFO - Using connection ID 'raw_postgres' for task execution.
[2025-11-19T12:22:11.588+0000] {sql.py:457} INFO - Running statement: 
            INSERT INTO raw.cbr_daily_xml (rate_date, payload)
            VALUES (%s, %s::xml)
            ON CONFLICT (rate_date) DO UPDATE
              SET payload = EXCLUDED.payload,
                  load_ts = now();
            , parameters: (Date(2025, 9, 12), '<?xml version="1.0" encoding="windows-1251"?><ValCurs Date="12.09.2025" name="Foreign Currency Market"><Valute ID="R01010"><NumCode>036</NumCode><CharCode>AUD</CharCode><Nominal>1</Nominal><Name>Австралийский доллар</Name><Value>56,5730</Value><VunitRate>56,573</VunitRate></Valute><Valute ID="R01020A"><NumCode>944</NumCode><CharCode>AZN</CharCode><Nominal>1</Nominal><Name>Азербайджанский манат</Name><Value>50,3910</Value><VunitRate>50,391</VunitRate></Valute><Valute ID="R01030"><NumCode>012</NumCode><CharCode>DZD</CharCode><Nominal>100</Nominal><Name>Алжирских динаров</Name><Value>66,0714</Value><VunitRate>0,660714</VunitRate></Valute><Valute ID="R01035"><NumCode>826</NumCode><CharCode>GBP</CharCode><Nominal>1</Nominal><Name>Фунт стерлингов</Name><Value>116,0842</Value><VunitRate>116,0842</VunitRate></Valute><Valute ID="R01060"><NumCode>051</NumCode><CharCode>AMD</CharCode><Nominal>100</Nominal><Name>Армянских драмов</Name><Value>22,3814</Value><VunitRate>0,223814</VunitRate></Valute><Valute ID="R01080"><NumCode>048</NumCode><CharCode>BHD</CharCode><Nominal>1</Nominal><Name>Бахрейнский динар</Name><Value>227,7824</Value><VunitRate>227,7824</VunitRate></Valute><Valute ID="R01090B"><NumCode>933</NumCode><CharCode>BYN</CharCode><Nominal>1</Nominal><Name>Белорусский рубль</Name><Value>27,6570</Value><VunitRate>27,657</VunitRate></Valute><Valute ID="R01100"><NumCode>975</NumCode><CharCode>BGN</CharCode><Nominal>1</Nominal><Name>Болгарский лев</Name><Value>51,2763</Value><VunitRate>51,2763</VunitRate></Valute><Valute ID="R01105"><NumCode>068</NumCode><CharCode>BOB</CharCode><Nominal>1</Nominal><Name>Боливиано</Name><Value>12,3972</Value><VunitRate>12,3972</VunitRate></Valute><Valute ID="R01115"><NumCode>986</NumCode><CharCode>BRL</CharCode><Nominal>1</Nominal><Name>Бразильский реал</Name><Value>15,8287</Value><VunitRate>15,8287</VunitRate></Valute><Valute ID="R01135"><NumCode>348</NumCode><CharCode>HUF</CharCode><Nominal>100</Nominal><Name>Форинтов</Name><Value>25,4954</Value><VunitRate>0,254954</VunitRate></Valute><Valute ID="R01150"><NumCode>704</NumCode><CharCode>VND</CharCode><Nominal>10000</Nominal><Name>Донгов</Name><Value>33,9656</Value><VunitRate>0,00339656</VunitRate></Valute><Valute ID="R01200"><NumCode>344</NumCode><CharCode>HKD</CharCode><Nominal>1</Nominal><Name>Гонконгский доллар</Name><Value>11,0151</Value><VunitRate>11,0151</VunitRate></Valute><Valute ID="R01210"><NumCode>981</NumCode><CharCode>GEL</CharCode><Nominal>1</Nominal><Name>Лари</Name><Value>31,8220</Value><VunitRate>31,822</VunitRate></Valute><Valute ID="R01215"><NumCode>208</NumCode><CharCode>DKK</CharCode><Nominal>1</Nominal><Name>Датская крона</Name><Value>13,4342</Value><VunitRate>13,4342</VunitRate></Valute><Valute ID="R01230"><NumCode>784</NumCode><CharCode>AED</CharCode><Nominal>1</Nominal><Name>Дирхам ОАЭ</Name><Value>23,3260</Value><VunitRate>23,326</VunitRate></Valute><Valute ID="R01235"><NumCode>840</NumCode><CharCode>USD</CharCode><Nominal>1</Nominal><Name>Доллар США</Name><Value>85,6647</Value><VunitRate>85,6647</VunitRate></Valute><Valute ID="R01239"><NumCode>978</NumCode><CharCode>EUR</CharCode><Nominal>1</Nominal><Name>Евро</Name><Value>99,7367</Value><VunitRate>99,7367</VunitRate></Valute><Valute ID="R01240"><NumCode>818</NumCode><CharCode>EGP</CharCode><Nominal>10</Nominal><Name>Египетских фунтов</Name><Value>17,7723</Value><VunitRate>1,77723</VunitRate></Valute><Valute ID="R01270"><NumCode>356</NumCode><CharCode>INR</CharCode><Nominal>100</Nominal><Name>Индийских рупий</Name><Value>97,0541</Value><VunitRate>0,970541</VunitRate></Valute><Valute ID="R01280"><NumCode>360</NumCode><CharCode>IDR</CharCode><Nominal>10000</Nominal><Name>Рупий</Name><Value>52,0537</Value><VunitRate>0,00520537</VunitRate></Valute><Valute ID="R01300"><NumCode>364</NumCode><CharCode>IRR</CharCode><Nominal>100000</Nominal><Name>Иранских риалов</Name><Value>14,7621</Value><VunitRate>0,000147621</VunitRate></Valute><Valute ID="R01335"><NumCode>398</NumCode><CharCode>KZT</CharCode><Nominal>100</Nominal><Name>Тенге</Name><Value>15,9169</Value><VunitRate>0,159169</VunitRate></Valute><Valute ID="R01350"><NumCode>124</NumCode><CharCode>CAD</CharCode><Nominal>1</Nominal><Name>Канадский доллар</Name><Value>61,8339</Value><VunitRate>61,8339</VunitRate></Valute><Valute ID="R01355"><NumCode>634</NumCode><CharCode>QAR</CharCode><Nominal>1</Nominal><Name>Катарский риал</Name><Value>23,5343</Value><VunitRate>23,5343</VunitRate></Valute><Valute ID="R01370"><NumCode>417</NumCode><CharCode>KGS</CharCode><Nominal>100</Nominal><Name>Сомов</Name><Value>97,9585</Value><VunitRate>0,979585</VunitRate></Valute><Valute ID="R01375"><NumCode>156</NumCode><CharCode>CNY</CharCode><Nominal>1</Nominal><Name>Юань</Name><Value>11,9373</Value><VunitRate>11,9373</VunitRate></Valute><Valute ID="R01395"><NumCode>192</NumCode><CharCode>CUP</CharCode><Nominal>10</Nominal><Name>Кубинских песо</Name><Value>35,6936</Value><VunitRate>3,56936</VunitRate></Valute><Valute ID="R01500"><NumCode>498</NumCode><CharCode>MDL</CharCode><Nominal>10</Nominal><Name>Молдавских леев</Name><Value>51,3436</Value><VunitRate>5,13436</VunitRate></Valute><Valute ID="R01503"><NumCode>496</NumCode><CharCode>MNT</CharCode><Nominal>1000</Nominal><Name>Тугриков</Name><Value>23,8377</Value><VunitRate>0,0238377</VunitRate></Valute><Valute ID="R01520"><NumCode>566</NumCode><CharCode>NGN</CharCode><Nominal>1000</Nominal><Name>Найр</Name><Value>57,0750</Value><VunitRate>0,057075</VunitRate></Valute><Valute ID="R01530"><NumCode>554</NumCode><CharCode>NZD</CharCode><Nominal>1</Nominal><Name>Новозеландский доллар</Name><Value>50,9148</Value><VunitRate>50,9148</VunitRate></Valute><Valute ID="R01535"><NumCode>578</NumCode><CharCode>NOK</CharCode><Nominal>10</Nominal><Name>Норвежских крон</Name><Value>86,3094</Value><VunitRate>8,63094</VunitRate></Valute><Valute ID="R01540"><NumCode>512</NumCode><CharCode>OMR</CharCode><Nominal>1</Nominal><Name>Оманский риал</Name><Value>222,7951</Value><VunitRate>222,7951</VunitRate></Valute><Valute ID="R01565"><NumCode>985</NumCode><CharCode>PLN</CharCode><Nominal>1</Nominal><Name>Злотый</Name><Value>23,4962</Value><VunitRate>23,4962</VunitRate></Valute><Valute ID="R01580"><NumCode>682</NumCode><CharCode>SAR</CharCode><Nominal>1</Nominal><Name>Саудовский риял</Name><Value>22,8439</Value><VunitRate>22,8439</VunitRate></Valute><Valute ID="R01585F"><NumCode>946</NumCode><CharCode>RON</CharCode><Nominal>1</Nominal><Name>Румынский лей</Name><Value>19,7398</Value><VunitRate>19,7398</VunitRate></Valute><Valute ID="R01589"><NumCode>960</NumCode><CharCode>XDR</CharCode><Nominal>1</Nominal><Name>СДР (специальные права заимствования)</Name><Value>117,4078</Value><VunitRate>117,4078</VunitRate></Valute><Valute ID="R01625"><NumCode>702</NumCode><CharCode>SGD</CharCode><Nominal>1</Nominal><Name>Сингапурский доллар</Name><Value>66,7534</Value><VunitRate>66,7534</VunitRate></Valute><Valute ID="R01670"><NumCode>972</NumCode><CharCode>TJS</CharCode><Nominal>10</Nominal><Name>Сомони</Name><Value>90,0407</Value><VunitRate>9,00407</VunitRate></Valute><Valute ID="R01675"><NumCode>764</NumCode><CharCode>THB</CharCode><Nominal>10</Nominal><Name>Батов</Name><Value>26,9327</Value><VunitRate>2,69327</VunitRate></Valute><Valute ID="R01685"><NumCode>050</NumCode><CharCode>BDT</CharCode><Nominal>100</Nominal><Name>Так</Name><Value>70,3775</Value><VunitRate>0,703775</VunitRate></Valute><Valute ID="R01700J"><NumCode>949</NumCode><CharCode>TRY</CharCode><Nominal>10</Nominal><Name>Турецких лир</Name><Value>20,7730</Value><VunitRate>2,0773</VunitRate></Valute><Valute ID="R01710A"><NumCode>934</NumCode><CharCode>TMT</CharCode><Nominal>1</Nominal><Name>Новый туркменский манат</Name><Value>24,4756</Value><VunitRate>24,4756</VunitRate></Valute><Valute ID="R01717"><NumCode>860</NumCode><CharCode>UZS</CharCode><Nominal>10000</Nominal><Name>Узбекских сумов</Name><Value>69,3032</Value><VunitRate>0,00693032</VunitRate></Valute><Valute ID="R01720"><NumCode>980</NumCode><CharCode>UAH</CharCode><Nominal>10</Nominal><Name>Гривен</Name><Value>20,7357</Value><VunitRate>2,07357</VunitRate></Valute><Valute ID="R01760"><NumCode>203</NumCode><CharCode>CZK</CharCode><Nominal>10</Nominal><Name>Чешских крон</Name><Value>41,0488</Value><VunitRate>4,10488</VunitRate></Valute><Valute ID="R01770"><NumCode>752</NumCode><CharCode>SEK</CharCode><Nominal>10</Nominal><Name>Шведских крон</Name><Value>91,5786</Value><VunitRate>9,15786</VunitRate></Valute><Valute ID="R01775"><NumCode>756</NumCode><CharCode>CHF</CharCode><Nominal>1</Nominal><Name>Швейцарский франк</Name><Value>107,1747</Value><VunitRate>107,1747</VunitRate></Valute><Valute ID="R01800"><NumCode>230</NumCode><CharCode>ETB</CharCode><Nominal>100</Nominal><Name>Эфиопских быров</Name><Value>59,8706</Value><VunitRate>0,598706</VunitRate></Valute><Valute ID="R01805F"><NumCode>941</NumCode><CharCode>RSD</CharCode><Nominal>100</Nominal><Name>Сербских динаров</Name><Value>85,5477</Value><VunitRate>0,855477</VunitRate></Valute><Valute ID="R01810"><NumCode>710</NumCode><CharCode>ZAR</CharCode><Nominal>10</Nominal><Name>Рэндов</Name><Value>48,8555</Value><VunitRate>4,88555</VunitRate></Valute><Valute ID="R01815"><NumCode>410</NumCode><CharCode>KRW</CharCode><Nominal>1000</Nominal><Name>Вон</Name><Value>61,7359</Value><VunitRate>0,0617359</VunitRate></Valute><Valute ID="R01820"><NumCode>392</NumCode><CharCode>JPY</CharCode><Nominal>100</Nominal><Name>Иен</Name><Value>58,0975</Value><VunitRate>0,580975</VunitRate></Valute><Valute ID="R02005"><NumCode>104</NumCode><CharCode>MMK</CharCode><Nominal>1000</Nominal><Name>Кьятов</Name><Value>40,7927</Value><VunitRate>0,0407927</VunitRate></Valute></ValCurs>')
[2025-11-19T12:22:11.594+0000] {sql.py:466} INFO - Rows affected: 1
[2025-11-19T12:22:11.658+0000] {base.py:84} INFO - Using connection ID 'raw_postgres' for task execution.
[2025-11-19T12:22:11.689+0000] {sql.py:457} INFO - Running statement: 
            INSERT INTO raw.cbr_daily_rates
                (rate_date, val_id, num_code, char_code, nominal, name, value)
            VALUES (%s, %s, %s, %s, %s, %s, %s)
            ON CONFLICT (rate_date, char_code) DO UPDATE
              SET val_id  = EXCLUDED.val_id,
                  num_code= EXCLUDED.num_code,
                  nominal= EXCLUDED.nominal,
                  name    = EXCLUDED.name,
                  value   = EXCLUDED.value,
                  load_ts = now();
        , parameters: (Date(2025, 9, 12), 'R01010', '036', 'AUD', 1, 'Австралийский доллар', 56.573)
[2025-11-19T12:22:11.694+0000] {sql.py:466} INFO - Rows affected: 1
[2025-11-19T12:22:11.777+0000] {base.py:84} INFO - Using connection ID 'raw_postgres' for task execution.
[2025-11-19T12:22:11.825+0000] {sql.py:457} INFO - Running statement: 
            INSERT INTO raw.cbr_daily_rates
                (rate_date, val_id, num_code, char_code, nominal, name, value)
            VALUES (%s, %s, %s, %s, %s, %s, %s)
            ON CONFLICT (rate_date, char_code) DO UPDATE
              SET val_id  = EXCLUDED.val_id,
                  num_code= EXCLUDED.num_code,
                  nominal= EXCLUDED.nominal,
                  name    = EXCLUDED.name,
                  value   = EXCLUDED.value,
                  load_ts = now();
        , parameters: (Date(2025, 9, 12), 'R01020A', '944', 'AZN', 1, 'Азербайджанский манат', 50.391)
[2025-11-19T12:22:11.831+0000] {sql.py:466} INFO - Rows affected: 1
[2025-11-19T12:22:11.896+0000] {base.py:84} INFO - Using connection ID 'raw_postgres' for task execution.
[2025-11-19T12:22:11.937+0000] {sql.py:457} INFO - Running statement: 
            INSERT INTO raw.cbr_daily_rates
                (rate_date, val_id, num_code, char_code, nominal, name, value)
            VALUES (%s, %s, %s, %s, %s, %s, %s)
            ON CONFLICT (rate_date, char_code) DO UPDATE
              SET val_id  = EXCLUDED.val_id,
                  num_code= EXCLUDED.num_code,
                  nominal= EXCLUDED.nominal,
                  name    = EXCLUDED.name,
                  value   = EXCLUDED.value,
                  load_ts = now();
        , parameters: (Date(2025, 9, 12), 'R01030', '012', 'DZD', 100, 'Алжирских динаров', 66.0714)
[2025-11-19T12:22:11.948+0000] {sql.py:466} INFO - Rows affected: 1
[2025-11-19T12:22:12.005+0000] {base.py:84} INFO - Using connection ID 'raw_postgres' for task execution.
[2025-11-19T12:22:12.050+0000] {sql.py:457} INFO - Running statement: 
            INSERT INTO raw.cbr_daily_rates
                (rate_date, val_id, num_code, char_code, nominal, name, value)
            VALUES (%s, %s, %s, %s, %s, %s, %s)
            ON CONFLICT (rate_date, char_code) DO UPDATE
              SET val_id  = EXCLUDED.val_id,
                  num_code= EXCLUDED.num_code,
                  nominal= EXCLUDED.nominal,
                  name    = EXCLUDED.name,
                  value   = EXCLUDED.value,
                  load_ts = now();
        , parameters: (Date(2025, 9, 12), 'R01035', '826', 'GBP', 1, 'Фунт стерлингов', 116.0842)
[2025-11-19T12:22:12.057+0000] {sql.py:466} INFO - Rows affected: 1
[2025-11-19T12:22:12.104+0000] {base.py:84} INFO - Using connection ID 'raw_postgres' for task execution.
[2025-11-19T12:22:12.144+0000] {sql.py:457} INFO - Running statement: 
            INSERT INTO raw.cbr_daily_rates
                (rate_date, val_id, num_code, char_code, nominal, name, value)
            VALUES (%s, %s, %s, %s, %s, %s, %s)
            ON CONFLICT (rate_date, char_code) DO UPDATE
              SET val_id  = EXCLUDED.val_id,
                  num_code= EXCLUDED.num_code,
                  nominal= EXCLUDED.nominal,
                  name    = EXCLUDED.name,
                  value   = EXCLUDED.value,
                  load_ts = now();
        , parameters: (Date(2025, 9, 12), 'R01060', '051', 'AMD', 100, 'Армянских драмов', 22.3814)
[2025-11-19T12:22:12.168+0000] {sql.py:466} INFO - Rows affected: 1
[2025-11-19T12:22:12.251+0000] {base.py:84} INFO - Using connection ID 'raw_postgres' for task execution.
[2025-11-19T12:22:12.301+0000] {sql.py:457} INFO - Running statement: 
            INSERT INTO raw.cbr_daily_rates
                (rate_date, val_id, num_code, char_code, nominal, name, value)
            VALUES (%s, %s, %s, %s, %s, %s, %s)
            ON CONFLICT (rate_date, char_code) DO UPDATE
              SET val_id  = EXCLUDED.val_id,
                  num_code= EXCLUDED.num_code,
                  nominal= EXCLUDED.nominal,
                  name    = EXCLUDED.name,
                  value   = EXCLUDED.value,
                  load_ts = now();
        , parameters: (Date(2025, 9, 12), 'R01080', '048', 'BHD', 1, 'Бахрейнский динар', 227.7824)
[2025-11-19T12:22:12.312+0000] {sql.py:466} INFO - Rows affected: 1
[2025-11-19T12:22:12.413+0000] {base.py:84} INFO - Using connection ID 'raw_postgres' for task execution.
[2025-11-19T12:22:12.496+0000] {sql.py:457} INFO - Running statement: 
            INSERT INTO raw.cbr_daily_rates
                (rate_date, val_id, num_code, char_code, nominal, name, value)
            VALUES (%s, %s, %s, %s, %s, %s, %s)
            ON CONFLICT (rate_date, char_code) DO UPDATE
              SET val_id  = EXCLUDED.val_id,
                  num_code= EXCLUDED.num_code,
                  nominal= EXCLUDED.nominal,
                  name    = EXCLUDED.name,
                  value   = EXCLUDED.value,
                  load_ts = now();
        , parameters: (Date(2025, 9, 12), 'R01090B', '933', 'BYN', 1, 'Белорусский рубль', 27.657)
[2025-11-19T12:22:12.503+0000] {sql.py:466} INFO - Rows affected: 1
[2025-11-19T12:22:12.595+0000] {base.py:84} INFO - Using connection ID 'raw_postgres' for task execution.
[2025-11-19T12:22:12.665+0000] {sql.py:457} INFO - Running statement: 
            INSERT INTO raw.cbr_daily_rates
                (rate_date, val_id, num_code, char_code, nominal, name, value)
            VALUES (%s, %s, %s, %s, %s, %s, %s)
            ON CONFLICT (rate_date, char_code) DO UPDATE
              SET val_id  = EXCLUDED.val_id,
                  num_code= EXCLUDED.num_code,
                  nominal= EXCLUDED.nominal,
                  name    = EXCLUDED.name,
                  value   = EXCLUDED.value,
                  load_ts = now();
        , parameters: (Date(2025, 9, 12), 'R01100', '975', 'BGN', 1, 'Болгарский лев', 51.2763)
[2025-11-19T12:22:12.672+0000] {sql.py:466} INFO - Rows affected: 1
[2025-11-19T12:22:12.712+0000] {base.py:84} INFO - Using connection ID 'raw_postgres' for task execution.
[2025-11-19T12:22:12.755+0000] {sql.py:457} INFO - Running statement: 
            INSERT INTO raw.cbr_daily_rates
                (rate_date, val_id, num_code, char_code, nominal, name, value)
            VALUES (%s, %s, %s, %s, %s, %s, %s)
            ON CONFLICT (rate_date, char_code) DO UPDATE
              SET val_id  = EXCLUDED.val_id,
                  num_code= EXCLUDED.num_code,
                  nominal= EXCLUDED.nominal,
                  name    = EXCLUDED.name,
                  value   = EXCLUDED.value,
                  load_ts = now();
        , parameters: (Date(2025, 9, 12), 'R01105', '068', 'BOB', 1, 'Боливиано', 12.3972)
[2025-11-19T12:22:12.770+0000] {sql.py:466} INFO - Rows affected: 1
[2025-11-19T12:22:12.821+0000] {base.py:84} INFO - Using connection ID 'raw_postgres' for task execution.
[2025-11-19T12:22:12.846+0000] {sql.py:457} INFO - Running statement: 
            INSERT INTO raw.cbr_daily_rates
                (rate_date, val_id, num_code, char_code, nominal, name, value)
            VALUES (%s, %s, %s, %s, %s, %s, %s)
            ON CONFLICT (rate_date, char_code) DO UPDATE
              SET val_id  = EXCLUDED.val_id,
                  num_code= EXCLUDED.num_code,
                  nominal= EXCLUDED.nominal,
                  name    = EXCLUDED.name,
                  value   = EXCLUDED.value,
                  load_ts = now();
        , parameters: (Date(2025, 9, 12), 'R01115', '986', 'BRL', 1, 'Бразильский реал', 15.8287)
[2025-11-19T12:22:12.851+0000] {sql.py:466} INFO - Rows affected: 1
[2025-11-19T12:22:12.902+0000] {base.py:84} INFO - Using connection ID 'raw_postgres' for task execution.
[2025-11-19T12:22:12.938+0000] {sql.py:457} INFO - Running statement: 
            INSERT INTO raw.cbr_daily_rates
                (rate_date, val_id, num_code, char_code, nominal, name, value)
            VALUES (%s, %s, %s, %s, %s, %s, %s)
            ON CONFLICT (rate_date, char_code) DO UPDATE
              SET val_id  = EXCLUDED.val_id,
                  num_code= EXCLUDED.num_code,
                  nominal= EXCLUDED.nominal,
                  name    = EXCLUDED.name,
                  value   = EXCLUDED.value,
                  load_ts = now();
        , parameters: (Date(2025, 9, 12), 'R01135', '348', 'HUF', 100, 'Форинтов', 25.4954)
[2025-11-19T12:22:12.941+0000] {sql.py:466} INFO - Rows affected: 1
[2025-11-19T12:22:12.990+0000] {base.py:84} INFO - Using connection ID 'raw_postgres' for task execution.
[2025-11-19T12:22:13.020+0000] {sql.py:457} INFO - Running statement: 
            INSERT INTO raw.cbr_daily_rates
                (rate_date, val_id, num_code, char_code, nominal, name, value)
            VALUES (%s, %s, %s, %s, %s, %s, %s)
            ON CONFLICT (rate_date, char_code) DO UPDATE
              SET val_id  = EXCLUDED.val_id,
                  num_code= EXCLUDED.num_code,
                  nominal= EXCLUDED.nominal,
                  name    = EXCLUDED.name,
                  value   = EXCLUDED.value,
                  load_ts = now();
        , parameters: (Date(2025, 9, 12), 'R01150', '704', 'VND', 10000, 'Донгов', 33.9656)
[2025-11-19T12:22:13.023+0000] {sql.py:466} INFO - Rows affected: 1
[2025-11-19T12:22:13.087+0000] {base.py:84} INFO - Using connection ID 'raw_postgres' for task execution.
[2025-11-19T12:22:13.150+0000] {sql.py:457} INFO - Running statement: 
            INSERT INTO raw.cbr_daily_rates
                (rate_date, val_id, num_code, char_code, nominal, name, value)
            VALUES (%s, %s, %s, %s, %s, %s, %s)
            ON CONFLICT (rate_date, char_code) DO UPDATE
              SET val_id  = EXCLUDED.val_id,
                  num_code= EXCLUDED.num_code,
                  nominal= EXCLUDED.nominal,
                  name    = EXCLUDED.name,
                  value   = EXCLUDED.value,
                  load_ts = now();
        , parameters: (Date(2025, 9, 12), 'R01200', '344', 'HKD', 1, 'Гонконгский доллар', 11.0151)
[2025-11-19T12:22:13.155+0000] {sql.py:466} INFO - Rows affected: 1
[2025-11-19T12:22:13.224+0000] {base.py:84} INFO - Using connection ID 'raw_postgres' for task execution.
[2025-11-19T12:22:13.249+0000] {sql.py:457} INFO - Running statement: 
            INSERT INTO raw.cbr_daily_rates
                (rate_date, val_id, num_code, char_code, nominal, name, value)
            VALUES (%s, %s, %s, %s, %s, %s, %s)
            ON CONFLICT (rate_date, char_code) DO UPDATE
              SET val_id  = EXCLUDED.val_id,
                  num_code= EXCLUDED.num_code,
                  nominal= EXCLUDED.nominal,
                  name    = EXCLUDED.name,
                  value   = EXCLUDED.value,
                  load_ts = now();
        , parameters: (Date(2025, 9, 12), 'R01210', '981', 'GEL', 1, 'Лари', 31.822)
[2025-11-19T12:22:13.253+0000] {sql.py:466} INFO - Rows affected: 1
[2025-11-19T12:22:13.305+0000] {base.py:84} INFO - Using connection ID 'raw_postgres' for task execution.
[2025-11-19T12:22:13.329+0000] {sql.py:457} INFO - Running statement: 
            INSERT INTO raw.cbr_daily_rates
                (rate_date, val_id, num_code, char_code, nominal, name, value)
            VALUES (%s, %s, %s, %s, %s, %s, %s)
            ON CONFLICT (rate_date, char_code) DO UPDATE
              SET val_id  = EXCLUDED.val_id,
                  num_code= EXCLUDED.num_code,
                  nominal= EXCLUDED.nominal,
                  name    = EXCLUDED.name,
                  value   = EXCLUDED.value,
                  load_ts = now();
        , parameters: (Date(2025, 9, 12), 'R01215', '208', 'DKK', 1, 'Датская крона', 13.4342)
[2025-11-19T12:22:13.334+0000] {sql.py:466} INFO - Rows affected: 1
[2025-11-19T12:22:13.398+0000] {base.py:84} INFO - Using connection ID 'raw_postgres' for task execution.
[2025-11-19T12:22:13.440+0000] {sql.py:457} INFO - Running statement: 
            INSERT INTO raw.cbr_daily_rates
                (rate_date, val_id, num_code, char_code, nominal, name, value)
            VALUES (%s, %s, %s, %s, %s, %s, %s)
            ON CONFLICT (rate_date, char_code) DO UPDATE
              SET val_id  = EXCLUDED.val_id,
                  num_code= EXCLUDED.num_code,
                  nominal= EXCLUDED.nominal,
                  name    = EXCLUDED.name,
                  value   = EXCLUDED.value,
                  load_ts = now();
        , parameters: (Date(2025, 9, 12), 'R01230', '784', 'AED', 1, 'Дирхам ОАЭ', 23.326)
[2025-11-19T12:22:13.446+0000] {sql.py:466} INFO - Rows affected: 1
[2025-11-19T12:22:13.495+0000] {base.py:84} INFO - Using connection ID 'raw_postgres' for task execution.
[2025-11-19T12:22:13.527+0000] {sql.py:457} INFO - Running statement: 
            INSERT INTO raw.cbr_daily_rates
                (rate_date, val_id, num_code, char_code, nominal, name, value)
            VALUES (%s, %s, %s, %s, %s, %s, %s)
            ON CONFLICT (rate_date, char_code) DO UPDATE
              SET val_id  = EXCLUDED.val_id,
                  num_code= EXCLUDED.num_code,
                  nominal= EXCLUDED.nominal,
                  name    = EXCLUDED.name,
                  value   = EXCLUDED.value,
                  load_ts = now();
        , parameters: (Date(2025, 9, 12), 'R01235', '840', 'USD', 1, 'Доллар США', 85.6647)
[2025-11-19T12:22:13.531+0000] {sql.py:466} INFO - Rows affected: 1
[2025-11-19T12:22:13.578+0000] {base.py:84} INFO - Using connection ID 'raw_postgres' for task execution.
[2025-11-19T12:22:13.614+0000] {sql.py:457} INFO - Running statement: 
            INSERT INTO raw.cbr_daily_rates
                (rate_date, val_id, num_code, char_code, nominal, name, value)
            VALUES (%s, %s, %s, %s, %s, %s, %s)
            ON CONFLICT (rate_date, char_code) DO UPDATE
              SET val_id  = EXCLUDED.val_id,
                  num_code= EXCLUDED.num_code,
                  nominal= EXCLUDED.nominal,
                  name    = EXCLUDED.name,
                  value   = EXCLUDED.value,
                  load_ts = now();
        , parameters: (Date(2025, 9, 12), 'R01239', '978', 'EUR', 1, 'Евро', 99.7367)
[2025-11-19T12:22:13.617+0000] {sql.py:466} INFO - Rows affected: 1
[2025-11-19T12:22:13.668+0000] {base.py:84} INFO - Using connection ID 'raw_postgres' for task execution.
[2025-11-19T12:22:13.717+0000] {sql.py:457} INFO - Running statement: 
            INSERT INTO raw.cbr_daily_rates
                (rate_date, val_id, num_code, char_code, nominal, name, value)
            VALUES (%s, %s, %s, %s, %s, %s, %s)
            ON CONFLICT (rate_date, char_code) DO UPDATE
              SET val_id  = EXCLUDED.val_id,
                  num_code= EXCLUDED.num_code,
                  nominal= EXCLUDED.nominal,
                  name    = EXCLUDED.name,
                  value   = EXCLUDED.value,
                  load_ts = now();
        , parameters: (Date(2025, 9, 12), 'R01240', '818', 'EGP', 10, 'Египетских фунтов', 17.7723)
[2025-11-19T12:22:13.734+0000] {sql.py:466} INFO - Rows affected: 1
[2025-11-19T12:22:13.796+0000] {base.py:84} INFO - Using connection ID 'raw_postgres' for task execution.
[2025-11-19T12:22:13.826+0000] {sql.py:457} INFO - Running statement: 
            INSERT INTO raw.cbr_daily_rates
                (rate_date, val_id, num_code, char_code, nominal, name, value)
            VALUES (%s, %s, %s, %s, %s, %s, %s)
            ON CONFLICT (rate_date, char_code) DO UPDATE
              SET val_id  = EXCLUDED.val_id,
                  num_code= EXCLUDED.num_code,
                  nominal= EXCLUDED.nominal,
                  name    = EXCLUDED.name,
                  value   = EXCLUDED.value,
                  load_ts = now();
        , parameters: (Date(2025, 9, 12), 'R01270', '356', 'INR', 100, 'Индийских рупий', 97.0541)
[2025-11-19T12:22:13.839+0000] {sql.py:466} INFO - Rows affected: 1
[2025-11-19T12:22:13.919+0000] {base.py:84} INFO - Using connection ID 'raw_postgres' for task execution.
[2025-11-19T12:22:13.963+0000] {sql.py:457} INFO - Running statement: 
            INSERT INTO raw.cbr_daily_rates
                (rate_date, val_id, num_code, char_code, nominal, name, value)
            VALUES (%s, %s, %s, %s, %s, %s, %s)
            ON CONFLICT (rate_date, char_code) DO UPDATE
              SET val_id  = EXCLUDED.val_id,
                  num_code= EXCLUDED.num_code,
                  nominal= EXCLUDED.nominal,
                  name    = EXCLUDED.name,
                  value   = EXCLUDED.value,
                  load_ts = now();
        , parameters: (Date(2025, 9, 12), 'R01280', '360', 'IDR', 10000, 'Рупий', 52.0537)
[2025-11-19T12:22:13.969+0000] {sql.py:466} INFO - Rows affected: 1
[2025-11-19T12:22:14.020+0000] {base.py:84} INFO - Using connection ID 'raw_postgres' for task execution.
[2025-11-19T12:22:14.049+0000] {sql.py:457} INFO - Running statement: 
            INSERT INTO raw.cbr_daily_rates
                (rate_date, val_id, num_code, char_code, nominal, name, value)
            VALUES (%s, %s, %s, %s, %s, %s, %s)
            ON CONFLICT (rate_date, char_code) DO UPDATE
              SET val_id  = EXCLUDED.val_id,
                  num_code= EXCLUDED.num_code,
                  nominal= EXCLUDED.nominal,
                  name    = EXCLUDED.name,
                  value   = EXCLUDED.value,
                  load_ts = now();
        , parameters: (Date(2025, 9, 12), 'R01300', '364', 'IRR', 100000, 'Иранских риалов', 14.7621)
[2025-11-19T12:22:14.053+0000] {sql.py:466} INFO - Rows affected: 1
[2025-11-19T12:22:14.108+0000] {base.py:84} INFO - Using connection ID 'raw_postgres' for task execution.
[2025-11-19T12:22:14.137+0000] {sql.py:457} INFO - Running statement: 
            INSERT INTO raw.cbr_daily_rates
                (rate_date, val_id, num_code, char_code, nominal, name, value)
            VALUES (%s, %s, %s, %s, %s, %s, %s)
            ON CONFLICT (rate_date, char_code) DO UPDATE
              SET val_id  = EXCLUDED.val_id,
                  num_code= EXCLUDED.num_code,
                  nominal= EXCLUDED.nominal,
                  name    = EXCLUDED.name,
                  value   = EXCLUDED.value,
                  load_ts = now();
        , parameters: (Date(2025, 9, 12), 'R01335', '398', 'KZT', 100, 'Тенге', 15.9169)
[2025-11-19T12:22:14.144+0000] {sql.py:466} INFO - Rows affected: 1
[2025-11-19T12:22:14.209+0000] {base.py:84} INFO - Using connection ID 'raw_postgres' for task execution.
[2025-11-19T12:22:14.249+0000] {sql.py:457} INFO - Running statement: 
            INSERT INTO raw.cbr_daily_rates
                (rate_date, val_id, num_code, char_code, nominal, name, value)
            VALUES (%s, %s, %s, %s, %s, %s, %s)
            ON CONFLICT (rate_date, char_code) DO UPDATE
              SET val_id  = EXCLUDED.val_id,
                  num_code= EXCLUDED.num_code,
                  nominal= EXCLUDED.nominal,
                  name    = EXCLUDED.name,
                  value   = EXCLUDED.value,
                  load_ts = now();
        , parameters: (Date(2025, 9, 12), 'R01350', '124', 'CAD', 1, 'Канадский доллар', 61.8339)
[2025-11-19T12:22:14.254+0000] {sql.py:466} INFO - Rows affected: 1
[2025-11-19T12:22:14.335+0000] {base.py:84} INFO - Using connection ID 'raw_postgres' for task execution.
[2025-11-19T12:22:14.385+0000] {sql.py:457} INFO - Running statement: 
            INSERT INTO raw.cbr_daily_rates
                (rate_date, val_id, num_code, char_code, nominal, name, value)
            VALUES (%s, %s, %s, %s, %s, %s, %s)
            ON CONFLICT (rate_date, char_code) DO UPDATE
              SET val_id  = EXCLUDED.val_id,
                  num_code= EXCLUDED.num_code,
                  nominal= EXCLUDED.nominal,
                  name    = EXCLUDED.name,
                  value   = EXCLUDED.value,
                  load_ts = now();
        , parameters: (Date(2025, 9, 12), 'R01355', '634', 'QAR', 1, 'Катарский риал', 23.5343)
[2025-11-19T12:22:14.390+0000] {sql.py:466} INFO - Rows affected: 1
[2025-11-19T12:22:14.437+0000] {base.py:84} INFO - Using connection ID 'raw_postgres' for task execution.
[2025-11-19T12:22:14.468+0000] {sql.py:457} INFO - Running statement: 
            INSERT INTO raw.cbr_daily_rates
                (rate_date, val_id, num_code, char_code, nominal, name, value)
            VALUES (%s, %s, %s, %s, %s, %s, %s)
            ON CONFLICT (rate_date, char_code) DO UPDATE
              SET val_id  = EXCLUDED.val_id,
                  num_code= EXCLUDED.num_code,
                  nominal= EXCLUDED.nominal,
                  name    = EXCLUDED.name,
                  value   = EXCLUDED.value,
                  load_ts = now();
        , parameters: (Date(2025, 9, 12), 'R01370', '417', 'KGS', 100, 'Сомов', 97.9585)
[2025-11-19T12:22:14.471+0000] {sql.py:466} INFO - Rows affected: 1
[2025-11-19T12:22:14.508+0000] {base.py:84} INFO - Using connection ID 'raw_postgres' for task execution.
[2025-11-19T12:22:14.531+0000] {sql.py:457} INFO - Running statement: 
            INSERT INTO raw.cbr_daily_rates
                (rate_date, val_id, num_code, char_code, nominal, name, value)
            VALUES (%s, %s, %s, %s, %s, %s, %s)
            ON CONFLICT (rate_date, char_code) DO UPDATE
              SET val_id  = EXCLUDED.val_id,
                  num_code= EXCLUDED.num_code,
                  nominal= EXCLUDED.nominal,
                  name    = EXCLUDED.name,
                  value   = EXCLUDED.value,
                  load_ts = now();
        , parameters: (Date(2025, 9, 12), 'R01375', '156', 'CNY', 1, 'Юань', 11.9373)
[2025-11-19T12:22:14.534+0000] {sql.py:466} INFO - Rows affected: 1
[2025-11-19T12:22:14.574+0000] {base.py:84} INFO - Using connection ID 'raw_postgres' for task execution.
[2025-11-19T12:22:14.595+0000] {sql.py:457} INFO - Running statement: 
            INSERT INTO raw.cbr_daily_rates
                (rate_date, val_id, num_code, char_code, nominal, name, value)
            VALUES (%s, %s, %s, %s, %s, %s, %s)
            ON CONFLICT (rate_date, char_code) DO UPDATE
              SET val_id  = EXCLUDED.val_id,
                  num_code= EXCLUDED.num_code,
                  nominal= EXCLUDED.nominal,
                  name    = EXCLUDED.name,
                  value   = EXCLUDED.value,
                  load_ts = now();
        , parameters: (Date(2025, 9, 12), 'R01395', '192', 'CUP', 10, 'Кубинских песо', 35.6936)
[2025-11-19T12:22:14.599+0000] {sql.py:466} INFO - Rows affected: 1
[2025-11-19T12:22:14.656+0000] {base.py:84} INFO - Using connection ID 'raw_postgres' for task execution.
[2025-11-19T12:22:14.687+0000] {sql.py:457} INFO - Running statement: 
            INSERT INTO raw.cbr_daily_rates
                (rate_date, val_id, num_code, char_code, nominal, name, value)
            VALUES (%s, %s, %s, %s, %s, %s, %s)
            ON CONFLICT (rate_date, char_code) DO UPDATE
              SET val_id  = EXCLUDED.val_id,
                  num_code= EXCLUDED.num_code,
                  nominal= EXCLUDED.nominal,
                  name    = EXCLUDED.name,
                  value   = EXCLUDED.value,
                  load_ts = now();
        , parameters: (Date(2025, 9, 12), 'R01500', '498', 'MDL', 10, 'Молдавских леев', 51.3436)
[2025-11-19T12:22:14.692+0000] {sql.py:466} INFO - Rows affected: 1
[2025-11-19T12:22:14.737+0000] {base.py:84} INFO - Using connection ID 'raw_postgres' for task execution.
[2025-11-19T12:22:14.770+0000] {sql.py:457} INFO - Running statement: 
            INSERT INTO raw.cbr_daily_rates
                (rate_date, val_id, num_code, char_code, nominal, name, value)
            VALUES (%s, %s, %s, %s, %s, %s, %s)
            ON CONFLICT (rate_date, char_code) DO UPDATE
              SET val_id  = EXCLUDED.val_id,
                  num_code= EXCLUDED.num_code,
                  nominal= EXCLUDED.nominal,
                  name    = EXCLUDED.name,
                  value   = EXCLUDED.value,
                  load_ts = now();
        , parameters: (Date(2025, 9, 12), 'R01503', '496', 'MNT', 1000, 'Тугриков', 23.8377)
[2025-11-19T12:22:14.785+0000] {sql.py:466} INFO - Rows affected: 1
[2025-11-19T12:22:14.839+0000] {base.py:84} INFO - Using connection ID 'raw_postgres' for task execution.
[2025-11-19T12:22:14.868+0000] {sql.py:457} INFO - Running statement: 
            INSERT INTO raw.cbr_daily_rates
                (rate_date, val_id, num_code, char_code, nominal, name, value)
            VALUES (%s, %s, %s, %s, %s, %s, %s)
            ON CONFLICT (rate_date, char_code) DO UPDATE
              SET val_id  = EXCLUDED.val_id,
                  num_code= EXCLUDED.num_code,
                  nominal= EXCLUDED.nominal,
                  name    = EXCLUDED.name,
                  value   = EXCLUDED.value,
                  load_ts = now();
        , parameters: (Date(2025, 9, 12), 'R01520', '566', 'NGN', 1000, 'Найр', 57.075)
[2025-11-19T12:22:14.871+0000] {sql.py:466} INFO - Rows affected: 1
[2025-11-19T12:22:14.912+0000] {base.py:84} INFO - Using connection ID 'raw_postgres' for task execution.
[2025-11-19T12:22:14.939+0000] {sql.py:457} INFO - Running statement: 
            INSERT INTO raw.cbr_daily_rates
                (rate_date, val_id, num_code, char_code, nominal, name, value)
            VALUES (%s, %s, %s, %s, %s, %s, %s)
            ON CONFLICT (rate_date, char_code) DO UPDATE
              SET val_id  = EXCLUDED.val_id,
                  num_code= EXCLUDED.num_code,
                  nominal= EXCLUDED.nominal,
                  name    = EXCLUDED.name,
                  value   = EXCLUDED.value,
                  load_ts = now();
        , parameters: (Date(2025, 9, 12), 'R01530', '554', 'NZD', 1, 'Новозеландский доллар', 50.9148)
[2025-11-19T12:22:14.943+0000] {sql.py:466} INFO - Rows affected: 1
[2025-11-19T12:22:14.997+0000] {base.py:84} INFO - Using connection ID 'raw_postgres' for task execution.
[2025-11-19T12:22:15.035+0000] {sql.py:457} INFO - Running statement: 
            INSERT INTO raw.cbr_daily_rates
                (rate_date, val_id, num_code, char_code, nominal, name, value)
            VALUES (%s, %s, %s, %s, %s, %s, %s)
            ON CONFLICT (rate_date, char_code) DO UPDATE
              SET val_id  = EXCLUDED.val_id,
                  num_code= EXCLUDED.num_code,
                  nominal= EXCLUDED.nominal,
                  name    = EXCLUDED.name,
                  value   = EXCLUDED.value,
                  load_ts = now();
        , parameters: (Date(2025, 9, 12), 'R01535', '578', 'NOK', 10, 'Норвежских крон', 86.3094)
[2025-11-19T12:22:15.040+0000] {sql.py:466} INFO - Rows affected: 1
[2025-11-19T12:22:15.075+0000] {base.py:84} INFO - Using connection ID 'raw_postgres' for task execution.
[2025-11-19T12:22:15.126+0000] {sql.py:457} INFO - Running statement: 
            INSERT INTO raw.cbr_daily_rates
                (rate_date, val_id, num_code, char_code, nominal, name, value)
            VALUES (%s, %s, %s, %s, %s, %s, %s)
            ON CONFLICT (rate_date, char_code) DO UPDATE
              SET val_id  = EXCLUDED.val_id,
                  num_code= EXCLUDED.num_code,
                  nominal= EXCLUDED.nominal,
                  name    = EXCLUDED.name,
                  value   = EXCLUDED.value,
                  load_ts = now();
        , parameters: (Date(2025, 9, 12), 'R01540', '512', 'OMR', 1, 'Оманский риал', 222.7951)
[2025-11-19T12:22:15.131+0000] {sql.py:466} INFO - Rows affected: 1
[2025-11-19T12:22:15.185+0000] {base.py:84} INFO - Using connection ID 'raw_postgres' for task execution.
[2025-11-19T12:22:15.206+0000] {sql.py:457} INFO - Running statement: 
            INSERT INTO raw.cbr_daily_rates
                (rate_date, val_id, num_code, char_code, nominal, name, value)
            VALUES (%s, %s, %s, %s, %s, %s, %s)
            ON CONFLICT (rate_date, char_code) DO UPDATE
              SET val_id  = EXCLUDED.val_id,
                  num_code= EXCLUDED.num_code,
                  nominal= EXCLUDED.nominal,
                  name    = EXCLUDED.name,
                  value   = EXCLUDED.value,
                  load_ts = now();
        , parameters: (Date(2025, 9, 12), 'R01565', '985', 'PLN', 1, 'Злотый', 23.4962)
[2025-11-19T12:22:15.209+0000] {sql.py:466} INFO - Rows affected: 1
[2025-11-19T12:22:15.243+0000] {base.py:84} INFO - Using connection ID 'raw_postgres' for task execution.
[2025-11-19T12:22:15.269+0000] {sql.py:457} INFO - Running statement: 
            INSERT INTO raw.cbr_daily_rates
                (rate_date, val_id, num_code, char_code, nominal, name, value)
            VALUES (%s, %s, %s, %s, %s, %s, %s)
            ON CONFLICT (rate_date, char_code) DO UPDATE
              SET val_id  = EXCLUDED.val_id,
                  num_code= EXCLUDED.num_code,
                  nominal= EXCLUDED.nominal,
                  name    = EXCLUDED.name,
                  value   = EXCLUDED.value,
                  load_ts = now();
        , parameters: (Date(2025, 9, 12), 'R01580', '682', 'SAR', 1, 'Саудовский риял', 22.8439)
[2025-11-19T12:22:15.273+0000] {sql.py:466} INFO - Rows affected: 1
[2025-11-19T12:22:15.312+0000] {base.py:84} INFO - Using connection ID 'raw_postgres' for task execution.
[2025-11-19T12:22:15.336+0000] {sql.py:457} INFO - Running statement: 
            INSERT INTO raw.cbr_daily_rates
                (rate_date, val_id, num_code, char_code, nominal, name, value)
            VALUES (%s, %s, %s, %s, %s, %s, %s)
            ON CONFLICT (rate_date, char_code) DO UPDATE
              SET val_id  = EXCLUDED.val_id,
                  num_code= EXCLUDED.num_code,
                  nominal= EXCLUDED.nominal,
                  name    = EXCLUDED.name,
                  value   = EXCLUDED.value,
                  load_ts = now();
        , parameters: (Date(2025, 9, 12), 'R01585F', '946', 'RON', 1, 'Румынский лей', 19.7398)
[2025-11-19T12:22:15.340+0000] {sql.py:466} INFO - Rows affected: 1
[2025-11-19T12:22:15.382+0000] {base.py:84} INFO - Using connection ID 'raw_postgres' for task execution.
[2025-11-19T12:22:15.406+0000] {sql.py:457} INFO - Running statement: 
            INSERT INTO raw.cbr_daily_rates
                (rate_date, val_id, num_code, char_code, nominal, name, value)
            VALUES (%s, %s, %s, %s, %s, %s, %s)
            ON CONFLICT (rate_date, char_code) DO UPDATE
              SET val_id  = EXCLUDED.val_id,
                  num_code= EXCLUDED.num_code,
                  nominal= EXCLUDED.nominal,
                  name    = EXCLUDED.name,
                  value   = EXCLUDED.value,
                  load_ts = now();
        , parameters: (Date(2025, 9, 12), 'R01589', '960', 'XDR', 1, 'СДР (специальные права заимствования)', 117.4078)
[2025-11-19T12:22:15.410+0000] {sql.py:466} INFO - Rows affected: 1
[2025-11-19T12:22:15.448+0000] {base.py:84} INFO - Using connection ID 'raw_postgres' for task execution.
[2025-11-19T12:22:15.473+0000] {sql.py:457} INFO - Running statement: 
            INSERT INTO raw.cbr_daily_rates
                (rate_date, val_id, num_code, char_code, nominal, name, value)
            VALUES (%s, %s, %s, %s, %s, %s, %s)
            ON CONFLICT (rate_date, char_code) DO UPDATE
              SET val_id  = EXCLUDED.val_id,
                  num_code= EXCLUDED.num_code,
                  nominal= EXCLUDED.nominal,
                  name    = EXCLUDED.name,
                  value   = EXCLUDED.value,
                  load_ts = now();
        , parameters: (Date(2025, 9, 12), 'R01625', '702', 'SGD', 1, 'Сингапурский доллар', 66.7534)
[2025-11-19T12:22:15.483+0000] {sql.py:466} INFO - Rows affected: 1
[2025-11-19T12:22:15.515+0000] {base.py:84} INFO - Using connection ID 'raw_postgres' for task execution.
[2025-11-19T12:22:15.543+0000] {sql.py:457} INFO - Running statement: 
            INSERT INTO raw.cbr_daily_rates
                (rate_date, val_id, num_code, char_code, nominal, name, value)
            VALUES (%s, %s, %s, %s, %s, %s, %s)
            ON CONFLICT (rate_date, char_code) DO UPDATE
              SET val_id  = EXCLUDED.val_id,
                  num_code= EXCLUDED.num_code,
                  nominal= EXCLUDED.nominal,
                  name    = EXCLUDED.name,
                  value   = EXCLUDED.value,
                  load_ts = now();
        , parameters: (Date(2025, 9, 12), 'R01670', '972', 'TJS', 10, 'Сомони', 90.0407)
[2025-11-19T12:22:15.547+0000] {sql.py:466} INFO - Rows affected: 1
[2025-11-19T12:22:15.581+0000] {base.py:84} INFO - Using connection ID 'raw_postgres' for task execution.
[2025-11-19T12:22:15.608+0000] {sql.py:457} INFO - Running statement: 
            INSERT INTO raw.cbr_daily_rates
                (rate_date, val_id, num_code, char_code, nominal, name, value)
            VALUES (%s, %s, %s, %s, %s, %s, %s)
            ON CONFLICT (rate_date, char_code) DO UPDATE
              SET val_id  = EXCLUDED.val_id,
                  num_code= EXCLUDED.num_code,
                  nominal= EXCLUDED.nominal,
                  name    = EXCLUDED.name,
                  value   = EXCLUDED.value,
                  load_ts = now();
        , parameters: (Date(2025, 9, 12), 'R01675', '764', 'THB', 10, 'Батов', 26.9327)
[2025-11-19T12:22:15.612+0000] {sql.py:466} INFO - Rows affected: 1
[2025-11-19T12:22:15.652+0000] {base.py:84} INFO - Using connection ID 'raw_postgres' for task execution.
[2025-11-19T12:22:15.671+0000] {sql.py:457} INFO - Running statement: 
            INSERT INTO raw.cbr_daily_rates
                (rate_date, val_id, num_code, char_code, nominal, name, value)
            VALUES (%s, %s, %s, %s, %s, %s, %s)
            ON CONFLICT (rate_date, char_code) DO UPDATE
              SET val_id  = EXCLUDED.val_id,
                  num_code= EXCLUDED.num_code,
                  nominal= EXCLUDED.nominal,
                  name    = EXCLUDED.name,
                  value   = EXCLUDED.value,
                  load_ts = now();
        , parameters: (Date(2025, 9, 12), 'R01685', '050', 'BDT', 100, 'Так', 70.3775)
[2025-11-19T12:22:15.674+0000] {sql.py:466} INFO - Rows affected: 1
[2025-11-19T12:22:15.701+0000] {base.py:84} INFO - Using connection ID 'raw_postgres' for task execution.
[2025-11-19T12:22:15.718+0000] {sql.py:457} INFO - Running statement: 
            INSERT INTO raw.cbr_daily_rates
                (rate_date, val_id, num_code, char_code, nominal, name, value)
            VALUES (%s, %s, %s, %s, %s, %s, %s)
            ON CONFLICT (rate_date, char_code) DO UPDATE
              SET val_id  = EXCLUDED.val_id,
                  num_code= EXCLUDED.num_code,
                  nominal= EXCLUDED.nominal,
                  name    = EXCLUDED.name,
                  value   = EXCLUDED.value,
                  load_ts = now();
        , parameters: (Date(2025, 9, 12), 'R01700J', '949', 'TRY', 10, 'Турецких лир', 20.773)
[2025-11-19T12:22:15.722+0000] {sql.py:466} INFO - Rows affected: 1
[2025-11-19T12:22:15.749+0000] {base.py:84} INFO - Using connection ID 'raw_postgres' for task execution.
[2025-11-19T12:22:15.767+0000] {sql.py:457} INFO - Running statement: 
            INSERT INTO raw.cbr_daily_rates
                (rate_date, val_id, num_code, char_code, nominal, name, value)
            VALUES (%s, %s, %s, %s, %s, %s, %s)
            ON CONFLICT (rate_date, char_code) DO UPDATE
              SET val_id  = EXCLUDED.val_id,
                  num_code= EXCLUDED.num_code,
                  nominal= EXCLUDED.nominal,
                  name    = EXCLUDED.name,
                  value   = EXCLUDED.value,
                  load_ts = now();
        , parameters: (Date(2025, 9, 12), 'R01710A', '934', 'TMT', 1, 'Новый туркменский манат', 24.4756)
[2025-11-19T12:22:15.771+0000] {sql.py:466} INFO - Rows affected: 1
[2025-11-19T12:22:15.800+0000] {base.py:84} INFO - Using connection ID 'raw_postgres' for task execution.
[2025-11-19T12:22:15.820+0000] {sql.py:457} INFO - Running statement: 
            INSERT INTO raw.cbr_daily_rates
                (rate_date, val_id, num_code, char_code, nominal, name, value)
            VALUES (%s, %s, %s, %s, %s, %s, %s)
            ON CONFLICT (rate_date, char_code) DO UPDATE
              SET val_id  = EXCLUDED.val_id,
                  num_code= EXCLUDED.num_code,
                  nominal= EXCLUDED.nominal,
                  name    = EXCLUDED.name,
                  value   = EXCLUDED.value,
                  load_ts = now();
        , parameters: (Date(2025, 9, 12), 'R01717', '860', 'UZS', 10000, 'Узбекских сумов', 69.3032)
[2025-11-19T12:22:15.823+0000] {sql.py:466} INFO - Rows affected: 1
[2025-11-19T12:22:15.847+0000] {base.py:84} INFO - Using connection ID 'raw_postgres' for task execution.
[2025-11-19T12:22:15.865+0000] {sql.py:457} INFO - Running statement: 
            INSERT INTO raw.cbr_daily_rates
                (rate_date, val_id, num_code, char_code, nominal, name, value)
            VALUES (%s, %s, %s, %s, %s, %s, %s)
            ON CONFLICT (rate_date, char_code) DO UPDATE
              SET val_id  = EXCLUDED.val_id,
                  num_code= EXCLUDED.num_code,
                  nominal= EXCLUDED.nominal,
                  name    = EXCLUDED.name,
                  value   = EXCLUDED.value,
                  load_ts = now();
        , parameters: (Date(2025, 9, 12), 'R01720', '980', 'UAH', 10, 'Гривен', 20.7357)
[2025-11-19T12:22:15.869+0000] {sql.py:466} INFO - Rows affected: 1
[2025-11-19T12:22:15.896+0000] {base.py:84} INFO - Using connection ID 'raw_postgres' for task execution.
[2025-11-19T12:22:15.913+0000] {sql.py:457} INFO - Running statement: 
            INSERT INTO raw.cbr_daily_rates
                (rate_date, val_id, num_code, char_code, nominal, name, value)
            VALUES (%s, %s, %s, %s, %s, %s, %s)
            ON CONFLICT (rate_date, char_code) DO UPDATE
              SET val_id  = EXCLUDED.val_id,
                  num_code= EXCLUDED.num_code,
                  nominal= EXCLUDED.nominal,
                  name    = EXCLUDED.name,
                  value   = EXCLUDED.value,
                  load_ts = now();
        , parameters: (Date(2025, 9, 12), 'R01760', '203', 'CZK', 10, 'Чешских крон', 41.0488)
[2025-11-19T12:22:15.916+0000] {sql.py:466} INFO - Rows affected: 1
[2025-11-19T12:22:15.945+0000] {base.py:84} INFO - Using connection ID 'raw_postgres' for task execution.
[2025-11-19T12:22:15.962+0000] {sql.py:457} INFO - Running statement: 
            INSERT INTO raw.cbr_daily_rates
                (rate_date, val_id, num_code, char_code, nominal, name, value)
            VALUES (%s, %s, %s, %s, %s, %s, %s)
            ON CONFLICT (rate_date, char_code) DO UPDATE
              SET val_id  = EXCLUDED.val_id,
                  num_code= EXCLUDED.num_code,
                  nominal= EXCLUDED.nominal,
                  name    = EXCLUDED.name,
                  value   = EXCLUDED.value,
                  load_ts = now();
        , parameters: (Date(2025, 9, 12), 'R01770', '752', 'SEK', 10, 'Шведских крон', 91.5786)
[2025-11-19T12:22:15.965+0000] {sql.py:466} INFO - Rows affected: 1
[2025-11-19T12:22:15.995+0000] {base.py:84} INFO - Using connection ID 'raw_postgres' for task execution.
[2025-11-19T12:22:16.012+0000] {sql.py:457} INFO - Running statement: 
            INSERT INTO raw.cbr_daily_rates
                (rate_date, val_id, num_code, char_code, nominal, name, value)
            VALUES (%s, %s, %s, %s, %s, %s, %s)
            ON CONFLICT (rate_date, char_code) DO UPDATE
              SET val_id  = EXCLUDED.val_id,
                  num_code= EXCLUDED.num_code,
                  nominal= EXCLUDED.nominal,
                  name    = EXCLUDED.name,
                  value   = EXCLUDED.value,
                  load_ts = now();
        , parameters: (Date(2025, 9, 12), 'R01775', '756', 'CHF', 1, 'Швейцарский франк', 107.1747)
[2025-11-19T12:22:16.015+0000] {sql.py:466} INFO - Rows affected: 1
[2025-11-19T12:22:16.041+0000] {base.py:84} INFO - Using connection ID 'raw_postgres' for task execution.
[2025-11-19T12:22:16.058+0000] {sql.py:457} INFO - Running statement: 
            INSERT INTO raw.cbr_daily_rates
                (rate_date, val_id, num_code, char_code, nominal, name, value)
            VALUES (%s, %s, %s, %s, %s, %s, %s)
            ON CONFLICT (rate_date, char_code) DO UPDATE
              SET val_id  = EXCLUDED.val_id,
                  num_code= EXCLUDED.num_code,
                  nominal= EXCLUDED.nominal,
                  name    = EXCLUDED.name,
                  value   = EXCLUDED.value,
                  load_ts = now();
        , parameters: (Date(2025, 9, 12), 'R01800', '230', 'ETB', 100, 'Эфиопских быров', 59.8706)
[2025-11-19T12:22:16.062+0000] {sql.py:466} INFO - Rows affected: 1
[2025-11-19T12:22:16.087+0000] {base.py:84} INFO - Using connection ID 'raw_postgres' for task execution.
[2025-11-19T12:22:16.105+0000] {sql.py:457} INFO - Running statement: 
            INSERT INTO raw.cbr_daily_rates
                (rate_date, val_id, num_code, char_code, nominal, name, value)
            VALUES (%s, %s, %s, %s, %s, %s, %s)
            ON CONFLICT (rate_date, char_code) DO UPDATE
              SET val_id  = EXCLUDED.val_id,
                  num_code= EXCLUDED.num_code,
                  nominal= EXCLUDED.nominal,
                  name    = EXCLUDED.name,
                  value   = EXCLUDED.value,
                  load_ts = now();
        , parameters: (Date(2025, 9, 12), 'R01805F', '941', 'RSD', 100, 'Сербских динаров', 85.5477)
[2025-11-19T12:22:16.111+0000] {sql.py:466} INFO - Rows affected: 1
[2025-11-19T12:22:16.137+0000] {base.py:84} INFO - Using connection ID 'raw_postgres' for task execution.
[2025-11-19T12:22:16.152+0000] {sql.py:457} INFO - Running statement: 
            INSERT INTO raw.cbr_daily_rates
                (rate_date, val_id, num_code, char_code, nominal, name, value)
            VALUES (%s, %s, %s, %s, %s, %s, %s)
            ON CONFLICT (rate_date, char_code) DO UPDATE
              SET val_id  = EXCLUDED.val_id,
                  num_code= EXCLUDED.num_code,
                  nominal= EXCLUDED.nominal,
                  name    = EXCLUDED.name,
                  value   = EXCLUDED.value,
                  load_ts = now();
        , parameters: (Date(2025, 9, 12), 'R01810', '710', 'ZAR', 10, 'Рэндов', 48.8555)
[2025-11-19T12:22:16.155+0000] {sql.py:466} INFO - Rows affected: 1
[2025-11-19T12:22:16.176+0000] {base.py:84} INFO - Using connection ID 'raw_postgres' for task execution.
[2025-11-19T12:22:16.191+0000] {sql.py:457} INFO - Running statement: 
            INSERT INTO raw.cbr_daily_rates
                (rate_date, val_id, num_code, char_code, nominal, name, value)
            VALUES (%s, %s, %s, %s, %s, %s, %s)
            ON CONFLICT (rate_date, char_code) DO UPDATE
              SET val_id  = EXCLUDED.val_id,
                  num_code= EXCLUDED.num_code,
                  nominal= EXCLUDED.nominal,
                  name    = EXCLUDED.name,
                  value   = EXCLUDED.value,
                  load_ts = now();
        , parameters: (Date(2025, 9, 12), 'R01815', '410', 'KRW', 1000, 'Вон', 61.7359)
[2025-11-19T12:22:16.194+0000] {sql.py:466} INFO - Rows affected: 1
[2025-11-19T12:22:16.216+0000] {base.py:84} INFO - Using connection ID 'raw_postgres' for task execution.
[2025-11-19T12:22:16.232+0000] {sql.py:457} INFO - Running statement: 
            INSERT INTO raw.cbr_daily_rates
                (rate_date, val_id, num_code, char_code, nominal, name, value)
            VALUES (%s, %s, %s, %s, %s, %s, %s)
            ON CONFLICT (rate_date, char_code) DO UPDATE
              SET val_id  = EXCLUDED.val_id,
                  num_code= EXCLUDED.num_code,
                  nominal= EXCLUDED.nominal,
                  name    = EXCLUDED.name,
                  value   = EXCLUDED.value,
                  load_ts = now();
        , parameters: (Date(2025, 9, 12), 'R01820', '392', 'JPY', 100, 'Иен', 58.0975)
[2025-11-19T12:22:16.235+0000] {sql.py:466} INFO - Rows affected: 1
[2025-11-19T12:22:16.256+0000] {base.py:84} INFO - Using connection ID 'raw_postgres' for task execution.
[2025-11-19T12:22:16.270+0000] {sql.py:457} INFO - Running statement: 
            INSERT INTO raw.cbr_daily_rates
                (rate_date, val_id, num_code, char_code, nominal, name, value)
            VALUES (%s, %s, %s, %s, %s, %s, %s)
            ON CONFLICT (rate_date, char_code) DO UPDATE
              SET val_id  = EXCLUDED.val_id,
                  num_code= EXCLUDED.num_code,
                  nominal= EXCLUDED.nominal,
                  name    = EXCLUDED.name,
                  value   = EXCLUDED.value,
                  load_ts = now();
        , parameters: (Date(2025, 9, 12), 'R02005', '104', 'MMK', 1000, 'Кьятов', 40.7927)
[2025-11-19T12:22:16.273+0000] {sql.py:466} INFO - Rows affected: 1
[2025-11-19T12:22:16.276+0000] {python.py:237} INFO - Done. Returned value was: 55
[2025-11-19T12:22:16.277+0000] {taskinstance.py:441} INFO - ::group::Post task execution logs
[2025-11-19T12:22:16.328+0000] {taskinstance.py:1205} INFO - Marking task as SUCCESS. dag_id=cbr_daily_to_raw, task_id=load_cbr_daily_for_date, execution_date=20250912T210000, start_date=20251119T122209, end_date=20251119T122216
[2025-11-19T12:22:16.363+0000] {local_task_job_runner.py:240} INFO - Task exited with return code 0
[2025-11-19T12:22:16.395+0000] {taskinstance.py:3482} INFO - 0 downstream tasks scheduled from follow-on schedule check
[2025-11-19T12:22:16.398+0000] {local_task_job_runner.py:222} INFO - ::endgroup::
