[2025-11-19T12:21:22.157+0000] {local_task_job_runner.py:120} INFO - ::group::Pre task execution logs
[2025-11-19T12:21:22.393+0000] {taskinstance.py:2073} INFO - Dependencies all met for dep_context=non-requeueable deps ti=<TaskInstance: cbr_daily_to_raw.load_cbr_daily_for_date scheduled__2025-08-04T21:00:00+00:00 [queued]>
[2025-11-19T12:21:22.443+0000] {taskinstance.py:2073} INFO - Dependencies all met for dep_context=requeueable deps ti=<TaskInstance: cbr_daily_to_raw.load_cbr_daily_for_date scheduled__2025-08-04T21:00:00+00:00 [queued]>
[2025-11-19T12:21:22.457+0000] {taskinstance.py:2303} INFO - Starting attempt 1 of 2
[2025-11-19T12:21:22.737+0000] {taskinstance.py:2327} INFO - Executing <Task(_PythonDecoratedOperator): load_cbr_daily_for_date> on 2025-08-04 21:00:00+00:00
[2025-11-19T12:21:22.759+0000] {logging_mixin.py:188} WARNING - /home/***/.local/lib/python3.12/site-packages/***/task/task_runner/standard_task_runner.py:61 DeprecationWarning: This process (pid=410) is multi-threaded, use of fork() may lead to deadlocks in the child.
[2025-11-19T12:21:22.772+0000] {standard_task_runner.py:63} INFO - Started process 415 to run task
[2025-11-19T12:21:22.767+0000] {standard_task_runner.py:90} INFO - Running: ['***', 'tasks', 'run', 'cbr_daily_to_raw', 'load_cbr_daily_for_date', 'scheduled__2025-08-04T21:00:00+00:00', '--job-id', '81', '--raw', '--subdir', 'DAGS_FOLDER/cbr_daily_to_raw.py', '--cfg-path', '/tmp/tmph4igdxge']
[2025-11-19T12:21:22.778+0000] {standard_task_runner.py:91} INFO - Job 81: Subtask load_cbr_daily_for_date
[2025-11-19T12:21:22.985+0000] {task_command.py:426} INFO - Running <TaskInstance: cbr_daily_to_raw.load_cbr_daily_for_date scheduled__2025-08-04T21:00:00+00:00 [running]> on host 2d463c30b66e
[2025-11-19T12:21:23.458+0000] {taskinstance.py:2644} INFO - Exporting env vars: AIRFLOW_CTX_DAG_OWNER='***' AIRFLOW_CTX_DAG_ID='cbr_daily_to_raw' AIRFLOW_CTX_TASK_ID='load_cbr_daily_for_date' AIRFLOW_CTX_EXECUTION_DATE='2025-08-04T21:00:00+00:00' AIRFLOW_CTX_TRY_NUMBER='1' AIRFLOW_CTX_DAG_RUN_ID='scheduled__2025-08-04T21:00:00+00:00'
[2025-11-19T12:21:23.470+0000] {taskinstance.py:430} INFO - ::endgroup::
[2025-11-19T12:21:25.097+0000] {base.py:84} INFO - Using connection ID 'raw_postgres' for task execution.
[2025-11-19T12:21:25.140+0000] {sql.py:457} INFO - Running statement: 
            INSERT INTO raw.cbr_daily_xml (rate_date, payload)
            VALUES (%s, %s::xml)
            ON CONFLICT (rate_date) DO UPDATE
              SET payload = EXCLUDED.payload,
                  load_ts = now();
            , parameters: (Date(2025, 8, 4), '<?xml version="1.0" encoding="windows-1251"?><ValCurs Date="02.08.2025" name="Foreign Currency Market"><Valute ID="R01010"><NumCode>036</NumCode><CharCode>AUD</CharCode><Nominal>1</Nominal><Name>Австралийский доллар</Name><Value>51,6916</Value><VunitRate>51,6916</VunitRate></Valute><Valute ID="R01020A"><NumCode>944</NumCode><CharCode>AZN</CharCode><Nominal>1</Nominal><Name>Азербайджанский манат</Name><Value>47,2523</Value><VunitRate>47,2523</VunitRate></Valute><Valute ID="R01030"><NumCode>012</NumCode><CharCode>DZD</CharCode><Nominal>100</Nominal><Name>Алжирских динаров</Name><Value>61,3475</Value><VunitRate>0,613475</VunitRate></Valute><Valute ID="R01035"><NumCode>826</NumCode><CharCode>GBP</CharCode><Nominal>1</Nominal><Name>Фунт стерлингов</Name><Value>106,2912</Value><VunitRate>106,2912</VunitRate></Valute><Valute ID="R01060"><NumCode>051</NumCode><CharCode>AMD</CharCode><Nominal>100</Nominal><Name>Армянских драмов</Name><Value>20,9435</Value><VunitRate>0,209435</VunitRate></Valute><Valute ID="R01080"><NumCode>048</NumCode><CharCode>BHD</CharCode><Nominal>1</Nominal><Name>Бахрейнский динар</Name><Value>213,5945</Value><VunitRate>213,5945</VunitRate></Valute><Valute ID="R01090B"><NumCode>933</NumCode><CharCode>BYN</CharCode><Nominal>1</Nominal><Name>Белорусский рубль</Name><Value>26,8228</Value><VunitRate>26,8228</VunitRate></Valute><Valute ID="R01100"><NumCode>975</NumCode><CharCode>BGN</CharCode><Nominal>1</Nominal><Name>Болгарский лев</Name><Value>47,0103</Value><VunitRate>47,0103</VunitRate></Valute><Valute ID="R01105"><NumCode>068</NumCode><CharCode>BOB</CharCode><Nominal>1</Nominal><Name>Боливиано</Name><Value>11,6250</Value><VunitRate>11,625</VunitRate></Valute><Valute ID="R01115"><NumCode>986</NumCode><CharCode>BRL</CharCode><Nominal>1</Nominal><Name>Бразильский реал</Name><Value>14,3398</Value><VunitRate>14,3398</VunitRate></Valute><Valute ID="R01135"><NumCode>348</NumCode><CharCode>HUF</CharCode><Nominal>100</Nominal><Name>Форинтов</Name><Value>22,9190</Value><VunitRate>0,22919</VunitRate></Valute><Valute ID="R01150"><NumCode>704</NumCode><CharCode>VND</CharCode><Nominal>10000</Nominal><Name>Донгов</Name><Value>31,8147</Value><VunitRate>0,00318147</VunitRate></Valute><Valute ID="R01200"><NumCode>344</NumCode><CharCode>HKD</CharCode><Nominal>1</Nominal><Name>Гонконгский доллар</Name><Value>10,2513</Value><VunitRate>10,2513</VunitRate></Valute><Valute ID="R01210"><NumCode>981</NumCode><CharCode>GEL</CharCode><Nominal>1</Nominal><Name>Лари</Name><Value>29,6844</Value><VunitRate>29,6844</VunitRate></Valute><Valute ID="R01215"><NumCode>208</NumCode><CharCode>DKK</CharCode><Nominal>1</Nominal><Name>Датская крона</Name><Value>12,3208</Value><VunitRate>12,3208</VunitRate></Valute><Valute ID="R01230"><NumCode>784</NumCode><CharCode>AED</CharCode><Nominal>1</Nominal><Name>Дирхам ОАЭ</Name><Value>21,8731</Value><VunitRate>21,8731</VunitRate></Valute><Valute ID="R01235"><NumCode>840</NumCode><CharCode>USD</CharCode><Nominal>1</Nominal><Name>Доллар США</Name><Value>80,3289</Value><VunitRate>80,3289</VunitRate></Valute><Valute ID="R01239"><NumCode>978</NumCode><CharCode>EUR</CharCode><Nominal>1</Nominal><Name>Евро</Name><Value>91,7056</Value><VunitRate>91,7056</VunitRate></Valute><Valute ID="R01240"><NumCode>818</NumCode><CharCode>EGP</CharCode><Nominal>10</Nominal><Name>Египетских фунтов</Name><Value>16,5026</Value><VunitRate>1,65026</VunitRate></Valute><Valute ID="R01270"><NumCode>356</NumCode><CharCode>INR</CharCode><Nominal>100</Nominal><Name>Индийских рупий</Name><Value>91,9601</Value><VunitRate>0,919601</VunitRate></Valute><Valute ID="R01280"><NumCode>360</NumCode><CharCode>IDR</CharCode><Nominal>10000</Nominal><Name>Рупий</Name><Value>48,8055</Value><VunitRate>0,00488055</VunitRate></Valute><Valute ID="R01300"><NumCode>364</NumCode><CharCode>IRR</CharCode><Nominal>100000</Nominal><Name>Иранских риалов</Name><Value>14,1123</Value><VunitRate>0,000141123</VunitRate></Valute><Valute ID="R01335"><NumCode>398</NumCode><CharCode>KZT</CharCode><Nominal>100</Nominal><Name>Тенге</Name><Value>14,8543</Value><VunitRate>0,148543</VunitRate></Valute><Valute ID="R01350"><NumCode>124</NumCode><CharCode>CAD</CharCode><Nominal>1</Nominal><Name>Канадский доллар</Name><Value>58,0243</Value><VunitRate>58,0243</VunitRate></Valute><Valute ID="R01355"><NumCode>634</NumCode><CharCode>QAR</CharCode><Nominal>1</Nominal><Name>Катарский риал</Name><Value>22,0684</Value><VunitRate>22,0684</VunitRate></Valute><Valute ID="R01370"><NumCode>417</NumCode><CharCode>KGS</CharCode><Nominal>100</Nominal><Name>Сомов</Name><Value>91,8569</Value><VunitRate>0,918569</VunitRate></Valute><Valute ID="R01375"><NumCode>156</NumCode><CharCode>CNY</CharCode><Nominal>1</Nominal><Name>Юань</Name><Value>11,0899</Value><VunitRate>11,0899</VunitRate></Valute><Valute ID="R01395"><NumCode>192</NumCode><CharCode>CUP</CharCode><Nominal>10</Nominal><Name>Кубинских песо</Name><Value>33,4704</Value><VunitRate>3,34704</VunitRate></Valute><Valute ID="R01500"><NumCode>498</NumCode><CharCode>MDL</CharCode><Nominal>10</Nominal><Name>Молдавских леев</Name><Value>46,5489</Value><VunitRate>4,65489</VunitRate></Valute><Valute ID="R01503"><NumCode>496</NumCode><CharCode>MNT</CharCode><Nominal>1000</Nominal><Name>Тугриков</Name><Value>22,3833</Value><VunitRate>0,0223833</VunitRate></Valute><Valute ID="R01520"><NumCode>566</NumCode><CharCode>NGN</CharCode><Nominal>1000</Nominal><Name>Найр</Name><Value>52,3809</Value><VunitRate>0,0523809</VunitRate></Valute><Valute ID="R01530"><NumCode>554</NumCode><CharCode>NZD</CharCode><Nominal>1</Nominal><Name>Новозеландский доллар</Name><Value>47,2173</Value><VunitRate>47,2173</VunitRate></Valute><Valute ID="R01535"><NumCode>578</NumCode><CharCode>NOK</CharCode><Nominal>10</Nominal><Name>Норвежских крон</Name><Value>78,0908</Value><VunitRate>7,80908</VunitRate></Valute><Valute ID="R01540"><NumCode>512</NumCode><CharCode>OMR</CharCode><Nominal>1</Nominal><Name>Оманский риал</Name><Value>208,9178</Value><VunitRate>208,9178</VunitRate></Valute><Valute ID="R01565"><NumCode>985</NumCode><CharCode>PLN</CharCode><Nominal>1</Nominal><Name>Злотый</Name><Value>21,4005</Value><VunitRate>21,4005</VunitRate></Valute><Valute ID="R01580"><NumCode>682</NumCode><CharCode>SAR</CharCode><Nominal>1</Nominal><Name>Саудовский риял</Name><Value>21,4210</Value><VunitRate>21,421</VunitRate></Valute><Valute ID="R01585F"><NumCode>946</NumCode><CharCode>RON</CharCode><Nominal>1</Nominal><Name>Румынский лей</Name><Value>18,0283</Value><VunitRate>18,0283</VunitRate></Valute><Valute ID="R01589"><NumCode>960</NumCode><CharCode>XDR</CharCode><Nominal>1</Nominal><Name>СДР (специальные права заимствования)</Name><Value>108,8384</Value><VunitRate>108,8384</VunitRate></Valute><Valute ID="R01625"><NumCode>702</NumCode><CharCode>SGD</CharCode><Nominal>1</Nominal><Name>Сингапурский доллар</Name><Value>61,9105</Value><VunitRate>61,9105</VunitRate></Valute><Valute ID="R01670"><NumCode>972</NumCode><CharCode>TJS</CharCode><Nominal>10</Nominal><Name>Сомони</Name><Value>84,5425</Value><VunitRate>8,45425</VunitRate></Valute><Valute ID="R01675"><NumCode>764</NumCode><CharCode>THB</CharCode><Nominal>10</Nominal><Name>Батов</Name><Value>24,4995</Value><VunitRate>2,44995</VunitRate></Valute><Valute ID="R01685"><NumCode>050</NumCode><CharCode>BDT</CharCode><Nominal>100</Nominal><Name>Так</Name><Value>65,6079</Value><VunitRate>0,656079</VunitRate></Valute><Valute ID="R01700J"><NumCode>949</NumCode><CharCode>TRY</CharCode><Nominal>10</Nominal><Name>Турецких лир</Name><Value>19,8102</Value><VunitRate>1,98102</VunitRate></Valute><Valute ID="R01710A"><NumCode>934</NumCode><CharCode>TMT</CharCode><Nominal>1</Nominal><Name>Новый туркменский манат</Name><Value>22,9511</Value><VunitRate>22,9511</VunitRate></Valute><Valute ID="R01717"><NumCode>860</NumCode><CharCode>UZS</CharCode><Nominal>10000</Nominal><Name>Узбекских сумов</Name><Value>63,2889</Value><VunitRate>0,00632889</VunitRate></Valute><Valute ID="R01720"><NumCode>980</NumCode><CharCode>UAH</CharCode><Nominal>10</Nominal><Name>Гривен</Name><Value>19,2338</Value><VunitRate>1,92338</VunitRate></Valute><Valute ID="R01760"><NumCode>203</NumCode><CharCode>CZK</CharCode><Nominal>10</Nominal><Name>Чешских крон</Name><Value>37,2479</Value><VunitRate>3,72479</VunitRate></Valute><Valute ID="R01770"><NumCode>752</NumCode><CharCode>SEK</CharCode><Nominal>10</Nominal><Name>Шведских крон</Name><Value>82,4059</Value><VunitRate>8,24059</VunitRate></Valute><Valute ID="R01775"><NumCode>756</NumCode><CharCode>CHF</CharCode><Nominal>1</Nominal><Name>Швейцарский франк</Name><Value>98,8177</Value><VunitRate>98,8177</VunitRate></Valute><Valute ID="R01800"><NumCode>230</NumCode><CharCode>ETB</CharCode><Nominal>100</Nominal><Name>Эфиопских быров</Name><Value>58,1608</Value><VunitRate>0,581608</VunitRate></Valute><Valute ID="R01805F"><NumCode>941</NumCode><CharCode>RSD</CharCode><Nominal>100</Nominal><Name>Сербских динаров</Name><Value>78,3050</Value><VunitRate>0,78305</VunitRate></Valute><Valute ID="R01810"><NumCode>710</NumCode><CharCode>ZAR</CharCode><Nominal>10</Nominal><Name>Рэндов</Name><Value>43,9165</Value><VunitRate>4,39165</VunitRate></Valute><Valute ID="R01815"><NumCode>410</NumCode><CharCode>KRW</CharCode><Nominal>1000</Nominal><Name>Вон</Name><Value>57,7739</Value><VunitRate>0,0577739</VunitRate></Valute><Valute ID="R01820"><NumCode>392</NumCode><CharCode>JPY</CharCode><Nominal>100</Nominal><Name>Иен</Name><Value>53,3145</Value><VunitRate>0,533145</VunitRate></Valute><Valute ID="R02005"><NumCode>104</NumCode><CharCode>MMK</CharCode><Nominal>1000</Nominal><Name>Кьятов</Name><Value>38,2519</Value><VunitRate>0,0382519</VunitRate></Valute></ValCurs>')
[2025-11-19T12:21:25.150+0000] {sql.py:466} INFO - Rows affected: 1
[2025-11-19T12:21:25.270+0000] {base.py:84} INFO - Using connection ID 'raw_postgres' for task execution.
[2025-11-19T12:21:25.318+0000] {sql.py:457} INFO - Running statement: 
            INSERT INTO raw.cbr_daily_rates
                (rate_date, val_id, num_code, char_code, nominal, name, value)
            VALUES (%s, %s, %s, %s, %s, %s, %s)
            ON CONFLICT (rate_date, char_code) DO UPDATE
              SET val_id  = EXCLUDED.val_id,
                  num_code= EXCLUDED.num_code,
                  nominal= EXCLUDED.nominal,
                  name    = EXCLUDED.name,
                  value   = EXCLUDED.value,
                  load_ts = now();
        , parameters: (Date(2025, 8, 4), 'R01010', '036', 'AUD', 1, 'Австралийский доллар', 51.6916)
[2025-11-19T12:21:25.338+0000] {sql.py:466} INFO - Rows affected: 1
[2025-11-19T12:21:25.395+0000] {base.py:84} INFO - Using connection ID 'raw_postgres' for task execution.
[2025-11-19T12:21:25.428+0000] {sql.py:457} INFO - Running statement: 
            INSERT INTO raw.cbr_daily_rates
                (rate_date, val_id, num_code, char_code, nominal, name, value)
            VALUES (%s, %s, %s, %s, %s, %s, %s)
            ON CONFLICT (rate_date, char_code) DO UPDATE
              SET val_id  = EXCLUDED.val_id,
                  num_code= EXCLUDED.num_code,
                  nominal= EXCLUDED.nominal,
                  name    = EXCLUDED.name,
                  value   = EXCLUDED.value,
                  load_ts = now();
        , parameters: (Date(2025, 8, 4), 'R01020A', '944', 'AZN', 1, 'Азербайджанский манат', 47.2523)
[2025-11-19T12:21:25.432+0000] {sql.py:466} INFO - Rows affected: 1
[2025-11-19T12:21:25.485+0000] {base.py:84} INFO - Using connection ID 'raw_postgres' for task execution.
[2025-11-19T12:21:25.516+0000] {sql.py:457} INFO - Running statement: 
            INSERT INTO raw.cbr_daily_rates
                (rate_date, val_id, num_code, char_code, nominal, name, value)
            VALUES (%s, %s, %s, %s, %s, %s, %s)
            ON CONFLICT (rate_date, char_code) DO UPDATE
              SET val_id  = EXCLUDED.val_id,
                  num_code= EXCLUDED.num_code,
                  nominal= EXCLUDED.nominal,
                  name    = EXCLUDED.name,
                  value   = EXCLUDED.value,
                  load_ts = now();
        , parameters: (Date(2025, 8, 4), 'R01030', '012', 'DZD', 100, 'Алжирских динаров', 61.3475)
[2025-11-19T12:21:25.520+0000] {sql.py:466} INFO - Rows affected: 1
[2025-11-19T12:21:25.593+0000] {base.py:84} INFO - Using connection ID 'raw_postgres' for task execution.
[2025-11-19T12:21:25.629+0000] {sql.py:457} INFO - Running statement: 
            INSERT INTO raw.cbr_daily_rates
                (rate_date, val_id, num_code, char_code, nominal, name, value)
            VALUES (%s, %s, %s, %s, %s, %s, %s)
            ON CONFLICT (rate_date, char_code) DO UPDATE
              SET val_id  = EXCLUDED.val_id,
                  num_code= EXCLUDED.num_code,
                  nominal= EXCLUDED.nominal,
                  name    = EXCLUDED.name,
                  value   = EXCLUDED.value,
                  load_ts = now();
        , parameters: (Date(2025, 8, 4), 'R01035', '826', 'GBP', 1, 'Фунт стерлингов', 106.2912)
[2025-11-19T12:21:25.642+0000] {sql.py:466} INFO - Rows affected: 1
[2025-11-19T12:21:25.793+0000] {base.py:84} INFO - Using connection ID 'raw_postgres' for task execution.
[2025-11-19T12:21:25.852+0000] {sql.py:457} INFO - Running statement: 
            INSERT INTO raw.cbr_daily_rates
                (rate_date, val_id, num_code, char_code, nominal, name, value)
            VALUES (%s, %s, %s, %s, %s, %s, %s)
            ON CONFLICT (rate_date, char_code) DO UPDATE
              SET val_id  = EXCLUDED.val_id,
                  num_code= EXCLUDED.num_code,
                  nominal= EXCLUDED.nominal,
                  name    = EXCLUDED.name,
                  value   = EXCLUDED.value,
                  load_ts = now();
        , parameters: (Date(2025, 8, 4), 'R01060', '051', 'AMD', 100, 'Армянских драмов', 20.9435)
[2025-11-19T12:21:25.859+0000] {sql.py:466} INFO - Rows affected: 1
[2025-11-19T12:21:25.935+0000] {base.py:84} INFO - Using connection ID 'raw_postgres' for task execution.
[2025-11-19T12:21:25.969+0000] {sql.py:457} INFO - Running statement: 
            INSERT INTO raw.cbr_daily_rates
                (rate_date, val_id, num_code, char_code, nominal, name, value)
            VALUES (%s, %s, %s, %s, %s, %s, %s)
            ON CONFLICT (rate_date, char_code) DO UPDATE
              SET val_id  = EXCLUDED.val_id,
                  num_code= EXCLUDED.num_code,
                  nominal= EXCLUDED.nominal,
                  name    = EXCLUDED.name,
                  value   = EXCLUDED.value,
                  load_ts = now();
        , parameters: (Date(2025, 8, 4), 'R01080', '048', 'BHD', 1, 'Бахрейнский динар', 213.5945)
[2025-11-19T12:21:25.975+0000] {sql.py:466} INFO - Rows affected: 1
[2025-11-19T12:21:26.032+0000] {base.py:84} INFO - Using connection ID 'raw_postgres' for task execution.
[2025-11-19T12:21:26.085+0000] {sql.py:457} INFO - Running statement: 
            INSERT INTO raw.cbr_daily_rates
                (rate_date, val_id, num_code, char_code, nominal, name, value)
            VALUES (%s, %s, %s, %s, %s, %s, %s)
            ON CONFLICT (rate_date, char_code) DO UPDATE
              SET val_id  = EXCLUDED.val_id,
                  num_code= EXCLUDED.num_code,
                  nominal= EXCLUDED.nominal,
                  name    = EXCLUDED.name,
                  value   = EXCLUDED.value,
                  load_ts = now();
        , parameters: (Date(2025, 8, 4), 'R01090B', '933', 'BYN', 1, 'Белорусский рубль', 26.8228)
[2025-11-19T12:21:26.090+0000] {sql.py:466} INFO - Rows affected: 1
[2025-11-19T12:21:26.165+0000] {base.py:84} INFO - Using connection ID 'raw_postgres' for task execution.
[2025-11-19T12:21:26.206+0000] {sql.py:457} INFO - Running statement: 
            INSERT INTO raw.cbr_daily_rates
                (rate_date, val_id, num_code, char_code, nominal, name, value)
            VALUES (%s, %s, %s, %s, %s, %s, %s)
            ON CONFLICT (rate_date, char_code) DO UPDATE
              SET val_id  = EXCLUDED.val_id,
                  num_code= EXCLUDED.num_code,
                  nominal= EXCLUDED.nominal,
                  name    = EXCLUDED.name,
                  value   = EXCLUDED.value,
                  load_ts = now();
        , parameters: (Date(2025, 8, 4), 'R01100', '975', 'BGN', 1, 'Болгарский лев', 47.0103)
[2025-11-19T12:21:26.221+0000] {sql.py:466} INFO - Rows affected: 1
[2025-11-19T12:21:26.325+0000] {base.py:84} INFO - Using connection ID 'raw_postgres' for task execution.
[2025-11-19T12:21:26.369+0000] {sql.py:457} INFO - Running statement: 
            INSERT INTO raw.cbr_daily_rates
                (rate_date, val_id, num_code, char_code, nominal, name, value)
            VALUES (%s, %s, %s, %s, %s, %s, %s)
            ON CONFLICT (rate_date, char_code) DO UPDATE
              SET val_id  = EXCLUDED.val_id,
                  num_code= EXCLUDED.num_code,
                  nominal= EXCLUDED.nominal,
                  name    = EXCLUDED.name,
                  value   = EXCLUDED.value,
                  load_ts = now();
        , parameters: (Date(2025, 8, 4), 'R01105', '068', 'BOB', 1, 'Боливиано', 11.625)
[2025-11-19T12:21:26.373+0000] {sql.py:466} INFO - Rows affected: 1
[2025-11-19T12:21:26.414+0000] {base.py:84} INFO - Using connection ID 'raw_postgres' for task execution.
[2025-11-19T12:21:26.456+0000] {sql.py:457} INFO - Running statement: 
            INSERT INTO raw.cbr_daily_rates
                (rate_date, val_id, num_code, char_code, nominal, name, value)
            VALUES (%s, %s, %s, %s, %s, %s, %s)
            ON CONFLICT (rate_date, char_code) DO UPDATE
              SET val_id  = EXCLUDED.val_id,
                  num_code= EXCLUDED.num_code,
                  nominal= EXCLUDED.nominal,
                  name    = EXCLUDED.name,
                  value   = EXCLUDED.value,
                  load_ts = now();
        , parameters: (Date(2025, 8, 4), 'R01115', '986', 'BRL', 1, 'Бразильский реал', 14.3398)
[2025-11-19T12:21:26.460+0000] {sql.py:466} INFO - Rows affected: 1
[2025-11-19T12:21:26.525+0000] {base.py:84} INFO - Using connection ID 'raw_postgres' for task execution.
[2025-11-19T12:21:26.587+0000] {sql.py:457} INFO - Running statement: 
            INSERT INTO raw.cbr_daily_rates
                (rate_date, val_id, num_code, char_code, nominal, name, value)
            VALUES (%s, %s, %s, %s, %s, %s, %s)
            ON CONFLICT (rate_date, char_code) DO UPDATE
              SET val_id  = EXCLUDED.val_id,
                  num_code= EXCLUDED.num_code,
                  nominal= EXCLUDED.nominal,
                  name    = EXCLUDED.name,
                  value   = EXCLUDED.value,
                  load_ts = now();
        , parameters: (Date(2025, 8, 4), 'R01135', '348', 'HUF', 100, 'Форинтов', 22.919)
[2025-11-19T12:21:26.595+0000] {sql.py:466} INFO - Rows affected: 1
[2025-11-19T12:21:26.690+0000] {base.py:84} INFO - Using connection ID 'raw_postgres' for task execution.
[2025-11-19T12:21:26.724+0000] {sql.py:457} INFO - Running statement: 
            INSERT INTO raw.cbr_daily_rates
                (rate_date, val_id, num_code, char_code, nominal, name, value)
            VALUES (%s, %s, %s, %s, %s, %s, %s)
            ON CONFLICT (rate_date, char_code) DO UPDATE
              SET val_id  = EXCLUDED.val_id,
                  num_code= EXCLUDED.num_code,
                  nominal= EXCLUDED.nominal,
                  name    = EXCLUDED.name,
                  value   = EXCLUDED.value,
                  load_ts = now();
        , parameters: (Date(2025, 8, 4), 'R01150', '704', 'VND', 10000, 'Донгов', 31.8147)
[2025-11-19T12:21:26.734+0000] {sql.py:466} INFO - Rows affected: 1
[2025-11-19T12:21:26.794+0000] {base.py:84} INFO - Using connection ID 'raw_postgres' for task execution.
[2025-11-19T12:21:26.857+0000] {sql.py:457} INFO - Running statement: 
            INSERT INTO raw.cbr_daily_rates
                (rate_date, val_id, num_code, char_code, nominal, name, value)
            VALUES (%s, %s, %s, %s, %s, %s, %s)
            ON CONFLICT (rate_date, char_code) DO UPDATE
              SET val_id  = EXCLUDED.val_id,
                  num_code= EXCLUDED.num_code,
                  nominal= EXCLUDED.nominal,
                  name    = EXCLUDED.name,
                  value   = EXCLUDED.value,
                  load_ts = now();
        , parameters: (Date(2025, 8, 4), 'R01200', '344', 'HKD', 1, 'Гонконгский доллар', 10.2513)
[2025-11-19T12:21:26.866+0000] {sql.py:466} INFO - Rows affected: 1
[2025-11-19T12:21:26.923+0000] {base.py:84} INFO - Using connection ID 'raw_postgres' for task execution.
[2025-11-19T12:21:27.005+0000] {sql.py:457} INFO - Running statement: 
            INSERT INTO raw.cbr_daily_rates
                (rate_date, val_id, num_code, char_code, nominal, name, value)
            VALUES (%s, %s, %s, %s, %s, %s, %s)
            ON CONFLICT (rate_date, char_code) DO UPDATE
              SET val_id  = EXCLUDED.val_id,
                  num_code= EXCLUDED.num_code,
                  nominal= EXCLUDED.nominal,
                  name    = EXCLUDED.name,
                  value   = EXCLUDED.value,
                  load_ts = now();
        , parameters: (Date(2025, 8, 4), 'R01210', '981', 'GEL', 1, 'Лари', 29.6844)
[2025-11-19T12:21:27.023+0000] {sql.py:466} INFO - Rows affected: 1
[2025-11-19T12:21:27.107+0000] {base.py:84} INFO - Using connection ID 'raw_postgres' for task execution.
[2025-11-19T12:21:27.162+0000] {sql.py:457} INFO - Running statement: 
            INSERT INTO raw.cbr_daily_rates
                (rate_date, val_id, num_code, char_code, nominal, name, value)
            VALUES (%s, %s, %s, %s, %s, %s, %s)
            ON CONFLICT (rate_date, char_code) DO UPDATE
              SET val_id  = EXCLUDED.val_id,
                  num_code= EXCLUDED.num_code,
                  nominal= EXCLUDED.nominal,
                  name    = EXCLUDED.name,
                  value   = EXCLUDED.value,
                  load_ts = now();
        , parameters: (Date(2025, 8, 4), 'R01215', '208', 'DKK', 1, 'Датская крона', 12.3208)
[2025-11-19T12:21:27.175+0000] {sql.py:466} INFO - Rows affected: 1
[2025-11-19T12:21:27.272+0000] {base.py:84} INFO - Using connection ID 'raw_postgres' for task execution.
[2025-11-19T12:21:27.309+0000] {sql.py:457} INFO - Running statement: 
            INSERT INTO raw.cbr_daily_rates
                (rate_date, val_id, num_code, char_code, nominal, name, value)
            VALUES (%s, %s, %s, %s, %s, %s, %s)
            ON CONFLICT (rate_date, char_code) DO UPDATE
              SET val_id  = EXCLUDED.val_id,
                  num_code= EXCLUDED.num_code,
                  nominal= EXCLUDED.nominal,
                  name    = EXCLUDED.name,
                  value   = EXCLUDED.value,
                  load_ts = now();
        , parameters: (Date(2025, 8, 4), 'R01230', '784', 'AED', 1, 'Дирхам ОАЭ', 21.8731)
[2025-11-19T12:21:27.313+0000] {sql.py:466} INFO - Rows affected: 1
[2025-11-19T12:21:27.369+0000] {base.py:84} INFO - Using connection ID 'raw_postgres' for task execution.
[2025-11-19T12:21:27.400+0000] {sql.py:457} INFO - Running statement: 
            INSERT INTO raw.cbr_daily_rates
                (rate_date, val_id, num_code, char_code, nominal, name, value)
            VALUES (%s, %s, %s, %s, %s, %s, %s)
            ON CONFLICT (rate_date, char_code) DO UPDATE
              SET val_id  = EXCLUDED.val_id,
                  num_code= EXCLUDED.num_code,
                  nominal= EXCLUDED.nominal,
                  name    = EXCLUDED.name,
                  value   = EXCLUDED.value,
                  load_ts = now();
        , parameters: (Date(2025, 8, 4), 'R01235', '840', 'USD', 1, 'Доллар США', 80.3289)
[2025-11-19T12:21:27.405+0000] {sql.py:466} INFO - Rows affected: 1
[2025-11-19T12:21:27.465+0000] {base.py:84} INFO - Using connection ID 'raw_postgres' for task execution.
[2025-11-19T12:21:27.492+0000] {sql.py:457} INFO - Running statement: 
            INSERT INTO raw.cbr_daily_rates
                (rate_date, val_id, num_code, char_code, nominal, name, value)
            VALUES (%s, %s, %s, %s, %s, %s, %s)
            ON CONFLICT (rate_date, char_code) DO UPDATE
              SET val_id  = EXCLUDED.val_id,
                  num_code= EXCLUDED.num_code,
                  nominal= EXCLUDED.nominal,
                  name    = EXCLUDED.name,
                  value   = EXCLUDED.value,
                  load_ts = now();
        , parameters: (Date(2025, 8, 4), 'R01239', '978', 'EUR', 1, 'Евро', 91.7056)
[2025-11-19T12:21:27.498+0000] {sql.py:466} INFO - Rows affected: 1
[2025-11-19T12:21:27.553+0000] {base.py:84} INFO - Using connection ID 'raw_postgres' for task execution.
[2025-11-19T12:21:27.590+0000] {sql.py:457} INFO - Running statement: 
            INSERT INTO raw.cbr_daily_rates
                (rate_date, val_id, num_code, char_code, nominal, name, value)
            VALUES (%s, %s, %s, %s, %s, %s, %s)
            ON CONFLICT (rate_date, char_code) DO UPDATE
              SET val_id  = EXCLUDED.val_id,
                  num_code= EXCLUDED.num_code,
                  nominal= EXCLUDED.nominal,
                  name    = EXCLUDED.name,
                  value   = EXCLUDED.value,
                  load_ts = now();
        , parameters: (Date(2025, 8, 4), 'R01240', '818', 'EGP', 10, 'Египетских фунтов', 16.5026)
[2025-11-19T12:21:27.596+0000] {sql.py:466} INFO - Rows affected: 1
[2025-11-19T12:21:27.669+0000] {base.py:84} INFO - Using connection ID 'raw_postgres' for task execution.
[2025-11-19T12:21:27.696+0000] {sql.py:457} INFO - Running statement: 
            INSERT INTO raw.cbr_daily_rates
                (rate_date, val_id, num_code, char_code, nominal, name, value)
            VALUES (%s, %s, %s, %s, %s, %s, %s)
            ON CONFLICT (rate_date, char_code) DO UPDATE
              SET val_id  = EXCLUDED.val_id,
                  num_code= EXCLUDED.num_code,
                  nominal= EXCLUDED.nominal,
                  name    = EXCLUDED.name,
                  value   = EXCLUDED.value,
                  load_ts = now();
        , parameters: (Date(2025, 8, 4), 'R01270', '356', 'INR', 100, 'Индийских рупий', 91.9601)
[2025-11-19T12:21:27.700+0000] {sql.py:466} INFO - Rows affected: 1
[2025-11-19T12:21:27.740+0000] {base.py:84} INFO - Using connection ID 'raw_postgres' for task execution.
[2025-11-19T12:21:27.781+0000] {sql.py:457} INFO - Running statement: 
            INSERT INTO raw.cbr_daily_rates
                (rate_date, val_id, num_code, char_code, nominal, name, value)
            VALUES (%s, %s, %s, %s, %s, %s, %s)
            ON CONFLICT (rate_date, char_code) DO UPDATE
              SET val_id  = EXCLUDED.val_id,
                  num_code= EXCLUDED.num_code,
                  nominal= EXCLUDED.nominal,
                  name    = EXCLUDED.name,
                  value   = EXCLUDED.value,
                  load_ts = now();
        , parameters: (Date(2025, 8, 4), 'R01280', '360', 'IDR', 10000, 'Рупий', 48.8055)
[2025-11-19T12:21:27.785+0000] {sql.py:466} INFO - Rows affected: 1
[2025-11-19T12:21:27.853+0000] {base.py:84} INFO - Using connection ID 'raw_postgres' for task execution.
[2025-11-19T12:21:27.882+0000] {sql.py:457} INFO - Running statement: 
            INSERT INTO raw.cbr_daily_rates
                (rate_date, val_id, num_code, char_code, nominal, name, value)
            VALUES (%s, %s, %s, %s, %s, %s, %s)
            ON CONFLICT (rate_date, char_code) DO UPDATE
              SET val_id  = EXCLUDED.val_id,
                  num_code= EXCLUDED.num_code,
                  nominal= EXCLUDED.nominal,
                  name    = EXCLUDED.name,
                  value   = EXCLUDED.value,
                  load_ts = now();
        , parameters: (Date(2025, 8, 4), 'R01300', '364', 'IRR', 100000, 'Иранских риалов', 14.1123)
[2025-11-19T12:21:27.885+0000] {sql.py:466} INFO - Rows affected: 1
[2025-11-19T12:21:27.931+0000] {base.py:84} INFO - Using connection ID 'raw_postgres' for task execution.
[2025-11-19T12:21:27.956+0000] {sql.py:457} INFO - Running statement: 
            INSERT INTO raw.cbr_daily_rates
                (rate_date, val_id, num_code, char_code, nominal, name, value)
            VALUES (%s, %s, %s, %s, %s, %s, %s)
            ON CONFLICT (rate_date, char_code) DO UPDATE
              SET val_id  = EXCLUDED.val_id,
                  num_code= EXCLUDED.num_code,
                  nominal= EXCLUDED.nominal,
                  name    = EXCLUDED.name,
                  value   = EXCLUDED.value,
                  load_ts = now();
        , parameters: (Date(2025, 8, 4), 'R01335', '398', 'KZT', 100, 'Тенге', 14.8543)
[2025-11-19T12:21:27.962+0000] {sql.py:466} INFO - Rows affected: 1
[2025-11-19T12:21:28.014+0000] {base.py:84} INFO - Using connection ID 'raw_postgres' for task execution.
[2025-11-19T12:21:28.049+0000] {sql.py:457} INFO - Running statement: 
            INSERT INTO raw.cbr_daily_rates
                (rate_date, val_id, num_code, char_code, nominal, name, value)
            VALUES (%s, %s, %s, %s, %s, %s, %s)
            ON CONFLICT (rate_date, char_code) DO UPDATE
              SET val_id  = EXCLUDED.val_id,
                  num_code= EXCLUDED.num_code,
                  nominal= EXCLUDED.nominal,
                  name    = EXCLUDED.name,
                  value   = EXCLUDED.value,
                  load_ts = now();
        , parameters: (Date(2025, 8, 4), 'R01350', '124', 'CAD', 1, 'Канадский доллар', 58.0243)
[2025-11-19T12:21:28.062+0000] {sql.py:466} INFO - Rows affected: 1
[2025-11-19T12:21:28.129+0000] {base.py:84} INFO - Using connection ID 'raw_postgres' for task execution.
[2025-11-19T12:21:28.160+0000] {sql.py:457} INFO - Running statement: 
            INSERT INTO raw.cbr_daily_rates
                (rate_date, val_id, num_code, char_code, nominal, name, value)
            VALUES (%s, %s, %s, %s, %s, %s, %s)
            ON CONFLICT (rate_date, char_code) DO UPDATE
              SET val_id  = EXCLUDED.val_id,
                  num_code= EXCLUDED.num_code,
                  nominal= EXCLUDED.nominal,
                  name    = EXCLUDED.name,
                  value   = EXCLUDED.value,
                  load_ts = now();
        , parameters: (Date(2025, 8, 4), 'R01355', '634', 'QAR', 1, 'Катарский риал', 22.0684)
[2025-11-19T12:21:28.166+0000] {sql.py:466} INFO - Rows affected: 1
[2025-11-19T12:21:28.220+0000] {base.py:84} INFO - Using connection ID 'raw_postgres' for task execution.
[2025-11-19T12:21:28.249+0000] {sql.py:457} INFO - Running statement: 
            INSERT INTO raw.cbr_daily_rates
                (rate_date, val_id, num_code, char_code, nominal, name, value)
            VALUES (%s, %s, %s, %s, %s, %s, %s)
            ON CONFLICT (rate_date, char_code) DO UPDATE
              SET val_id  = EXCLUDED.val_id,
                  num_code= EXCLUDED.num_code,
                  nominal= EXCLUDED.nominal,
                  name    = EXCLUDED.name,
                  value   = EXCLUDED.value,
                  load_ts = now();
        , parameters: (Date(2025, 8, 4), 'R01370', '417', 'KGS', 100, 'Сомов', 91.8569)
[2025-11-19T12:21:28.253+0000] {sql.py:466} INFO - Rows affected: 1
[2025-11-19T12:21:28.297+0000] {base.py:84} INFO - Using connection ID 'raw_postgres' for task execution.
[2025-11-19T12:21:28.332+0000] {sql.py:457} INFO - Running statement: 
            INSERT INTO raw.cbr_daily_rates
                (rate_date, val_id, num_code, char_code, nominal, name, value)
            VALUES (%s, %s, %s, %s, %s, %s, %s)
            ON CONFLICT (rate_date, char_code) DO UPDATE
              SET val_id  = EXCLUDED.val_id,
                  num_code= EXCLUDED.num_code,
                  nominal= EXCLUDED.nominal,
                  name    = EXCLUDED.name,
                  value   = EXCLUDED.value,
                  load_ts = now();
        , parameters: (Date(2025, 8, 4), 'R01375', '156', 'CNY', 1, 'Юань', 11.0899)
[2025-11-19T12:21:28.337+0000] {sql.py:466} INFO - Rows affected: 1
[2025-11-19T12:21:28.439+0000] {base.py:84} INFO - Using connection ID 'raw_postgres' for task execution.
[2025-11-19T12:21:28.487+0000] {sql.py:457} INFO - Running statement: 
            INSERT INTO raw.cbr_daily_rates
                (rate_date, val_id, num_code, char_code, nominal, name, value)
            VALUES (%s, %s, %s, %s, %s, %s, %s)
            ON CONFLICT (rate_date, char_code) DO UPDATE
              SET val_id  = EXCLUDED.val_id,
                  num_code= EXCLUDED.num_code,
                  nominal= EXCLUDED.nominal,
                  name    = EXCLUDED.name,
                  value   = EXCLUDED.value,
                  load_ts = now();
        , parameters: (Date(2025, 8, 4), 'R01395', '192', 'CUP', 10, 'Кубинских песо', 33.4704)
[2025-11-19T12:21:28.506+0000] {sql.py:466} INFO - Rows affected: 1
[2025-11-19T12:21:28.590+0000] {base.py:84} INFO - Using connection ID 'raw_postgres' for task execution.
[2025-11-19T12:21:28.628+0000] {sql.py:457} INFO - Running statement: 
            INSERT INTO raw.cbr_daily_rates
                (rate_date, val_id, num_code, char_code, nominal, name, value)
            VALUES (%s, %s, %s, %s, %s, %s, %s)
            ON CONFLICT (rate_date, char_code) DO UPDATE
              SET val_id  = EXCLUDED.val_id,
                  num_code= EXCLUDED.num_code,
                  nominal= EXCLUDED.nominal,
                  name    = EXCLUDED.name,
                  value   = EXCLUDED.value,
                  load_ts = now();
        , parameters: (Date(2025, 8, 4), 'R01500', '498', 'MDL', 10, 'Молдавских леев', 46.5489)
[2025-11-19T12:21:28.632+0000] {sql.py:466} INFO - Rows affected: 1
[2025-11-19T12:21:28.714+0000] {base.py:84} INFO - Using connection ID 'raw_postgres' for task execution.
[2025-11-19T12:21:28.764+0000] {sql.py:457} INFO - Running statement: 
            INSERT INTO raw.cbr_daily_rates
                (rate_date, val_id, num_code, char_code, nominal, name, value)
            VALUES (%s, %s, %s, %s, %s, %s, %s)
            ON CONFLICT (rate_date, char_code) DO UPDATE
              SET val_id  = EXCLUDED.val_id,
                  num_code= EXCLUDED.num_code,
                  nominal= EXCLUDED.nominal,
                  name    = EXCLUDED.name,
                  value   = EXCLUDED.value,
                  load_ts = now();
        , parameters: (Date(2025, 8, 4), 'R01503', '496', 'MNT', 1000, 'Тугриков', 22.3833)
[2025-11-19T12:21:28.768+0000] {sql.py:466} INFO - Rows affected: 1
[2025-11-19T12:21:28.864+0000] {base.py:84} INFO - Using connection ID 'raw_postgres' for task execution.
[2025-11-19T12:21:28.913+0000] {sql.py:457} INFO - Running statement: 
            INSERT INTO raw.cbr_daily_rates
                (rate_date, val_id, num_code, char_code, nominal, name, value)
            VALUES (%s, %s, %s, %s, %s, %s, %s)
            ON CONFLICT (rate_date, char_code) DO UPDATE
              SET val_id  = EXCLUDED.val_id,
                  num_code= EXCLUDED.num_code,
                  nominal= EXCLUDED.nominal,
                  name    = EXCLUDED.name,
                  value   = EXCLUDED.value,
                  load_ts = now();
        , parameters: (Date(2025, 8, 4), 'R01520', '566', 'NGN', 1000, 'Найр', 52.3809)
[2025-11-19T12:21:28.916+0000] {sql.py:466} INFO - Rows affected: 1
[2025-11-19T12:21:28.999+0000] {base.py:84} INFO - Using connection ID 'raw_postgres' for task execution.
[2025-11-19T12:21:29.051+0000] {sql.py:457} INFO - Running statement: 
            INSERT INTO raw.cbr_daily_rates
                (rate_date, val_id, num_code, char_code, nominal, name, value)
            VALUES (%s, %s, %s, %s, %s, %s, %s)
            ON CONFLICT (rate_date, char_code) DO UPDATE
              SET val_id  = EXCLUDED.val_id,
                  num_code= EXCLUDED.num_code,
                  nominal= EXCLUDED.nominal,
                  name    = EXCLUDED.name,
                  value   = EXCLUDED.value,
                  load_ts = now();
        , parameters: (Date(2025, 8, 4), 'R01530', '554', 'NZD', 1, 'Новозеландский доллар', 47.2173)
[2025-11-19T12:21:29.066+0000] {sql.py:466} INFO - Rows affected: 1
[2025-11-19T12:21:29.160+0000] {base.py:84} INFO - Using connection ID 'raw_postgres' for task execution.
[2025-11-19T12:21:29.231+0000] {sql.py:457} INFO - Running statement: 
            INSERT INTO raw.cbr_daily_rates
                (rate_date, val_id, num_code, char_code, nominal, name, value)
            VALUES (%s, %s, %s, %s, %s, %s, %s)
            ON CONFLICT (rate_date, char_code) DO UPDATE
              SET val_id  = EXCLUDED.val_id,
                  num_code= EXCLUDED.num_code,
                  nominal= EXCLUDED.nominal,
                  name    = EXCLUDED.name,
                  value   = EXCLUDED.value,
                  load_ts = now();
        , parameters: (Date(2025, 8, 4), 'R01535', '578', 'NOK', 10, 'Норвежских крон', 78.0908)
[2025-11-19T12:21:29.240+0000] {sql.py:466} INFO - Rows affected: 1
[2025-11-19T12:21:29.339+0000] {base.py:84} INFO - Using connection ID 'raw_postgres' for task execution.
[2025-11-19T12:21:29.391+0000] {sql.py:457} INFO - Running statement: 
            INSERT INTO raw.cbr_daily_rates
                (rate_date, val_id, num_code, char_code, nominal, name, value)
            VALUES (%s, %s, %s, %s, %s, %s, %s)
            ON CONFLICT (rate_date, char_code) DO UPDATE
              SET val_id  = EXCLUDED.val_id,
                  num_code= EXCLUDED.num_code,
                  nominal= EXCLUDED.nominal,
                  name    = EXCLUDED.name,
                  value   = EXCLUDED.value,
                  load_ts = now();
        , parameters: (Date(2025, 8, 4), 'R01540', '512', 'OMR', 1, 'Оманский риал', 208.9178)
[2025-11-19T12:21:29.407+0000] {sql.py:466} INFO - Rows affected: 1
[2025-11-19T12:21:29.504+0000] {base.py:84} INFO - Using connection ID 'raw_postgres' for task execution.
[2025-11-19T12:21:29.560+0000] {sql.py:457} INFO - Running statement: 
            INSERT INTO raw.cbr_daily_rates
                (rate_date, val_id, num_code, char_code, nominal, name, value)
            VALUES (%s, %s, %s, %s, %s, %s, %s)
            ON CONFLICT (rate_date, char_code) DO UPDATE
              SET val_id  = EXCLUDED.val_id,
                  num_code= EXCLUDED.num_code,
                  nominal= EXCLUDED.nominal,
                  name    = EXCLUDED.name,
                  value   = EXCLUDED.value,
                  load_ts = now();
        , parameters: (Date(2025, 8, 4), 'R01565', '985', 'PLN', 1, 'Злотый', 21.4005)
[2025-11-19T12:21:29.570+0000] {sql.py:466} INFO - Rows affected: 1
[2025-11-19T12:21:29.654+0000] {base.py:84} INFO - Using connection ID 'raw_postgres' for task execution.
[2025-11-19T12:21:29.693+0000] {sql.py:457} INFO - Running statement: 
            INSERT INTO raw.cbr_daily_rates
                (rate_date, val_id, num_code, char_code, nominal, name, value)
            VALUES (%s, %s, %s, %s, %s, %s, %s)
            ON CONFLICT (rate_date, char_code) DO UPDATE
              SET val_id  = EXCLUDED.val_id,
                  num_code= EXCLUDED.num_code,
                  nominal= EXCLUDED.nominal,
                  name    = EXCLUDED.name,
                  value   = EXCLUDED.value,
                  load_ts = now();
        , parameters: (Date(2025, 8, 4), 'R01580', '682', 'SAR', 1, 'Саудовский риял', 21.421)
[2025-11-19T12:21:29.697+0000] {sql.py:466} INFO - Rows affected: 1
[2025-11-19T12:21:29.750+0000] {base.py:84} INFO - Using connection ID 'raw_postgres' for task execution.
[2025-11-19T12:21:29.777+0000] {sql.py:457} INFO - Running statement: 
            INSERT INTO raw.cbr_daily_rates
                (rate_date, val_id, num_code, char_code, nominal, name, value)
            VALUES (%s, %s, %s, %s, %s, %s, %s)
            ON CONFLICT (rate_date, char_code) DO UPDATE
              SET val_id  = EXCLUDED.val_id,
                  num_code= EXCLUDED.num_code,
                  nominal= EXCLUDED.nominal,
                  name    = EXCLUDED.name,
                  value   = EXCLUDED.value,
                  load_ts = now();
        , parameters: (Date(2025, 8, 4), 'R01585F', '946', 'RON', 1, 'Румынский лей', 18.0283)
[2025-11-19T12:21:29.781+0000] {sql.py:466} INFO - Rows affected: 1
[2025-11-19T12:21:29.843+0000] {base.py:84} INFO - Using connection ID 'raw_postgres' for task execution.
[2025-11-19T12:21:29.903+0000] {sql.py:457} INFO - Running statement: 
            INSERT INTO raw.cbr_daily_rates
                (rate_date, val_id, num_code, char_code, nominal, name, value)
            VALUES (%s, %s, %s, %s, %s, %s, %s)
            ON CONFLICT (rate_date, char_code) DO UPDATE
              SET val_id  = EXCLUDED.val_id,
                  num_code= EXCLUDED.num_code,
                  nominal= EXCLUDED.nominal,
                  name    = EXCLUDED.name,
                  value   = EXCLUDED.value,
                  load_ts = now();
        , parameters: (Date(2025, 8, 4), 'R01589', '960', 'XDR', 1, 'СДР (специальные права заимствования)', 108.8384)
[2025-11-19T12:21:29.912+0000] {sql.py:466} INFO - Rows affected: 1
[2025-11-19T12:21:30.015+0000] {base.py:84} INFO - Using connection ID 'raw_postgres' for task execution.
[2025-11-19T12:21:30.065+0000] {sql.py:457} INFO - Running statement: 
            INSERT INTO raw.cbr_daily_rates
                (rate_date, val_id, num_code, char_code, nominal, name, value)
            VALUES (%s, %s, %s, %s, %s, %s, %s)
            ON CONFLICT (rate_date, char_code) DO UPDATE
              SET val_id  = EXCLUDED.val_id,
                  num_code= EXCLUDED.num_code,
                  nominal= EXCLUDED.nominal,
                  name    = EXCLUDED.name,
                  value   = EXCLUDED.value,
                  load_ts = now();
        , parameters: (Date(2025, 8, 4), 'R01625', '702', 'SGD', 1, 'Сингапурский доллар', 61.9105)
[2025-11-19T12:21:30.086+0000] {sql.py:466} INFO - Rows affected: 1
[2025-11-19T12:21:30.168+0000] {base.py:84} INFO - Using connection ID 'raw_postgres' for task execution.
[2025-11-19T12:21:30.231+0000] {sql.py:457} INFO - Running statement: 
            INSERT INTO raw.cbr_daily_rates
                (rate_date, val_id, num_code, char_code, nominal, name, value)
            VALUES (%s, %s, %s, %s, %s, %s, %s)
            ON CONFLICT (rate_date, char_code) DO UPDATE
              SET val_id  = EXCLUDED.val_id,
                  num_code= EXCLUDED.num_code,
                  nominal= EXCLUDED.nominal,
                  name    = EXCLUDED.name,
                  value   = EXCLUDED.value,
                  load_ts = now();
        , parameters: (Date(2025, 8, 4), 'R01670', '972', 'TJS', 10, 'Сомони', 84.5425)
[2025-11-19T12:21:30.235+0000] {sql.py:466} INFO - Rows affected: 1
[2025-11-19T12:21:30.327+0000] {base.py:84} INFO - Using connection ID 'raw_postgres' for task execution.
[2025-11-19T12:21:30.396+0000] {sql.py:457} INFO - Running statement: 
            INSERT INTO raw.cbr_daily_rates
                (rate_date, val_id, num_code, char_code, nominal, name, value)
            VALUES (%s, %s, %s, %s, %s, %s, %s)
            ON CONFLICT (rate_date, char_code) DO UPDATE
              SET val_id  = EXCLUDED.val_id,
                  num_code= EXCLUDED.num_code,
                  nominal= EXCLUDED.nominal,
                  name    = EXCLUDED.name,
                  value   = EXCLUDED.value,
                  load_ts = now();
        , parameters: (Date(2025, 8, 4), 'R01675', '764', 'THB', 10, 'Батов', 24.4995)
[2025-11-19T12:21:30.415+0000] {sql.py:466} INFO - Rows affected: 1
[2025-11-19T12:21:30.559+0000] {base.py:84} INFO - Using connection ID 'raw_postgres' for task execution.
[2025-11-19T12:21:30.595+0000] {sql.py:457} INFO - Running statement: 
            INSERT INTO raw.cbr_daily_rates
                (rate_date, val_id, num_code, char_code, nominal, name, value)
            VALUES (%s, %s, %s, %s, %s, %s, %s)
            ON CONFLICT (rate_date, char_code) DO UPDATE
              SET val_id  = EXCLUDED.val_id,
                  num_code= EXCLUDED.num_code,
                  nominal= EXCLUDED.nominal,
                  name    = EXCLUDED.name,
                  value   = EXCLUDED.value,
                  load_ts = now();
        , parameters: (Date(2025, 8, 4), 'R01685', '050', 'BDT', 100, 'Так', 65.6079)
[2025-11-19T12:21:30.603+0000] {sql.py:466} INFO - Rows affected: 1
[2025-11-19T12:21:30.689+0000] {base.py:84} INFO - Using connection ID 'raw_postgres' for task execution.
[2025-11-19T12:21:30.740+0000] {sql.py:457} INFO - Running statement: 
            INSERT INTO raw.cbr_daily_rates
                (rate_date, val_id, num_code, char_code, nominal, name, value)
            VALUES (%s, %s, %s, %s, %s, %s, %s)
            ON CONFLICT (rate_date, char_code) DO UPDATE
              SET val_id  = EXCLUDED.val_id,
                  num_code= EXCLUDED.num_code,
                  nominal= EXCLUDED.nominal,
                  name    = EXCLUDED.name,
                  value   = EXCLUDED.value,
                  load_ts = now();
        , parameters: (Date(2025, 8, 4), 'R01700J', '949', 'TRY', 10, 'Турецких лир', 19.8102)
[2025-11-19T12:21:30.744+0000] {sql.py:466} INFO - Rows affected: 1
[2025-11-19T12:21:30.830+0000] {base.py:84} INFO - Using connection ID 'raw_postgres' for task execution.
[2025-11-19T12:21:30.903+0000] {sql.py:457} INFO - Running statement: 
            INSERT INTO raw.cbr_daily_rates
                (rate_date, val_id, num_code, char_code, nominal, name, value)
            VALUES (%s, %s, %s, %s, %s, %s, %s)
            ON CONFLICT (rate_date, char_code) DO UPDATE
              SET val_id  = EXCLUDED.val_id,
                  num_code= EXCLUDED.num_code,
                  nominal= EXCLUDED.nominal,
                  name    = EXCLUDED.name,
                  value   = EXCLUDED.value,
                  load_ts = now();
        , parameters: (Date(2025, 8, 4), 'R01710A', '934', 'TMT', 1, 'Новый туркменский манат', 22.9511)
[2025-11-19T12:21:30.911+0000] {sql.py:466} INFO - Rows affected: 1
[2025-11-19T12:21:31.018+0000] {base.py:84} INFO - Using connection ID 'raw_postgres' for task execution.
[2025-11-19T12:21:31.082+0000] {sql.py:457} INFO - Running statement: 
            INSERT INTO raw.cbr_daily_rates
                (rate_date, val_id, num_code, char_code, nominal, name, value)
            VALUES (%s, %s, %s, %s, %s, %s, %s)
            ON CONFLICT (rate_date, char_code) DO UPDATE
              SET val_id  = EXCLUDED.val_id,
                  num_code= EXCLUDED.num_code,
                  nominal= EXCLUDED.nominal,
                  name    = EXCLUDED.name,
                  value   = EXCLUDED.value,
                  load_ts = now();
        , parameters: (Date(2025, 8, 4), 'R01717', '860', 'UZS', 10000, 'Узбекских сумов', 63.2889)
[2025-11-19T12:21:31.096+0000] {sql.py:466} INFO - Rows affected: 1
[2025-11-19T12:21:31.190+0000] {base.py:84} INFO - Using connection ID 'raw_postgres' for task execution.
[2025-11-19T12:21:31.214+0000] {sql.py:457} INFO - Running statement: 
            INSERT INTO raw.cbr_daily_rates
                (rate_date, val_id, num_code, char_code, nominal, name, value)
            VALUES (%s, %s, %s, %s, %s, %s, %s)
            ON CONFLICT (rate_date, char_code) DO UPDATE
              SET val_id  = EXCLUDED.val_id,
                  num_code= EXCLUDED.num_code,
                  nominal= EXCLUDED.nominal,
                  name    = EXCLUDED.name,
                  value   = EXCLUDED.value,
                  load_ts = now();
        , parameters: (Date(2025, 8, 4), 'R01720', '980', 'UAH', 10, 'Гривен', 19.2338)
[2025-11-19T12:21:31.222+0000] {sql.py:466} INFO - Rows affected: 1
[2025-11-19T12:21:31.294+0000] {base.py:84} INFO - Using connection ID 'raw_postgres' for task execution.
[2025-11-19T12:21:31.334+0000] {sql.py:457} INFO - Running statement: 
            INSERT INTO raw.cbr_daily_rates
                (rate_date, val_id, num_code, char_code, nominal, name, value)
            VALUES (%s, %s, %s, %s, %s, %s, %s)
            ON CONFLICT (rate_date, char_code) DO UPDATE
              SET val_id  = EXCLUDED.val_id,
                  num_code= EXCLUDED.num_code,
                  nominal= EXCLUDED.nominal,
                  name    = EXCLUDED.name,
                  value   = EXCLUDED.value,
                  load_ts = now();
        , parameters: (Date(2025, 8, 4), 'R01760', '203', 'CZK', 10, 'Чешских крон', 37.2479)
[2025-11-19T12:21:31.344+0000] {sql.py:466} INFO - Rows affected: 1
[2025-11-19T12:21:31.385+0000] {base.py:84} INFO - Using connection ID 'raw_postgres' for task execution.
[2025-11-19T12:21:31.416+0000] {sql.py:457} INFO - Running statement: 
            INSERT INTO raw.cbr_daily_rates
                (rate_date, val_id, num_code, char_code, nominal, name, value)
            VALUES (%s, %s, %s, %s, %s, %s, %s)
            ON CONFLICT (rate_date, char_code) DO UPDATE
              SET val_id  = EXCLUDED.val_id,
                  num_code= EXCLUDED.num_code,
                  nominal= EXCLUDED.nominal,
                  name    = EXCLUDED.name,
                  value   = EXCLUDED.value,
                  load_ts = now();
        , parameters: (Date(2025, 8, 4), 'R01770', '752', 'SEK', 10, 'Шведских крон', 82.4059)
[2025-11-19T12:21:31.422+0000] {sql.py:466} INFO - Rows affected: 1
[2025-11-19T12:21:31.476+0000] {base.py:84} INFO - Using connection ID 'raw_postgres' for task execution.
[2025-11-19T12:21:31.509+0000] {sql.py:457} INFO - Running statement: 
            INSERT INTO raw.cbr_daily_rates
                (rate_date, val_id, num_code, char_code, nominal, name, value)
            VALUES (%s, %s, %s, %s, %s, %s, %s)
            ON CONFLICT (rate_date, char_code) DO UPDATE
              SET val_id  = EXCLUDED.val_id,
                  num_code= EXCLUDED.num_code,
                  nominal= EXCLUDED.nominal,
                  name    = EXCLUDED.name,
                  value   = EXCLUDED.value,
                  load_ts = now();
        , parameters: (Date(2025, 8, 4), 'R01775', '756', 'CHF', 1, 'Швейцарский франк', 98.8177)
[2025-11-19T12:21:31.514+0000] {sql.py:466} INFO - Rows affected: 1
[2025-11-19T12:21:31.572+0000] {base.py:84} INFO - Using connection ID 'raw_postgres' for task execution.
[2025-11-19T12:21:31.609+0000] {sql.py:457} INFO - Running statement: 
            INSERT INTO raw.cbr_daily_rates
                (rate_date, val_id, num_code, char_code, nominal, name, value)
            VALUES (%s, %s, %s, %s, %s, %s, %s)
            ON CONFLICT (rate_date, char_code) DO UPDATE
              SET val_id  = EXCLUDED.val_id,
                  num_code= EXCLUDED.num_code,
                  nominal= EXCLUDED.nominal,
                  name    = EXCLUDED.name,
                  value   = EXCLUDED.value,
                  load_ts = now();
        , parameters: (Date(2025, 8, 4), 'R01800', '230', 'ETB', 100, 'Эфиопских быров', 58.1608)
[2025-11-19T12:21:31.613+0000] {sql.py:466} INFO - Rows affected: 1
[2025-11-19T12:21:31.677+0000] {base.py:84} INFO - Using connection ID 'raw_postgres' for task execution.
[2025-11-19T12:21:31.708+0000] {sql.py:457} INFO - Running statement: 
            INSERT INTO raw.cbr_daily_rates
                (rate_date, val_id, num_code, char_code, nominal, name, value)
            VALUES (%s, %s, %s, %s, %s, %s, %s)
            ON CONFLICT (rate_date, char_code) DO UPDATE
              SET val_id  = EXCLUDED.val_id,
                  num_code= EXCLUDED.num_code,
                  nominal= EXCLUDED.nominal,
                  name    = EXCLUDED.name,
                  value   = EXCLUDED.value,
                  load_ts = now();
        , parameters: (Date(2025, 8, 4), 'R01805F', '941', 'RSD', 100, 'Сербских динаров', 78.305)
[2025-11-19T12:21:31.711+0000] {sql.py:466} INFO - Rows affected: 1
[2025-11-19T12:21:31.755+0000] {base.py:84} INFO - Using connection ID 'raw_postgres' for task execution.
[2025-11-19T12:21:31.786+0000] {sql.py:457} INFO - Running statement: 
            INSERT INTO raw.cbr_daily_rates
                (rate_date, val_id, num_code, char_code, nominal, name, value)
            VALUES (%s, %s, %s, %s, %s, %s, %s)
            ON CONFLICT (rate_date, char_code) DO UPDATE
              SET val_id  = EXCLUDED.val_id,
                  num_code= EXCLUDED.num_code,
                  nominal= EXCLUDED.nominal,
                  name    = EXCLUDED.name,
                  value   = EXCLUDED.value,
                  load_ts = now();
        , parameters: (Date(2025, 8, 4), 'R01810', '710', 'ZAR', 10, 'Рэндов', 43.9165)
[2025-11-19T12:21:31.791+0000] {sql.py:466} INFO - Rows affected: 1
[2025-11-19T12:21:31.858+0000] {base.py:84} INFO - Using connection ID 'raw_postgres' for task execution.
[2025-11-19T12:21:31.891+0000] {sql.py:457} INFO - Running statement: 
            INSERT INTO raw.cbr_daily_rates
                (rate_date, val_id, num_code, char_code, nominal, name, value)
            VALUES (%s, %s, %s, %s, %s, %s, %s)
            ON CONFLICT (rate_date, char_code) DO UPDATE
              SET val_id  = EXCLUDED.val_id,
                  num_code= EXCLUDED.num_code,
                  nominal= EXCLUDED.nominal,
                  name    = EXCLUDED.name,
                  value   = EXCLUDED.value,
                  load_ts = now();
        , parameters: (Date(2025, 8, 4), 'R01815', '410', 'KRW', 1000, 'Вон', 57.7739)
[2025-11-19T12:21:31.896+0000] {sql.py:466} INFO - Rows affected: 1
[2025-11-19T12:21:31.972+0000] {base.py:84} INFO - Using connection ID 'raw_postgres' for task execution.
[2025-11-19T12:21:32.005+0000] {sql.py:457} INFO - Running statement: 
            INSERT INTO raw.cbr_daily_rates
                (rate_date, val_id, num_code, char_code, nominal, name, value)
            VALUES (%s, %s, %s, %s, %s, %s, %s)
            ON CONFLICT (rate_date, char_code) DO UPDATE
              SET val_id  = EXCLUDED.val_id,
                  num_code= EXCLUDED.num_code,
                  nominal= EXCLUDED.nominal,
                  name    = EXCLUDED.name,
                  value   = EXCLUDED.value,
                  load_ts = now();
        , parameters: (Date(2025, 8, 4), 'R01820', '392', 'JPY', 100, 'Иен', 53.3145)
[2025-11-19T12:21:32.009+0000] {sql.py:466} INFO - Rows affected: 1
[2025-11-19T12:21:32.062+0000] {base.py:84} INFO - Using connection ID 'raw_postgres' for task execution.
[2025-11-19T12:21:32.087+0000] {sql.py:457} INFO - Running statement: 
            INSERT INTO raw.cbr_daily_rates
                (rate_date, val_id, num_code, char_code, nominal, name, value)
            VALUES (%s, %s, %s, %s, %s, %s, %s)
            ON CONFLICT (rate_date, char_code) DO UPDATE
              SET val_id  = EXCLUDED.val_id,
                  num_code= EXCLUDED.num_code,
                  nominal= EXCLUDED.nominal,
                  name    = EXCLUDED.name,
                  value   = EXCLUDED.value,
                  load_ts = now();
        , parameters: (Date(2025, 8, 4), 'R02005', '104', 'MMK', 1000, 'Кьятов', 38.2519)
[2025-11-19T12:21:32.092+0000] {sql.py:466} INFO - Rows affected: 1
[2025-11-19T12:21:32.096+0000] {python.py:237} INFO - Done. Returned value was: 55
[2025-11-19T12:21:32.097+0000] {taskinstance.py:441} INFO - ::group::Post task execution logs
[2025-11-19T12:21:32.224+0000] {taskinstance.py:1205} INFO - Marking task as SUCCESS. dag_id=cbr_daily_to_raw, task_id=load_cbr_daily_for_date, execution_date=20250804T210000, start_date=20251119T122122, end_date=20251119T122132
[2025-11-19T12:21:32.326+0000] {local_task_job_runner.py:240} INFO - Task exited with return code 0
[2025-11-19T12:21:32.386+0000] {taskinstance.py:3482} INFO - 0 downstream tasks scheduled from follow-on schedule check
[2025-11-19T12:21:32.401+0000] {local_task_job_runner.py:222} INFO - ::endgroup::
