[2025-11-19T12:22:18.758+0000] {local_task_job_runner.py:120} INFO - ::group::Pre task execution logs
[2025-11-19T12:22:18.862+0000] {taskinstance.py:2073} INFO - Dependencies all met for dep_context=non-requeueable deps ti=<TaskInstance: cbr_daily_to_raw.load_cbr_daily_for_date scheduled__2025-09-16T21:00:00+00:00 [queued]>
[2025-11-19T12:22:18.894+0000] {taskinstance.py:2073} INFO - Dependencies all met for dep_context=requeueable deps ti=<TaskInstance: cbr_daily_to_raw.load_cbr_daily_for_date scheduled__2025-09-16T21:00:00+00:00 [queued]>
[2025-11-19T12:22:18.906+0000] {taskinstance.py:2303} INFO - Starting attempt 1 of 2
[2025-11-19T12:22:19.035+0000] {taskinstance.py:2327} INFO - Executing <Task(_PythonDecoratedOperator): load_cbr_daily_for_date> on 2025-09-16 21:00:00+00:00
[2025-11-19T12:22:19.063+0000] {logging_mixin.py:188} WARNING - /home/***/.local/lib/python3.12/site-packages/***/task/task_runner/standard_task_runner.py:61 DeprecationWarning: This process (pid=517) is multi-threaded, use of fork() may lead to deadlocks in the child.
[2025-11-19T12:22:19.062+0000] {standard_task_runner.py:90} INFO - Running: ['***', 'tasks', 'run', 'cbr_daily_to_raw', 'load_cbr_daily_for_date', 'scheduled__2025-09-16T21:00:00+00:00', '--job-id', '125', '--raw', '--subdir', 'DAGS_FOLDER/cbr_daily_to_raw.py', '--cfg-path', '/tmp/tmp9xthp8tu']
[2025-11-19T12:22:19.070+0000] {standard_task_runner.py:63} INFO - Started process 524 to run task
[2025-11-19T12:22:19.070+0000] {standard_task_runner.py:91} INFO - Job 125: Subtask load_cbr_daily_for_date
[2025-11-19T12:22:19.375+0000] {task_command.py:426} INFO - Running <TaskInstance: cbr_daily_to_raw.load_cbr_daily_for_date scheduled__2025-09-16T21:00:00+00:00 [running]> on host 2d463c30b66e
[2025-11-19T12:22:20.135+0000] {taskinstance.py:2644} INFO - Exporting env vars: AIRFLOW_CTX_DAG_OWNER='***' AIRFLOW_CTX_DAG_ID='cbr_daily_to_raw' AIRFLOW_CTX_TASK_ID='load_cbr_daily_for_date' AIRFLOW_CTX_EXECUTION_DATE='2025-09-16T21:00:00+00:00' AIRFLOW_CTX_TRY_NUMBER='1' AIRFLOW_CTX_DAG_RUN_ID='scheduled__2025-09-16T21:00:00+00:00'
[2025-11-19T12:22:20.146+0000] {taskinstance.py:430} INFO - ::endgroup::
[2025-11-19T12:22:20.824+0000] {base.py:84} INFO - Using connection ID 'raw_postgres' for task execution.
[2025-11-19T12:22:20.874+0000] {sql.py:457} INFO - Running statement: 
            INSERT INTO raw.cbr_daily_xml (rate_date, payload)
            VALUES (%s, %s::xml)
            ON CONFLICT (rate_date) DO UPDATE
              SET payload = EXCLUDED.payload,
                  load_ts = now();
            , parameters: (Date(2025, 9, 16), '<?xml version="1.0" encoding="windows-1251"?><ValCurs Date="16.09.2025" name="Foreign Currency Market"><Valute ID="R01010"><NumCode>036</NumCode><CharCode>AUD</CharCode><Nominal>1</Nominal><Name>Австралийский доллар</Name><Value>55,3341</Value><VunitRate>55,3341</VunitRate></Valute><Valute ID="R01020A"><NumCode>944</NumCode><CharCode>AZN</CharCode><Nominal>1</Nominal><Name>Азербайджанский манат</Name><Value>48,8658</Value><VunitRate>48,8658</VunitRate></Valute><Valute ID="R01030"><NumCode>012</NumCode><CharCode>DZD</CharCode><Nominal>100</Nominal><Name>Алжирских динаров</Name><Value>64,1604</Value><VunitRate>0,641604</VunitRate></Valute><Valute ID="R01035"><NumCode>826</NumCode><CharCode>GBP</CharCode><Nominal>1</Nominal><Name>Фунт стерлингов</Name><Value>112,6371</Value><VunitRate>112,6371</VunitRate></Valute><Valute ID="R01060"><NumCode>051</NumCode><CharCode>AMD</CharCode><Nominal>100</Nominal><Name>Армянских драмов</Name><Value>21,6830</Value><VunitRate>0,21683</VunitRate></Valute><Valute ID="R01080"><NumCode>048</NumCode><CharCode>BHD</CharCode><Nominal>1</Nominal><Name>Бахрейнский динар</Name><Value>220,8879</Value><VunitRate>220,8879</VunitRate></Valute><Valute ID="R01090B"><NumCode>933</NumCode><CharCode>BYN</CharCode><Nominal>1</Nominal><Name>Белорусский рубль</Name><Value>27,3298</Value><VunitRate>27,3298</VunitRate></Valute><Valute ID="R01100"><NumCode>975</NumCode><CharCode>BGN</CharCode><Nominal>1</Nominal><Name>Болгарский лев</Name><Value>49,7710</Value><VunitRate>49,771</VunitRate></Valute><Valute ID="R01105"><NumCode>068</NumCode><CharCode>BOB</CharCode><Nominal>1</Nominal><Name>Боливиано</Name><Value>12,0220</Value><VunitRate>12,022</VunitRate></Valute><Valute ID="R01115"><NumCode>986</NumCode><CharCode>BRL</CharCode><Nominal>1</Nominal><Name>Бразильский реал</Name><Value>15,4771</Value><VunitRate>15,4771</VunitRate></Valute><Valute ID="R01135"><NumCode>348</NumCode><CharCode>HUF</CharCode><Nominal>100</Nominal><Name>Форинтов</Name><Value>25,0051</Value><VunitRate>0,250051</VunitRate></Valute><Valute ID="R01150"><NumCode>704</NumCode><CharCode>VND</CharCode><Nominal>10000</Nominal><Name>Донгов</Name><Value>32,9441</Value><VunitRate>0,00329441</VunitRate></Valute><Valute ID="R01200"><NumCode>344</NumCode><CharCode>HKD</CharCode><Nominal>1</Nominal><Name>Гонконгский доллар</Name><Value>10,6982</Value><VunitRate>10,6982</VunitRate></Valute><Valute ID="R01210"><NumCode>981</NumCode><CharCode>GEL</CharCode><Nominal>1</Nominal><Name>Лари</Name><Value>30,7651</Value><VunitRate>30,7651</VunitRate></Valute><Valute ID="R01215"><NumCode>208</NumCode><CharCode>DKK</CharCode><Nominal>1</Nominal><Name>Датская крона</Name><Value>13,0411</Value><VunitRate>13,0411</VunitRate></Valute><Valute ID="R01230"><NumCode>784</NumCode><CharCode>AED</CharCode><Nominal>1</Nominal><Name>Дирхам ОАЭ</Name><Value>22,6200</Value><VunitRate>22,62</VunitRate></Valute><Valute ID="R01235"><NumCode>840</NumCode><CharCode>USD</CharCode><Nominal>1</Nominal><Name>Доллар США</Name><Value>83,0718</Value><VunitRate>83,0718</VunitRate></Valute><Valute ID="R01239"><NumCode>978</NumCode><CharCode>EUR</CharCode><Nominal>1</Nominal><Name>Евро</Name><Value>97,4502</Value><VunitRate>97,4502</VunitRate></Valute><Valute ID="R01240"><NumCode>818</NumCode><CharCode>EGP</CharCode><Nominal>10</Nominal><Name>Египетских фунтов</Name><Value>17,2422</Value><VunitRate>1,72422</VunitRate></Valute><Valute ID="R01270"><NumCode>356</NumCode><CharCode>INR</CharCode><Nominal>100</Nominal><Name>Индийских рупий</Name><Value>94,1121</Value><VunitRate>0,941121</VunitRate></Valute><Valute ID="R01280"><NumCode>360</NumCode><CharCode>IDR</CharCode><Nominal>10000</Nominal><Name>Рупий</Name><Value>50,6813</Value><VunitRate>0,00506813</VunitRate></Valute><Valute ID="R01300"><NumCode>364</NumCode><CharCode>IRR</CharCode><Nominal>100000</Nominal><Name>Иранских риалов</Name><Value>14,4164</Value><VunitRate>0,000144164</VunitRate></Valute><Valute ID="R01335"><NumCode>398</NumCode><CharCode>KZT</CharCode><Nominal>100</Nominal><Name>Тенге</Name><Value>15,3598</Value><VunitRate>0,153598</VunitRate></Valute><Valute ID="R01350"><NumCode>124</NumCode><CharCode>CAD</CharCode><Nominal>1</Nominal><Name>Канадский доллар</Name><Value>59,9883</Value><VunitRate>59,9883</VunitRate></Valute><Valute ID="R01355"><NumCode>634</NumCode><CharCode>QAR</CharCode><Nominal>1</Nominal><Name>Катарский риал</Name><Value>22,8219</Value><VunitRate>22,8219</VunitRate></Valute><Valute ID="R01370"><NumCode>417</NumCode><CharCode>KGS</CharCode><Nominal>100</Nominal><Name>Сомов</Name><Value>94,9935</Value><VunitRate>0,949935</VunitRate></Valute><Valute ID="R01375"><NumCode>156</NumCode><CharCode>CNY</CharCode><Nominal>1</Nominal><Name>Юань</Name><Value>11,5949</Value><VunitRate>11,5949</VunitRate></Valute><Valute ID="R01395"><NumCode>192</NumCode><CharCode>CUP</CharCode><Nominal>10</Nominal><Name>Кубинских песо</Name><Value>34,6133</Value><VunitRate>3,46133</VunitRate></Valute><Valute ID="R01500"><NumCode>498</NumCode><CharCode>MDL</CharCode><Nominal>10</Nominal><Name>Молдавских леев</Name><Value>50,0798</Value><VunitRate>5,00798</VunitRate></Valute><Valute ID="R01503"><NumCode>496</NumCode><CharCode>MNT</CharCode><Nominal>1000</Nominal><Name>Тугриков</Name><Value>23,1109</Value><VunitRate>0,0231109</VunitRate></Valute><Valute ID="R01520"><NumCode>566</NumCode><CharCode>NGN</CharCode><Nominal>1000</Nominal><Name>Найр</Name><Value>55,3259</Value><VunitRate>0,0553259</VunitRate></Valute><Valute ID="R01530"><NumCode>554</NumCode><CharCode>NZD</CharCode><Nominal>1</Nominal><Name>Новозеландский доллар</Name><Value>49,5233</Value><VunitRate>49,5233</VunitRate></Valute><Valute ID="R01535"><NumCode>578</NumCode><CharCode>NOK</CharCode><Nominal>10</Nominal><Name>Норвежских крон</Name><Value>84,0289</Value><VunitRate>8,40289</VunitRate></Valute><Valute ID="R01540"><NumCode>512</NumCode><CharCode>OMR</CharCode><Nominal>1</Nominal><Name>Оманский риал</Name><Value>216,0515</Value><VunitRate>216,0515</VunitRate></Valute><Valute ID="R01565"><NumCode>985</NumCode><CharCode>PLN</CharCode><Nominal>1</Nominal><Name>Злотый</Name><Value>22,9556</Value><VunitRate>22,9556</VunitRate></Valute><Valute ID="R01580"><NumCode>682</NumCode><CharCode>SAR</CharCode><Nominal>1</Nominal><Name>Саудовский риял</Name><Value>22,1525</Value><VunitRate>22,1525</VunitRate></Valute><Valute ID="R01585F"><NumCode>946</NumCode><CharCode>RON</CharCode><Nominal>1</Nominal><Name>Румынский лей</Name><Value>19,2724</Value><VunitRate>19,2724</VunitRate></Valute><Valute ID="R01589"><NumCode>960</NumCode><CharCode>XDR</CharCode><Nominal>1</Nominal><Name>СДР (специальные права заимствования)</Name><Value>113,9587</Value><VunitRate>113,9587</VunitRate></Valute><Valute ID="R01625"><NumCode>702</NumCode><CharCode>SGD</CharCode><Nominal>1</Nominal><Name>Сингапурский доллар</Name><Value>64,8239</Value><VunitRate>64,8239</VunitRate></Valute><Valute ID="R01670"><NumCode>972</NumCode><CharCode>TJS</CharCode><Nominal>10</Nominal><Name>Сомони</Name><Value>87,3089</Value><VunitRate>8,73089</VunitRate></Valute><Valute ID="R01675"><NumCode>764</NumCode><CharCode>THB</CharCode><Nominal>10</Nominal><Name>Батов</Name><Value>26,0666</Value><VunitRate>2,60666</VunitRate></Valute><Valute ID="R01685"><NumCode>050</NumCode><CharCode>BDT</CharCode><Nominal>100</Nominal><Name>Так</Name><Value>68,2520</Value><VunitRate>0,68252</VunitRate></Valute><Valute ID="R01700J"><NumCode>949</NumCode><CharCode>TRY</CharCode><Nominal>10</Nominal><Name>Турецких лир</Name><Value>20,1405</Value><VunitRate>2,01405</VunitRate></Valute><Valute ID="R01710A"><NumCode>934</NumCode><CharCode>TMT</CharCode><Nominal>1</Nominal><Name>Новый туркменский манат</Name><Value>23,7348</Value><VunitRate>23,7348</VunitRate></Valute><Valute ID="R01717"><NumCode>860</NumCode><CharCode>UZS</CharCode><Nominal>10000</Nominal><Name>Узбекских сумов</Name><Value>66,8487</Value><VunitRate>0,00668487</VunitRate></Valute><Valute ID="R01720"><NumCode>980</NumCode><CharCode>UAH</CharCode><Nominal>10</Nominal><Name>Гривен</Name><Value>20,1476</Value><VunitRate>2,01476</VunitRate></Valute><Valute ID="R01760"><NumCode>203</NumCode><CharCode>CZK</CharCode><Nominal>10</Nominal><Name>Чешских крон</Name><Value>40,1837</Value><VunitRate>4,01837</VunitRate></Valute><Valute ID="R01770"><NumCode>752</NumCode><CharCode>SEK</CharCode><Nominal>10</Nominal><Name>Шведских крон</Name><Value>88,9104</Value><VunitRate>8,89104</VunitRate></Valute><Valute ID="R01775"><NumCode>756</NumCode><CharCode>CHF</CharCode><Nominal>1</Nominal><Name>Швейцарский франк</Name><Value>104,3484</Value><VunitRate>104,3484</VunitRate></Valute><Valute ID="R01800"><NumCode>230</NumCode><CharCode>ETB</CharCode><Nominal>100</Nominal><Name>Эфиопских быров</Name><Value>57,7307</Value><VunitRate>0,577307</VunitRate></Valute><Valute ID="R01805F"><NumCode>941</NumCode><CharCode>RSD</CharCode><Nominal>100</Nominal><Name>Сербских динаров</Name><Value>83,1962</Value><VunitRate>0,831962</VunitRate></Valute><Valute ID="R01810"><NumCode>710</NumCode><CharCode>ZAR</CharCode><Nominal>10</Nominal><Name>Рэндов</Name><Value>47,8877</Value><VunitRate>4,78877</VunitRate></Valute><Valute ID="R01815"><NumCode>410</NumCode><CharCode>KRW</CharCode><Nominal>1000</Nominal><Name>Вон</Name><Value>59,8198</Value><VunitRate>0,0598198</VunitRate></Valute><Valute ID="R01820"><NumCode>392</NumCode><CharCode>JPY</CharCode><Nominal>100</Nominal><Name>Иен</Name><Value>56,3925</Value><VunitRate>0,563925</VunitRate></Valute><Valute ID="R02005"><NumCode>104</NumCode><CharCode>MMK</CharCode><Nominal>1000</Nominal><Name>Кьятов</Name><Value>39,5580</Value><VunitRate>0,039558</VunitRate></Valute></ValCurs>')
[2025-11-19T12:22:20.888+0000] {sql.py:466} INFO - Rows affected: 1
[2025-11-19T12:22:21.002+0000] {base.py:84} INFO - Using connection ID 'raw_postgres' for task execution.
[2025-11-19T12:22:21.038+0000] {sql.py:457} INFO - Running statement: 
            INSERT INTO raw.cbr_daily_rates
                (rate_date, val_id, num_code, char_code, nominal, name, value)
            VALUES (%s, %s, %s, %s, %s, %s, %s)
            ON CONFLICT (rate_date, char_code) DO UPDATE
              SET val_id  = EXCLUDED.val_id,
                  num_code= EXCLUDED.num_code,
                  nominal= EXCLUDED.nominal,
                  name    = EXCLUDED.name,
                  value   = EXCLUDED.value,
                  load_ts = now();
        , parameters: (Date(2025, 9, 16), 'R01010', '036', 'AUD', 1, 'Австралийский доллар', 55.3341)
[2025-11-19T12:22:21.053+0000] {sql.py:466} INFO - Rows affected: 1
[2025-11-19T12:22:21.122+0000] {base.py:84} INFO - Using connection ID 'raw_postgres' for task execution.
[2025-11-19T12:22:21.153+0000] {sql.py:457} INFO - Running statement: 
            INSERT INTO raw.cbr_daily_rates
                (rate_date, val_id, num_code, char_code, nominal, name, value)
            VALUES (%s, %s, %s, %s, %s, %s, %s)
            ON CONFLICT (rate_date, char_code) DO UPDATE
              SET val_id  = EXCLUDED.val_id,
                  num_code= EXCLUDED.num_code,
                  nominal= EXCLUDED.nominal,
                  name    = EXCLUDED.name,
                  value   = EXCLUDED.value,
                  load_ts = now();
        , parameters: (Date(2025, 9, 16), 'R01020A', '944', 'AZN', 1, 'Азербайджанский манат', 48.8658)
[2025-11-19T12:22:21.172+0000] {sql.py:466} INFO - Rows affected: 1
[2025-11-19T12:22:21.324+0000] {base.py:84} INFO - Using connection ID 'raw_postgres' for task execution.
[2025-11-19T12:22:21.358+0000] {sql.py:457} INFO - Running statement: 
            INSERT INTO raw.cbr_daily_rates
                (rate_date, val_id, num_code, char_code, nominal, name, value)
            VALUES (%s, %s, %s, %s, %s, %s, %s)
            ON CONFLICT (rate_date, char_code) DO UPDATE
              SET val_id  = EXCLUDED.val_id,
                  num_code= EXCLUDED.num_code,
                  nominal= EXCLUDED.nominal,
                  name    = EXCLUDED.name,
                  value   = EXCLUDED.value,
                  load_ts = now();
        , parameters: (Date(2025, 9, 16), 'R01030', '012', 'DZD', 100, 'Алжирских динаров', 64.1604)
[2025-11-19T12:22:21.363+0000] {sql.py:466} INFO - Rows affected: 1
[2025-11-19T12:22:21.458+0000] {base.py:84} INFO - Using connection ID 'raw_postgres' for task execution.
[2025-11-19T12:22:21.516+0000] {sql.py:457} INFO - Running statement: 
            INSERT INTO raw.cbr_daily_rates
                (rate_date, val_id, num_code, char_code, nominal, name, value)
            VALUES (%s, %s, %s, %s, %s, %s, %s)
            ON CONFLICT (rate_date, char_code) DO UPDATE
              SET val_id  = EXCLUDED.val_id,
                  num_code= EXCLUDED.num_code,
                  nominal= EXCLUDED.nominal,
                  name    = EXCLUDED.name,
                  value   = EXCLUDED.value,
                  load_ts = now();
        , parameters: (Date(2025, 9, 16), 'R01035', '826', 'GBP', 1, 'Фунт стерлингов', 112.6371)
[2025-11-19T12:22:21.522+0000] {sql.py:466} INFO - Rows affected: 1
[2025-11-19T12:22:21.653+0000] {base.py:84} INFO - Using connection ID 'raw_postgres' for task execution.
[2025-11-19T12:22:21.723+0000] {sql.py:457} INFO - Running statement: 
            INSERT INTO raw.cbr_daily_rates
                (rate_date, val_id, num_code, char_code, nominal, name, value)
            VALUES (%s, %s, %s, %s, %s, %s, %s)
            ON CONFLICT (rate_date, char_code) DO UPDATE
              SET val_id  = EXCLUDED.val_id,
                  num_code= EXCLUDED.num_code,
                  nominal= EXCLUDED.nominal,
                  name    = EXCLUDED.name,
                  value   = EXCLUDED.value,
                  load_ts = now();
        , parameters: (Date(2025, 9, 16), 'R01060', '051', 'AMD', 100, 'Армянских драмов', 21.683)
[2025-11-19T12:22:21.744+0000] {sql.py:466} INFO - Rows affected: 1
[2025-11-19T12:22:21.854+0000] {base.py:84} INFO - Using connection ID 'raw_postgres' for task execution.
[2025-11-19T12:22:21.910+0000] {sql.py:457} INFO - Running statement: 
            INSERT INTO raw.cbr_daily_rates
                (rate_date, val_id, num_code, char_code, nominal, name, value)
            VALUES (%s, %s, %s, %s, %s, %s, %s)
            ON CONFLICT (rate_date, char_code) DO UPDATE
              SET val_id  = EXCLUDED.val_id,
                  num_code= EXCLUDED.num_code,
                  nominal= EXCLUDED.nominal,
                  name    = EXCLUDED.name,
                  value   = EXCLUDED.value,
                  load_ts = now();
        , parameters: (Date(2025, 9, 16), 'R01080', '048', 'BHD', 1, 'Бахрейнский динар', 220.8879)
[2025-11-19T12:22:21.930+0000] {sql.py:466} INFO - Rows affected: 1
[2025-11-19T12:22:22.033+0000] {base.py:84} INFO - Using connection ID 'raw_postgres' for task execution.
[2025-11-19T12:22:22.100+0000] {sql.py:457} INFO - Running statement: 
            INSERT INTO raw.cbr_daily_rates
                (rate_date, val_id, num_code, char_code, nominal, name, value)
            VALUES (%s, %s, %s, %s, %s, %s, %s)
            ON CONFLICT (rate_date, char_code) DO UPDATE
              SET val_id  = EXCLUDED.val_id,
                  num_code= EXCLUDED.num_code,
                  nominal= EXCLUDED.nominal,
                  name    = EXCLUDED.name,
                  value   = EXCLUDED.value,
                  load_ts = now();
        , parameters: (Date(2025, 9, 16), 'R01090B', '933', 'BYN', 1, 'Белорусский рубль', 27.3298)
[2025-11-19T12:22:22.103+0000] {sql.py:466} INFO - Rows affected: 1
[2025-11-19T12:22:22.274+0000] {base.py:84} INFO - Using connection ID 'raw_postgres' for task execution.
[2025-11-19T12:22:22.316+0000] {sql.py:457} INFO - Running statement: 
            INSERT INTO raw.cbr_daily_rates
                (rate_date, val_id, num_code, char_code, nominal, name, value)
            VALUES (%s, %s, %s, %s, %s, %s, %s)
            ON CONFLICT (rate_date, char_code) DO UPDATE
              SET val_id  = EXCLUDED.val_id,
                  num_code= EXCLUDED.num_code,
                  nominal= EXCLUDED.nominal,
                  name    = EXCLUDED.name,
                  value   = EXCLUDED.value,
                  load_ts = now();
        , parameters: (Date(2025, 9, 16), 'R01100', '975', 'BGN', 1, 'Болгарский лев', 49.771)
[2025-11-19T12:22:22.320+0000] {sql.py:466} INFO - Rows affected: 1
[2025-11-19T12:22:22.389+0000] {base.py:84} INFO - Using connection ID 'raw_postgres' for task execution.
[2025-11-19T12:22:22.435+0000] {sql.py:457} INFO - Running statement: 
            INSERT INTO raw.cbr_daily_rates
                (rate_date, val_id, num_code, char_code, nominal, name, value)
            VALUES (%s, %s, %s, %s, %s, %s, %s)
            ON CONFLICT (rate_date, char_code) DO UPDATE
              SET val_id  = EXCLUDED.val_id,
                  num_code= EXCLUDED.num_code,
                  nominal= EXCLUDED.nominal,
                  name    = EXCLUDED.name,
                  value   = EXCLUDED.value,
                  load_ts = now();
        , parameters: (Date(2025, 9, 16), 'R01105', '068', 'BOB', 1, 'Боливиано', 12.022)
[2025-11-19T12:22:22.441+0000] {sql.py:466} INFO - Rows affected: 1
[2025-11-19T12:22:22.515+0000] {base.py:84} INFO - Using connection ID 'raw_postgres' for task execution.
[2025-11-19T12:22:22.614+0000] {sql.py:457} INFO - Running statement: 
            INSERT INTO raw.cbr_daily_rates
                (rate_date, val_id, num_code, char_code, nominal, name, value)
            VALUES (%s, %s, %s, %s, %s, %s, %s)
            ON CONFLICT (rate_date, char_code) DO UPDATE
              SET val_id  = EXCLUDED.val_id,
                  num_code= EXCLUDED.num_code,
                  nominal= EXCLUDED.nominal,
                  name    = EXCLUDED.name,
                  value   = EXCLUDED.value,
                  load_ts = now();
        , parameters: (Date(2025, 9, 16), 'R01115', '986', 'BRL', 1, 'Бразильский реал', 15.4771)
[2025-11-19T12:22:22.673+0000] {sql.py:466} INFO - Rows affected: 1
[2025-11-19T12:22:22.962+0000] {base.py:84} INFO - Using connection ID 'raw_postgres' for task execution.
[2025-11-19T12:22:23.044+0000] {sql.py:457} INFO - Running statement: 
            INSERT INTO raw.cbr_daily_rates
                (rate_date, val_id, num_code, char_code, nominal, name, value)
            VALUES (%s, %s, %s, %s, %s, %s, %s)
            ON CONFLICT (rate_date, char_code) DO UPDATE
              SET val_id  = EXCLUDED.val_id,
                  num_code= EXCLUDED.num_code,
                  nominal= EXCLUDED.nominal,
                  name    = EXCLUDED.name,
                  value   = EXCLUDED.value,
                  load_ts = now();
        , parameters: (Date(2025, 9, 16), 'R01135', '348', 'HUF', 100, 'Форинтов', 25.0051)
[2025-11-19T12:22:23.048+0000] {sql.py:466} INFO - Rows affected: 1
[2025-11-19T12:22:23.107+0000] {base.py:84} INFO - Using connection ID 'raw_postgres' for task execution.
[2025-11-19T12:22:23.134+0000] {sql.py:457} INFO - Running statement: 
            INSERT INTO raw.cbr_daily_rates
                (rate_date, val_id, num_code, char_code, nominal, name, value)
            VALUES (%s, %s, %s, %s, %s, %s, %s)
            ON CONFLICT (rate_date, char_code) DO UPDATE
              SET val_id  = EXCLUDED.val_id,
                  num_code= EXCLUDED.num_code,
                  nominal= EXCLUDED.nominal,
                  name    = EXCLUDED.name,
                  value   = EXCLUDED.value,
                  load_ts = now();
        , parameters: (Date(2025, 9, 16), 'R01150', '704', 'VND', 10000, 'Донгов', 32.9441)
[2025-11-19T12:22:23.181+0000] {sql.py:466} INFO - Rows affected: 1
[2025-11-19T12:22:23.306+0000] {base.py:84} INFO - Using connection ID 'raw_postgres' for task execution.
[2025-11-19T12:22:23.377+0000] {sql.py:457} INFO - Running statement: 
            INSERT INTO raw.cbr_daily_rates
                (rate_date, val_id, num_code, char_code, nominal, name, value)
            VALUES (%s, %s, %s, %s, %s, %s, %s)
            ON CONFLICT (rate_date, char_code) DO UPDATE
              SET val_id  = EXCLUDED.val_id,
                  num_code= EXCLUDED.num_code,
                  nominal= EXCLUDED.nominal,
                  name    = EXCLUDED.name,
                  value   = EXCLUDED.value,
                  load_ts = now();
        , parameters: (Date(2025, 9, 16), 'R01200', '344', 'HKD', 1, 'Гонконгский доллар', 10.6982)
[2025-11-19T12:22:23.400+0000] {sql.py:466} INFO - Rows affected: 1
[2025-11-19T12:22:23.508+0000] {base.py:84} INFO - Using connection ID 'raw_postgres' for task execution.
[2025-11-19T12:22:23.579+0000] {sql.py:457} INFO - Running statement: 
            INSERT INTO raw.cbr_daily_rates
                (rate_date, val_id, num_code, char_code, nominal, name, value)
            VALUES (%s, %s, %s, %s, %s, %s, %s)
            ON CONFLICT (rate_date, char_code) DO UPDATE
              SET val_id  = EXCLUDED.val_id,
                  num_code= EXCLUDED.num_code,
                  nominal= EXCLUDED.nominal,
                  name    = EXCLUDED.name,
                  value   = EXCLUDED.value,
                  load_ts = now();
        , parameters: (Date(2025, 9, 16), 'R01210', '981', 'GEL', 1, 'Лари', 30.7651)
[2025-11-19T12:22:23.588+0000] {sql.py:466} INFO - Rows affected: 1
[2025-11-19T12:22:23.708+0000] {base.py:84} INFO - Using connection ID 'raw_postgres' for task execution.
[2025-11-19T12:22:23.793+0000] {sql.py:457} INFO - Running statement: 
            INSERT INTO raw.cbr_daily_rates
                (rate_date, val_id, num_code, char_code, nominal, name, value)
            VALUES (%s, %s, %s, %s, %s, %s, %s)
            ON CONFLICT (rate_date, char_code) DO UPDATE
              SET val_id  = EXCLUDED.val_id,
                  num_code= EXCLUDED.num_code,
                  nominal= EXCLUDED.nominal,
                  name    = EXCLUDED.name,
                  value   = EXCLUDED.value,
                  load_ts = now();
        , parameters: (Date(2025, 9, 16), 'R01215', '208', 'DKK', 1, 'Датская крона', 13.0411)
[2025-11-19T12:22:23.827+0000] {sql.py:466} INFO - Rows affected: 1
[2025-11-19T12:22:23.933+0000] {base.py:84} INFO - Using connection ID 'raw_postgres' for task execution.
[2025-11-19T12:22:23.978+0000] {sql.py:457} INFO - Running statement: 
            INSERT INTO raw.cbr_daily_rates
                (rate_date, val_id, num_code, char_code, nominal, name, value)
            VALUES (%s, %s, %s, %s, %s, %s, %s)
            ON CONFLICT (rate_date, char_code) DO UPDATE
              SET val_id  = EXCLUDED.val_id,
                  num_code= EXCLUDED.num_code,
                  nominal= EXCLUDED.nominal,
                  name    = EXCLUDED.name,
                  value   = EXCLUDED.value,
                  load_ts = now();
        , parameters: (Date(2025, 9, 16), 'R01230', '784', 'AED', 1, 'Дирхам ОАЭ', 22.62)
[2025-11-19T12:22:23.985+0000] {sql.py:466} INFO - Rows affected: 1
[2025-11-19T12:22:24.122+0000] {base.py:84} INFO - Using connection ID 'raw_postgres' for task execution.
[2025-11-19T12:22:24.227+0000] {sql.py:457} INFO - Running statement: 
            INSERT INTO raw.cbr_daily_rates
                (rate_date, val_id, num_code, char_code, nominal, name, value)
            VALUES (%s, %s, %s, %s, %s, %s, %s)
            ON CONFLICT (rate_date, char_code) DO UPDATE
              SET val_id  = EXCLUDED.val_id,
                  num_code= EXCLUDED.num_code,
                  nominal= EXCLUDED.nominal,
                  name    = EXCLUDED.name,
                  value   = EXCLUDED.value,
                  load_ts = now();
        , parameters: (Date(2025, 9, 16), 'R01235', '840', 'USD', 1, 'Доллар США', 83.0718)
[2025-11-19T12:22:24.238+0000] {sql.py:466} INFO - Rows affected: 1
[2025-11-19T12:22:24.395+0000] {base.py:84} INFO - Using connection ID 'raw_postgres' for task execution.
[2025-11-19T12:22:24.523+0000] {sql.py:457} INFO - Running statement: 
            INSERT INTO raw.cbr_daily_rates
                (rate_date, val_id, num_code, char_code, nominal, name, value)
            VALUES (%s, %s, %s, %s, %s, %s, %s)
            ON CONFLICT (rate_date, char_code) DO UPDATE
              SET val_id  = EXCLUDED.val_id,
                  num_code= EXCLUDED.num_code,
                  nominal= EXCLUDED.nominal,
                  name    = EXCLUDED.name,
                  value   = EXCLUDED.value,
                  load_ts = now();
        , parameters: (Date(2025, 9, 16), 'R01239', '978', 'EUR', 1, 'Евро', 97.4502)
[2025-11-19T12:22:24.539+0000] {sql.py:466} INFO - Rows affected: 1
[2025-11-19T12:22:24.707+0000] {base.py:84} INFO - Using connection ID 'raw_postgres' for task execution.
[2025-11-19T12:22:24.828+0000] {sql.py:457} INFO - Running statement: 
            INSERT INTO raw.cbr_daily_rates
                (rate_date, val_id, num_code, char_code, nominal, name, value)
            VALUES (%s, %s, %s, %s, %s, %s, %s)
            ON CONFLICT (rate_date, char_code) DO UPDATE
              SET val_id  = EXCLUDED.val_id,
                  num_code= EXCLUDED.num_code,
                  nominal= EXCLUDED.nominal,
                  name    = EXCLUDED.name,
                  value   = EXCLUDED.value,
                  load_ts = now();
        , parameters: (Date(2025, 9, 16), 'R01240', '818', 'EGP', 10, 'Египетских фунтов', 17.2422)
[2025-11-19T12:22:24.868+0000] {sql.py:466} INFO - Rows affected: 1
[2025-11-19T12:22:25.267+0000] {base.py:84} INFO - Using connection ID 'raw_postgres' for task execution.
[2025-11-19T12:22:25.421+0000] {sql.py:457} INFO - Running statement: 
            INSERT INTO raw.cbr_daily_rates
                (rate_date, val_id, num_code, char_code, nominal, name, value)
            VALUES (%s, %s, %s, %s, %s, %s, %s)
            ON CONFLICT (rate_date, char_code) DO UPDATE
              SET val_id  = EXCLUDED.val_id,
                  num_code= EXCLUDED.num_code,
                  nominal= EXCLUDED.nominal,
                  name    = EXCLUDED.name,
                  value   = EXCLUDED.value,
                  load_ts = now();
        , parameters: (Date(2025, 9, 16), 'R01270', '356', 'INR', 100, 'Индийских рупий', 94.1121)
[2025-11-19T12:22:25.468+0000] {sql.py:466} INFO - Rows affected: 1
[2025-11-19T12:22:25.604+0000] {base.py:84} INFO - Using connection ID 'raw_postgres' for task execution.
[2025-11-19T12:22:25.692+0000] {sql.py:457} INFO - Running statement: 
            INSERT INTO raw.cbr_daily_rates
                (rate_date, val_id, num_code, char_code, nominal, name, value)
            VALUES (%s, %s, %s, %s, %s, %s, %s)
            ON CONFLICT (rate_date, char_code) DO UPDATE
              SET val_id  = EXCLUDED.val_id,
                  num_code= EXCLUDED.num_code,
                  nominal= EXCLUDED.nominal,
                  name    = EXCLUDED.name,
                  value   = EXCLUDED.value,
                  load_ts = now();
        , parameters: (Date(2025, 9, 16), 'R01280', '360', 'IDR', 10000, 'Рупий', 50.6813)
[2025-11-19T12:22:25.707+0000] {sql.py:466} INFO - Rows affected: 1
[2025-11-19T12:22:25.910+0000] {base.py:84} INFO - Using connection ID 'raw_postgres' for task execution.
[2025-11-19T12:22:25.969+0000] {sql.py:457} INFO - Running statement: 
            INSERT INTO raw.cbr_daily_rates
                (rate_date, val_id, num_code, char_code, nominal, name, value)
            VALUES (%s, %s, %s, %s, %s, %s, %s)
            ON CONFLICT (rate_date, char_code) DO UPDATE
              SET val_id  = EXCLUDED.val_id,
                  num_code= EXCLUDED.num_code,
                  nominal= EXCLUDED.nominal,
                  name    = EXCLUDED.name,
                  value   = EXCLUDED.value,
                  load_ts = now();
        , parameters: (Date(2025, 9, 16), 'R01300', '364', 'IRR', 100000, 'Иранских риалов', 14.4164)
[2025-11-19T12:22:25.979+0000] {sql.py:466} INFO - Rows affected: 1
[2025-11-19T12:22:26.096+0000] {base.py:84} INFO - Using connection ID 'raw_postgres' for task execution.
[2025-11-19T12:22:26.163+0000] {sql.py:457} INFO - Running statement: 
            INSERT INTO raw.cbr_daily_rates
                (rate_date, val_id, num_code, char_code, nominal, name, value)
            VALUES (%s, %s, %s, %s, %s, %s, %s)
            ON CONFLICT (rate_date, char_code) DO UPDATE
              SET val_id  = EXCLUDED.val_id,
                  num_code= EXCLUDED.num_code,
                  nominal= EXCLUDED.nominal,
                  name    = EXCLUDED.name,
                  value   = EXCLUDED.value,
                  load_ts = now();
        , parameters: (Date(2025, 9, 16), 'R01335', '398', 'KZT', 100, 'Тенге', 15.3598)
[2025-11-19T12:22:26.169+0000] {sql.py:466} INFO - Rows affected: 1
[2025-11-19T12:22:26.236+0000] {base.py:84} INFO - Using connection ID 'raw_postgres' for task execution.
[2025-11-19T12:22:26.312+0000] {sql.py:457} INFO - Running statement: 
            INSERT INTO raw.cbr_daily_rates
                (rate_date, val_id, num_code, char_code, nominal, name, value)
            VALUES (%s, %s, %s, %s, %s, %s, %s)
            ON CONFLICT (rate_date, char_code) DO UPDATE
              SET val_id  = EXCLUDED.val_id,
                  num_code= EXCLUDED.num_code,
                  nominal= EXCLUDED.nominal,
                  name    = EXCLUDED.name,
                  value   = EXCLUDED.value,
                  load_ts = now();
        , parameters: (Date(2025, 9, 16), 'R01350', '124', 'CAD', 1, 'Канадский доллар', 59.9883)
[2025-11-19T12:22:26.321+0000] {sql.py:466} INFO - Rows affected: 1
[2025-11-19T12:22:26.429+0000] {base.py:84} INFO - Using connection ID 'raw_postgres' for task execution.
[2025-11-19T12:22:26.510+0000] {sql.py:457} INFO - Running statement: 
            INSERT INTO raw.cbr_daily_rates
                (rate_date, val_id, num_code, char_code, nominal, name, value)
            VALUES (%s, %s, %s, %s, %s, %s, %s)
            ON CONFLICT (rate_date, char_code) DO UPDATE
              SET val_id  = EXCLUDED.val_id,
                  num_code= EXCLUDED.num_code,
                  nominal= EXCLUDED.nominal,
                  name    = EXCLUDED.name,
                  value   = EXCLUDED.value,
                  load_ts = now();
        , parameters: (Date(2025, 9, 16), 'R01355', '634', 'QAR', 1, 'Катарский риал', 22.8219)
[2025-11-19T12:22:26.529+0000] {sql.py:466} INFO - Rows affected: 1
[2025-11-19T12:22:26.665+0000] {base.py:84} INFO - Using connection ID 'raw_postgres' for task execution.
[2025-11-19T12:22:26.815+0000] {sql.py:457} INFO - Running statement: 
            INSERT INTO raw.cbr_daily_rates
                (rate_date, val_id, num_code, char_code, nominal, name, value)
            VALUES (%s, %s, %s, %s, %s, %s, %s)
            ON CONFLICT (rate_date, char_code) DO UPDATE
              SET val_id  = EXCLUDED.val_id,
                  num_code= EXCLUDED.num_code,
                  nominal= EXCLUDED.nominal,
                  name    = EXCLUDED.name,
                  value   = EXCLUDED.value,
                  load_ts = now();
        , parameters: (Date(2025, 9, 16), 'R01370', '417', 'KGS', 100, 'Сомов', 94.9935)
[2025-11-19T12:22:26.828+0000] {sql.py:466} INFO - Rows affected: 1
[2025-11-19T12:22:26.998+0000] {base.py:84} INFO - Using connection ID 'raw_postgres' for task execution.
[2025-11-19T12:22:27.057+0000] {sql.py:457} INFO - Running statement: 
            INSERT INTO raw.cbr_daily_rates
                (rate_date, val_id, num_code, char_code, nominal, name, value)
            VALUES (%s, %s, %s, %s, %s, %s, %s)
            ON CONFLICT (rate_date, char_code) DO UPDATE
              SET val_id  = EXCLUDED.val_id,
                  num_code= EXCLUDED.num_code,
                  nominal= EXCLUDED.nominal,
                  name    = EXCLUDED.name,
                  value   = EXCLUDED.value,
                  load_ts = now();
        , parameters: (Date(2025, 9, 16), 'R01375', '156', 'CNY', 1, 'Юань', 11.5949)
[2025-11-19T12:22:27.071+0000] {sql.py:466} INFO - Rows affected: 1
[2025-11-19T12:22:27.257+0000] {base.py:84} INFO - Using connection ID 'raw_postgres' for task execution.
[2025-11-19T12:22:27.367+0000] {sql.py:457} INFO - Running statement: 
            INSERT INTO raw.cbr_daily_rates
                (rate_date, val_id, num_code, char_code, nominal, name, value)
            VALUES (%s, %s, %s, %s, %s, %s, %s)
            ON CONFLICT (rate_date, char_code) DO UPDATE
              SET val_id  = EXCLUDED.val_id,
                  num_code= EXCLUDED.num_code,
                  nominal= EXCLUDED.nominal,
                  name    = EXCLUDED.name,
                  value   = EXCLUDED.value,
                  load_ts = now();
        , parameters: (Date(2025, 9, 16), 'R01395', '192', 'CUP', 10, 'Кубинских песо', 34.6133)
[2025-11-19T12:22:27.400+0000] {sql.py:466} INFO - Rows affected: 1
[2025-11-19T12:22:27.530+0000] {base.py:84} INFO - Using connection ID 'raw_postgres' for task execution.
[2025-11-19T12:22:27.585+0000] {sql.py:457} INFO - Running statement: 
            INSERT INTO raw.cbr_daily_rates
                (rate_date, val_id, num_code, char_code, nominal, name, value)
            VALUES (%s, %s, %s, %s, %s, %s, %s)
            ON CONFLICT (rate_date, char_code) DO UPDATE
              SET val_id  = EXCLUDED.val_id,
                  num_code= EXCLUDED.num_code,
                  nominal= EXCLUDED.nominal,
                  name    = EXCLUDED.name,
                  value   = EXCLUDED.value,
                  load_ts = now();
        , parameters: (Date(2025, 9, 16), 'R01500', '498', 'MDL', 10, 'Молдавских леев', 50.0798)
[2025-11-19T12:22:27.595+0000] {sql.py:466} INFO - Rows affected: 1
[2025-11-19T12:22:27.679+0000] {base.py:84} INFO - Using connection ID 'raw_postgres' for task execution.
[2025-11-19T12:22:27.730+0000] {sql.py:457} INFO - Running statement: 
            INSERT INTO raw.cbr_daily_rates
                (rate_date, val_id, num_code, char_code, nominal, name, value)
            VALUES (%s, %s, %s, %s, %s, %s, %s)
            ON CONFLICT (rate_date, char_code) DO UPDATE
              SET val_id  = EXCLUDED.val_id,
                  num_code= EXCLUDED.num_code,
                  nominal= EXCLUDED.nominal,
                  name    = EXCLUDED.name,
                  value   = EXCLUDED.value,
                  load_ts = now();
        , parameters: (Date(2025, 9, 16), 'R01503', '496', 'MNT', 1000, 'Тугриков', 23.1109)
[2025-11-19T12:22:27.734+0000] {sql.py:466} INFO - Rows affected: 1
[2025-11-19T12:22:27.831+0000] {base.py:84} INFO - Using connection ID 'raw_postgres' for task execution.
[2025-11-19T12:22:27.919+0000] {sql.py:457} INFO - Running statement: 
            INSERT INTO raw.cbr_daily_rates
                (rate_date, val_id, num_code, char_code, nominal, name, value)
            VALUES (%s, %s, %s, %s, %s, %s, %s)
            ON CONFLICT (rate_date, char_code) DO UPDATE
              SET val_id  = EXCLUDED.val_id,
                  num_code= EXCLUDED.num_code,
                  nominal= EXCLUDED.nominal,
                  name    = EXCLUDED.name,
                  value   = EXCLUDED.value,
                  load_ts = now();
        , parameters: (Date(2025, 9, 16), 'R01520', '566', 'NGN', 1000, 'Найр', 55.3259)
[2025-11-19T12:22:27.946+0000] {sql.py:466} INFO - Rows affected: 1
[2025-11-19T12:22:28.029+0000] {base.py:84} INFO - Using connection ID 'raw_postgres' for task execution.
[2025-11-19T12:22:28.078+0000] {sql.py:457} INFO - Running statement: 
            INSERT INTO raw.cbr_daily_rates
                (rate_date, val_id, num_code, char_code, nominal, name, value)
            VALUES (%s, %s, %s, %s, %s, %s, %s)
            ON CONFLICT (rate_date, char_code) DO UPDATE
              SET val_id  = EXCLUDED.val_id,
                  num_code= EXCLUDED.num_code,
                  nominal= EXCLUDED.nominal,
                  name    = EXCLUDED.name,
                  value   = EXCLUDED.value,
                  load_ts = now();
        , parameters: (Date(2025, 9, 16), 'R01530', '554', 'NZD', 1, 'Новозеландский доллар', 49.5233)
[2025-11-19T12:22:28.095+0000] {sql.py:466} INFO - Rows affected: 1
[2025-11-19T12:22:28.169+0000] {base.py:84} INFO - Using connection ID 'raw_postgres' for task execution.
[2025-11-19T12:22:28.212+0000] {sql.py:457} INFO - Running statement: 
            INSERT INTO raw.cbr_daily_rates
                (rate_date, val_id, num_code, char_code, nominal, name, value)
            VALUES (%s, %s, %s, %s, %s, %s, %s)
            ON CONFLICT (rate_date, char_code) DO UPDATE
              SET val_id  = EXCLUDED.val_id,
                  num_code= EXCLUDED.num_code,
                  nominal= EXCLUDED.nominal,
                  name    = EXCLUDED.name,
                  value   = EXCLUDED.value,
                  load_ts = now();
        , parameters: (Date(2025, 9, 16), 'R01535', '578', 'NOK', 10, 'Норвежских крон', 84.0289)
[2025-11-19T12:22:28.224+0000] {sql.py:466} INFO - Rows affected: 1
[2025-11-19T12:22:28.304+0000] {base.py:84} INFO - Using connection ID 'raw_postgres' for task execution.
[2025-11-19T12:22:28.375+0000] {sql.py:457} INFO - Running statement: 
            INSERT INTO raw.cbr_daily_rates
                (rate_date, val_id, num_code, char_code, nominal, name, value)
            VALUES (%s, %s, %s, %s, %s, %s, %s)
            ON CONFLICT (rate_date, char_code) DO UPDATE
              SET val_id  = EXCLUDED.val_id,
                  num_code= EXCLUDED.num_code,
                  nominal= EXCLUDED.nominal,
                  name    = EXCLUDED.name,
                  value   = EXCLUDED.value,
                  load_ts = now();
        , parameters: (Date(2025, 9, 16), 'R01540', '512', 'OMR', 1, 'Оманский риал', 216.0515)
[2025-11-19T12:22:28.379+0000] {sql.py:466} INFO - Rows affected: 1
[2025-11-19T12:22:28.444+0000] {base.py:84} INFO - Using connection ID 'raw_postgres' for task execution.
[2025-11-19T12:22:28.484+0000] {sql.py:457} INFO - Running statement: 
            INSERT INTO raw.cbr_daily_rates
                (rate_date, val_id, num_code, char_code, nominal, name, value)
            VALUES (%s, %s, %s, %s, %s, %s, %s)
            ON CONFLICT (rate_date, char_code) DO UPDATE
              SET val_id  = EXCLUDED.val_id,
                  num_code= EXCLUDED.num_code,
                  nominal= EXCLUDED.nominal,
                  name    = EXCLUDED.name,
                  value   = EXCLUDED.value,
                  load_ts = now();
        , parameters: (Date(2025, 9, 16), 'R01565', '985', 'PLN', 1, 'Злотый', 22.9556)
[2025-11-19T12:22:28.492+0000] {sql.py:466} INFO - Rows affected: 1
[2025-11-19T12:22:28.595+0000] {base.py:84} INFO - Using connection ID 'raw_postgres' for task execution.
[2025-11-19T12:22:28.661+0000] {sql.py:457} INFO - Running statement: 
            INSERT INTO raw.cbr_daily_rates
                (rate_date, val_id, num_code, char_code, nominal, name, value)
            VALUES (%s, %s, %s, %s, %s, %s, %s)
            ON CONFLICT (rate_date, char_code) DO UPDATE
              SET val_id  = EXCLUDED.val_id,
                  num_code= EXCLUDED.num_code,
                  nominal= EXCLUDED.nominal,
                  name    = EXCLUDED.name,
                  value   = EXCLUDED.value,
                  load_ts = now();
        , parameters: (Date(2025, 9, 16), 'R01580', '682', 'SAR', 1, 'Саудовский риял', 22.1525)
[2025-11-19T12:22:28.665+0000] {sql.py:466} INFO - Rows affected: 1
[2025-11-19T12:22:28.806+0000] {base.py:84} INFO - Using connection ID 'raw_postgres' for task execution.
[2025-11-19T12:22:28.844+0000] {sql.py:457} INFO - Running statement: 
            INSERT INTO raw.cbr_daily_rates
                (rate_date, val_id, num_code, char_code, nominal, name, value)
            VALUES (%s, %s, %s, %s, %s, %s, %s)
            ON CONFLICT (rate_date, char_code) DO UPDATE
              SET val_id  = EXCLUDED.val_id,
                  num_code= EXCLUDED.num_code,
                  nominal= EXCLUDED.nominal,
                  name    = EXCLUDED.name,
                  value   = EXCLUDED.value,
                  load_ts = now();
        , parameters: (Date(2025, 9, 16), 'R01585F', '946', 'RON', 1, 'Румынский лей', 19.2724)
[2025-11-19T12:22:28.847+0000] {sql.py:466} INFO - Rows affected: 1
[2025-11-19T12:22:28.919+0000] {base.py:84} INFO - Using connection ID 'raw_postgres' for task execution.
[2025-11-19T12:22:29.051+0000] {sql.py:457} INFO - Running statement: 
            INSERT INTO raw.cbr_daily_rates
                (rate_date, val_id, num_code, char_code, nominal, name, value)
            VALUES (%s, %s, %s, %s, %s, %s, %s)
            ON CONFLICT (rate_date, char_code) DO UPDATE
              SET val_id  = EXCLUDED.val_id,
                  num_code= EXCLUDED.num_code,
                  nominal= EXCLUDED.nominal,
                  name    = EXCLUDED.name,
                  value   = EXCLUDED.value,
                  load_ts = now();
        , parameters: (Date(2025, 9, 16), 'R01589', '960', 'XDR', 1, 'СДР (специальные права заимствования)', 113.9587)
[2025-11-19T12:22:29.077+0000] {sql.py:466} INFO - Rows affected: 1
[2025-11-19T12:22:29.230+0000] {base.py:84} INFO - Using connection ID 'raw_postgres' for task execution.
[2025-11-19T12:22:29.317+0000] {sql.py:457} INFO - Running statement: 
            INSERT INTO raw.cbr_daily_rates
                (rate_date, val_id, num_code, char_code, nominal, name, value)
            VALUES (%s, %s, %s, %s, %s, %s, %s)
            ON CONFLICT (rate_date, char_code) DO UPDATE
              SET val_id  = EXCLUDED.val_id,
                  num_code= EXCLUDED.num_code,
                  nominal= EXCLUDED.nominal,
                  name    = EXCLUDED.name,
                  value   = EXCLUDED.value,
                  load_ts = now();
        , parameters: (Date(2025, 9, 16), 'R01625', '702', 'SGD', 1, 'Сингапурский доллар', 64.8239)
[2025-11-19T12:22:29.322+0000] {sql.py:466} INFO - Rows affected: 1
[2025-11-19T12:22:29.431+0000] {base.py:84} INFO - Using connection ID 'raw_postgres' for task execution.
[2025-11-19T12:22:29.466+0000] {sql.py:457} INFO - Running statement: 
            INSERT INTO raw.cbr_daily_rates
                (rate_date, val_id, num_code, char_code, nominal, name, value)
            VALUES (%s, %s, %s, %s, %s, %s, %s)
            ON CONFLICT (rate_date, char_code) DO UPDATE
              SET val_id  = EXCLUDED.val_id,
                  num_code= EXCLUDED.num_code,
                  nominal= EXCLUDED.nominal,
                  name    = EXCLUDED.name,
                  value   = EXCLUDED.value,
                  load_ts = now();
        , parameters: (Date(2025, 9, 16), 'R01670', '972', 'TJS', 10, 'Сомони', 87.3089)
[2025-11-19T12:22:29.480+0000] {sql.py:466} INFO - Rows affected: 1
[2025-11-19T12:22:29.566+0000] {base.py:84} INFO - Using connection ID 'raw_postgres' for task execution.
[2025-11-19T12:22:29.637+0000] {sql.py:457} INFO - Running statement: 
            INSERT INTO raw.cbr_daily_rates
                (rate_date, val_id, num_code, char_code, nominal, name, value)
            VALUES (%s, %s, %s, %s, %s, %s, %s)
            ON CONFLICT (rate_date, char_code) DO UPDATE
              SET val_id  = EXCLUDED.val_id,
                  num_code= EXCLUDED.num_code,
                  nominal= EXCLUDED.nominal,
                  name    = EXCLUDED.name,
                  value   = EXCLUDED.value,
                  load_ts = now();
        , parameters: (Date(2025, 9, 16), 'R01675', '764', 'THB', 10, 'Батов', 26.0666)
[2025-11-19T12:22:29.674+0000] {sql.py:466} INFO - Rows affected: 1
[2025-11-19T12:22:29.838+0000] {base.py:84} INFO - Using connection ID 'raw_postgres' for task execution.
[2025-11-19T12:22:29.909+0000] {sql.py:457} INFO - Running statement: 
            INSERT INTO raw.cbr_daily_rates
                (rate_date, val_id, num_code, char_code, nominal, name, value)
            VALUES (%s, %s, %s, %s, %s, %s, %s)
            ON CONFLICT (rate_date, char_code) DO UPDATE
              SET val_id  = EXCLUDED.val_id,
                  num_code= EXCLUDED.num_code,
                  nominal= EXCLUDED.nominal,
                  name    = EXCLUDED.name,
                  value   = EXCLUDED.value,
                  load_ts = now();
        , parameters: (Date(2025, 9, 16), 'R01685', '050', 'BDT', 100, 'Так', 68.252)
[2025-11-19T12:22:29.920+0000] {sql.py:466} INFO - Rows affected: 1
[2025-11-19T12:22:30.012+0000] {base.py:84} INFO - Using connection ID 'raw_postgres' for task execution.
[2025-11-19T12:22:30.118+0000] {sql.py:457} INFO - Running statement: 
            INSERT INTO raw.cbr_daily_rates
                (rate_date, val_id, num_code, char_code, nominal, name, value)
            VALUES (%s, %s, %s, %s, %s, %s, %s)
            ON CONFLICT (rate_date, char_code) DO UPDATE
              SET val_id  = EXCLUDED.val_id,
                  num_code= EXCLUDED.num_code,
                  nominal= EXCLUDED.nominal,
                  name    = EXCLUDED.name,
                  value   = EXCLUDED.value,
                  load_ts = now();
        , parameters: (Date(2025, 9, 16), 'R01700J', '949', 'TRY', 10, 'Турецких лир', 20.1405)
[2025-11-19T12:22:30.127+0000] {sql.py:466} INFO - Rows affected: 1
[2025-11-19T12:22:30.211+0000] {base.py:84} INFO - Using connection ID 'raw_postgres' for task execution.
[2025-11-19T12:22:30.281+0000] {sql.py:457} INFO - Running statement: 
            INSERT INTO raw.cbr_daily_rates
                (rate_date, val_id, num_code, char_code, nominal, name, value)
            VALUES (%s, %s, %s, %s, %s, %s, %s)
            ON CONFLICT (rate_date, char_code) DO UPDATE
              SET val_id  = EXCLUDED.val_id,
                  num_code= EXCLUDED.num_code,
                  nominal= EXCLUDED.nominal,
                  name    = EXCLUDED.name,
                  value   = EXCLUDED.value,
                  load_ts = now();
        , parameters: (Date(2025, 9, 16), 'R01710A', '934', 'TMT', 1, 'Новый туркменский манат', 23.7348)
[2025-11-19T12:22:30.285+0000] {sql.py:466} INFO - Rows affected: 1
[2025-11-19T12:22:30.408+0000] {base.py:84} INFO - Using connection ID 'raw_postgres' for task execution.
[2025-11-19T12:22:30.535+0000] {sql.py:457} INFO - Running statement: 
            INSERT INTO raw.cbr_daily_rates
                (rate_date, val_id, num_code, char_code, nominal, name, value)
            VALUES (%s, %s, %s, %s, %s, %s, %s)
            ON CONFLICT (rate_date, char_code) DO UPDATE
              SET val_id  = EXCLUDED.val_id,
                  num_code= EXCLUDED.num_code,
                  nominal= EXCLUDED.nominal,
                  name    = EXCLUDED.name,
                  value   = EXCLUDED.value,
                  load_ts = now();
        , parameters: (Date(2025, 9, 16), 'R01717', '860', 'UZS', 10000, 'Узбекских сумов', 66.8487)
[2025-11-19T12:22:30.563+0000] {sql.py:466} INFO - Rows affected: 1
[2025-11-19T12:22:30.708+0000] {base.py:84} INFO - Using connection ID 'raw_postgres' for task execution.
[2025-11-19T12:22:30.747+0000] {sql.py:457} INFO - Running statement: 
            INSERT INTO raw.cbr_daily_rates
                (rate_date, val_id, num_code, char_code, nominal, name, value)
            VALUES (%s, %s, %s, %s, %s, %s, %s)
            ON CONFLICT (rate_date, char_code) DO UPDATE
              SET val_id  = EXCLUDED.val_id,
                  num_code= EXCLUDED.num_code,
                  nominal= EXCLUDED.nominal,
                  name    = EXCLUDED.name,
                  value   = EXCLUDED.value,
                  load_ts = now();
        , parameters: (Date(2025, 9, 16), 'R01720', '980', 'UAH', 10, 'Гривен', 20.1476)
[2025-11-19T12:22:30.751+0000] {sql.py:466} INFO - Rows affected: 1
[2025-11-19T12:22:30.815+0000] {base.py:84} INFO - Using connection ID 'raw_postgres' for task execution.
[2025-11-19T12:22:30.889+0000] {sql.py:457} INFO - Running statement: 
            INSERT INTO raw.cbr_daily_rates
                (rate_date, val_id, num_code, char_code, nominal, name, value)
            VALUES (%s, %s, %s, %s, %s, %s, %s)
            ON CONFLICT (rate_date, char_code) DO UPDATE
              SET val_id  = EXCLUDED.val_id,
                  num_code= EXCLUDED.num_code,
                  nominal= EXCLUDED.nominal,
                  name    = EXCLUDED.name,
                  value   = EXCLUDED.value,
                  load_ts = now();
        , parameters: (Date(2025, 9, 16), 'R01760', '203', 'CZK', 10, 'Чешских крон', 40.1837)
[2025-11-19T12:22:30.908+0000] {sql.py:466} INFO - Rows affected: 1
[2025-11-19T12:22:31.037+0000] {base.py:84} INFO - Using connection ID 'raw_postgres' for task execution.
[2025-11-19T12:22:31.132+0000] {sql.py:457} INFO - Running statement: 
            INSERT INTO raw.cbr_daily_rates
                (rate_date, val_id, num_code, char_code, nominal, name, value)
            VALUES (%s, %s, %s, %s, %s, %s, %s)
            ON CONFLICT (rate_date, char_code) DO UPDATE
              SET val_id  = EXCLUDED.val_id,
                  num_code= EXCLUDED.num_code,
                  nominal= EXCLUDED.nominal,
                  name    = EXCLUDED.name,
                  value   = EXCLUDED.value,
                  load_ts = now();
        , parameters: (Date(2025, 9, 16), 'R01770', '752', 'SEK', 10, 'Шведских крон', 88.9104)
[2025-11-19T12:22:31.167+0000] {sql.py:466} INFO - Rows affected: 1
[2025-11-19T12:22:31.232+0000] {base.py:84} INFO - Using connection ID 'raw_postgres' for task execution.
[2025-11-19T12:22:31.293+0000] {sql.py:457} INFO - Running statement: 
            INSERT INTO raw.cbr_daily_rates
                (rate_date, val_id, num_code, char_code, nominal, name, value)
            VALUES (%s, %s, %s, %s, %s, %s, %s)
            ON CONFLICT (rate_date, char_code) DO UPDATE
              SET val_id  = EXCLUDED.val_id,
                  num_code= EXCLUDED.num_code,
                  nominal= EXCLUDED.nominal,
                  name    = EXCLUDED.name,
                  value   = EXCLUDED.value,
                  load_ts = now();
        , parameters: (Date(2025, 9, 16), 'R01775', '756', 'CHF', 1, 'Швейцарский франк', 104.3484)
[2025-11-19T12:22:31.297+0000] {sql.py:466} INFO - Rows affected: 1
[2025-11-19T12:22:31.348+0000] {base.py:84} INFO - Using connection ID 'raw_postgres' for task execution.
[2025-11-19T12:22:31.394+0000] {sql.py:457} INFO - Running statement: 
            INSERT INTO raw.cbr_daily_rates
                (rate_date, val_id, num_code, char_code, nominal, name, value)
            VALUES (%s, %s, %s, %s, %s, %s, %s)
            ON CONFLICT (rate_date, char_code) DO UPDATE
              SET val_id  = EXCLUDED.val_id,
                  num_code= EXCLUDED.num_code,
                  nominal= EXCLUDED.nominal,
                  name    = EXCLUDED.name,
                  value   = EXCLUDED.value,
                  load_ts = now();
        , parameters: (Date(2025, 9, 16), 'R01800', '230', 'ETB', 100, 'Эфиопских быров', 57.7307)
[2025-11-19T12:22:31.397+0000] {sql.py:466} INFO - Rows affected: 1
[2025-11-19T12:22:31.457+0000] {base.py:84} INFO - Using connection ID 'raw_postgres' for task execution.
[2025-11-19T12:22:31.510+0000] {sql.py:457} INFO - Running statement: 
            INSERT INTO raw.cbr_daily_rates
                (rate_date, val_id, num_code, char_code, nominal, name, value)
            VALUES (%s, %s, %s, %s, %s, %s, %s)
            ON CONFLICT (rate_date, char_code) DO UPDATE
              SET val_id  = EXCLUDED.val_id,
                  num_code= EXCLUDED.num_code,
                  nominal= EXCLUDED.nominal,
                  name    = EXCLUDED.name,
                  value   = EXCLUDED.value,
                  load_ts = now();
        , parameters: (Date(2025, 9, 16), 'R01805F', '941', 'RSD', 100, 'Сербских динаров', 83.1962)
[2025-11-19T12:22:31.515+0000] {sql.py:466} INFO - Rows affected: 1
[2025-11-19T12:22:31.578+0000] {base.py:84} INFO - Using connection ID 'raw_postgres' for task execution.
[2025-11-19T12:22:31.623+0000] {sql.py:457} INFO - Running statement: 
            INSERT INTO raw.cbr_daily_rates
                (rate_date, val_id, num_code, char_code, nominal, name, value)
            VALUES (%s, %s, %s, %s, %s, %s, %s)
            ON CONFLICT (rate_date, char_code) DO UPDATE
              SET val_id  = EXCLUDED.val_id,
                  num_code= EXCLUDED.num_code,
                  nominal= EXCLUDED.nominal,
                  name    = EXCLUDED.name,
                  value   = EXCLUDED.value,
                  load_ts = now();
        , parameters: (Date(2025, 9, 16), 'R01810', '710', 'ZAR', 10, 'Рэндов', 47.8877)
[2025-11-19T12:22:31.627+0000] {sql.py:466} INFO - Rows affected: 1
[2025-11-19T12:22:31.696+0000] {base.py:84} INFO - Using connection ID 'raw_postgres' for task execution.
[2025-11-19T12:22:31.765+0000] {sql.py:457} INFO - Running statement: 
            INSERT INTO raw.cbr_daily_rates
                (rate_date, val_id, num_code, char_code, nominal, name, value)
            VALUES (%s, %s, %s, %s, %s, %s, %s)
            ON CONFLICT (rate_date, char_code) DO UPDATE
              SET val_id  = EXCLUDED.val_id,
                  num_code= EXCLUDED.num_code,
                  nominal= EXCLUDED.nominal,
                  name    = EXCLUDED.name,
                  value   = EXCLUDED.value,
                  load_ts = now();
        , parameters: (Date(2025, 9, 16), 'R01815', '410', 'KRW', 1000, 'Вон', 59.8198)
[2025-11-19T12:22:31.783+0000] {sql.py:466} INFO - Rows affected: 1
[2025-11-19T12:22:31.848+0000] {base.py:84} INFO - Using connection ID 'raw_postgres' for task execution.
[2025-11-19T12:22:31.916+0000] {sql.py:457} INFO - Running statement: 
            INSERT INTO raw.cbr_daily_rates
                (rate_date, val_id, num_code, char_code, nominal, name, value)
            VALUES (%s, %s, %s, %s, %s, %s, %s)
            ON CONFLICT (rate_date, char_code) DO UPDATE
              SET val_id  = EXCLUDED.val_id,
                  num_code= EXCLUDED.num_code,
                  nominal= EXCLUDED.nominal,
                  name    = EXCLUDED.name,
                  value   = EXCLUDED.value,
                  load_ts = now();
        , parameters: (Date(2025, 9, 16), 'R01820', '392', 'JPY', 100, 'Иен', 56.3925)
[2025-11-19T12:22:31.923+0000] {sql.py:466} INFO - Rows affected: 1
[2025-11-19T12:22:31.983+0000] {base.py:84} INFO - Using connection ID 'raw_postgres' for task execution.
[2025-11-19T12:22:32.018+0000] {sql.py:457} INFO - Running statement: 
            INSERT INTO raw.cbr_daily_rates
                (rate_date, val_id, num_code, char_code, nominal, name, value)
            VALUES (%s, %s, %s, %s, %s, %s, %s)
            ON CONFLICT (rate_date, char_code) DO UPDATE
              SET val_id  = EXCLUDED.val_id,
                  num_code= EXCLUDED.num_code,
                  nominal= EXCLUDED.nominal,
                  name    = EXCLUDED.name,
                  value   = EXCLUDED.value,
                  load_ts = now();
        , parameters: (Date(2025, 9, 16), 'R02005', '104', 'MMK', 1000, 'Кьятов', 39.558)
[2025-11-19T12:22:32.022+0000] {sql.py:466} INFO - Rows affected: 1
[2025-11-19T12:22:32.042+0000] {python.py:237} INFO - Done. Returned value was: 55
[2025-11-19T12:22:32.043+0000] {taskinstance.py:441} INFO - ::group::Post task execution logs
[2025-11-19T12:22:32.236+0000] {taskinstance.py:1205} INFO - Marking task as SUCCESS. dag_id=cbr_daily_to_raw, task_id=load_cbr_daily_for_date, execution_date=20250916T210000, start_date=20251119T122218, end_date=20251119T122232
[2025-11-19T12:22:32.329+0000] {local_task_job_runner.py:240} INFO - Task exited with return code 0
[2025-11-19T12:22:32.467+0000] {taskinstance.py:3482} INFO - 0 downstream tasks scheduled from follow-on schedule check
[2025-11-19T12:22:32.495+0000] {local_task_job_runner.py:222} INFO - ::endgroup::
