[2025-11-18T09:41:45.610+0000] {processor.py:161} INFO - Started process (PID=169) to work on /opt/airflow/dags/cbr_daily_to_raw.py
[2025-11-18T09:41:45.612+0000] {processor.py:830} INFO - Processing file /opt/airflow/dags/cbr_daily_to_raw.py for tasks to queue
[2025-11-18T09:41:45.615+0000] {logging_mixin.py:188} INFO - [2025-11-18T09:41:45.615+0000] {dagbag.py:540} INFO - Filling up the DagBag from /opt/airflow/dags/cbr_daily_to_raw.py
[2025-11-18T09:41:45.672+0000] {processor.py:840} INFO - DAG(s) 'cbr_daily_to_raw' retrieved from /opt/airflow/dags/cbr_daily_to_raw.py
[2025-11-18T09:41:46.134+0000] {logging_mixin.py:188} INFO - [2025-11-18T09:41:46.133+0000] {override.py:1829} INFO - Created Permission View: can delete on DAG:cbr_daily_to_raw
[2025-11-18T09:41:46.150+0000] {logging_mixin.py:188} INFO - [2025-11-18T09:41:46.150+0000] {override.py:1829} INFO - Created Permission View: can edit on DAG:cbr_daily_to_raw
[2025-11-18T09:41:46.161+0000] {logging_mixin.py:188} INFO - [2025-11-18T09:41:46.160+0000] {override.py:1829} INFO - Created Permission View: can read on DAG:cbr_daily_to_raw
[2025-11-18T09:41:46.162+0000] {logging_mixin.py:188} INFO - [2025-11-18T09:41:46.162+0000] {dag.py:3096} INFO - Sync 1 DAGs
[2025-11-18T09:41:46.180+0000] {logging_mixin.py:188} INFO - [2025-11-18T09:41:46.180+0000] {dag.py:3118} INFO - Creating ORM DAG for cbr_daily_to_raw
[2025-11-18T09:41:46.198+0000] {logging_mixin.py:188} INFO - [2025-11-18T09:41:46.197+0000] {dag.py:3954} INFO - Setting next_dagrun for cbr_daily_to_raw to 2025-05-17 21:00:00+00:00, run_after=2025-05-18 21:00:00+00:00
[2025-11-18T09:41:46.242+0000] {processor.py:183} INFO - Processing /opt/airflow/dags/cbr_daily_to_raw.py took 0.641 seconds
[2025-11-18T09:42:17.071+0000] {processor.py:161} INFO - Started process (PID=179) to work on /opt/airflow/dags/cbr_daily_to_raw.py
[2025-11-18T09:42:17.073+0000] {processor.py:830} INFO - Processing file /opt/airflow/dags/cbr_daily_to_raw.py for tasks to queue
[2025-11-18T09:42:17.075+0000] {logging_mixin.py:188} INFO - [2025-11-18T09:42:17.074+0000] {dagbag.py:540} INFO - Filling up the DagBag from /opt/airflow/dags/cbr_daily_to_raw.py
[2025-11-18T09:42:17.099+0000] {processor.py:840} INFO - DAG(s) 'cbr_daily_to_raw' retrieved from /opt/airflow/dags/cbr_daily_to_raw.py
[2025-11-18T09:42:17.134+0000] {logging_mixin.py:188} INFO - [2025-11-18T09:42:17.133+0000] {dag.py:3096} INFO - Sync 1 DAGs
[2025-11-18T09:42:17.165+0000] {logging_mixin.py:188} INFO - [2025-11-18T09:42:17.165+0000] {dag.py:3954} INFO - Setting next_dagrun for cbr_daily_to_raw to 2025-05-17 21:00:00+00:00, run_after=2025-05-18 21:00:00+00:00
[2025-11-18T09:42:17.188+0000] {processor.py:183} INFO - Processing /opt/airflow/dags/cbr_daily_to_raw.py took 0.124 seconds
[2025-11-18T09:42:47.611+0000] {processor.py:161} INFO - Started process (PID=189) to work on /opt/airflow/dags/cbr_daily_to_raw.py
[2025-11-18T09:42:47.613+0000] {processor.py:830} INFO - Processing file /opt/airflow/dags/cbr_daily_to_raw.py for tasks to queue
[2025-11-18T09:42:47.615+0000] {logging_mixin.py:188} INFO - [2025-11-18T09:42:47.614+0000] {dagbag.py:540} INFO - Filling up the DagBag from /opt/airflow/dags/cbr_daily_to_raw.py
[2025-11-18T09:42:47.641+0000] {processor.py:840} INFO - DAG(s) 'cbr_daily_to_raw' retrieved from /opt/airflow/dags/cbr_daily_to_raw.py
[2025-11-18T09:42:47.677+0000] {logging_mixin.py:188} INFO - [2025-11-18T09:42:47.676+0000] {dag.py:3096} INFO - Sync 1 DAGs
[2025-11-18T09:42:47.705+0000] {logging_mixin.py:188} INFO - [2025-11-18T09:42:47.704+0000] {dag.py:3954} INFO - Setting next_dagrun for cbr_daily_to_raw to 2025-05-17 21:00:00+00:00, run_after=2025-05-18 21:00:00+00:00
[2025-11-18T09:42:47.739+0000] {processor.py:183} INFO - Processing /opt/airflow/dags/cbr_daily_to_raw.py took 0.134 seconds
[2025-11-18T09:43:18.151+0000] {processor.py:161} INFO - Started process (PID=199) to work on /opt/airflow/dags/cbr_daily_to_raw.py
[2025-11-18T09:43:18.152+0000] {processor.py:830} INFO - Processing file /opt/airflow/dags/cbr_daily_to_raw.py for tasks to queue
[2025-11-18T09:43:18.154+0000] {logging_mixin.py:188} INFO - [2025-11-18T09:43:18.154+0000] {dagbag.py:540} INFO - Filling up the DagBag from /opt/airflow/dags/cbr_daily_to_raw.py
[2025-11-18T09:43:18.177+0000] {processor.py:840} INFO - DAG(s) 'cbr_daily_to_raw' retrieved from /opt/airflow/dags/cbr_daily_to_raw.py
[2025-11-18T09:43:18.209+0000] {logging_mixin.py:188} INFO - [2025-11-18T09:43:18.209+0000] {dag.py:3096} INFO - Sync 1 DAGs
[2025-11-18T09:43:18.236+0000] {logging_mixin.py:188} INFO - [2025-11-18T09:43:18.236+0000] {dag.py:3954} INFO - Setting next_dagrun for cbr_daily_to_raw to 2025-05-17 21:00:00+00:00, run_after=2025-05-18 21:00:00+00:00
[2025-11-18T09:43:18.267+0000] {processor.py:183} INFO - Processing /opt/airflow/dags/cbr_daily_to_raw.py took 0.123 seconds
[2025-11-18T09:43:48.745+0000] {processor.py:161} INFO - Started process (PID=209) to work on /opt/airflow/dags/cbr_daily_to_raw.py
[2025-11-18T09:43:48.746+0000] {processor.py:830} INFO - Processing file /opt/airflow/dags/cbr_daily_to_raw.py for tasks to queue
[2025-11-18T09:43:48.749+0000] {logging_mixin.py:188} INFO - [2025-11-18T09:43:48.748+0000] {dagbag.py:540} INFO - Filling up the DagBag from /opt/airflow/dags/cbr_daily_to_raw.py
[2025-11-18T09:43:48.775+0000] {processor.py:840} INFO - DAG(s) 'cbr_daily_to_raw' retrieved from /opt/airflow/dags/cbr_daily_to_raw.py
[2025-11-18T09:43:48.807+0000] {logging_mixin.py:188} INFO - [2025-11-18T09:43:48.807+0000] {dag.py:3096} INFO - Sync 1 DAGs
[2025-11-18T09:43:48.836+0000] {logging_mixin.py:188} INFO - [2025-11-18T09:43:48.836+0000] {dag.py:3954} INFO - Setting next_dagrun for cbr_daily_to_raw to 2025-05-17 21:00:00+00:00, run_after=2025-05-18 21:00:00+00:00
[2025-11-18T09:43:48.862+0000] {processor.py:183} INFO - Processing /opt/airflow/dags/cbr_daily_to_raw.py took 0.124 seconds
[2025-11-18T09:44:19.455+0000] {processor.py:161} INFO - Started process (PID=219) to work on /opt/airflow/dags/cbr_daily_to_raw.py
[2025-11-18T09:44:19.457+0000] {processor.py:830} INFO - Processing file /opt/airflow/dags/cbr_daily_to_raw.py for tasks to queue
[2025-11-18T09:44:19.460+0000] {logging_mixin.py:188} INFO - [2025-11-18T09:44:19.459+0000] {dagbag.py:540} INFO - Filling up the DagBag from /opt/airflow/dags/cbr_daily_to_raw.py
[2025-11-18T09:44:19.484+0000] {processor.py:840} INFO - DAG(s) 'cbr_daily_to_raw' retrieved from /opt/airflow/dags/cbr_daily_to_raw.py
[2025-11-18T09:44:19.523+0000] {logging_mixin.py:188} INFO - [2025-11-18T09:44:19.522+0000] {dag.py:3096} INFO - Sync 1 DAGs
[2025-11-18T09:44:19.552+0000] {logging_mixin.py:188} INFO - [2025-11-18T09:44:19.552+0000] {dag.py:3954} INFO - Setting next_dagrun for cbr_daily_to_raw to 2025-05-17 21:00:00+00:00, run_after=2025-05-18 21:00:00+00:00
[2025-11-18T09:44:19.589+0000] {processor.py:183} INFO - Processing /opt/airflow/dags/cbr_daily_to_raw.py took 0.141 seconds
[2025-11-18T09:44:49.999+0000] {processor.py:161} INFO - Started process (PID=229) to work on /opt/airflow/dags/cbr_daily_to_raw.py
[2025-11-18T09:44:50.003+0000] {processor.py:830} INFO - Processing file /opt/airflow/dags/cbr_daily_to_raw.py for tasks to queue
[2025-11-18T09:44:50.006+0000] {logging_mixin.py:188} INFO - [2025-11-18T09:44:50.006+0000] {dagbag.py:540} INFO - Filling up the DagBag from /opt/airflow/dags/cbr_daily_to_raw.py
[2025-11-18T09:44:50.051+0000] {processor.py:840} INFO - DAG(s) 'cbr_daily_to_raw' retrieved from /opt/airflow/dags/cbr_daily_to_raw.py
[2025-11-18T09:44:50.096+0000] {logging_mixin.py:188} INFO - [2025-11-18T09:44:50.096+0000] {dag.py:3096} INFO - Sync 1 DAGs
[2025-11-18T09:44:50.130+0000] {logging_mixin.py:188} INFO - [2025-11-18T09:44:50.129+0000] {dag.py:3954} INFO - Setting next_dagrun for cbr_daily_to_raw to 2025-05-17 21:00:00+00:00, run_after=2025-05-18 21:00:00+00:00
[2025-11-18T09:44:50.161+0000] {processor.py:183} INFO - Processing /opt/airflow/dags/cbr_daily_to_raw.py took 0.174 seconds
[2025-11-18T09:45:20.522+0000] {processor.py:161} INFO - Started process (PID=239) to work on /opt/airflow/dags/cbr_daily_to_raw.py
[2025-11-18T09:45:20.523+0000] {processor.py:830} INFO - Processing file /opt/airflow/dags/cbr_daily_to_raw.py for tasks to queue
[2025-11-18T09:45:20.525+0000] {logging_mixin.py:188} INFO - [2025-11-18T09:45:20.525+0000] {dagbag.py:540} INFO - Filling up the DagBag from /opt/airflow/dags/cbr_daily_to_raw.py
[2025-11-18T09:45:20.552+0000] {processor.py:840} INFO - DAG(s) 'cbr_daily_to_raw' retrieved from /opt/airflow/dags/cbr_daily_to_raw.py
[2025-11-18T09:45:20.591+0000] {logging_mixin.py:188} INFO - [2025-11-18T09:45:20.591+0000] {dag.py:3096} INFO - Sync 1 DAGs
[2025-11-18T09:45:20.621+0000] {logging_mixin.py:188} INFO - [2025-11-18T09:45:20.621+0000] {dag.py:3954} INFO - Setting next_dagrun for cbr_daily_to_raw to 2025-05-17 21:00:00+00:00, run_after=2025-05-18 21:00:00+00:00
[2025-11-18T09:45:20.652+0000] {processor.py:183} INFO - Processing /opt/airflow/dags/cbr_daily_to_raw.py took 0.136 seconds
[2025-11-18T09:45:50.909+0000] {processor.py:161} INFO - Started process (PID=249) to work on /opt/airflow/dags/cbr_daily_to_raw.py
[2025-11-18T09:45:50.910+0000] {processor.py:830} INFO - Processing file /opt/airflow/dags/cbr_daily_to_raw.py for tasks to queue
[2025-11-18T09:45:50.913+0000] {logging_mixin.py:188} INFO - [2025-11-18T09:45:50.912+0000] {dagbag.py:540} INFO - Filling up the DagBag from /opt/airflow/dags/cbr_daily_to_raw.py
[2025-11-18T09:45:50.939+0000] {processor.py:840} INFO - DAG(s) 'cbr_daily_to_raw' retrieved from /opt/airflow/dags/cbr_daily_to_raw.py
[2025-11-18T09:45:50.975+0000] {logging_mixin.py:188} INFO - [2025-11-18T09:45:50.974+0000] {dag.py:3096} INFO - Sync 1 DAGs
[2025-11-18T09:45:51.006+0000] {logging_mixin.py:188} INFO - [2025-11-18T09:45:51.006+0000] {dag.py:3954} INFO - Setting next_dagrun for cbr_daily_to_raw to 2025-05-17 21:00:00+00:00, run_after=2025-05-18 21:00:00+00:00
[2025-11-18T09:45:51.039+0000] {processor.py:183} INFO - Processing /opt/airflow/dags/cbr_daily_to_raw.py took 0.138 seconds
[2025-11-18T09:47:14.703+0000] {processor.py:161} INFO - Started process (PID=169) to work on /opt/airflow/dags/cbr_daily_to_raw.py
[2025-11-18T09:47:14.705+0000] {processor.py:830} INFO - Processing file /opt/airflow/dags/cbr_daily_to_raw.py for tasks to queue
[2025-11-18T09:47:14.709+0000] {logging_mixin.py:188} INFO - [2025-11-18T09:47:14.708+0000] {dagbag.py:540} INFO - Filling up the DagBag from /opt/airflow/dags/cbr_daily_to_raw.py
[2025-11-18T09:47:14.761+0000] {processor.py:840} INFO - DAG(s) 'cbr_daily_to_raw' retrieved from /opt/airflow/dags/cbr_daily_to_raw.py
[2025-11-18T09:47:15.350+0000] {logging_mixin.py:188} INFO - [2025-11-18T09:47:15.350+0000] {dag.py:3096} INFO - Sync 1 DAGs
[2025-11-18T09:47:15.385+0000] {logging_mixin.py:188} INFO - [2025-11-18T09:47:15.384+0000] {dag.py:3954} INFO - Setting next_dagrun for cbr_daily_to_raw to 2025-05-17 21:00:00+00:00, run_after=2025-05-18 21:00:00+00:00
[2025-11-18T09:47:15.438+0000] {processor.py:183} INFO - Processing /opt/airflow/dags/cbr_daily_to_raw.py took 0.745 seconds
[2025-11-18T09:47:45.898+0000] {processor.py:161} INFO - Started process (PID=179) to work on /opt/airflow/dags/cbr_daily_to_raw.py
[2025-11-18T09:47:45.899+0000] {processor.py:830} INFO - Processing file /opt/airflow/dags/cbr_daily_to_raw.py for tasks to queue
[2025-11-18T09:47:45.902+0000] {logging_mixin.py:188} INFO - [2025-11-18T09:47:45.901+0000] {dagbag.py:540} INFO - Filling up the DagBag from /opt/airflow/dags/cbr_daily_to_raw.py
[2025-11-18T09:47:45.928+0000] {processor.py:840} INFO - DAG(s) 'cbr_daily_to_raw' retrieved from /opt/airflow/dags/cbr_daily_to_raw.py
[2025-11-18T09:47:45.968+0000] {logging_mixin.py:188} INFO - [2025-11-18T09:47:45.968+0000] {dag.py:3096} INFO - Sync 1 DAGs
[2025-11-18T09:47:46.000+0000] {logging_mixin.py:188} INFO - [2025-11-18T09:47:46.000+0000] {dag.py:3954} INFO - Setting next_dagrun for cbr_daily_to_raw to 2025-05-17 21:00:00+00:00, run_after=2025-05-18 21:00:00+00:00
[2025-11-18T09:47:46.027+0000] {processor.py:183} INFO - Processing /opt/airflow/dags/cbr_daily_to_raw.py took 0.136 seconds
[2025-11-18T09:48:16.396+0000] {processor.py:161} INFO - Started process (PID=189) to work on /opt/airflow/dags/cbr_daily_to_raw.py
[2025-11-18T09:48:16.398+0000] {processor.py:830} INFO - Processing file /opt/airflow/dags/cbr_daily_to_raw.py for tasks to queue
[2025-11-18T09:48:16.402+0000] {logging_mixin.py:188} INFO - [2025-11-18T09:48:16.401+0000] {dagbag.py:540} INFO - Filling up the DagBag from /opt/airflow/dags/cbr_daily_to_raw.py
[2025-11-18T09:48:16.435+0000] {processor.py:840} INFO - DAG(s) 'cbr_daily_to_raw' retrieved from /opt/airflow/dags/cbr_daily_to_raw.py
[2025-11-18T09:48:16.519+0000] {logging_mixin.py:188} INFO - [2025-11-18T09:48:16.517+0000] {dag.py:3096} INFO - Sync 1 DAGs
[2025-11-18T09:48:16.567+0000] {logging_mixin.py:188} INFO - [2025-11-18T09:48:16.567+0000] {dag.py:3954} INFO - Setting next_dagrun for cbr_daily_to_raw to 2025-05-17 21:00:00+00:00, run_after=2025-05-18 21:00:00+00:00
[2025-11-18T09:48:16.605+0000] {processor.py:183} INFO - Processing /opt/airflow/dags/cbr_daily_to_raw.py took 0.221 seconds
[2025-11-18T09:48:46.824+0000] {processor.py:161} INFO - Started process (PID=199) to work on /opt/airflow/dags/cbr_daily_to_raw.py
[2025-11-18T09:48:46.825+0000] {processor.py:830} INFO - Processing file /opt/airflow/dags/cbr_daily_to_raw.py for tasks to queue
[2025-11-18T09:48:46.828+0000] {logging_mixin.py:188} INFO - [2025-11-18T09:48:46.828+0000] {dagbag.py:540} INFO - Filling up the DagBag from /opt/airflow/dags/cbr_daily_to_raw.py
[2025-11-18T09:48:46.865+0000] {processor.py:840} INFO - DAG(s) 'cbr_daily_to_raw' retrieved from /opt/airflow/dags/cbr_daily_to_raw.py
[2025-11-18T09:48:46.904+0000] {logging_mixin.py:188} INFO - [2025-11-18T09:48:46.904+0000] {dag.py:3096} INFO - Sync 1 DAGs
[2025-11-18T09:48:46.934+0000] {logging_mixin.py:188} INFO - [2025-11-18T09:48:46.934+0000] {dag.py:3954} INFO - Setting next_dagrun for cbr_daily_to_raw to 2025-05-17 21:00:00+00:00, run_after=2025-05-18 21:00:00+00:00
[2025-11-18T09:48:46.962+0000] {processor.py:183} INFO - Processing /opt/airflow/dags/cbr_daily_to_raw.py took 0.146 seconds
[2025-11-18T09:50:07.776+0000] {processor.py:161} INFO - Started process (PID=167) to work on /opt/airflow/dags/cbr_daily_to_raw.py
[2025-11-18T09:50:07.778+0000] {processor.py:830} INFO - Processing file /opt/airflow/dags/cbr_daily_to_raw.py for tasks to queue
[2025-11-18T09:50:07.782+0000] {logging_mixin.py:188} INFO - [2025-11-18T09:50:07.782+0000] {dagbag.py:540} INFO - Filling up the DagBag from /opt/airflow/dags/cbr_daily_to_raw.py
[2025-11-18T09:50:07.838+0000] {processor.py:840} INFO - DAG(s) 'cbr_daily_to_raw' retrieved from /opt/airflow/dags/cbr_daily_to_raw.py
[2025-11-18T09:50:08.331+0000] {logging_mixin.py:188} INFO - [2025-11-18T09:50:08.331+0000] {dag.py:3096} INFO - Sync 1 DAGs
[2025-11-18T09:50:08.375+0000] {logging_mixin.py:188} INFO - [2025-11-18T09:50:08.375+0000] {dag.py:3954} INFO - Setting next_dagrun for cbr_daily_to_raw to 2025-05-17 21:00:00+00:00, run_after=2025-05-18 21:00:00+00:00
[2025-11-18T09:50:08.425+0000] {processor.py:183} INFO - Processing /opt/airflow/dags/cbr_daily_to_raw.py took 0.661 seconds
[2025-11-18T09:50:38.835+0000] {processor.py:161} INFO - Started process (PID=177) to work on /opt/airflow/dags/cbr_daily_to_raw.py
[2025-11-18T09:50:38.836+0000] {processor.py:830} INFO - Processing file /opt/airflow/dags/cbr_daily_to_raw.py for tasks to queue
[2025-11-18T09:50:38.838+0000] {logging_mixin.py:188} INFO - [2025-11-18T09:50:38.838+0000] {dagbag.py:540} INFO - Filling up the DagBag from /opt/airflow/dags/cbr_daily_to_raw.py
[2025-11-18T09:50:38.868+0000] {processor.py:840} INFO - DAG(s) 'cbr_daily_to_raw' retrieved from /opt/airflow/dags/cbr_daily_to_raw.py
[2025-11-18T09:50:38.906+0000] {logging_mixin.py:188} INFO - [2025-11-18T09:50:38.906+0000] {dag.py:3096} INFO - Sync 1 DAGs
[2025-11-18T09:50:38.939+0000] {logging_mixin.py:188} INFO - [2025-11-18T09:50:38.939+0000] {dag.py:3954} INFO - Setting next_dagrun for cbr_daily_to_raw to 2025-05-17 21:00:00+00:00, run_after=2025-05-18 21:00:00+00:00
[2025-11-18T09:50:38.968+0000] {processor.py:183} INFO - Processing /opt/airflow/dags/cbr_daily_to_raw.py took 0.141 seconds
[2025-11-18T09:51:09.405+0000] {processor.py:161} INFO - Started process (PID=219) to work on /opt/airflow/dags/cbr_daily_to_raw.py
[2025-11-18T09:51:09.407+0000] {processor.py:830} INFO - Processing file /opt/airflow/dags/cbr_daily_to_raw.py for tasks to queue
[2025-11-18T09:51:09.410+0000] {logging_mixin.py:188} INFO - [2025-11-18T09:51:09.409+0000] {dagbag.py:540} INFO - Filling up the DagBag from /opt/airflow/dags/cbr_daily_to_raw.py
[2025-11-18T09:51:09.447+0000] {processor.py:840} INFO - DAG(s) 'cbr_daily_to_raw' retrieved from /opt/airflow/dags/cbr_daily_to_raw.py
[2025-11-18T09:51:09.502+0000] {logging_mixin.py:188} INFO - [2025-11-18T09:51:09.501+0000] {dag.py:3096} INFO - Sync 1 DAGs
[2025-11-18T09:51:09.574+0000] {processor.py:183} INFO - Processing /opt/airflow/dags/cbr_daily_to_raw.py took 0.178 seconds
[2025-11-18T09:51:39.971+0000] {processor.py:161} INFO - Started process (PID=229) to work on /opt/airflow/dags/cbr_daily_to_raw.py
[2025-11-18T09:51:39.972+0000] {processor.py:830} INFO - Processing file /opt/airflow/dags/cbr_daily_to_raw.py for tasks to queue
[2025-11-18T09:51:39.975+0000] {logging_mixin.py:188} INFO - [2025-11-18T09:51:39.974+0000] {dagbag.py:540} INFO - Filling up the DagBag from /opt/airflow/dags/cbr_daily_to_raw.py
[2025-11-18T09:51:40.005+0000] {processor.py:840} INFO - DAG(s) 'cbr_daily_to_raw' retrieved from /opt/airflow/dags/cbr_daily_to_raw.py
[2025-11-18T09:51:40.044+0000] {logging_mixin.py:188} INFO - [2025-11-18T09:51:40.044+0000] {dag.py:3096} INFO - Sync 1 DAGs
[2025-11-18T09:51:40.105+0000] {processor.py:183} INFO - Processing /opt/airflow/dags/cbr_daily_to_raw.py took 0.144 seconds
[2025-11-18T09:52:10.478+0000] {processor.py:161} INFO - Started process (PID=239) to work on /opt/airflow/dags/cbr_daily_to_raw.py
[2025-11-18T09:52:10.480+0000] {processor.py:830} INFO - Processing file /opt/airflow/dags/cbr_daily_to_raw.py for tasks to queue
[2025-11-18T09:52:10.482+0000] {logging_mixin.py:188} INFO - [2025-11-18T09:52:10.482+0000] {dagbag.py:540} INFO - Filling up the DagBag from /opt/airflow/dags/cbr_daily_to_raw.py
[2025-11-18T09:52:10.513+0000] {processor.py:840} INFO - DAG(s) 'cbr_daily_to_raw' retrieved from /opt/airflow/dags/cbr_daily_to_raw.py
[2025-11-18T09:52:10.556+0000] {logging_mixin.py:188} INFO - [2025-11-18T09:52:10.556+0000] {dag.py:3096} INFO - Sync 1 DAGs
[2025-11-18T09:52:10.616+0000] {processor.py:183} INFO - Processing /opt/airflow/dags/cbr_daily_to_raw.py took 0.146 seconds
[2025-11-18T09:52:41.038+0000] {processor.py:161} INFO - Started process (PID=249) to work on /opt/airflow/dags/cbr_daily_to_raw.py
[2025-11-18T09:52:41.040+0000] {processor.py:830} INFO - Processing file /opt/airflow/dags/cbr_daily_to_raw.py for tasks to queue
[2025-11-18T09:52:41.049+0000] {logging_mixin.py:188} INFO - [2025-11-18T09:52:41.048+0000] {dagbag.py:540} INFO - Filling up the DagBag from /opt/airflow/dags/cbr_daily_to_raw.py
[2025-11-18T09:52:41.086+0000] {processor.py:840} INFO - DAG(s) 'cbr_daily_to_raw' retrieved from /opt/airflow/dags/cbr_daily_to_raw.py
[2025-11-18T09:52:41.149+0000] {logging_mixin.py:188} INFO - [2025-11-18T09:52:41.148+0000] {dag.py:3096} INFO - Sync 1 DAGs
[2025-11-18T09:52:41.245+0000] {processor.py:183} INFO - Processing /opt/airflow/dags/cbr_daily_to_raw.py took 0.223 seconds
[2025-11-18T09:53:11.701+0000] {processor.py:161} INFO - Started process (PID=323) to work on /opt/airflow/dags/cbr_daily_to_raw.py
[2025-11-18T09:53:11.702+0000] {processor.py:830} INFO - Processing file /opt/airflow/dags/cbr_daily_to_raw.py for tasks to queue
[2025-11-18T09:53:11.705+0000] {logging_mixin.py:188} INFO - [2025-11-18T09:53:11.704+0000] {dagbag.py:540} INFO - Filling up the DagBag from /opt/airflow/dags/cbr_daily_to_raw.py
[2025-11-18T09:53:11.729+0000] {processor.py:840} INFO - DAG(s) 'cbr_daily_to_raw' retrieved from /opt/airflow/dags/cbr_daily_to_raw.py
[2025-11-18T09:53:11.768+0000] {logging_mixin.py:188} INFO - [2025-11-18T09:53:11.768+0000] {dag.py:3096} INFO - Sync 1 DAGs
[2025-11-18T09:53:11.825+0000] {processor.py:183} INFO - Processing /opt/airflow/dags/cbr_daily_to_raw.py took 0.132 seconds
[2025-11-18T09:53:42.344+0000] {processor.py:161} INFO - Started process (PID=333) to work on /opt/airflow/dags/cbr_daily_to_raw.py
[2025-11-18T09:53:42.347+0000] {processor.py:830} INFO - Processing file /opt/airflow/dags/cbr_daily_to_raw.py for tasks to queue
[2025-11-18T09:53:42.358+0000] {logging_mixin.py:188} INFO - [2025-11-18T09:53:42.353+0000] {dagbag.py:540} INFO - Filling up the DagBag from /opt/airflow/dags/cbr_daily_to_raw.py
[2025-11-18T09:53:42.427+0000] {processor.py:840} INFO - DAG(s) 'cbr_daily_to_raw' retrieved from /opt/airflow/dags/cbr_daily_to_raw.py
[2025-11-18T09:53:42.520+0000] {logging_mixin.py:188} INFO - [2025-11-18T09:53:42.519+0000] {dag.py:3096} INFO - Sync 1 DAGs
[2025-11-18T09:53:42.624+0000] {processor.py:183} INFO - Processing /opt/airflow/dags/cbr_daily_to_raw.py took 0.305 seconds
[2025-11-18T09:54:13.002+0000] {processor.py:161} INFO - Started process (PID=343) to work on /opt/airflow/dags/cbr_daily_to_raw.py
[2025-11-18T09:54:13.003+0000] {processor.py:830} INFO - Processing file /opt/airflow/dags/cbr_daily_to_raw.py for tasks to queue
[2025-11-18T09:54:13.005+0000] {logging_mixin.py:188} INFO - [2025-11-18T09:54:13.005+0000] {dagbag.py:540} INFO - Filling up the DagBag from /opt/airflow/dags/cbr_daily_to_raw.py
[2025-11-18T09:54:13.033+0000] {processor.py:840} INFO - DAG(s) 'cbr_daily_to_raw' retrieved from /opt/airflow/dags/cbr_daily_to_raw.py
[2025-11-18T09:54:13.069+0000] {logging_mixin.py:188} INFO - [2025-11-18T09:54:13.069+0000] {dag.py:3096} INFO - Sync 1 DAGs
[2025-11-18T09:54:13.123+0000] {processor.py:183} INFO - Processing /opt/airflow/dags/cbr_daily_to_raw.py took 0.130 seconds
[2025-11-18T09:59:00.718+0000] {processor.py:161} INFO - Started process (PID=163) to work on /opt/airflow/dags/cbr_daily_to_raw.py
[2025-11-18T09:59:00.742+0000] {processor.py:830} INFO - Processing file /opt/airflow/dags/cbr_daily_to_raw.py for tasks to queue
[2025-11-18T09:59:00.786+0000] {logging_mixin.py:188} INFO - [2025-11-18T09:59:00.785+0000] {dagbag.py:540} INFO - Filling up the DagBag from /opt/airflow/dags/cbr_daily_to_raw.py
[2025-11-18T09:59:01.121+0000] {processor.py:840} INFO - DAG(s) 'cbr_daily_to_raw' retrieved from /opt/airflow/dags/cbr_daily_to_raw.py
[2025-11-18T09:59:01.368+0000] {logging_mixin.py:188} INFO - [2025-11-18T09:59:01.367+0000] {dag.py:3096} INFO - Sync 1 DAGs
[2025-11-18T09:59:01.896+0000] {processor.py:183} INFO - Processing /opt/airflow/dags/cbr_daily_to_raw.py took 1.231 seconds
[2025-11-18T09:59:32.437+0000] {processor.py:161} INFO - Started process (PID=238) to work on /opt/airflow/dags/cbr_daily_to_raw.py
[2025-11-18T09:59:32.439+0000] {processor.py:830} INFO - Processing file /opt/airflow/dags/cbr_daily_to_raw.py for tasks to queue
[2025-11-18T09:59:32.441+0000] {logging_mixin.py:188} INFO - [2025-11-18T09:59:32.440+0000] {dagbag.py:540} INFO - Filling up the DagBag from /opt/airflow/dags/cbr_daily_to_raw.py
[2025-11-18T09:59:32.466+0000] {processor.py:840} INFO - DAG(s) 'cbr_daily_to_raw' retrieved from /opt/airflow/dags/cbr_daily_to_raw.py
[2025-11-18T09:59:32.765+0000] {logging_mixin.py:188} INFO - [2025-11-18T09:59:32.765+0000] {dag.py:3096} INFO - Sync 1 DAGs
[2025-11-18T09:59:32.819+0000] {processor.py:183} INFO - Processing /opt/airflow/dags/cbr_daily_to_raw.py took 0.390 seconds
[2025-11-18T10:00:03.231+0000] {processor.py:161} INFO - Started process (PID=248) to work on /opt/airflow/dags/cbr_daily_to_raw.py
[2025-11-18T10:00:03.233+0000] {processor.py:830} INFO - Processing file /opt/airflow/dags/cbr_daily_to_raw.py for tasks to queue
[2025-11-18T10:00:03.236+0000] {logging_mixin.py:188} INFO - [2025-11-18T10:00:03.235+0000] {dagbag.py:540} INFO - Filling up the DagBag from /opt/airflow/dags/cbr_daily_to_raw.py
[2025-11-18T10:00:03.266+0000] {processor.py:840} INFO - DAG(s) 'cbr_daily_to_raw' retrieved from /opt/airflow/dags/cbr_daily_to_raw.py
[2025-11-18T10:00:03.316+0000] {logging_mixin.py:188} INFO - [2025-11-18T10:00:03.315+0000] {dag.py:3096} INFO - Sync 1 DAGs
[2025-11-18T10:00:03.377+0000] {processor.py:183} INFO - Processing /opt/airflow/dags/cbr_daily_to_raw.py took 0.155 seconds
[2025-11-18T10:00:33.846+0000] {processor.py:161} INFO - Started process (PID=258) to work on /opt/airflow/dags/cbr_daily_to_raw.py
[2025-11-18T10:00:33.847+0000] {processor.py:830} INFO - Processing file /opt/airflow/dags/cbr_daily_to_raw.py for tasks to queue
[2025-11-18T10:00:33.850+0000] {logging_mixin.py:188} INFO - [2025-11-18T10:00:33.849+0000] {dagbag.py:540} INFO - Filling up the DagBag from /opt/airflow/dags/cbr_daily_to_raw.py
[2025-11-18T10:00:33.880+0000] {processor.py:840} INFO - DAG(s) 'cbr_daily_to_raw' retrieved from /opt/airflow/dags/cbr_daily_to_raw.py
[2025-11-18T10:00:33.916+0000] {logging_mixin.py:188} INFO - [2025-11-18T10:00:33.916+0000] {dag.py:3096} INFO - Sync 1 DAGs
[2025-11-18T10:00:33.976+0000] {processor.py:183} INFO - Processing /opt/airflow/dags/cbr_daily_to_raw.py took 0.136 seconds
[2025-11-18T10:01:04.392+0000] {processor.py:161} INFO - Started process (PID=268) to work on /opt/airflow/dags/cbr_daily_to_raw.py
[2025-11-18T10:01:04.398+0000] {processor.py:830} INFO - Processing file /opt/airflow/dags/cbr_daily_to_raw.py for tasks to queue
[2025-11-18T10:01:04.400+0000] {logging_mixin.py:188} INFO - [2025-11-18T10:01:04.400+0000] {dagbag.py:540} INFO - Filling up the DagBag from /opt/airflow/dags/cbr_daily_to_raw.py
[2025-11-18T10:01:04.426+0000] {processor.py:840} INFO - DAG(s) 'cbr_daily_to_raw' retrieved from /opt/airflow/dags/cbr_daily_to_raw.py
[2025-11-18T10:01:04.459+0000] {logging_mixin.py:188} INFO - [2025-11-18T10:01:04.459+0000] {dag.py:3096} INFO - Sync 1 DAGs
[2025-11-18T10:01:04.511+0000] {processor.py:183} INFO - Processing /opt/airflow/dags/cbr_daily_to_raw.py took 0.127 seconds
[2025-11-18T10:01:34.753+0000] {processor.py:161} INFO - Started process (PID=278) to work on /opt/airflow/dags/cbr_daily_to_raw.py
[2025-11-18T10:01:34.754+0000] {processor.py:830} INFO - Processing file /opt/airflow/dags/cbr_daily_to_raw.py for tasks to queue
[2025-11-18T10:01:34.756+0000] {logging_mixin.py:188} INFO - [2025-11-18T10:01:34.756+0000] {dagbag.py:540} INFO - Filling up the DagBag from /opt/airflow/dags/cbr_daily_to_raw.py
[2025-11-18T10:01:34.787+0000] {processor.py:840} INFO - DAG(s) 'cbr_daily_to_raw' retrieved from /opt/airflow/dags/cbr_daily_to_raw.py
[2025-11-18T10:01:34.833+0000] {logging_mixin.py:188} INFO - [2025-11-18T10:01:34.832+0000] {dag.py:3096} INFO - Sync 1 DAGs
[2025-11-18T10:01:34.899+0000] {processor.py:183} INFO - Processing /opt/airflow/dags/cbr_daily_to_raw.py took 0.153 seconds
[2025-11-18T10:02:05.197+0000] {processor.py:161} INFO - Started process (PID=288) to work on /opt/airflow/dags/cbr_daily_to_raw.py
[2025-11-18T10:02:05.198+0000] {processor.py:830} INFO - Processing file /opt/airflow/dags/cbr_daily_to_raw.py for tasks to queue
[2025-11-18T10:02:05.200+0000] {logging_mixin.py:188} INFO - [2025-11-18T10:02:05.200+0000] {dagbag.py:540} INFO - Filling up the DagBag from /opt/airflow/dags/cbr_daily_to_raw.py
[2025-11-18T10:02:05.231+0000] {processor.py:840} INFO - DAG(s) 'cbr_daily_to_raw' retrieved from /opt/airflow/dags/cbr_daily_to_raw.py
[2025-11-18T10:02:05.273+0000] {logging_mixin.py:188} INFO - [2025-11-18T10:02:05.273+0000] {dag.py:3096} INFO - Sync 1 DAGs
[2025-11-18T10:02:05.334+0000] {processor.py:183} INFO - Processing /opt/airflow/dags/cbr_daily_to_raw.py took 0.145 seconds
[2025-11-18T10:04:05.224+0000] {processor.py:161} INFO - Started process (PID=167) to work on /opt/airflow/dags/cbr_daily_to_raw.py
[2025-11-18T10:04:05.226+0000] {processor.py:830} INFO - Processing file /opt/airflow/dags/cbr_daily_to_raw.py for tasks to queue
[2025-11-18T10:04:05.230+0000] {logging_mixin.py:188} INFO - [2025-11-18T10:04:05.229+0000] {dagbag.py:540} INFO - Filling up the DagBag from /opt/airflow/dags/cbr_daily_to_raw.py
[2025-11-18T10:04:05.274+0000] {processor.py:840} INFO - DAG(s) 'cbr_daily_to_raw' retrieved from /opt/airflow/dags/cbr_daily_to_raw.py
[2025-11-18T10:04:05.530+0000] {logging_mixin.py:188} INFO - [2025-11-18T10:04:05.529+0000] {override.py:1829} INFO - Created Permission View: can read on DAG:cbr_daily_to_raw
[2025-11-18T10:04:05.548+0000] {logging_mixin.py:188} INFO - [2025-11-18T10:04:05.547+0000] {override.py:1829} INFO - Created Permission View: can delete on DAG:cbr_daily_to_raw
[2025-11-18T10:04:05.559+0000] {logging_mixin.py:188} INFO - [2025-11-18T10:04:05.559+0000] {override.py:1829} INFO - Created Permission View: can edit on DAG:cbr_daily_to_raw
[2025-11-18T10:04:05.561+0000] {logging_mixin.py:188} INFO - [2025-11-18T10:04:05.560+0000] {dag.py:3096} INFO - Sync 1 DAGs
[2025-11-18T10:04:05.580+0000] {logging_mixin.py:188} INFO - [2025-11-18T10:04:05.580+0000] {dag.py:3118} INFO - Creating ORM DAG for cbr_daily_to_raw
[2025-11-18T10:04:05.601+0000] {logging_mixin.py:188} INFO - [2025-11-18T10:04:05.600+0000] {dag.py:3954} INFO - Setting next_dagrun for cbr_daily_to_raw to 2025-05-17 21:00:00+00:00, run_after=2025-05-18 21:00:00+00:00
[2025-11-18T10:04:05.668+0000] {processor.py:183} INFO - Processing /opt/airflow/dags/cbr_daily_to_raw.py took 0.456 seconds
[2025-11-18T10:04:36.037+0000] {processor.py:161} INFO - Started process (PID=177) to work on /opt/airflow/dags/cbr_daily_to_raw.py
[2025-11-18T10:04:36.039+0000] {processor.py:830} INFO - Processing file /opt/airflow/dags/cbr_daily_to_raw.py for tasks to queue
[2025-11-18T10:04:36.042+0000] {logging_mixin.py:188} INFO - [2025-11-18T10:04:36.041+0000] {dagbag.py:540} INFO - Filling up the DagBag from /opt/airflow/dags/cbr_daily_to_raw.py
[2025-11-18T10:04:36.071+0000] {processor.py:840} INFO - DAG(s) 'cbr_daily_to_raw' retrieved from /opt/airflow/dags/cbr_daily_to_raw.py
[2025-11-18T10:04:36.111+0000] {logging_mixin.py:188} INFO - [2025-11-18T10:04:36.111+0000] {dag.py:3096} INFO - Sync 1 DAGs
[2025-11-18T10:04:36.145+0000] {logging_mixin.py:188} INFO - [2025-11-18T10:04:36.145+0000] {dag.py:3954} INFO - Setting next_dagrun for cbr_daily_to_raw to 2025-05-17 21:00:00+00:00, run_after=2025-05-18 21:00:00+00:00
[2025-11-18T10:04:36.171+0000] {processor.py:183} INFO - Processing /opt/airflow/dags/cbr_daily_to_raw.py took 0.142 seconds
[2025-11-18T10:05:06.595+0000] {processor.py:161} INFO - Started process (PID=187) to work on /opt/airflow/dags/cbr_daily_to_raw.py
[2025-11-18T10:05:06.597+0000] {processor.py:830} INFO - Processing file /opt/airflow/dags/cbr_daily_to_raw.py for tasks to queue
[2025-11-18T10:05:06.600+0000] {logging_mixin.py:188} INFO - [2025-11-18T10:05:06.600+0000] {dagbag.py:540} INFO - Filling up the DagBag from /opt/airflow/dags/cbr_daily_to_raw.py
[2025-11-18T10:05:06.629+0000] {processor.py:840} INFO - DAG(s) 'cbr_daily_to_raw' retrieved from /opt/airflow/dags/cbr_daily_to_raw.py
[2025-11-18T10:05:06.672+0000] {logging_mixin.py:188} INFO - [2025-11-18T10:05:06.672+0000] {dag.py:3096} INFO - Sync 1 DAGs
[2025-11-18T10:05:06.701+0000] {logging_mixin.py:188} INFO - [2025-11-18T10:05:06.701+0000] {dag.py:3954} INFO - Setting next_dagrun for cbr_daily_to_raw to 2025-05-17 21:00:00+00:00, run_after=2025-05-18 21:00:00+00:00
[2025-11-18T10:05:06.728+0000] {processor.py:183} INFO - Processing /opt/airflow/dags/cbr_daily_to_raw.py took 0.141 seconds
[2025-11-18T10:05:37.142+0000] {processor.py:161} INFO - Started process (PID=197) to work on /opt/airflow/dags/cbr_daily_to_raw.py
[2025-11-18T10:05:37.143+0000] {processor.py:830} INFO - Processing file /opt/airflow/dags/cbr_daily_to_raw.py for tasks to queue
[2025-11-18T10:05:37.146+0000] {logging_mixin.py:188} INFO - [2025-11-18T10:05:37.146+0000] {dagbag.py:540} INFO - Filling up the DagBag from /opt/airflow/dags/cbr_daily_to_raw.py
[2025-11-18T10:05:37.172+0000] {processor.py:840} INFO - DAG(s) 'cbr_daily_to_raw' retrieved from /opt/airflow/dags/cbr_daily_to_raw.py
[2025-11-18T10:05:37.213+0000] {logging_mixin.py:188} INFO - [2025-11-18T10:05:37.213+0000] {dag.py:3096} INFO - Sync 1 DAGs
[2025-11-18T10:05:37.279+0000] {processor.py:183} INFO - Processing /opt/airflow/dags/cbr_daily_to_raw.py took 0.145 seconds
[2025-11-18T10:06:07.696+0000] {processor.py:161} INFO - Started process (PID=207) to work on /opt/airflow/dags/cbr_daily_to_raw.py
[2025-11-18T10:06:07.697+0000] {processor.py:830} INFO - Processing file /opt/airflow/dags/cbr_daily_to_raw.py for tasks to queue
[2025-11-18T10:06:07.700+0000] {logging_mixin.py:188} INFO - [2025-11-18T10:06:07.699+0000] {dagbag.py:540} INFO - Filling up the DagBag from /opt/airflow/dags/cbr_daily_to_raw.py
[2025-11-18T10:06:07.726+0000] {processor.py:840} INFO - DAG(s) 'cbr_daily_to_raw' retrieved from /opt/airflow/dags/cbr_daily_to_raw.py
[2025-11-18T10:06:07.765+0000] {logging_mixin.py:188} INFO - [2025-11-18T10:06:07.765+0000] {dag.py:3096} INFO - Sync 1 DAGs
[2025-11-18T10:06:07.822+0000] {processor.py:183} INFO - Processing /opt/airflow/dags/cbr_daily_to_raw.py took 0.135 seconds
[2025-11-18T10:06:38.237+0000] {processor.py:161} INFO - Started process (PID=217) to work on /opt/airflow/dags/cbr_daily_to_raw.py
[2025-11-18T10:06:38.239+0000] {processor.py:830} INFO - Processing file /opt/airflow/dags/cbr_daily_to_raw.py for tasks to queue
[2025-11-18T10:06:38.242+0000] {logging_mixin.py:188} INFO - [2025-11-18T10:06:38.242+0000] {dagbag.py:540} INFO - Filling up the DagBag from /opt/airflow/dags/cbr_daily_to_raw.py
[2025-11-18T10:06:38.273+0000] {processor.py:840} INFO - DAG(s) 'cbr_daily_to_raw' retrieved from /opt/airflow/dags/cbr_daily_to_raw.py
[2025-11-18T10:06:38.316+0000] {logging_mixin.py:188} INFO - [2025-11-18T10:06:38.315+0000] {dag.py:3096} INFO - Sync 1 DAGs
[2025-11-18T10:06:38.387+0000] {processor.py:183} INFO - Processing /opt/airflow/dags/cbr_daily_to_raw.py took 0.158 seconds
[2025-11-18T10:07:08.767+0000] {processor.py:161} INFO - Started process (PID=227) to work on /opt/airflow/dags/cbr_daily_to_raw.py
[2025-11-18T10:07:08.768+0000] {processor.py:830} INFO - Processing file /opt/airflow/dags/cbr_daily_to_raw.py for tasks to queue
[2025-11-18T10:07:08.771+0000] {logging_mixin.py:188} INFO - [2025-11-18T10:07:08.770+0000] {dagbag.py:540} INFO - Filling up the DagBag from /opt/airflow/dags/cbr_daily_to_raw.py
[2025-11-18T10:07:08.802+0000] {processor.py:840} INFO - DAG(s) 'cbr_daily_to_raw' retrieved from /opt/airflow/dags/cbr_daily_to_raw.py
[2025-11-18T10:07:08.850+0000] {logging_mixin.py:188} INFO - [2025-11-18T10:07:08.849+0000] {dag.py:3096} INFO - Sync 1 DAGs
[2025-11-18T10:07:08.918+0000] {processor.py:183} INFO - Processing /opt/airflow/dags/cbr_daily_to_raw.py took 0.161 seconds
[2025-11-18T10:07:39.300+0000] {processor.py:161} INFO - Started process (PID=237) to work on /opt/airflow/dags/cbr_daily_to_raw.py
[2025-11-18T10:07:39.302+0000] {processor.py:830} INFO - Processing file /opt/airflow/dags/cbr_daily_to_raw.py for tasks to queue
[2025-11-18T10:07:39.308+0000] {logging_mixin.py:188} INFO - [2025-11-18T10:07:39.307+0000] {dagbag.py:540} INFO - Filling up the DagBag from /opt/airflow/dags/cbr_daily_to_raw.py
[2025-11-18T10:07:39.359+0000] {processor.py:840} INFO - DAG(s) 'cbr_daily_to_raw' retrieved from /opt/airflow/dags/cbr_daily_to_raw.py
[2025-11-18T10:07:39.442+0000] {logging_mixin.py:188} INFO - [2025-11-18T10:07:39.441+0000] {dag.py:3096} INFO - Sync 1 DAGs
[2025-11-18T10:07:39.544+0000] {processor.py:183} INFO - Processing /opt/airflow/dags/cbr_daily_to_raw.py took 0.259 seconds
[2025-11-18T10:08:09.974+0000] {processor.py:161} INFO - Started process (PID=247) to work on /opt/airflow/dags/cbr_daily_to_raw.py
[2025-11-18T10:08:09.976+0000] {processor.py:830} INFO - Processing file /opt/airflow/dags/cbr_daily_to_raw.py for tasks to queue
[2025-11-18T10:08:09.985+0000] {logging_mixin.py:188} INFO - [2025-11-18T10:08:09.984+0000] {dagbag.py:540} INFO - Filling up the DagBag from /opt/airflow/dags/cbr_daily_to_raw.py
[2025-11-18T10:08:10.075+0000] {processor.py:840} INFO - DAG(s) 'cbr_daily_to_raw' retrieved from /opt/airflow/dags/cbr_daily_to_raw.py
[2025-11-18T10:08:10.235+0000] {logging_mixin.py:188} INFO - [2025-11-18T10:08:10.235+0000] {dag.py:3096} INFO - Sync 1 DAGs
[2025-11-18T10:08:10.455+0000] {processor.py:183} INFO - Processing /opt/airflow/dags/cbr_daily_to_raw.py took 0.523 seconds
[2025-11-18T10:08:40.874+0000] {processor.py:161} INFO - Started process (PID=257) to work on /opt/airflow/dags/cbr_daily_to_raw.py
[2025-11-18T10:08:40.876+0000] {processor.py:830} INFO - Processing file /opt/airflow/dags/cbr_daily_to_raw.py for tasks to queue
[2025-11-18T10:08:40.882+0000] {logging_mixin.py:188} INFO - [2025-11-18T10:08:40.881+0000] {dagbag.py:540} INFO - Filling up the DagBag from /opt/airflow/dags/cbr_daily_to_raw.py
[2025-11-18T10:08:40.941+0000] {processor.py:840} INFO - DAG(s) 'cbr_daily_to_raw' retrieved from /opt/airflow/dags/cbr_daily_to_raw.py
[2025-11-18T10:08:41.029+0000] {logging_mixin.py:188} INFO - [2025-11-18T10:08:41.029+0000] {dag.py:3096} INFO - Sync 1 DAGs
[2025-11-18T10:08:41.139+0000] {processor.py:183} INFO - Processing /opt/airflow/dags/cbr_daily_to_raw.py took 0.295 seconds
[2025-11-18T10:09:11.624+0000] {processor.py:161} INFO - Started process (PID=267) to work on /opt/airflow/dags/cbr_daily_to_raw.py
[2025-11-18T10:09:11.626+0000] {processor.py:830} INFO - Processing file /opt/airflow/dags/cbr_daily_to_raw.py for tasks to queue
[2025-11-18T10:09:11.632+0000] {logging_mixin.py:188} INFO - [2025-11-18T10:09:11.631+0000] {dagbag.py:540} INFO - Filling up the DagBag from /opt/airflow/dags/cbr_daily_to_raw.py
[2025-11-18T10:09:11.707+0000] {processor.py:840} INFO - DAG(s) 'cbr_daily_to_raw' retrieved from /opt/airflow/dags/cbr_daily_to_raw.py
[2025-11-18T10:09:11.770+0000] {logging_mixin.py:188} INFO - [2025-11-18T10:09:11.769+0000] {dag.py:3096} INFO - Sync 1 DAGs
[2025-11-18T10:09:11.880+0000] {processor.py:183} INFO - Processing /opt/airflow/dags/cbr_daily_to_raw.py took 0.275 seconds
[2025-11-18T10:09:42.309+0000] {processor.py:161} INFO - Started process (PID=277) to work on /opt/airflow/dags/cbr_daily_to_raw.py
[2025-11-18T10:09:42.310+0000] {processor.py:830} INFO - Processing file /opt/airflow/dags/cbr_daily_to_raw.py for tasks to queue
[2025-11-18T10:09:42.314+0000] {logging_mixin.py:188} INFO - [2025-11-18T10:09:42.313+0000] {dagbag.py:540} INFO - Filling up the DagBag from /opt/airflow/dags/cbr_daily_to_raw.py
[2025-11-18T10:09:42.345+0000] {processor.py:840} INFO - DAG(s) 'cbr_daily_to_raw' retrieved from /opt/airflow/dags/cbr_daily_to_raw.py
[2025-11-18T10:09:42.399+0000] {logging_mixin.py:188} INFO - [2025-11-18T10:09:42.399+0000] {dag.py:3096} INFO - Sync 1 DAGs
[2025-11-18T10:09:42.477+0000] {processor.py:183} INFO - Processing /opt/airflow/dags/cbr_daily_to_raw.py took 0.181 seconds
[2025-11-18T10:10:12.949+0000] {processor.py:161} INFO - Started process (PID=284) to work on /opt/airflow/dags/cbr_daily_to_raw.py
[2025-11-18T10:10:12.951+0000] {processor.py:830} INFO - Processing file /opt/airflow/dags/cbr_daily_to_raw.py for tasks to queue
[2025-11-18T10:10:12.955+0000] {logging_mixin.py:188} INFO - [2025-11-18T10:10:12.954+0000] {dagbag.py:540} INFO - Filling up the DagBag from /opt/airflow/dags/cbr_daily_to_raw.py
[2025-11-18T10:10:13.024+0000] {processor.py:840} INFO - DAG(s) 'cbr_daily_to_raw' retrieved from /opt/airflow/dags/cbr_daily_to_raw.py
[2025-11-18T10:10:13.072+0000] {logging_mixin.py:188} INFO - [2025-11-18T10:10:13.072+0000] {dag.py:3096} INFO - Sync 1 DAGs
[2025-11-18T10:10:13.152+0000] {processor.py:183} INFO - Processing /opt/airflow/dags/cbr_daily_to_raw.py took 0.224 seconds
[2025-11-18T10:11:20.295+0000] {processor.py:161} INFO - Started process (PID=164) to work on /opt/airflow/dags/cbr_daily_to_raw.py
[2025-11-18T10:11:20.298+0000] {processor.py:830} INFO - Processing file /opt/airflow/dags/cbr_daily_to_raw.py for tasks to queue
[2025-11-18T10:11:20.305+0000] {logging_mixin.py:188} INFO - [2025-11-18T10:11:20.304+0000] {dagbag.py:540} INFO - Filling up the DagBag from /opt/airflow/dags/cbr_daily_to_raw.py
[2025-11-18T10:11:20.608+0000] {processor.py:840} INFO - DAG(s) 'cbr_daily_to_raw' retrieved from /opt/airflow/dags/cbr_daily_to_raw.py
[2025-11-18T10:11:21.680+0000] {logging_mixin.py:188} INFO - [2025-11-18T10:11:21.679+0000] {override.py:1829} INFO - Created Permission View: can delete on DAG:cbr_daily_to_raw
[2025-11-18T10:11:21.721+0000] {logging_mixin.py:188} INFO - [2025-11-18T10:11:21.720+0000] {override.py:1829} INFO - Created Permission View: can read on DAG:cbr_daily_to_raw
[2025-11-18T10:11:21.756+0000] {logging_mixin.py:188} INFO - [2025-11-18T10:11:21.755+0000] {override.py:1829} INFO - Created Permission View: can edit on DAG:cbr_daily_to_raw
[2025-11-18T10:11:21.758+0000] {logging_mixin.py:188} INFO - [2025-11-18T10:11:21.757+0000] {dag.py:3096} INFO - Sync 1 DAGs
[2025-11-18T10:11:21.801+0000] {logging_mixin.py:188} INFO - [2025-11-18T10:11:21.798+0000] {dag.py:3118} INFO - Creating ORM DAG for cbr_daily_to_raw
[2025-11-18T10:11:21.862+0000] {logging_mixin.py:188} INFO - [2025-11-18T10:11:21.861+0000] {dag.py:3954} INFO - Setting next_dagrun for cbr_daily_to_raw to 2025-05-17 21:00:00+00:00, run_after=2025-05-18 21:00:00+00:00
[2025-11-18T10:11:21.993+0000] {processor.py:183} INFO - Processing /opt/airflow/dags/cbr_daily_to_raw.py took 1.722 seconds
[2025-11-18T10:11:52.348+0000] {processor.py:161} INFO - Started process (PID=174) to work on /opt/airflow/dags/cbr_daily_to_raw.py
[2025-11-18T10:11:52.351+0000] {processor.py:830} INFO - Processing file /opt/airflow/dags/cbr_daily_to_raw.py for tasks to queue
[2025-11-18T10:11:52.354+0000] {logging_mixin.py:188} INFO - [2025-11-18T10:11:52.354+0000] {dagbag.py:540} INFO - Filling up the DagBag from /opt/airflow/dags/cbr_daily_to_raw.py
[2025-11-18T10:11:52.391+0000] {processor.py:840} INFO - DAG(s) 'cbr_daily_to_raw' retrieved from /opt/airflow/dags/cbr_daily_to_raw.py
[2025-11-18T10:11:52.446+0000] {logging_mixin.py:188} INFO - [2025-11-18T10:11:52.445+0000] {dag.py:3096} INFO - Sync 1 DAGs
[2025-11-18T10:11:52.491+0000] {logging_mixin.py:188} INFO - [2025-11-18T10:11:52.491+0000] {dag.py:3954} INFO - Setting next_dagrun for cbr_daily_to_raw to 2025-05-17 21:00:00+00:00, run_after=2025-05-18 21:00:00+00:00
[2025-11-18T10:11:52.526+0000] {processor.py:183} INFO - Processing /opt/airflow/dags/cbr_daily_to_raw.py took 0.188 seconds
[2025-11-18T10:12:23.017+0000] {processor.py:161} INFO - Started process (PID=216) to work on /opt/airflow/dags/cbr_daily_to_raw.py
[2025-11-18T10:12:23.019+0000] {processor.py:830} INFO - Processing file /opt/airflow/dags/cbr_daily_to_raw.py for tasks to queue
[2025-11-18T10:12:23.023+0000] {logging_mixin.py:188} INFO - [2025-11-18T10:12:23.023+0000] {dagbag.py:540} INFO - Filling up the DagBag from /opt/airflow/dags/cbr_daily_to_raw.py
[2025-11-18T10:12:23.077+0000] {processor.py:840} INFO - DAG(s) 'cbr_daily_to_raw' retrieved from /opt/airflow/dags/cbr_daily_to_raw.py
[2025-11-18T10:12:23.153+0000] {logging_mixin.py:188} INFO - [2025-11-18T10:12:23.152+0000] {dag.py:3096} INFO - Sync 1 DAGs
[2025-11-18T10:12:23.212+0000] {processor.py:183} INFO - Processing /opt/airflow/dags/cbr_daily_to_raw.py took 0.210 seconds
[2025-11-18T10:12:53.651+0000] {processor.py:161} INFO - Started process (PID=226) to work on /opt/airflow/dags/cbr_daily_to_raw.py
[2025-11-18T10:12:53.653+0000] {processor.py:830} INFO - Processing file /opt/airflow/dags/cbr_daily_to_raw.py for tasks to queue
[2025-11-18T10:12:53.657+0000] {logging_mixin.py:188} INFO - [2025-11-18T10:12:53.656+0000] {dagbag.py:540} INFO - Filling up the DagBag from /opt/airflow/dags/cbr_daily_to_raw.py
[2025-11-18T10:12:53.687+0000] {processor.py:840} INFO - DAG(s) 'cbr_daily_to_raw' retrieved from /opt/airflow/dags/cbr_daily_to_raw.py
[2025-11-18T10:12:53.725+0000] {logging_mixin.py:188} INFO - [2025-11-18T10:12:53.725+0000] {dag.py:3096} INFO - Sync 1 DAGs
[2025-11-18T10:12:53.779+0000] {processor.py:183} INFO - Processing /opt/airflow/dags/cbr_daily_to_raw.py took 0.136 seconds
[2025-11-18T10:14:03.043+0000] {processor.py:161} INFO - Started process (PID=165) to work on /opt/airflow/dags/cbr_daily_to_raw.py
[2025-11-18T10:14:03.044+0000] {processor.py:830} INFO - Processing file /opt/airflow/dags/cbr_daily_to_raw.py for tasks to queue
[2025-11-18T10:14:03.048+0000] {logging_mixin.py:188} INFO - [2025-11-18T10:14:03.048+0000] {dagbag.py:540} INFO - Filling up the DagBag from /opt/airflow/dags/cbr_daily_to_raw.py
[2025-11-18T10:14:03.097+0000] {processor.py:840} INFO - DAG(s) 'cbr_daily_to_raw' retrieved from /opt/airflow/dags/cbr_daily_to_raw.py
[2025-11-18T10:14:03.546+0000] {logging_mixin.py:188} INFO - [2025-11-18T10:14:03.545+0000] {override.py:1829} INFO - Created Permission View: can edit on DAG:cbr_daily_to_raw
[2025-11-18T10:14:03.563+0000] {logging_mixin.py:188} INFO - [2025-11-18T10:14:03.562+0000] {override.py:1829} INFO - Created Permission View: can read on DAG:cbr_daily_to_raw
[2025-11-18T10:14:03.574+0000] {logging_mixin.py:188} INFO - [2025-11-18T10:14:03.573+0000] {override.py:1829} INFO - Created Permission View: can delete on DAG:cbr_daily_to_raw
[2025-11-18T10:14:03.575+0000] {logging_mixin.py:188} INFO - [2025-11-18T10:14:03.575+0000] {dag.py:3096} INFO - Sync 1 DAGs
[2025-11-18T10:14:03.598+0000] {logging_mixin.py:188} INFO - [2025-11-18T10:14:03.597+0000] {dag.py:3118} INFO - Creating ORM DAG for cbr_daily_to_raw
[2025-11-18T10:14:03.621+0000] {logging_mixin.py:188} INFO - [2025-11-18T10:14:03.621+0000] {dag.py:3954} INFO - Setting next_dagrun for cbr_daily_to_raw to 2025-05-17 21:00:00+00:00, run_after=2025-05-18 21:00:00+00:00
[2025-11-18T10:14:03.668+0000] {processor.py:183} INFO - Processing /opt/airflow/dags/cbr_daily_to_raw.py took 0.638 seconds
[2025-11-18T10:14:34.044+0000] {processor.py:161} INFO - Started process (PID=175) to work on /opt/airflow/dags/cbr_daily_to_raw.py
[2025-11-18T10:14:34.045+0000] {processor.py:830} INFO - Processing file /opt/airflow/dags/cbr_daily_to_raw.py for tasks to queue
[2025-11-18T10:14:34.048+0000] {logging_mixin.py:188} INFO - [2025-11-18T10:14:34.048+0000] {dagbag.py:540} INFO - Filling up the DagBag from /opt/airflow/dags/cbr_daily_to_raw.py
[2025-11-18T10:14:34.079+0000] {processor.py:840} INFO - DAG(s) 'cbr_daily_to_raw' retrieved from /opt/airflow/dags/cbr_daily_to_raw.py
[2025-11-18T10:14:34.119+0000] {logging_mixin.py:188} INFO - [2025-11-18T10:14:34.119+0000] {dag.py:3096} INFO - Sync 1 DAGs
[2025-11-18T10:14:34.153+0000] {logging_mixin.py:188} INFO - [2025-11-18T10:14:34.153+0000] {dag.py:3954} INFO - Setting next_dagrun for cbr_daily_to_raw to 2025-05-17 21:00:00+00:00, run_after=2025-05-18 21:00:00+00:00
[2025-11-18T10:14:34.189+0000] {processor.py:183} INFO - Processing /opt/airflow/dags/cbr_daily_to_raw.py took 0.154 seconds
[2025-11-18T10:15:04.438+0000] {processor.py:161} INFO - Started process (PID=185) to work on /opt/airflow/dags/cbr_daily_to_raw.py
[2025-11-18T10:15:04.439+0000] {processor.py:830} INFO - Processing file /opt/airflow/dags/cbr_daily_to_raw.py for tasks to queue
[2025-11-18T10:15:04.442+0000] {logging_mixin.py:188} INFO - [2025-11-18T10:15:04.442+0000] {dagbag.py:540} INFO - Filling up the DagBag from /opt/airflow/dags/cbr_daily_to_raw.py
[2025-11-18T10:15:04.473+0000] {processor.py:840} INFO - DAG(s) 'cbr_daily_to_raw' retrieved from /opt/airflow/dags/cbr_daily_to_raw.py
[2025-11-18T10:15:04.518+0000] {logging_mixin.py:188} INFO - [2025-11-18T10:15:04.518+0000] {dag.py:3096} INFO - Sync 1 DAGs
[2025-11-18T10:15:04.579+0000] {processor.py:183} INFO - Processing /opt/airflow/dags/cbr_daily_to_raw.py took 0.152 seconds
[2025-11-18T10:15:34.996+0000] {processor.py:161} INFO - Started process (PID=195) to work on /opt/airflow/dags/cbr_daily_to_raw.py
[2025-11-18T10:15:34.998+0000] {processor.py:830} INFO - Processing file /opt/airflow/dags/cbr_daily_to_raw.py for tasks to queue
[2025-11-18T10:15:35.002+0000] {logging_mixin.py:188} INFO - [2025-11-18T10:15:35.001+0000] {dagbag.py:540} INFO - Filling up the DagBag from /opt/airflow/dags/cbr_daily_to_raw.py
[2025-11-18T10:15:35.047+0000] {processor.py:840} INFO - DAG(s) 'cbr_daily_to_raw' retrieved from /opt/airflow/dags/cbr_daily_to_raw.py
[2025-11-18T10:15:35.102+0000] {logging_mixin.py:188} INFO - [2025-11-18T10:15:35.102+0000] {dag.py:3096} INFO - Sync 1 DAGs
[2025-11-18T10:15:35.250+0000] {processor.py:183} INFO - Processing /opt/airflow/dags/cbr_daily_to_raw.py took 0.266 seconds
[2025-11-18T10:16:05.697+0000] {processor.py:161} INFO - Started process (PID=205) to work on /opt/airflow/dags/cbr_daily_to_raw.py
[2025-11-18T10:16:05.699+0000] {processor.py:830} INFO - Processing file /opt/airflow/dags/cbr_daily_to_raw.py for tasks to queue
[2025-11-18T10:16:05.701+0000] {logging_mixin.py:188} INFO - [2025-11-18T10:16:05.701+0000] {dagbag.py:540} INFO - Filling up the DagBag from /opt/airflow/dags/cbr_daily_to_raw.py
[2025-11-18T10:16:05.745+0000] {processor.py:840} INFO - DAG(s) 'cbr_daily_to_raw' retrieved from /opt/airflow/dags/cbr_daily_to_raw.py
[2025-11-18T10:16:05.814+0000] {logging_mixin.py:188} INFO - [2025-11-18T10:16:05.814+0000] {dag.py:3096} INFO - Sync 1 DAGs
[2025-11-18T10:16:05.874+0000] {processor.py:183} INFO - Processing /opt/airflow/dags/cbr_daily_to_raw.py took 0.187 seconds
[2025-11-18T10:16:36.076+0000] {processor.py:161} INFO - Started process (PID=215) to work on /opt/airflow/dags/cbr_daily_to_raw.py
[2025-11-18T10:16:36.077+0000] {processor.py:830} INFO - Processing file /opt/airflow/dags/cbr_daily_to_raw.py for tasks to queue
[2025-11-18T10:16:36.080+0000] {logging_mixin.py:188} INFO - [2025-11-18T10:16:36.079+0000] {dagbag.py:540} INFO - Filling up the DagBag from /opt/airflow/dags/cbr_daily_to_raw.py
[2025-11-18T10:16:36.137+0000] {processor.py:840} INFO - DAG(s) 'cbr_daily_to_raw' retrieved from /opt/airflow/dags/cbr_daily_to_raw.py
[2025-11-18T10:16:36.230+0000] {logging_mixin.py:188} INFO - [2025-11-18T10:16:36.229+0000] {dag.py:3096} INFO - Sync 1 DAGs
[2025-11-18T10:16:36.326+0000] {processor.py:183} INFO - Processing /opt/airflow/dags/cbr_daily_to_raw.py took 0.258 seconds
[2025-11-18T10:17:06.782+0000] {processor.py:161} INFO - Started process (PID=225) to work on /opt/airflow/dags/cbr_daily_to_raw.py
[2025-11-18T10:17:06.783+0000] {processor.py:830} INFO - Processing file /opt/airflow/dags/cbr_daily_to_raw.py for tasks to queue
[2025-11-18T10:17:06.790+0000] {logging_mixin.py:188} INFO - [2025-11-18T10:17:06.790+0000] {dagbag.py:540} INFO - Filling up the DagBag from /opt/airflow/dags/cbr_daily_to_raw.py
[2025-11-18T10:17:06.816+0000] {processor.py:840} INFO - DAG(s) 'cbr_daily_to_raw' retrieved from /opt/airflow/dags/cbr_daily_to_raw.py
[2025-11-18T10:17:06.849+0000] {logging_mixin.py:188} INFO - [2025-11-18T10:17:06.849+0000] {dag.py:3096} INFO - Sync 1 DAGs
[2025-11-18T10:17:06.906+0000] {processor.py:183} INFO - Processing /opt/airflow/dags/cbr_daily_to_raw.py took 0.133 seconds
[2025-11-18T10:17:37.362+0000] {processor.py:161} INFO - Started process (PID=235) to work on /opt/airflow/dags/cbr_daily_to_raw.py
[2025-11-18T10:17:37.363+0000] {processor.py:830} INFO - Processing file /opt/airflow/dags/cbr_daily_to_raw.py for tasks to queue
[2025-11-18T10:17:37.365+0000] {logging_mixin.py:188} INFO - [2025-11-18T10:17:37.365+0000] {dagbag.py:540} INFO - Filling up the DagBag from /opt/airflow/dags/cbr_daily_to_raw.py
[2025-11-18T10:17:37.391+0000] {processor.py:840} INFO - DAG(s) 'cbr_daily_to_raw' retrieved from /opt/airflow/dags/cbr_daily_to_raw.py
[2025-11-18T10:17:37.426+0000] {logging_mixin.py:188} INFO - [2025-11-18T10:17:37.426+0000] {dag.py:3096} INFO - Sync 1 DAGs
[2025-11-18T10:17:37.477+0000] {processor.py:183} INFO - Processing /opt/airflow/dags/cbr_daily_to_raw.py took 0.123 seconds
[2025-11-18T10:18:07.782+0000] {processor.py:161} INFO - Started process (PID=245) to work on /opt/airflow/dags/cbr_daily_to_raw.py
[2025-11-18T10:18:07.783+0000] {processor.py:830} INFO - Processing file /opt/airflow/dags/cbr_daily_to_raw.py for tasks to queue
[2025-11-18T10:18:07.785+0000] {logging_mixin.py:188} INFO - [2025-11-18T10:18:07.785+0000] {dagbag.py:540} INFO - Filling up the DagBag from /opt/airflow/dags/cbr_daily_to_raw.py
[2025-11-18T10:18:07.814+0000] {processor.py:840} INFO - DAG(s) 'cbr_daily_to_raw' retrieved from /opt/airflow/dags/cbr_daily_to_raw.py
[2025-11-18T10:18:07.854+0000] {logging_mixin.py:188} INFO - [2025-11-18T10:18:07.853+0000] {dag.py:3096} INFO - Sync 1 DAGs
[2025-11-18T10:18:07.908+0000] {processor.py:183} INFO - Processing /opt/airflow/dags/cbr_daily_to_raw.py took 0.134 seconds
[2025-11-18T10:18:38.230+0000] {processor.py:161} INFO - Started process (PID=255) to work on /opt/airflow/dags/cbr_daily_to_raw.py
[2025-11-18T10:18:38.231+0000] {processor.py:830} INFO - Processing file /opt/airflow/dags/cbr_daily_to_raw.py for tasks to queue
[2025-11-18T10:18:38.234+0000] {logging_mixin.py:188} INFO - [2025-11-18T10:18:38.233+0000] {dagbag.py:540} INFO - Filling up the DagBag from /opt/airflow/dags/cbr_daily_to_raw.py
[2025-11-18T10:18:38.263+0000] {processor.py:840} INFO - DAG(s) 'cbr_daily_to_raw' retrieved from /opt/airflow/dags/cbr_daily_to_raw.py
[2025-11-18T10:18:38.306+0000] {logging_mixin.py:188} INFO - [2025-11-18T10:18:38.306+0000] {dag.py:3096} INFO - Sync 1 DAGs
[2025-11-18T10:18:38.398+0000] {processor.py:183} INFO - Processing /opt/airflow/dags/cbr_daily_to_raw.py took 0.176 seconds
[2025-11-18T10:19:22.844+0000] {processor.py:161} INFO - Started process (PID=167) to work on /opt/airflow/dags/cbr_daily_to_raw.py
[2025-11-18T10:19:22.848+0000] {processor.py:830} INFO - Processing file /opt/airflow/dags/cbr_daily_to_raw.py for tasks to queue
[2025-11-18T10:19:22.853+0000] {logging_mixin.py:188} INFO - [2025-11-18T10:19:22.852+0000] {dagbag.py:540} INFO - Filling up the DagBag from /opt/airflow/dags/cbr_daily_to_raw.py
[2025-11-18T10:19:22.897+0000] {processor.py:840} INFO - DAG(s) 'cbr_daily_to_raw' retrieved from /opt/airflow/dags/cbr_daily_to_raw.py
[2025-11-18T10:19:22.978+0000] {logging_mixin.py:188} INFO - [2025-11-18T10:19:22.977+0000] {dag.py:3096} INFO - Sync 1 DAGs
[2025-11-18T10:19:23.054+0000] {processor.py:183} INFO - Processing /opt/airflow/dags/cbr_daily_to_raw.py took 0.227 seconds
[2025-11-18T10:19:53.449+0000] {processor.py:161} INFO - Started process (PID=177) to work on /opt/airflow/dags/cbr_daily_to_raw.py
[2025-11-18T10:19:53.449+0000] {processor.py:830} INFO - Processing file /opt/airflow/dags/cbr_daily_to_raw.py for tasks to queue
[2025-11-18T10:19:53.452+0000] {logging_mixin.py:188} INFO - [2025-11-18T10:19:53.451+0000] {dagbag.py:540} INFO - Filling up the DagBag from /opt/airflow/dags/cbr_daily_to_raw.py
[2025-11-18T10:19:53.474+0000] {processor.py:840} INFO - DAG(s) 'cbr_daily_to_raw' retrieved from /opt/airflow/dags/cbr_daily_to_raw.py
[2025-11-18T10:19:53.507+0000] {logging_mixin.py:188} INFO - [2025-11-18T10:19:53.506+0000] {dag.py:3096} INFO - Sync 1 DAGs
[2025-11-18T10:19:53.624+0000] {processor.py:183} INFO - Processing /opt/airflow/dags/cbr_daily_to_raw.py took 0.182 seconds
[2025-11-18T10:20:24.025+0000] {processor.py:161} INFO - Started process (PID=187) to work on /opt/airflow/dags/cbr_daily_to_raw.py
[2025-11-18T10:20:24.027+0000] {processor.py:830} INFO - Processing file /opt/airflow/dags/cbr_daily_to_raw.py for tasks to queue
[2025-11-18T10:20:24.030+0000] {logging_mixin.py:188} INFO - [2025-11-18T10:20:24.029+0000] {dagbag.py:540} INFO - Filling up the DagBag from /opt/airflow/dags/cbr_daily_to_raw.py
[2025-11-18T10:20:24.053+0000] {processor.py:840} INFO - DAG(s) 'cbr_daily_to_raw' retrieved from /opt/airflow/dags/cbr_daily_to_raw.py
[2025-11-18T10:20:24.087+0000] {logging_mixin.py:188} INFO - [2025-11-18T10:20:24.086+0000] {dag.py:3096} INFO - Sync 1 DAGs
[2025-11-18T10:20:24.149+0000] {processor.py:183} INFO - Processing /opt/airflow/dags/cbr_daily_to_raw.py took 0.131 seconds
[2025-11-18T10:20:54.570+0000] {processor.py:161} INFO - Started process (PID=197) to work on /opt/airflow/dags/cbr_daily_to_raw.py
[2025-11-18T10:20:54.572+0000] {processor.py:830} INFO - Processing file /opt/airflow/dags/cbr_daily_to_raw.py for tasks to queue
[2025-11-18T10:20:54.574+0000] {logging_mixin.py:188} INFO - [2025-11-18T10:20:54.574+0000] {dagbag.py:540} INFO - Filling up the DagBag from /opt/airflow/dags/cbr_daily_to_raw.py
[2025-11-18T10:20:54.604+0000] {processor.py:840} INFO - DAG(s) 'cbr_daily_to_raw' retrieved from /opt/airflow/dags/cbr_daily_to_raw.py
[2025-11-18T10:20:54.646+0000] {logging_mixin.py:188} INFO - [2025-11-18T10:20:54.646+0000] {dag.py:3096} INFO - Sync 1 DAGs
[2025-11-18T10:20:54.699+0000] {processor.py:183} INFO - Processing /opt/airflow/dags/cbr_daily_to_raw.py took 0.136 seconds
[2025-11-18T10:21:25.184+0000] {processor.py:161} INFO - Started process (PID=207) to work on /opt/airflow/dags/cbr_daily_to_raw.py
[2025-11-18T10:21:25.185+0000] {processor.py:830} INFO - Processing file /opt/airflow/dags/cbr_daily_to_raw.py for tasks to queue
[2025-11-18T10:21:25.187+0000] {logging_mixin.py:188} INFO - [2025-11-18T10:21:25.187+0000] {dagbag.py:540} INFO - Filling up the DagBag from /opt/airflow/dags/cbr_daily_to_raw.py
[2025-11-18T10:21:25.208+0000] {processor.py:840} INFO - DAG(s) 'cbr_daily_to_raw' retrieved from /opt/airflow/dags/cbr_daily_to_raw.py
[2025-11-18T10:21:25.244+0000] {logging_mixin.py:188} INFO - [2025-11-18T10:21:25.244+0000] {dag.py:3096} INFO - Sync 1 DAGs
[2025-11-18T10:21:25.295+0000] {processor.py:183} INFO - Processing /opt/airflow/dags/cbr_daily_to_raw.py took 0.117 seconds
[2025-11-18T10:21:55.739+0000] {processor.py:161} INFO - Started process (PID=217) to work on /opt/airflow/dags/cbr_daily_to_raw.py
[2025-11-18T10:21:55.741+0000] {processor.py:830} INFO - Processing file /opt/airflow/dags/cbr_daily_to_raw.py for tasks to queue
[2025-11-18T10:21:55.745+0000] {logging_mixin.py:188} INFO - [2025-11-18T10:21:55.744+0000] {dagbag.py:540} INFO - Filling up the DagBag from /opt/airflow/dags/cbr_daily_to_raw.py
[2025-11-18T10:21:55.776+0000] {processor.py:840} INFO - DAG(s) 'cbr_daily_to_raw' retrieved from /opt/airflow/dags/cbr_daily_to_raw.py
[2025-11-18T10:21:55.821+0000] {logging_mixin.py:188} INFO - [2025-11-18T10:21:55.821+0000] {dag.py:3096} INFO - Sync 1 DAGs
[2025-11-18T10:21:55.882+0000] {processor.py:183} INFO - Processing /opt/airflow/dags/cbr_daily_to_raw.py took 0.152 seconds
[2025-11-18T10:22:26.324+0000] {processor.py:161} INFO - Started process (PID=227) to work on /opt/airflow/dags/cbr_daily_to_raw.py
[2025-11-18T10:22:26.325+0000] {processor.py:830} INFO - Processing file /opt/airflow/dags/cbr_daily_to_raw.py for tasks to queue
[2025-11-18T10:22:26.327+0000] {logging_mixin.py:188} INFO - [2025-11-18T10:22:26.327+0000] {dagbag.py:540} INFO - Filling up the DagBag from /opt/airflow/dags/cbr_daily_to_raw.py
[2025-11-18T10:22:26.354+0000] {processor.py:840} INFO - DAG(s) 'cbr_daily_to_raw' retrieved from /opt/airflow/dags/cbr_daily_to_raw.py
[2025-11-18T10:22:26.395+0000] {logging_mixin.py:188} INFO - [2025-11-18T10:22:26.395+0000] {dag.py:3096} INFO - Sync 1 DAGs
[2025-11-18T10:22:26.481+0000] {processor.py:183} INFO - Processing /opt/airflow/dags/cbr_daily_to_raw.py took 0.165 seconds
[2025-11-18T10:22:56.846+0000] {processor.py:161} INFO - Started process (PID=237) to work on /opt/airflow/dags/cbr_daily_to_raw.py
[2025-11-18T10:22:56.847+0000] {processor.py:830} INFO - Processing file /opt/airflow/dags/cbr_daily_to_raw.py for tasks to queue
[2025-11-18T10:22:56.849+0000] {logging_mixin.py:188} INFO - [2025-11-18T10:22:56.849+0000] {dagbag.py:540} INFO - Filling up the DagBag from /opt/airflow/dags/cbr_daily_to_raw.py
[2025-11-18T10:22:56.877+0000] {processor.py:840} INFO - DAG(s) 'cbr_daily_to_raw' retrieved from /opt/airflow/dags/cbr_daily_to_raw.py
[2025-11-18T10:22:56.930+0000] {logging_mixin.py:188} INFO - [2025-11-18T10:22:56.930+0000] {dag.py:3096} INFO - Sync 1 DAGs
[2025-11-18T10:22:56.990+0000] {processor.py:183} INFO - Processing /opt/airflow/dags/cbr_daily_to_raw.py took 0.151 seconds
[2025-11-18T10:23:27.317+0000] {processor.py:161} INFO - Started process (PID=247) to work on /opt/airflow/dags/cbr_daily_to_raw.py
[2025-11-18T10:23:27.318+0000] {processor.py:830} INFO - Processing file /opt/airflow/dags/cbr_daily_to_raw.py for tasks to queue
[2025-11-18T10:23:27.321+0000] {logging_mixin.py:188} INFO - [2025-11-18T10:23:27.320+0000] {dagbag.py:540} INFO - Filling up the DagBag from /opt/airflow/dags/cbr_daily_to_raw.py
[2025-11-18T10:23:27.363+0000] {processor.py:840} INFO - DAG(s) 'cbr_daily_to_raw' retrieved from /opt/airflow/dags/cbr_daily_to_raw.py
[2025-11-18T10:23:27.411+0000] {logging_mixin.py:188} INFO - [2025-11-18T10:23:27.411+0000] {dag.py:3096} INFO - Sync 1 DAGs
[2025-11-18T10:23:27.488+0000] {processor.py:183} INFO - Processing /opt/airflow/dags/cbr_daily_to_raw.py took 0.180 seconds
[2025-11-18T10:23:57.797+0000] {processor.py:161} INFO - Started process (PID=257) to work on /opt/airflow/dags/cbr_daily_to_raw.py
[2025-11-18T10:23:57.798+0000] {processor.py:830} INFO - Processing file /opt/airflow/dags/cbr_daily_to_raw.py for tasks to queue
[2025-11-18T10:23:57.801+0000] {logging_mixin.py:188} INFO - [2025-11-18T10:23:57.800+0000] {dagbag.py:540} INFO - Filling up the DagBag from /opt/airflow/dags/cbr_daily_to_raw.py
[2025-11-18T10:23:57.838+0000] {processor.py:840} INFO - DAG(s) 'cbr_daily_to_raw' retrieved from /opt/airflow/dags/cbr_daily_to_raw.py
[2025-11-18T10:23:57.881+0000] {logging_mixin.py:188} INFO - [2025-11-18T10:23:57.880+0000] {dag.py:3096} INFO - Sync 1 DAGs
[2025-11-18T10:23:57.949+0000] {processor.py:183} INFO - Processing /opt/airflow/dags/cbr_daily_to_raw.py took 0.160 seconds
[2025-11-18T10:24:28.355+0000] {processor.py:161} INFO - Started process (PID=267) to work on /opt/airflow/dags/cbr_daily_to_raw.py
[2025-11-18T10:24:28.356+0000] {processor.py:830} INFO - Processing file /opt/airflow/dags/cbr_daily_to_raw.py for tasks to queue
[2025-11-18T10:24:28.359+0000] {logging_mixin.py:188} INFO - [2025-11-18T10:24:28.358+0000] {dagbag.py:540} INFO - Filling up the DagBag from /opt/airflow/dags/cbr_daily_to_raw.py
[2025-11-18T10:24:28.388+0000] {processor.py:840} INFO - DAG(s) 'cbr_daily_to_raw' retrieved from /opt/airflow/dags/cbr_daily_to_raw.py
[2025-11-18T10:24:28.435+0000] {logging_mixin.py:188} INFO - [2025-11-18T10:24:28.434+0000] {dag.py:3096} INFO - Sync 1 DAGs
[2025-11-18T10:24:28.500+0000] {processor.py:183} INFO - Processing /opt/airflow/dags/cbr_daily_to_raw.py took 0.154 seconds
[2025-11-18T10:24:58.874+0000] {processor.py:161} INFO - Started process (PID=277) to work on /opt/airflow/dags/cbr_daily_to_raw.py
[2025-11-18T10:24:58.875+0000] {processor.py:830} INFO - Processing file /opt/airflow/dags/cbr_daily_to_raw.py for tasks to queue
[2025-11-18T10:24:58.879+0000] {logging_mixin.py:188} INFO - [2025-11-18T10:24:58.878+0000] {dagbag.py:540} INFO - Filling up the DagBag from /opt/airflow/dags/cbr_daily_to_raw.py
[2025-11-18T10:24:58.910+0000] {processor.py:840} INFO - DAG(s) 'cbr_daily_to_raw' retrieved from /opt/airflow/dags/cbr_daily_to_raw.py
[2025-11-18T10:24:58.953+0000] {logging_mixin.py:188} INFO - [2025-11-18T10:24:58.953+0000] {dag.py:3096} INFO - Sync 1 DAGs
[2025-11-18T10:24:59.025+0000] {processor.py:183} INFO - Processing /opt/airflow/dags/cbr_daily_to_raw.py took 0.162 seconds
