[2025-11-18T09:41:45.364+0000] {processor.py:161} INFO - Started process (PID=164) to work on /opt/airflow/dags/init_connections.py
[2025-11-18T09:41:45.366+0000] {processor.py:830} INFO - Processing file /opt/airflow/dags/init_connections.py for tasks to queue
[2025-11-18T09:41:45.369+0000] {logging_mixin.py:188} INFO - [2025-11-18T09:41:45.369+0000] {dagbag.py:540} INFO - Filling up the DagBag from /opt/airflow/dags/init_connections.py
[2025-11-18T09:41:45.418+0000] {logging_mixin.py:188} INFO - [2025-11-18T09:41:45.410+0000] {dagbag.py:350} ERROR - Failed to import: /opt/airflow/dags/init_connections.py
Traceback (most recent call last):
  File "/home/airflow/.local/lib/python3.12/site-packages/airflow/models/dagbag.py", line 346, in parse
    loader.exec_module(new_module)
  File "<frozen importlib._bootstrap_external>", line 995, in exec_module
  File "<frozen importlib._bootstrap>", line 488, in _call_with_frames_removed
  File "/opt/airflow/dags/init_connections.py", line 4, in <module>
    from airflow.create_connections import main as create_connections_main
ModuleNotFoundError: No module named 'airflow.create_connections'
[2025-11-18T09:41:45.421+0000] {processor.py:842} WARNING - No viable dags retrieved from /opt/airflow/dags/init_connections.py
[2025-11-18T09:41:45.467+0000] {processor.py:183} INFO - Processing /opt/airflow/dags/init_connections.py took 0.114 seconds
[2025-11-18T09:42:16.064+0000] {processor.py:161} INFO - Started process (PID=174) to work on /opt/airflow/dags/init_connections.py
[2025-11-18T09:42:16.067+0000] {processor.py:830} INFO - Processing file /opt/airflow/dags/init_connections.py for tasks to queue
[2025-11-18T09:42:16.073+0000] {logging_mixin.py:188} INFO - [2025-11-18T09:42:16.072+0000] {dagbag.py:540} INFO - Filling up the DagBag from /opt/airflow/dags/init_connections.py
[2025-11-18T09:42:16.101+0000] {logging_mixin.py:188} INFO - [2025-11-18T09:42:16.097+0000] {dagbag.py:350} ERROR - Failed to import: /opt/airflow/dags/init_connections.py
Traceback (most recent call last):
  File "/home/airflow/.local/lib/python3.12/site-packages/airflow/models/dagbag.py", line 346, in parse
    loader.exec_module(new_module)
  File "<frozen importlib._bootstrap_external>", line 995, in exec_module
  File "<frozen importlib._bootstrap>", line 488, in _call_with_frames_removed
  File "/opt/airflow/dags/init_connections.py", line 4, in <module>
    from airflow.create_connections import main as create_connections_main
ModuleNotFoundError: No module named 'airflow.create_connections'
[2025-11-18T09:42:16.103+0000] {processor.py:842} WARNING - No viable dags retrieved from /opt/airflow/dags/init_connections.py
[2025-11-18T09:42:16.134+0000] {processor.py:183} INFO - Processing /opt/airflow/dags/init_connections.py took 0.085 seconds
[2025-11-18T09:42:46.566+0000] {processor.py:161} INFO - Started process (PID=184) to work on /opt/airflow/dags/init_connections.py
[2025-11-18T09:42:46.567+0000] {processor.py:830} INFO - Processing file /opt/airflow/dags/init_connections.py for tasks to queue
[2025-11-18T09:42:46.570+0000] {logging_mixin.py:188} INFO - [2025-11-18T09:42:46.569+0000] {dagbag.py:540} INFO - Filling up the DagBag from /opt/airflow/dags/init_connections.py
[2025-11-18T09:42:46.590+0000] {logging_mixin.py:188} INFO - [2025-11-18T09:42:46.587+0000] {dagbag.py:350} ERROR - Failed to import: /opt/airflow/dags/init_connections.py
Traceback (most recent call last):
  File "/home/airflow/.local/lib/python3.12/site-packages/airflow/models/dagbag.py", line 346, in parse
    loader.exec_module(new_module)
  File "<frozen importlib._bootstrap_external>", line 995, in exec_module
  File "<frozen importlib._bootstrap>", line 488, in _call_with_frames_removed
  File "/opt/airflow/dags/init_connections.py", line 4, in <module>
    from airflow.create_connections import main as create_connections_main
ModuleNotFoundError: No module named 'airflow.create_connections'
[2025-11-18T09:42:46.591+0000] {processor.py:842} WARNING - No viable dags retrieved from /opt/airflow/dags/init_connections.py
[2025-11-18T09:42:46.616+0000] {processor.py:183} INFO - Processing /opt/airflow/dags/init_connections.py took 0.057 seconds
[2025-11-18T09:43:17.017+0000] {processor.py:161} INFO - Started process (PID=194) to work on /opt/airflow/dags/init_connections.py
[2025-11-18T09:43:17.018+0000] {processor.py:830} INFO - Processing file /opt/airflow/dags/init_connections.py for tasks to queue
[2025-11-18T09:43:17.020+0000] {logging_mixin.py:188} INFO - [2025-11-18T09:43:17.020+0000] {dagbag.py:540} INFO - Filling up the DagBag from /opt/airflow/dags/init_connections.py
[2025-11-18T09:43:17.040+0000] {logging_mixin.py:188} INFO - [2025-11-18T09:43:17.037+0000] {dagbag.py:350} ERROR - Failed to import: /opt/airflow/dags/init_connections.py
Traceback (most recent call last):
  File "/home/airflow/.local/lib/python3.12/site-packages/airflow/models/dagbag.py", line 346, in parse
    loader.exec_module(new_module)
  File "<frozen importlib._bootstrap_external>", line 995, in exec_module
  File "<frozen importlib._bootstrap>", line 488, in _call_with_frames_removed
  File "/opt/airflow/dags/init_connections.py", line 4, in <module>
    from airflow.create_connections import main as create_connections_main
ModuleNotFoundError: No module named 'airflow.create_connections'
[2025-11-18T09:43:17.041+0000] {processor.py:842} WARNING - No viable dags retrieved from /opt/airflow/dags/init_connections.py
[2025-11-18T09:43:17.070+0000] {processor.py:183} INFO - Processing /opt/airflow/dags/init_connections.py took 0.061 seconds
[2025-11-18T09:43:47.675+0000] {processor.py:161} INFO - Started process (PID=204) to work on /opt/airflow/dags/init_connections.py
[2025-11-18T09:43:47.676+0000] {processor.py:830} INFO - Processing file /opt/airflow/dags/init_connections.py for tasks to queue
[2025-11-18T09:43:47.679+0000] {logging_mixin.py:188} INFO - [2025-11-18T09:43:47.678+0000] {dagbag.py:540} INFO - Filling up the DagBag from /opt/airflow/dags/init_connections.py
[2025-11-18T09:43:47.702+0000] {logging_mixin.py:188} INFO - [2025-11-18T09:43:47.698+0000] {dagbag.py:350} ERROR - Failed to import: /opt/airflow/dags/init_connections.py
Traceback (most recent call last):
  File "/home/airflow/.local/lib/python3.12/site-packages/airflow/models/dagbag.py", line 346, in parse
    loader.exec_module(new_module)
  File "<frozen importlib._bootstrap_external>", line 995, in exec_module
  File "<frozen importlib._bootstrap>", line 488, in _call_with_frames_removed
  File "/opt/airflow/dags/init_connections.py", line 4, in <module>
    from airflow.create_connections import main as create_connections_main
ModuleNotFoundError: No module named 'airflow.create_connections'
[2025-11-18T09:43:47.703+0000] {processor.py:842} WARNING - No viable dags retrieved from /opt/airflow/dags/init_connections.py
[2025-11-18T09:43:47.732+0000] {processor.py:183} INFO - Processing /opt/airflow/dags/init_connections.py took 0.065 seconds
[2025-11-18T09:44:18.408+0000] {processor.py:161} INFO - Started process (PID=214) to work on /opt/airflow/dags/init_connections.py
[2025-11-18T09:44:18.413+0000] {processor.py:830} INFO - Processing file /opt/airflow/dags/init_connections.py for tasks to queue
[2025-11-18T09:44:18.423+0000] {logging_mixin.py:188} INFO - [2025-11-18T09:44:18.421+0000] {dagbag.py:540} INFO - Filling up the DagBag from /opt/airflow/dags/init_connections.py
[2025-11-18T09:44:18.497+0000] {logging_mixin.py:188} INFO - [2025-11-18T09:44:18.482+0000] {dagbag.py:350} ERROR - Failed to import: /opt/airflow/dags/init_connections.py
Traceback (most recent call last):
  File "/home/airflow/.local/lib/python3.12/site-packages/airflow/models/dagbag.py", line 346, in parse
    loader.exec_module(new_module)
  File "<frozen importlib._bootstrap_external>", line 995, in exec_module
  File "<frozen importlib._bootstrap>", line 488, in _call_with_frames_removed
  File "/opt/airflow/dags/init_connections.py", line 4, in <module>
    from airflow.create_connections import main as create_connections_main
ModuleNotFoundError: No module named 'airflow.create_connections'
[2025-11-18T09:44:18.504+0000] {processor.py:842} WARNING - No viable dags retrieved from /opt/airflow/dags/init_connections.py
[2025-11-18T09:44:18.554+0000] {processor.py:183} INFO - Processing /opt/airflow/dags/init_connections.py took 0.204 seconds
[2025-11-18T09:44:48.943+0000] {processor.py:161} INFO - Started process (PID=224) to work on /opt/airflow/dags/init_connections.py
[2025-11-18T09:44:48.954+0000] {processor.py:830} INFO - Processing file /opt/airflow/dags/init_connections.py for tasks to queue
[2025-11-18T09:44:48.957+0000] {logging_mixin.py:188} INFO - [2025-11-18T09:44:48.957+0000] {dagbag.py:540} INFO - Filling up the DagBag from /opt/airflow/dags/init_connections.py
[2025-11-18T09:44:48.984+0000] {logging_mixin.py:188} INFO - [2025-11-18T09:44:48.978+0000] {dagbag.py:350} ERROR - Failed to import: /opt/airflow/dags/init_connections.py
Traceback (most recent call last):
  File "/home/airflow/.local/lib/python3.12/site-packages/airflow/models/dagbag.py", line 346, in parse
    loader.exec_module(new_module)
  File "<frozen importlib._bootstrap_external>", line 995, in exec_module
  File "<frozen importlib._bootstrap>", line 488, in _call_with_frames_removed
  File "/opt/airflow/dags/init_connections.py", line 4, in <module>
    from airflow.create_connections import main as create_connections_main
ModuleNotFoundError: No module named 'airflow.create_connections'
[2025-11-18T09:44:48.986+0000] {processor.py:842} WARNING - No viable dags retrieved from /opt/airflow/dags/init_connections.py
[2025-11-18T09:44:49.018+0000] {processor.py:183} INFO - Processing /opt/airflow/dags/init_connections.py took 0.084 seconds
[2025-11-18T09:45:19.405+0000] {processor.py:161} INFO - Started process (PID=234) to work on /opt/airflow/dags/init_connections.py
[2025-11-18T09:45:19.406+0000] {processor.py:830} INFO - Processing file /opt/airflow/dags/init_connections.py for tasks to queue
[2025-11-18T09:45:19.411+0000] {logging_mixin.py:188} INFO - [2025-11-18T09:45:19.410+0000] {dagbag.py:540} INFO - Filling up the DagBag from /opt/airflow/dags/init_connections.py
[2025-11-18T09:45:19.439+0000] {logging_mixin.py:188} INFO - [2025-11-18T09:45:19.434+0000] {dagbag.py:350} ERROR - Failed to import: /opt/airflow/dags/init_connections.py
Traceback (most recent call last):
  File "/home/airflow/.local/lib/python3.12/site-packages/airflow/models/dagbag.py", line 346, in parse
    loader.exec_module(new_module)
  File "<frozen importlib._bootstrap_external>", line 995, in exec_module
  File "<frozen importlib._bootstrap>", line 488, in _call_with_frames_removed
  File "/opt/airflow/dags/init_connections.py", line 4, in <module>
    from airflow.create_connections import main as create_connections_main
ModuleNotFoundError: No module named 'airflow.create_connections'
[2025-11-18T09:45:19.444+0000] {processor.py:842} WARNING - No viable dags retrieved from /opt/airflow/dags/init_connections.py
[2025-11-18T09:45:19.474+0000] {processor.py:183} INFO - Processing /opt/airflow/dags/init_connections.py took 0.077 seconds
[2025-11-18T09:45:49.887+0000] {processor.py:161} INFO - Started process (PID=244) to work on /opt/airflow/dags/init_connections.py
[2025-11-18T09:45:49.888+0000] {processor.py:830} INFO - Processing file /opt/airflow/dags/init_connections.py for tasks to queue
[2025-11-18T09:45:49.891+0000] {logging_mixin.py:188} INFO - [2025-11-18T09:45:49.890+0000] {dagbag.py:540} INFO - Filling up the DagBag from /opt/airflow/dags/init_connections.py
[2025-11-18T09:45:49.909+0000] {logging_mixin.py:188} INFO - [2025-11-18T09:45:49.906+0000] {dagbag.py:350} ERROR - Failed to import: /opt/airflow/dags/init_connections.py
Traceback (most recent call last):
  File "/home/airflow/.local/lib/python3.12/site-packages/airflow/models/dagbag.py", line 346, in parse
    loader.exec_module(new_module)
  File "<frozen importlib._bootstrap_external>", line 995, in exec_module
  File "<frozen importlib._bootstrap>", line 488, in _call_with_frames_removed
  File "/opt/airflow/dags/init_connections.py", line 4, in <module>
    from airflow.create_connections import main as create_connections_main
ModuleNotFoundError: No module named 'airflow.create_connections'
[2025-11-18T09:45:49.912+0000] {processor.py:842} WARNING - No viable dags retrieved from /opt/airflow/dags/init_connections.py
[2025-11-18T09:45:49.942+0000] {processor.py:183} INFO - Processing /opt/airflow/dags/init_connections.py took 0.063 seconds
[2025-11-18T09:45:56.095+0000] {processor.py:161} INFO - Started process (PID=254) to work on /opt/airflow/dags/init_connections.py
[2025-11-18T09:45:56.097+0000] {processor.py:830} INFO - Processing file /opt/airflow/dags/init_connections.py for tasks to queue
[2025-11-18T09:45:56.099+0000] {logging_mixin.py:188} INFO - [2025-11-18T09:45:56.099+0000] {dagbag.py:540} INFO - Filling up the DagBag from /opt/airflow/dags/init_connections.py
[2025-11-18T09:45:56.131+0000] {logging_mixin.py:188} INFO - [2025-11-18T09:45:56.127+0000] {dagbag.py:350} ERROR - Failed to import: /opt/airflow/dags/init_connections.py
Traceback (most recent call last):
  File "/home/airflow/.local/lib/python3.12/site-packages/airflow/models/dagbag.py", line 346, in parse
    loader.exec_module(new_module)
  File "<frozen importlib._bootstrap_external>", line 995, in exec_module
  File "<frozen importlib._bootstrap>", line 488, in _call_with_frames_removed
  File "/opt/airflow/dags/init_connections.py", line 4, in <module>
    from airflow.dags.create_connections import main as create_connections_main
ModuleNotFoundError: No module named 'airflow.dags'
[2025-11-18T09:45:56.132+0000] {processor.py:842} WARNING - No viable dags retrieved from /opt/airflow/dags/init_connections.py
[2025-11-18T09:45:56.160+0000] {processor.py:183} INFO - Processing /opt/airflow/dags/init_connections.py took 0.077 seconds
[2025-11-18T09:47:14.289+0000] {processor.py:161} INFO - Started process (PID=164) to work on /opt/airflow/dags/init_connections.py
[2025-11-18T09:47:14.291+0000] {processor.py:830} INFO - Processing file /opt/airflow/dags/init_connections.py for tasks to queue
[2025-11-18T09:47:14.296+0000] {logging_mixin.py:188} INFO - [2025-11-18T09:47:14.295+0000] {dagbag.py:540} INFO - Filling up the DagBag from /opt/airflow/dags/init_connections.py
[2025-11-18T09:47:14.330+0000] {logging_mixin.py:188} INFO - [2025-11-18T09:47:14.322+0000] {dagbag.py:350} ERROR - Failed to import: /opt/airflow/dags/init_connections.py
Traceback (most recent call last):
  File "/home/airflow/.local/lib/python3.12/site-packages/airflow/models/dagbag.py", line 346, in parse
    loader.exec_module(new_module)
  File "<frozen importlib._bootstrap_external>", line 995, in exec_module
  File "<frozen importlib._bootstrap>", line 488, in _call_with_frames_removed
  File "/opt/airflow/dags/init_connections.py", line 4, in <module>
    from airflow.dags.create_connections import main as create_connections_main
ModuleNotFoundError: No module named 'airflow.dags'
[2025-11-18T09:47:14.334+0000] {processor.py:842} WARNING - No viable dags retrieved from /opt/airflow/dags/init_connections.py
[2025-11-18T09:47:14.419+0000] {processor.py:183} INFO - Processing /opt/airflow/dags/init_connections.py took 0.141 seconds
[2025-11-18T09:47:44.843+0000] {processor.py:161} INFO - Started process (PID=174) to work on /opt/airflow/dags/init_connections.py
[2025-11-18T09:47:44.845+0000] {processor.py:830} INFO - Processing file /opt/airflow/dags/init_connections.py for tasks to queue
[2025-11-18T09:47:44.850+0000] {logging_mixin.py:188} INFO - [2025-11-18T09:47:44.849+0000] {dagbag.py:540} INFO - Filling up the DagBag from /opt/airflow/dags/init_connections.py
[2025-11-18T09:47:44.879+0000] {logging_mixin.py:188} INFO - [2025-11-18T09:47:44.873+0000] {dagbag.py:350} ERROR - Failed to import: /opt/airflow/dags/init_connections.py
Traceback (most recent call last):
  File "/home/airflow/.local/lib/python3.12/site-packages/airflow/models/dagbag.py", line 346, in parse
    loader.exec_module(new_module)
  File "<frozen importlib._bootstrap_external>", line 995, in exec_module
  File "<frozen importlib._bootstrap>", line 488, in _call_with_frames_removed
  File "/opt/airflow/dags/init_connections.py", line 4, in <module>
    from airflow.dags.create_connections import main as create_connections_main
ModuleNotFoundError: No module named 'airflow.dags'
[2025-11-18T09:47:44.881+0000] {processor.py:842} WARNING - No viable dags retrieved from /opt/airflow/dags/init_connections.py
[2025-11-18T09:47:44.913+0000] {processor.py:183} INFO - Processing /opt/airflow/dags/init_connections.py took 0.082 seconds
[2025-11-18T09:48:15.326+0000] {processor.py:161} INFO - Started process (PID=184) to work on /opt/airflow/dags/init_connections.py
[2025-11-18T09:48:15.327+0000] {processor.py:830} INFO - Processing file /opt/airflow/dags/init_connections.py for tasks to queue
[2025-11-18T09:48:15.330+0000] {logging_mixin.py:188} INFO - [2025-11-18T09:48:15.329+0000] {dagbag.py:540} INFO - Filling up the DagBag from /opt/airflow/dags/init_connections.py
[2025-11-18T09:48:15.353+0000] {logging_mixin.py:188} INFO - [2025-11-18T09:48:15.350+0000] {dagbag.py:350} ERROR - Failed to import: /opt/airflow/dags/init_connections.py
Traceback (most recent call last):
  File "/home/airflow/.local/lib/python3.12/site-packages/airflow/models/dagbag.py", line 346, in parse
    loader.exec_module(new_module)
  File "<frozen importlib._bootstrap_external>", line 995, in exec_module
  File "<frozen importlib._bootstrap>", line 488, in _call_with_frames_removed
  File "/opt/airflow/dags/init_connections.py", line 4, in <module>
    from airflow.dags.create_connections import main as create_connections_main
ModuleNotFoundError: No module named 'airflow.dags'
[2025-11-18T09:48:15.354+0000] {processor.py:842} WARNING - No viable dags retrieved from /opt/airflow/dags/init_connections.py
[2025-11-18T09:48:15.385+0000] {processor.py:183} INFO - Processing /opt/airflow/dags/init_connections.py took 0.066 seconds
[2025-11-18T09:48:45.791+0000] {processor.py:161} INFO - Started process (PID=194) to work on /opt/airflow/dags/init_connections.py
[2025-11-18T09:48:45.792+0000] {processor.py:830} INFO - Processing file /opt/airflow/dags/init_connections.py for tasks to queue
[2025-11-18T09:48:45.794+0000] {logging_mixin.py:188} INFO - [2025-11-18T09:48:45.794+0000] {dagbag.py:540} INFO - Filling up the DagBag from /opt/airflow/dags/init_connections.py
[2025-11-18T09:48:45.823+0000] {logging_mixin.py:188} INFO - [2025-11-18T09:48:45.817+0000] {dagbag.py:350} ERROR - Failed to import: /opt/airflow/dags/init_connections.py
Traceback (most recent call last):
  File "/home/airflow/.local/lib/python3.12/site-packages/airflow/models/dagbag.py", line 346, in parse
    loader.exec_module(new_module)
  File "<frozen importlib._bootstrap_external>", line 995, in exec_module
  File "<frozen importlib._bootstrap>", line 488, in _call_with_frames_removed
  File "/opt/airflow/dags/init_connections.py", line 4, in <module>
    from airflow.dags.create_connections import main as create_connections_main
ModuleNotFoundError: No module named 'airflow.dags'
[2025-11-18T09:48:45.826+0000] {processor.py:842} WARNING - No viable dags retrieved from /opt/airflow/dags/init_connections.py
[2025-11-18T09:48:45.856+0000] {processor.py:183} INFO - Processing /opt/airflow/dags/init_connections.py took 0.073 seconds
[2025-11-18T09:49:05.208+0000] {processor.py:161} INFO - Started process (PID=204) to work on /opt/airflow/dags/init_connections.py
[2025-11-18T09:49:05.210+0000] {processor.py:830} INFO - Processing file /opt/airflow/dags/init_connections.py for tasks to queue
[2025-11-18T09:49:05.213+0000] {logging_mixin.py:188} INFO - [2025-11-18T09:49:05.212+0000] {dagbag.py:540} INFO - Filling up the DagBag from /opt/airflow/dags/init_connections.py
[2025-11-18T09:49:05.259+0000] {processor.py:840} INFO - DAG(s) 'init_connections' retrieved from /opt/airflow/dags/init_connections.py
[2025-11-18T09:49:05.406+0000] {logging_mixin.py:188} INFO - [2025-11-18T09:49:05.406+0000] {override.py:1829} INFO - Created Permission View: can delete on DAG:init_connections
[2025-11-18T09:49:05.419+0000] {logging_mixin.py:188} INFO - [2025-11-18T09:49:05.418+0000] {override.py:1829} INFO - Created Permission View: can read on DAG:init_connections
[2025-11-18T09:49:05.427+0000] {logging_mixin.py:188} INFO - [2025-11-18T09:49:05.426+0000] {override.py:1829} INFO - Created Permission View: can edit on DAG:init_connections
[2025-11-18T09:49:05.427+0000] {logging_mixin.py:188} INFO - [2025-11-18T09:49:05.427+0000] {dag.py:3096} INFO - Sync 1 DAGs
[2025-11-18T09:49:05.444+0000] {logging_mixin.py:188} INFO - [2025-11-18T09:49:05.443+0000] {dag.py:3118} INFO - Creating ORM DAG for init_connections
[2025-11-18T09:49:05.446+0000] {logging_mixin.py:188} INFO - [2025-11-18T09:49:05.445+0000] {dag.py:3954} INFO - Setting next_dagrun for init_connections to None, run_after=None
[2025-11-18T09:49:05.473+0000] {processor.py:183} INFO - Processing /opt/airflow/dags/init_connections.py took 0.276 seconds
[2025-11-18T09:50:07.420+0000] {processor.py:161} INFO - Started process (PID=164) to work on /opt/airflow/dags/init_connections.py
[2025-11-18T09:50:07.425+0000] {processor.py:830} INFO - Processing file /opt/airflow/dags/init_connections.py for tasks to queue
[2025-11-18T09:50:07.432+0000] {logging_mixin.py:188} INFO - [2025-11-18T09:50:07.431+0000] {dagbag.py:540} INFO - Filling up the DagBag from /opt/airflow/dags/init_connections.py
[2025-11-18T09:50:07.540+0000] {processor.py:840} INFO - DAG(s) 'init_connections' retrieved from /opt/airflow/dags/init_connections.py
[2025-11-18T09:50:08.346+0000] {logging_mixin.py:188} INFO - [2025-11-18T09:50:08.346+0000] {dag.py:3096} INFO - Sync 1 DAGs
[2025-11-18T09:50:08.368+0000] {logging_mixin.py:188} INFO - [2025-11-18T09:50:08.368+0000] {dag.py:3954} INFO - Setting next_dagrun for init_connections to None, run_after=None
[2025-11-18T09:50:08.411+0000] {processor.py:183} INFO - Processing /opt/airflow/dags/init_connections.py took 1.008 seconds
[2025-11-18T09:50:38.826+0000] {processor.py:161} INFO - Started process (PID=174) to work on /opt/airflow/dags/init_connections.py
[2025-11-18T09:50:38.827+0000] {processor.py:830} INFO - Processing file /opt/airflow/dags/init_connections.py for tasks to queue
[2025-11-18T09:50:38.830+0000] {logging_mixin.py:188} INFO - [2025-11-18T09:50:38.830+0000] {dagbag.py:540} INFO - Filling up the DagBag from /opt/airflow/dags/init_connections.py
[2025-11-18T09:50:38.862+0000] {processor.py:840} INFO - DAG(s) 'init_connections' retrieved from /opt/airflow/dags/init_connections.py
[2025-11-18T09:50:38.902+0000] {logging_mixin.py:188} INFO - [2025-11-18T09:50:38.902+0000] {dag.py:3096} INFO - Sync 1 DAGs
[2025-11-18T09:50:38.919+0000] {logging_mixin.py:188} INFO - [2025-11-18T09:50:38.919+0000] {dag.py:3954} INFO - Setting next_dagrun for init_connections to None, run_after=None
[2025-11-18T09:50:38.949+0000] {processor.py:183} INFO - Processing /opt/airflow/dags/init_connections.py took 0.135 seconds
[2025-11-18T09:51:09.395+0000] {processor.py:161} INFO - Started process (PID=216) to work on /opt/airflow/dags/init_connections.py
[2025-11-18T09:51:09.397+0000] {processor.py:830} INFO - Processing file /opt/airflow/dags/init_connections.py for tasks to queue
[2025-11-18T09:51:09.400+0000] {logging_mixin.py:188} INFO - [2025-11-18T09:51:09.400+0000] {dagbag.py:540} INFO - Filling up the DagBag from /opt/airflow/dags/init_connections.py
[2025-11-18T09:51:09.437+0000] {processor.py:840} INFO - DAG(s) 'init_connections' retrieved from /opt/airflow/dags/init_connections.py
[2025-11-18T09:51:09.494+0000] {logging_mixin.py:188} INFO - [2025-11-18T09:51:09.494+0000] {dag.py:3096} INFO - Sync 1 DAGs
[2025-11-18T09:51:09.517+0000] {logging_mixin.py:188} INFO - [2025-11-18T09:51:09.516+0000] {dag.py:3954} INFO - Setting next_dagrun for init_connections to None, run_after=None
[2025-11-18T09:51:09.558+0000] {processor.py:183} INFO - Processing /opt/airflow/dags/init_connections.py took 0.174 seconds
[2025-11-18T09:51:39.951+0000] {processor.py:161} INFO - Started process (PID=226) to work on /opt/airflow/dags/init_connections.py
[2025-11-18T09:51:39.953+0000] {processor.py:830} INFO - Processing file /opt/airflow/dags/init_connections.py for tasks to queue
[2025-11-18T09:51:39.956+0000] {logging_mixin.py:188} INFO - [2025-11-18T09:51:39.956+0000] {dagbag.py:540} INFO - Filling up the DagBag from /opt/airflow/dags/init_connections.py
[2025-11-18T09:51:39.994+0000] {processor.py:840} INFO - DAG(s) 'init_connections' retrieved from /opt/airflow/dags/init_connections.py
[2025-11-18T09:51:40.035+0000] {logging_mixin.py:188} INFO - [2025-11-18T09:51:40.035+0000] {dag.py:3096} INFO - Sync 1 DAGs
[2025-11-18T09:51:40.056+0000] {logging_mixin.py:188} INFO - [2025-11-18T09:51:40.055+0000] {dag.py:3954} INFO - Setting next_dagrun for init_connections to None, run_after=None
[2025-11-18T09:51:40.082+0000] {processor.py:183} INFO - Processing /opt/airflow/dags/init_connections.py took 0.141 seconds
[2025-11-18T09:52:10.453+0000] {processor.py:161} INFO - Started process (PID=236) to work on /opt/airflow/dags/init_connections.py
[2025-11-18T09:52:10.457+0000] {processor.py:830} INFO - Processing file /opt/airflow/dags/init_connections.py for tasks to queue
[2025-11-18T09:52:10.463+0000] {logging_mixin.py:188} INFO - [2025-11-18T09:52:10.462+0000] {dagbag.py:540} INFO - Filling up the DagBag from /opt/airflow/dags/init_connections.py
[2025-11-18T09:52:10.498+0000] {processor.py:840} INFO - DAG(s) 'init_connections' retrieved from /opt/airflow/dags/init_connections.py
[2025-11-18T09:52:10.545+0000] {logging_mixin.py:188} INFO - [2025-11-18T09:52:10.544+0000] {dag.py:3096} INFO - Sync 1 DAGs
[2025-11-18T09:52:10.564+0000] {logging_mixin.py:188} INFO - [2025-11-18T09:52:10.564+0000] {dag.py:3954} INFO - Setting next_dagrun for init_connections to None, run_after=None
[2025-11-18T09:52:10.592+0000] {processor.py:183} INFO - Processing /opt/airflow/dags/init_connections.py took 0.152 seconds
[2025-11-18T09:52:41.025+0000] {processor.py:161} INFO - Started process (PID=246) to work on /opt/airflow/dags/init_connections.py
[2025-11-18T09:52:41.028+0000] {processor.py:830} INFO - Processing file /opt/airflow/dags/init_connections.py for tasks to queue
[2025-11-18T09:52:41.035+0000] {logging_mixin.py:188} INFO - [2025-11-18T09:52:41.034+0000] {dagbag.py:540} INFO - Filling up the DagBag from /opt/airflow/dags/init_connections.py
[2025-11-18T09:52:41.083+0000] {processor.py:840} INFO - DAG(s) 'init_connections' retrieved from /opt/airflow/dags/init_connections.py
[2025-11-18T09:52:41.150+0000] {logging_mixin.py:188} INFO - [2025-11-18T09:52:41.150+0000] {dag.py:3096} INFO - Sync 1 DAGs
[2025-11-18T09:52:41.178+0000] {logging_mixin.py:188} INFO - [2025-11-18T09:52:41.177+0000] {dag.py:3954} INFO - Setting next_dagrun for init_connections to None, run_after=None
[2025-11-18T09:52:41.228+0000] {processor.py:183} INFO - Processing /opt/airflow/dags/init_connections.py took 0.223 seconds
[2025-11-18T09:53:11.688+0000] {processor.py:161} INFO - Started process (PID=320) to work on /opt/airflow/dags/init_connections.py
[2025-11-18T09:53:11.689+0000] {processor.py:830} INFO - Processing file /opt/airflow/dags/init_connections.py for tasks to queue
[2025-11-18T09:53:11.691+0000] {logging_mixin.py:188} INFO - [2025-11-18T09:53:11.691+0000] {dagbag.py:540} INFO - Filling up the DagBag from /opt/airflow/dags/init_connections.py
[2025-11-18T09:53:11.721+0000] {processor.py:840} INFO - DAG(s) 'init_connections' retrieved from /opt/airflow/dags/init_connections.py
[2025-11-18T09:53:11.759+0000] {logging_mixin.py:188} INFO - [2025-11-18T09:53:11.759+0000] {dag.py:3096} INFO - Sync 1 DAGs
[2025-11-18T09:53:11.777+0000] {logging_mixin.py:188} INFO - [2025-11-18T09:53:11.777+0000] {dag.py:3954} INFO - Setting next_dagrun for init_connections to None, run_after=None
[2025-11-18T09:53:11.806+0000] {processor.py:183} INFO - Processing /opt/airflow/dags/init_connections.py took 0.127 seconds
[2025-11-18T09:53:42.307+0000] {processor.py:161} INFO - Started process (PID=330) to work on /opt/airflow/dags/init_connections.py
[2025-11-18T09:53:42.310+0000] {processor.py:830} INFO - Processing file /opt/airflow/dags/init_connections.py for tasks to queue
[2025-11-18T09:53:42.317+0000] {logging_mixin.py:188} INFO - [2025-11-18T09:53:42.316+0000] {dagbag.py:540} INFO - Filling up the DagBag from /opt/airflow/dags/init_connections.py
[2025-11-18T09:53:42.401+0000] {processor.py:840} INFO - DAG(s) 'init_connections' retrieved from /opt/airflow/dags/init_connections.py
[2025-11-18T09:53:42.499+0000] {logging_mixin.py:188} INFO - [2025-11-18T09:53:42.499+0000] {dag.py:3096} INFO - Sync 1 DAGs
[2025-11-18T09:53:42.537+0000] {logging_mixin.py:188} INFO - [2025-11-18T09:53:42.536+0000] {dag.py:3954} INFO - Setting next_dagrun for init_connections to None, run_after=None
[2025-11-18T09:53:42.586+0000] {processor.py:183} INFO - Processing /opt/airflow/dags/init_connections.py took 0.303 seconds
[2025-11-18T09:54:12.988+0000] {processor.py:161} INFO - Started process (PID=340) to work on /opt/airflow/dags/init_connections.py
[2025-11-18T09:54:12.989+0000] {processor.py:830} INFO - Processing file /opt/airflow/dags/init_connections.py for tasks to queue
[2025-11-18T09:54:12.992+0000] {logging_mixin.py:188} INFO - [2025-11-18T09:54:12.991+0000] {dagbag.py:540} INFO - Filling up the DagBag from /opt/airflow/dags/init_connections.py
[2025-11-18T09:54:13.023+0000] {processor.py:840} INFO - DAG(s) 'init_connections' retrieved from /opt/airflow/dags/init_connections.py
[2025-11-18T09:54:13.062+0000] {logging_mixin.py:188} INFO - [2025-11-18T09:54:13.061+0000] {dag.py:3096} INFO - Sync 1 DAGs
[2025-11-18T09:54:13.078+0000] {logging_mixin.py:188} INFO - [2025-11-18T09:54:13.078+0000] {dag.py:3954} INFO - Setting next_dagrun for init_connections to None, run_after=None
[2025-11-18T09:54:13.104+0000] {processor.py:183} INFO - Processing /opt/airflow/dags/init_connections.py took 0.127 seconds
[2025-11-18T09:59:00.920+0000] {processor.py:161} INFO - Started process (PID=166) to work on /opt/airflow/dags/init_connections.py
[2025-11-18T09:59:00.955+0000] {processor.py:830} INFO - Processing file /opt/airflow/dags/init_connections.py for tasks to queue
[2025-11-18T09:59:00.990+0000] {logging_mixin.py:188} INFO - [2025-11-18T09:59:00.989+0000] {dagbag.py:540} INFO - Filling up the DagBag from /opt/airflow/dags/init_connections.py
[2025-11-18T09:59:01.145+0000] {processor.py:840} INFO - DAG(s) 'init_connections' retrieved from /opt/airflow/dags/init_connections.py
[2025-11-18T09:59:01.364+0000] {logging_mixin.py:188} INFO - [2025-11-18T09:59:01.362+0000] {dag.py:3096} INFO - Sync 1 DAGs
[2025-11-18T09:59:01.500+0000] {logging_mixin.py:188} INFO - [2025-11-18T09:59:01.500+0000] {dag.py:3954} INFO - Setting next_dagrun for init_connections to None, run_after=None
[2025-11-18T09:59:01.621+0000] {processor.py:183} INFO - Processing /opt/airflow/dags/init_connections.py took 0.884 seconds
[2025-11-18T09:59:32.442+0000] {processor.py:161} INFO - Started process (PID=241) to work on /opt/airflow/dags/init_connections.py
[2025-11-18T09:59:32.443+0000] {processor.py:830} INFO - Processing file /opt/airflow/dags/init_connections.py for tasks to queue
[2025-11-18T09:59:32.446+0000] {logging_mixin.py:188} INFO - [2025-11-18T09:59:32.446+0000] {dagbag.py:540} INFO - Filling up the DagBag from /opt/airflow/dags/init_connections.py
[2025-11-18T09:59:32.471+0000] {processor.py:840} INFO - DAG(s) 'init_connections' retrieved from /opt/airflow/dags/init_connections.py
[2025-11-18T09:59:32.765+0000] {logging_mixin.py:188} INFO - [2025-11-18T09:59:32.765+0000] {dag.py:3096} INFO - Sync 1 DAGs
[2025-11-18T09:59:32.781+0000] {logging_mixin.py:188} INFO - [2025-11-18T09:59:32.781+0000] {dag.py:3954} INFO - Setting next_dagrun for init_connections to None, run_after=None
[2025-11-18T09:59:32.808+0000] {processor.py:183} INFO - Processing /opt/airflow/dags/init_connections.py took 0.373 seconds
[2025-11-18T10:00:03.239+0000] {processor.py:161} INFO - Started process (PID=251) to work on /opt/airflow/dags/init_connections.py
[2025-11-18T10:00:03.240+0000] {processor.py:830} INFO - Processing file /opt/airflow/dags/init_connections.py for tasks to queue
[2025-11-18T10:00:03.243+0000] {logging_mixin.py:188} INFO - [2025-11-18T10:00:03.243+0000] {dagbag.py:540} INFO - Filling up the DagBag from /opt/airflow/dags/init_connections.py
[2025-11-18T10:00:03.273+0000] {processor.py:840} INFO - DAG(s) 'init_connections' retrieved from /opt/airflow/dags/init_connections.py
[2025-11-18T10:00:03.316+0000] {logging_mixin.py:188} INFO - [2025-11-18T10:00:03.315+0000] {dag.py:3096} INFO - Sync 1 DAGs
[2025-11-18T10:00:03.336+0000] {logging_mixin.py:188} INFO - [2025-11-18T10:00:03.336+0000] {dag.py:3954} INFO - Setting next_dagrun for init_connections to None, run_after=None
[2025-11-18T10:00:03.369+0000] {processor.py:183} INFO - Processing /opt/airflow/dags/init_connections.py took 0.140 seconds
[2025-11-18T10:00:33.850+0000] {processor.py:161} INFO - Started process (PID=261) to work on /opt/airflow/dags/init_connections.py
[2025-11-18T10:00:33.851+0000] {processor.py:830} INFO - Processing file /opt/airflow/dags/init_connections.py for tasks to queue
[2025-11-18T10:00:33.853+0000] {logging_mixin.py:188} INFO - [2025-11-18T10:00:33.853+0000] {dagbag.py:540} INFO - Filling up the DagBag from /opt/airflow/dags/init_connections.py
[2025-11-18T10:00:33.881+0000] {processor.py:840} INFO - DAG(s) 'init_connections' retrieved from /opt/airflow/dags/init_connections.py
[2025-11-18T10:00:33.916+0000] {logging_mixin.py:188} INFO - [2025-11-18T10:00:33.916+0000] {dag.py:3096} INFO - Sync 1 DAGs
[2025-11-18T10:00:33.936+0000] {logging_mixin.py:188} INFO - [2025-11-18T10:00:33.935+0000] {dag.py:3954} INFO - Setting next_dagrun for init_connections to None, run_after=None
[2025-11-18T10:00:33.964+0000] {processor.py:183} INFO - Processing /opt/airflow/dags/init_connections.py took 0.121 seconds
[2025-11-18T10:01:04.397+0000] {processor.py:161} INFO - Started process (PID=271) to work on /opt/airflow/dags/init_connections.py
[2025-11-18T10:01:04.398+0000] {processor.py:830} INFO - Processing file /opt/airflow/dags/init_connections.py for tasks to queue
[2025-11-18T10:01:04.400+0000] {logging_mixin.py:188} INFO - [2025-11-18T10:01:04.400+0000] {dagbag.py:540} INFO - Filling up the DagBag from /opt/airflow/dags/init_connections.py
[2025-11-18T10:01:04.427+0000] {processor.py:840} INFO - DAG(s) 'init_connections' retrieved from /opt/airflow/dags/init_connections.py
[2025-11-18T10:01:04.459+0000] {logging_mixin.py:188} INFO - [2025-11-18T10:01:04.459+0000] {dag.py:3096} INFO - Sync 1 DAGs
[2025-11-18T10:01:04.477+0000] {logging_mixin.py:188} INFO - [2025-11-18T10:01:04.476+0000] {dag.py:3954} INFO - Setting next_dagrun for init_connections to None, run_after=None
[2025-11-18T10:01:04.502+0000] {processor.py:183} INFO - Processing /opt/airflow/dags/init_connections.py took 0.113 seconds
[2025-11-18T10:01:34.761+0000] {processor.py:161} INFO - Started process (PID=281) to work on /opt/airflow/dags/init_connections.py
[2025-11-18T10:01:34.763+0000] {processor.py:830} INFO - Processing file /opt/airflow/dags/init_connections.py for tasks to queue
[2025-11-18T10:01:34.766+0000] {logging_mixin.py:188} INFO - [2025-11-18T10:01:34.765+0000] {dagbag.py:540} INFO - Filling up the DagBag from /opt/airflow/dags/init_connections.py
[2025-11-18T10:01:34.799+0000] {processor.py:840} INFO - DAG(s) 'init_connections' retrieved from /opt/airflow/dags/init_connections.py
[2025-11-18T10:01:34.844+0000] {logging_mixin.py:188} INFO - [2025-11-18T10:01:34.844+0000] {dag.py:3096} INFO - Sync 1 DAGs
[2025-11-18T10:01:34.863+0000] {logging_mixin.py:188} INFO - [2025-11-18T10:01:34.863+0000] {dag.py:3954} INFO - Setting next_dagrun for init_connections to None, run_after=None
[2025-11-18T10:01:34.895+0000] {processor.py:183} INFO - Processing /opt/airflow/dags/init_connections.py took 0.144 seconds
[2025-11-18T10:02:05.205+0000] {processor.py:161} INFO - Started process (PID=291) to work on /opt/airflow/dags/init_connections.py
[2025-11-18T10:02:05.207+0000] {processor.py:830} INFO - Processing file /opt/airflow/dags/init_connections.py for tasks to queue
[2025-11-18T10:02:05.210+0000] {logging_mixin.py:188} INFO - [2025-11-18T10:02:05.209+0000] {dagbag.py:540} INFO - Filling up the DagBag from /opt/airflow/dags/init_connections.py
[2025-11-18T10:02:05.244+0000] {processor.py:840} INFO - DAG(s) 'init_connections' retrieved from /opt/airflow/dags/init_connections.py
[2025-11-18T10:02:05.284+0000] {logging_mixin.py:188} INFO - [2025-11-18T10:02:05.283+0000] {dag.py:3096} INFO - Sync 1 DAGs
[2025-11-18T10:02:05.304+0000] {logging_mixin.py:188} INFO - [2025-11-18T10:02:05.304+0000] {dag.py:3954} INFO - Setting next_dagrun for init_connections to None, run_after=None
[2025-11-18T10:02:05.334+0000] {processor.py:183} INFO - Processing /opt/airflow/dags/init_connections.py took 0.137 seconds
[2025-11-18T10:04:05.000+0000] {processor.py:161} INFO - Started process (PID=164) to work on /opt/airflow/dags/init_connections.py
[2025-11-18T10:04:05.002+0000] {processor.py:830} INFO - Processing file /opt/airflow/dags/init_connections.py for tasks to queue
[2025-11-18T10:04:05.006+0000] {logging_mixin.py:188} INFO - [2025-11-18T10:04:05.005+0000] {dagbag.py:540} INFO - Filling up the DagBag from /opt/airflow/dags/init_connections.py
[2025-11-18T10:04:05.078+0000] {processor.py:840} INFO - DAG(s) 'init_connections' retrieved from /opt/airflow/dags/init_connections.py
[2025-11-18T10:04:05.532+0000] {logging_mixin.py:188} INFO - [2025-11-18T10:04:05.531+0000] {override.py:1829} INFO - Created Permission View: can read on DAG:init_connections
[2025-11-18T10:04:05.549+0000] {logging_mixin.py:188} INFO - [2025-11-18T10:04:05.549+0000] {override.py:1829} INFO - Created Permission View: can delete on DAG:init_connections
[2025-11-18T10:04:05.561+0000] {logging_mixin.py:188} INFO - [2025-11-18T10:04:05.560+0000] {override.py:1829} INFO - Created Permission View: can edit on DAG:init_connections
[2025-11-18T10:04:05.562+0000] {logging_mixin.py:188} INFO - [2025-11-18T10:04:05.561+0000] {dag.py:3096} INFO - Sync 1 DAGs
[2025-11-18T10:04:05.580+0000] {logging_mixin.py:188} INFO - [2025-11-18T10:04:05.580+0000] {dag.py:3118} INFO - Creating ORM DAG for init_connections
[2025-11-18T10:04:05.582+0000] {logging_mixin.py:188} INFO - [2025-11-18T10:04:05.581+0000] {dag.py:3954} INFO - Setting next_dagrun for init_connections to None, run_after=None
[2025-11-18T10:04:05.629+0000] {processor.py:183} INFO - Processing /opt/airflow/dags/init_connections.py took 0.640 seconds
[2025-11-18T10:04:36.029+0000] {processor.py:161} INFO - Started process (PID=174) to work on /opt/airflow/dags/init_connections.py
[2025-11-18T10:04:36.031+0000] {processor.py:830} INFO - Processing file /opt/airflow/dags/init_connections.py for tasks to queue
[2025-11-18T10:04:36.034+0000] {logging_mixin.py:188} INFO - [2025-11-18T10:04:36.034+0000] {dagbag.py:540} INFO - Filling up the DagBag from /opt/airflow/dags/init_connections.py
[2025-11-18T10:04:36.063+0000] {processor.py:840} INFO - DAG(s) 'init_connections' retrieved from /opt/airflow/dags/init_connections.py
[2025-11-18T10:04:36.102+0000] {logging_mixin.py:188} INFO - [2025-11-18T10:04:36.102+0000] {dag.py:3096} INFO - Sync 1 DAGs
[2025-11-18T10:04:36.119+0000] {logging_mixin.py:188} INFO - [2025-11-18T10:04:36.118+0000] {dag.py:3954} INFO - Setting next_dagrun for init_connections to None, run_after=None
[2025-11-18T10:04:36.147+0000] {processor.py:183} INFO - Processing /opt/airflow/dags/init_connections.py took 0.129 seconds
[2025-11-18T10:05:06.583+0000] {processor.py:161} INFO - Started process (PID=184) to work on /opt/airflow/dags/init_connections.py
[2025-11-18T10:05:06.585+0000] {processor.py:830} INFO - Processing file /opt/airflow/dags/init_connections.py for tasks to queue
[2025-11-18T10:05:06.588+0000] {logging_mixin.py:188} INFO - [2025-11-18T10:05:06.587+0000] {dagbag.py:540} INFO - Filling up the DagBag from /opt/airflow/dags/init_connections.py
[2025-11-18T10:05:06.623+0000] {processor.py:840} INFO - DAG(s) 'init_connections' retrieved from /opt/airflow/dags/init_connections.py
[2025-11-18T10:05:06.668+0000] {logging_mixin.py:188} INFO - [2025-11-18T10:05:06.667+0000] {dag.py:3096} INFO - Sync 1 DAGs
[2025-11-18T10:05:06.688+0000] {logging_mixin.py:188} INFO - [2025-11-18T10:05:06.687+0000] {dag.py:3954} INFO - Setting next_dagrun for init_connections to None, run_after=None
[2025-11-18T10:05:06.715+0000] {processor.py:183} INFO - Processing /opt/airflow/dags/init_connections.py took 0.143 seconds
[2025-11-18T10:05:37.131+0000] {processor.py:161} INFO - Started process (PID=194) to work on /opt/airflow/dags/init_connections.py
[2025-11-18T10:05:37.132+0000] {processor.py:830} INFO - Processing file /opt/airflow/dags/init_connections.py for tasks to queue
[2025-11-18T10:05:37.135+0000] {logging_mixin.py:188} INFO - [2025-11-18T10:05:37.135+0000] {dagbag.py:540} INFO - Filling up the DagBag from /opt/airflow/dags/init_connections.py
[2025-11-18T10:05:37.167+0000] {processor.py:840} INFO - DAG(s) 'init_connections' retrieved from /opt/airflow/dags/init_connections.py
[2025-11-18T10:05:37.209+0000] {logging_mixin.py:188} INFO - [2025-11-18T10:05:37.209+0000] {dag.py:3096} INFO - Sync 1 DAGs
[2025-11-18T10:05:37.229+0000] {logging_mixin.py:188} INFO - [2025-11-18T10:05:37.229+0000] {dag.py:3954} INFO - Setting next_dagrun for init_connections to None, run_after=None
[2025-11-18T10:05:37.261+0000] {processor.py:183} INFO - Processing /opt/airflow/dags/init_connections.py took 0.140 seconds
[2025-11-18T10:06:07.683+0000] {processor.py:161} INFO - Started process (PID=204) to work on /opt/airflow/dags/init_connections.py
[2025-11-18T10:06:07.684+0000] {processor.py:830} INFO - Processing file /opt/airflow/dags/init_connections.py for tasks to queue
[2025-11-18T10:06:07.688+0000] {logging_mixin.py:188} INFO - [2025-11-18T10:06:07.687+0000] {dagbag.py:540} INFO - Filling up the DagBag from /opt/airflow/dags/init_connections.py
[2025-11-18T10:06:07.719+0000] {processor.py:840} INFO - DAG(s) 'init_connections' retrieved from /opt/airflow/dags/init_connections.py
[2025-11-18T10:06:07.760+0000] {logging_mixin.py:188} INFO - [2025-11-18T10:06:07.759+0000] {dag.py:3096} INFO - Sync 1 DAGs
[2025-11-18T10:06:07.781+0000] {logging_mixin.py:188} INFO - [2025-11-18T10:06:07.781+0000] {dag.py:3954} INFO - Setting next_dagrun for init_connections to None, run_after=None
[2025-11-18T10:06:07.810+0000] {processor.py:183} INFO - Processing /opt/airflow/dags/init_connections.py took 0.137 seconds
[2025-11-18T10:06:38.223+0000] {processor.py:161} INFO - Started process (PID=214) to work on /opt/airflow/dags/init_connections.py
[2025-11-18T10:06:38.225+0000] {processor.py:830} INFO - Processing file /opt/airflow/dags/init_connections.py for tasks to queue
[2025-11-18T10:06:38.228+0000] {logging_mixin.py:188} INFO - [2025-11-18T10:06:38.227+0000] {dagbag.py:540} INFO - Filling up the DagBag from /opt/airflow/dags/init_connections.py
[2025-11-18T10:06:38.266+0000] {processor.py:840} INFO - DAG(s) 'init_connections' retrieved from /opt/airflow/dags/init_connections.py
[2025-11-18T10:06:38.315+0000] {logging_mixin.py:188} INFO - [2025-11-18T10:06:38.315+0000] {dag.py:3096} INFO - Sync 1 DAGs
[2025-11-18T10:06:38.336+0000] {logging_mixin.py:188} INFO - [2025-11-18T10:06:38.336+0000] {dag.py:3954} INFO - Setting next_dagrun for init_connections to None, run_after=None
[2025-11-18T10:06:38.370+0000] {processor.py:183} INFO - Processing /opt/airflow/dags/init_connections.py took 0.158 seconds
[2025-11-18T10:07:08.755+0000] {processor.py:161} INFO - Started process (PID=224) to work on /opt/airflow/dags/init_connections.py
[2025-11-18T10:07:08.757+0000] {processor.py:830} INFO - Processing file /opt/airflow/dags/init_connections.py for tasks to queue
[2025-11-18T10:07:08.760+0000] {logging_mixin.py:188} INFO - [2025-11-18T10:07:08.759+0000] {dagbag.py:540} INFO - Filling up the DagBag from /opt/airflow/dags/init_connections.py
[2025-11-18T10:07:08.794+0000] {processor.py:840} INFO - DAG(s) 'init_connections' retrieved from /opt/airflow/dags/init_connections.py
[2025-11-18T10:07:08.838+0000] {logging_mixin.py:188} INFO - [2025-11-18T10:07:08.838+0000] {dag.py:3096} INFO - Sync 1 DAGs
[2025-11-18T10:07:08.862+0000] {logging_mixin.py:188} INFO - [2025-11-18T10:07:08.861+0000] {dag.py:3954} INFO - Setting next_dagrun for init_connections to None, run_after=None
[2025-11-18T10:07:08.897+0000] {processor.py:183} INFO - Processing /opt/airflow/dags/init_connections.py took 0.151 seconds
[2025-11-18T10:07:39.287+0000] {processor.py:161} INFO - Started process (PID=234) to work on /opt/airflow/dags/init_connections.py
[2025-11-18T10:07:39.292+0000] {processor.py:830} INFO - Processing file /opt/airflow/dags/init_connections.py for tasks to queue
[2025-11-18T10:07:39.296+0000] {logging_mixin.py:188} INFO - [2025-11-18T10:07:39.295+0000] {dagbag.py:540} INFO - Filling up the DagBag from /opt/airflow/dags/init_connections.py
[2025-11-18T10:07:39.348+0000] {processor.py:840} INFO - DAG(s) 'init_connections' retrieved from /opt/airflow/dags/init_connections.py
[2025-11-18T10:07:39.444+0000] {logging_mixin.py:188} INFO - [2025-11-18T10:07:39.443+0000] {dag.py:3096} INFO - Sync 1 DAGs
[2025-11-18T10:07:39.485+0000] {logging_mixin.py:188} INFO - [2025-11-18T10:07:39.484+0000] {dag.py:3954} INFO - Setting next_dagrun for init_connections to None, run_after=None
[2025-11-18T10:07:39.530+0000] {processor.py:183} INFO - Processing /opt/airflow/dags/init_connections.py took 0.265 seconds
[2025-11-18T10:08:09.955+0000] {processor.py:161} INFO - Started process (PID=244) to work on /opt/airflow/dags/init_connections.py
[2025-11-18T10:08:09.959+0000] {processor.py:830} INFO - Processing file /opt/airflow/dags/init_connections.py for tasks to queue
[2025-11-18T10:08:09.966+0000] {logging_mixin.py:188} INFO - [2025-11-18T10:08:09.964+0000] {dagbag.py:540} INFO - Filling up the DagBag from /opt/airflow/dags/init_connections.py
[2025-11-18T10:08:10.048+0000] {processor.py:840} INFO - DAG(s) 'init_connections' retrieved from /opt/airflow/dags/init_connections.py
[2025-11-18T10:08:10.202+0000] {logging_mixin.py:188} INFO - [2025-11-18T10:08:10.202+0000] {dag.py:3096} INFO - Sync 1 DAGs
[2025-11-18T10:08:10.293+0000] {logging_mixin.py:188} INFO - [2025-11-18T10:08:10.292+0000] {dag.py:3954} INFO - Setting next_dagrun for init_connections to None, run_after=None
[2025-11-18T10:08:10.379+0000] {processor.py:183} INFO - Processing /opt/airflow/dags/init_connections.py took 0.465 seconds
[2025-11-18T10:08:40.839+0000] {processor.py:161} INFO - Started process (PID=254) to work on /opt/airflow/dags/init_connections.py
[2025-11-18T10:08:40.841+0000] {processor.py:830} INFO - Processing file /opt/airflow/dags/init_connections.py for tasks to queue
[2025-11-18T10:08:40.844+0000] {logging_mixin.py:188} INFO - [2025-11-18T10:08:40.844+0000] {dagbag.py:540} INFO - Filling up the DagBag from /opt/airflow/dags/init_connections.py
[2025-11-18T10:08:40.918+0000] {processor.py:840} INFO - DAG(s) 'init_connections' retrieved from /opt/airflow/dags/init_connections.py
[2025-11-18T10:08:40.994+0000] {logging_mixin.py:188} INFO - [2025-11-18T10:08:40.994+0000] {dag.py:3096} INFO - Sync 1 DAGs
[2025-11-18T10:08:41.040+0000] {logging_mixin.py:188} INFO - [2025-11-18T10:08:41.039+0000] {dag.py:3954} INFO - Setting next_dagrun for init_connections to None, run_after=None
[2025-11-18T10:08:41.095+0000] {processor.py:183} INFO - Processing /opt/airflow/dags/init_connections.py took 0.272 seconds
[2025-11-18T10:09:11.602+0000] {processor.py:161} INFO - Started process (PID=264) to work on /opt/airflow/dags/init_connections.py
[2025-11-18T10:09:11.606+0000] {processor.py:830} INFO - Processing file /opt/airflow/dags/init_connections.py for tasks to queue
[2025-11-18T10:09:11.613+0000] {logging_mixin.py:188} INFO - [2025-11-18T10:09:11.612+0000] {dagbag.py:540} INFO - Filling up the DagBag from /opt/airflow/dags/init_connections.py
[2025-11-18T10:09:11.695+0000] {processor.py:840} INFO - DAG(s) 'init_connections' retrieved from /opt/airflow/dags/init_connections.py
[2025-11-18T10:09:11.762+0000] {logging_mixin.py:188} INFO - [2025-11-18T10:09:11.761+0000] {dag.py:3096} INFO - Sync 1 DAGs
[2025-11-18T10:09:11.793+0000] {logging_mixin.py:188} INFO - [2025-11-18T10:09:11.792+0000] {dag.py:3954} INFO - Setting next_dagrun for init_connections to None, run_after=None
[2025-11-18T10:09:11.857+0000] {processor.py:183} INFO - Processing /opt/airflow/dags/init_connections.py took 0.274 seconds
[2025-11-18T10:09:42.284+0000] {processor.py:161} INFO - Started process (PID=274) to work on /opt/airflow/dags/init_connections.py
[2025-11-18T10:09:42.287+0000] {processor.py:830} INFO - Processing file /opt/airflow/dags/init_connections.py for tasks to queue
[2025-11-18T10:09:42.290+0000] {logging_mixin.py:188} INFO - [2025-11-18T10:09:42.290+0000] {dagbag.py:540} INFO - Filling up the DagBag from /opt/airflow/dags/init_connections.py
[2025-11-18T10:09:42.333+0000] {processor.py:840} INFO - DAG(s) 'init_connections' retrieved from /opt/airflow/dags/init_connections.py
[2025-11-18T10:09:42.381+0000] {logging_mixin.py:188} INFO - [2025-11-18T10:09:42.380+0000] {dag.py:3096} INFO - Sync 1 DAGs
[2025-11-18T10:09:42.416+0000] {logging_mixin.py:188} INFO - [2025-11-18T10:09:42.416+0000] {dag.py:3954} INFO - Setting next_dagrun for init_connections to None, run_after=None
[2025-11-18T10:09:42.450+0000] {processor.py:183} INFO - Processing /opt/airflow/dags/init_connections.py took 0.177 seconds
[2025-11-18T10:10:12.961+0000] {processor.py:161} INFO - Started process (PID=287) to work on /opt/airflow/dags/init_connections.py
[2025-11-18T10:10:12.963+0000] {processor.py:830} INFO - Processing file /opt/airflow/dags/init_connections.py for tasks to queue
[2025-11-18T10:10:12.975+0000] {logging_mixin.py:188} INFO - [2025-11-18T10:10:12.973+0000] {dagbag.py:540} INFO - Filling up the DagBag from /opt/airflow/dags/init_connections.py
[2025-11-18T10:10:13.024+0000] {processor.py:840} INFO - DAG(s) 'init_connections' retrieved from /opt/airflow/dags/init_connections.py
[2025-11-18T10:10:13.074+0000] {logging_mixin.py:188} INFO - [2025-11-18T10:10:13.074+0000] {dag.py:3096} INFO - Sync 1 DAGs
[2025-11-18T10:10:13.097+0000] {logging_mixin.py:188} INFO - [2025-11-18T10:10:13.097+0000] {dag.py:3954} INFO - Setting next_dagrun for init_connections to None, run_after=None
[2025-11-18T10:10:13.134+0000] {processor.py:183} INFO - Processing /opt/airflow/dags/init_connections.py took 0.190 seconds
[2025-11-18T10:11:20.310+0000] {processor.py:161} INFO - Started process (PID=167) to work on /opt/airflow/dags/init_connections.py
[2025-11-18T10:11:20.313+0000] {processor.py:830} INFO - Processing file /opt/airflow/dags/init_connections.py for tasks to queue
[2025-11-18T10:11:20.318+0000] {logging_mixin.py:188} INFO - [2025-11-18T10:11:20.317+0000] {dagbag.py:540} INFO - Filling up the DagBag from /opt/airflow/dags/init_connections.py
[2025-11-18T10:11:20.691+0000] {processor.py:840} INFO - DAG(s) 'init_connections' retrieved from /opt/airflow/dags/init_connections.py
[2025-11-18T10:11:21.689+0000] {logging_mixin.py:188} INFO - [2025-11-18T10:11:21.687+0000] {override.py:1829} INFO - Created Permission View: can delete on DAG:init_connections
[2025-11-18T10:11:21.730+0000] {logging_mixin.py:188} INFO - [2025-11-18T10:11:21.729+0000] {override.py:1829} INFO - Created Permission View: can read on DAG:init_connections
[2025-11-18T10:11:21.756+0000] {logging_mixin.py:188} INFO - [2025-11-18T10:11:21.753+0000] {override.py:1829} INFO - Created Permission View: can edit on DAG:init_connections
[2025-11-18T10:11:21.760+0000] {logging_mixin.py:188} INFO - [2025-11-18T10:11:21.759+0000] {dag.py:3096} INFO - Sync 1 DAGs
[2025-11-18T10:11:21.805+0000] {logging_mixin.py:188} INFO - [2025-11-18T10:11:21.805+0000] {dag.py:3118} INFO - Creating ORM DAG for init_connections
[2025-11-18T10:11:21.810+0000] {logging_mixin.py:188} INFO - [2025-11-18T10:11:21.810+0000] {dag.py:3954} INFO - Setting next_dagrun for init_connections to None, run_after=None
[2025-11-18T10:11:21.961+0000] {processor.py:183} INFO - Processing /opt/airflow/dags/init_connections.py took 1.671 seconds
[2025-11-18T10:11:52.356+0000] {processor.py:161} INFO - Started process (PID=177) to work on /opt/airflow/dags/init_connections.py
[2025-11-18T10:11:52.358+0000] {processor.py:830} INFO - Processing file /opt/airflow/dags/init_connections.py for tasks to queue
[2025-11-18T10:11:52.362+0000] {logging_mixin.py:188} INFO - [2025-11-18T10:11:52.361+0000] {dagbag.py:540} INFO - Filling up the DagBag from /opt/airflow/dags/init_connections.py
[2025-11-18T10:11:52.394+0000] {processor.py:840} INFO - DAG(s) 'init_connections' retrieved from /opt/airflow/dags/init_connections.py
[2025-11-18T10:11:52.447+0000] {logging_mixin.py:188} INFO - [2025-11-18T10:11:52.447+0000] {dag.py:3096} INFO - Sync 1 DAGs
[2025-11-18T10:11:52.478+0000] {logging_mixin.py:188} INFO - [2025-11-18T10:11:52.477+0000] {dag.py:3954} INFO - Setting next_dagrun for init_connections to None, run_after=None
[2025-11-18T10:11:52.519+0000] {processor.py:183} INFO - Processing /opt/airflow/dags/init_connections.py took 0.173 seconds
[2025-11-18T10:12:23.023+0000] {processor.py:161} INFO - Started process (PID=219) to work on /opt/airflow/dags/init_connections.py
[2025-11-18T10:12:23.025+0000] {processor.py:830} INFO - Processing file /opt/airflow/dags/init_connections.py for tasks to queue
[2025-11-18T10:12:23.031+0000] {logging_mixin.py:188} INFO - [2025-11-18T10:12:23.030+0000] {dagbag.py:540} INFO - Filling up the DagBag from /opt/airflow/dags/init_connections.py
[2025-11-18T10:12:23.082+0000] {processor.py:840} INFO - DAG(s) 'init_connections' retrieved from /opt/airflow/dags/init_connections.py
[2025-11-18T10:12:23.156+0000] {logging_mixin.py:188} INFO - [2025-11-18T10:12:23.155+0000] {dag.py:3096} INFO - Sync 1 DAGs
[2025-11-18T10:12:23.174+0000] {logging_mixin.py:188} INFO - [2025-11-18T10:12:23.174+0000] {dag.py:3954} INFO - Setting next_dagrun for init_connections to None, run_after=None
[2025-11-18T10:12:23.205+0000] {processor.py:183} INFO - Processing /opt/airflow/dags/init_connections.py took 0.193 seconds
[2025-11-18T10:12:53.672+0000] {processor.py:161} INFO - Started process (PID=229) to work on /opt/airflow/dags/init_connections.py
[2025-11-18T10:12:53.673+0000] {processor.py:830} INFO - Processing file /opt/airflow/dags/init_connections.py for tasks to queue
[2025-11-18T10:12:53.675+0000] {logging_mixin.py:188} INFO - [2025-11-18T10:12:53.675+0000] {dagbag.py:540} INFO - Filling up the DagBag from /opt/airflow/dags/init_connections.py
[2025-11-18T10:12:53.701+0000] {processor.py:840} INFO - DAG(s) 'init_connections' retrieved from /opt/airflow/dags/init_connections.py
[2025-11-18T10:12:53.736+0000] {logging_mixin.py:188} INFO - [2025-11-18T10:12:53.736+0000] {dag.py:3096} INFO - Sync 1 DAGs
[2025-11-18T10:12:53.751+0000] {logging_mixin.py:188} INFO - [2025-11-18T10:12:53.751+0000] {dag.py:3954} INFO - Setting next_dagrun for init_connections to None, run_after=None
[2025-11-18T10:12:53.778+0000] {processor.py:183} INFO - Processing /opt/airflow/dags/init_connections.py took 0.114 seconds
[2025-11-18T10:14:03.055+0000] {processor.py:161} INFO - Started process (PID=168) to work on /opt/airflow/dags/init_connections.py
[2025-11-18T10:14:03.057+0000] {processor.py:830} INFO - Processing file /opt/airflow/dags/init_connections.py for tasks to queue
[2025-11-18T10:14:03.060+0000] {logging_mixin.py:188} INFO - [2025-11-18T10:14:03.060+0000] {dagbag.py:540} INFO - Filling up the DagBag from /opt/airflow/dags/init_connections.py
[2025-11-18T10:14:03.103+0000] {processor.py:840} INFO - DAG(s) 'init_connections' retrieved from /opt/airflow/dags/init_connections.py
[2025-11-18T10:14:03.560+0000] {logging_mixin.py:188} INFO - [2025-11-18T10:14:03.559+0000] {override.py:1829} INFO - Created Permission View: can edit on DAG:init_connections
[2025-11-18T10:14:03.577+0000] {logging_mixin.py:188} INFO - [2025-11-18T10:14:03.577+0000] {override.py:1829} INFO - Created Permission View: can read on DAG:init_connections
[2025-11-18T10:14:03.589+0000] {logging_mixin.py:188} INFO - [2025-11-18T10:14:03.589+0000] {override.py:1829} INFO - Created Permission View: can delete on DAG:init_connections
[2025-11-18T10:14:03.591+0000] {logging_mixin.py:188} INFO - [2025-11-18T10:14:03.590+0000] {dag.py:3096} INFO - Sync 1 DAGs
[2025-11-18T10:14:03.615+0000] {logging_mixin.py:188} INFO - [2025-11-18T10:14:03.614+0000] {dag.py:3118} INFO - Creating ORM DAG for init_connections
[2025-11-18T10:14:03.616+0000] {logging_mixin.py:188} INFO - [2025-11-18T10:14:03.616+0000] {dag.py:3954} INFO - Setting next_dagrun for init_connections to None, run_after=None
[2025-11-18T10:14:03.659+0000] {processor.py:183} INFO - Processing /opt/airflow/dags/init_connections.py took 0.615 seconds
[2025-11-18T10:14:34.055+0000] {processor.py:161} INFO - Started process (PID=178) to work on /opt/airflow/dags/init_connections.py
[2025-11-18T10:14:34.057+0000] {processor.py:830} INFO - Processing file /opt/airflow/dags/init_connections.py for tasks to queue
[2025-11-18T10:14:34.060+0000] {logging_mixin.py:188} INFO - [2025-11-18T10:14:34.060+0000] {dagbag.py:540} INFO - Filling up the DagBag from /opt/airflow/dags/init_connections.py
[2025-11-18T10:14:34.086+0000] {processor.py:840} INFO - DAG(s) 'init_connections' retrieved from /opt/airflow/dags/init_connections.py
[2025-11-18T10:14:34.128+0000] {logging_mixin.py:188} INFO - [2025-11-18T10:14:34.127+0000] {dag.py:3096} INFO - Sync 1 DAGs
[2025-11-18T10:14:34.147+0000] {logging_mixin.py:188} INFO - [2025-11-18T10:14:34.147+0000] {dag.py:3954} INFO - Setting next_dagrun for init_connections to None, run_after=None
[2025-11-18T10:14:34.180+0000] {processor.py:183} INFO - Processing /opt/airflow/dags/init_connections.py took 0.135 seconds
[2025-11-18T10:15:04.449+0000] {processor.py:161} INFO - Started process (PID=188) to work on /opt/airflow/dags/init_connections.py
[2025-11-18T10:15:04.451+0000] {processor.py:830} INFO - Processing file /opt/airflow/dags/init_connections.py for tasks to queue
[2025-11-18T10:15:04.458+0000] {logging_mixin.py:188} INFO - [2025-11-18T10:15:04.457+0000] {dagbag.py:540} INFO - Filling up the DagBag from /opt/airflow/dags/init_connections.py
[2025-11-18T10:15:04.485+0000] {processor.py:840} INFO - DAG(s) 'init_connections' retrieved from /opt/airflow/dags/init_connections.py
[2025-11-18T10:15:04.527+0000] {logging_mixin.py:188} INFO - [2025-11-18T10:15:04.527+0000] {dag.py:3096} INFO - Sync 1 DAGs
[2025-11-18T10:15:04.544+0000] {logging_mixin.py:188} INFO - [2025-11-18T10:15:04.544+0000] {dag.py:3954} INFO - Setting next_dagrun for init_connections to None, run_after=None
[2025-11-18T10:15:04.577+0000] {processor.py:183} INFO - Processing /opt/airflow/dags/init_connections.py took 0.138 seconds
[2025-11-18T10:15:35.004+0000] {processor.py:161} INFO - Started process (PID=198) to work on /opt/airflow/dags/init_connections.py
[2025-11-18T10:15:35.007+0000] {processor.py:830} INFO - Processing file /opt/airflow/dags/init_connections.py for tasks to queue
[2025-11-18T10:15:35.011+0000] {logging_mixin.py:188} INFO - [2025-11-18T10:15:35.010+0000] {dagbag.py:540} INFO - Filling up the DagBag from /opt/airflow/dags/init_connections.py
[2025-11-18T10:15:35.053+0000] {processor.py:840} INFO - DAG(s) 'init_connections' retrieved from /opt/airflow/dags/init_connections.py
[2025-11-18T10:15:35.101+0000] {logging_mixin.py:188} INFO - [2025-11-18T10:15:35.101+0000] {dag.py:3096} INFO - Sync 1 DAGs
[2025-11-18T10:15:35.130+0000] {logging_mixin.py:188} INFO - [2025-11-18T10:15:35.129+0000] {dag.py:3954} INFO - Setting next_dagrun for init_connections to None, run_after=None
[2025-11-18T10:15:35.236+0000] {processor.py:183} INFO - Processing /opt/airflow/dags/init_connections.py took 0.241 seconds
[2025-11-18T10:16:05.705+0000] {processor.py:161} INFO - Started process (PID=208) to work on /opt/airflow/dags/init_connections.py
[2025-11-18T10:16:05.706+0000] {processor.py:830} INFO - Processing file /opt/airflow/dags/init_connections.py for tasks to queue
[2025-11-18T10:16:05.711+0000] {logging_mixin.py:188} INFO - [2025-11-18T10:16:05.710+0000] {dagbag.py:540} INFO - Filling up the DagBag from /opt/airflow/dags/init_connections.py
[2025-11-18T10:16:05.762+0000] {processor.py:840} INFO - DAG(s) 'init_connections' retrieved from /opt/airflow/dags/init_connections.py
[2025-11-18T10:16:05.822+0000] {logging_mixin.py:188} INFO - [2025-11-18T10:16:05.822+0000] {dag.py:3096} INFO - Sync 1 DAGs
[2025-11-18T10:16:05.842+0000] {logging_mixin.py:188} INFO - [2025-11-18T10:16:05.842+0000] {dag.py:3954} INFO - Setting next_dagrun for init_connections to None, run_after=None
[2025-11-18T10:16:05.871+0000] {processor.py:183} INFO - Processing /opt/airflow/dags/init_connections.py took 0.174 seconds
[2025-11-18T10:16:36.087+0000] {processor.py:161} INFO - Started process (PID=218) to work on /opt/airflow/dags/init_connections.py
[2025-11-18T10:16:36.089+0000] {processor.py:830} INFO - Processing file /opt/airflow/dags/init_connections.py for tasks to queue
[2025-11-18T10:16:36.093+0000] {logging_mixin.py:188} INFO - [2025-11-18T10:16:36.092+0000] {dagbag.py:540} INFO - Filling up the DagBag from /opt/airflow/dags/init_connections.py
[2025-11-18T10:16:36.151+0000] {processor.py:840} INFO - DAG(s) 'init_connections' retrieved from /opt/airflow/dags/init_connections.py
[2025-11-18T10:16:36.247+0000] {logging_mixin.py:188} INFO - [2025-11-18T10:16:36.246+0000] {dag.py:3096} INFO - Sync 1 DAGs
[2025-11-18T10:16:36.288+0000] {logging_mixin.py:188} INFO - [2025-11-18T10:16:36.288+0000] {dag.py:3954} INFO - Setting next_dagrun for init_connections to None, run_after=None
[2025-11-18T10:16:36.321+0000] {processor.py:183} INFO - Processing /opt/airflow/dags/init_connections.py took 0.243 seconds
[2025-11-18T10:17:06.788+0000] {processor.py:161} INFO - Started process (PID=228) to work on /opt/airflow/dags/init_connections.py
[2025-11-18T10:17:06.790+0000] {processor.py:830} INFO - Processing file /opt/airflow/dags/init_connections.py for tasks to queue
[2025-11-18T10:17:06.793+0000] {logging_mixin.py:188} INFO - [2025-11-18T10:17:06.792+0000] {dagbag.py:540} INFO - Filling up the DagBag from /opt/airflow/dags/init_connections.py
[2025-11-18T10:17:06.817+0000] {processor.py:840} INFO - DAG(s) 'init_connections' retrieved from /opt/airflow/dags/init_connections.py
[2025-11-18T10:17:06.849+0000] {logging_mixin.py:188} INFO - [2025-11-18T10:17:06.849+0000] {dag.py:3096} INFO - Sync 1 DAGs
[2025-11-18T10:17:06.867+0000] {logging_mixin.py:188} INFO - [2025-11-18T10:17:06.867+0000] {dag.py:3954} INFO - Setting next_dagrun for init_connections to None, run_after=None
[2025-11-18T10:17:06.898+0000] {processor.py:183} INFO - Processing /opt/airflow/dags/init_connections.py took 0.117 seconds
[2025-11-18T10:17:37.369+0000] {processor.py:161} INFO - Started process (PID=238) to work on /opt/airflow/dags/init_connections.py
[2025-11-18T10:17:37.371+0000] {processor.py:830} INFO - Processing file /opt/airflow/dags/init_connections.py for tasks to queue
[2025-11-18T10:17:37.373+0000] {logging_mixin.py:188} INFO - [2025-11-18T10:17:37.373+0000] {dagbag.py:540} INFO - Filling up the DagBag from /opt/airflow/dags/init_connections.py
[2025-11-18T10:17:37.398+0000] {processor.py:840} INFO - DAG(s) 'init_connections' retrieved from /opt/airflow/dags/init_connections.py
[2025-11-18T10:17:37.431+0000] {logging_mixin.py:188} INFO - [2025-11-18T10:17:37.431+0000] {dag.py:3096} INFO - Sync 1 DAGs
[2025-11-18T10:17:37.447+0000] {logging_mixin.py:188} INFO - [2025-11-18T10:17:37.447+0000] {dag.py:3954} INFO - Setting next_dagrun for init_connections to None, run_after=None
[2025-11-18T10:17:37.477+0000] {processor.py:183} INFO - Processing /opt/airflow/dags/init_connections.py took 0.115 seconds
[2025-11-18T10:18:07.794+0000] {processor.py:161} INFO - Started process (PID=248) to work on /opt/airflow/dags/init_connections.py
[2025-11-18T10:18:07.795+0000] {processor.py:830} INFO - Processing file /opt/airflow/dags/init_connections.py for tasks to queue
[2025-11-18T10:18:07.797+0000] {logging_mixin.py:188} INFO - [2025-11-18T10:18:07.797+0000] {dagbag.py:540} INFO - Filling up the DagBag from /opt/airflow/dags/init_connections.py
[2025-11-18T10:18:07.832+0000] {processor.py:840} INFO - DAG(s) 'init_connections' retrieved from /opt/airflow/dags/init_connections.py
[2025-11-18T10:18:07.866+0000] {logging_mixin.py:188} INFO - [2025-11-18T10:18:07.865+0000] {dag.py:3096} INFO - Sync 1 DAGs
[2025-11-18T10:18:07.881+0000] {logging_mixin.py:188} INFO - [2025-11-18T10:18:07.881+0000] {dag.py:3954} INFO - Setting next_dagrun for init_connections to None, run_after=None
[2025-11-18T10:18:07.909+0000] {processor.py:183} INFO - Processing /opt/airflow/dags/init_connections.py took 0.123 seconds
[2025-11-18T10:18:38.238+0000] {processor.py:161} INFO - Started process (PID=258) to work on /opt/airflow/dags/init_connections.py
[2025-11-18T10:18:38.239+0000] {processor.py:830} INFO - Processing file /opt/airflow/dags/init_connections.py for tasks to queue
[2025-11-18T10:18:38.242+0000] {logging_mixin.py:188} INFO - [2025-11-18T10:18:38.241+0000] {dagbag.py:540} INFO - Filling up the DagBag from /opt/airflow/dags/init_connections.py
[2025-11-18T10:18:38.271+0000] {processor.py:840} INFO - DAG(s) 'init_connections' retrieved from /opt/airflow/dags/init_connections.py
[2025-11-18T10:18:38.311+0000] {logging_mixin.py:188} INFO - [2025-11-18T10:18:38.310+0000] {dag.py:3096} INFO - Sync 1 DAGs
[2025-11-18T10:18:38.329+0000] {logging_mixin.py:188} INFO - [2025-11-18T10:18:38.329+0000] {dag.py:3954} INFO - Setting next_dagrun for init_connections to None, run_after=None
[2025-11-18T10:18:38.381+0000] {processor.py:183} INFO - Processing /opt/airflow/dags/init_connections.py took 0.151 seconds
[2025-11-18T10:19:03.832+0000] {processor.py:161} INFO - Started process (PID=265) to work on /opt/airflow/dags/init_connections.py
[2025-11-18T10:19:03.834+0000] {processor.py:830} INFO - Processing file /opt/airflow/dags/init_connections.py for tasks to queue
[2025-11-18T10:19:03.837+0000] {logging_mixin.py:188} INFO - [2025-11-18T10:19:03.837+0000] {dagbag.py:540} INFO - Filling up the DagBag from /opt/airflow/dags/init_connections.py
[2025-11-18T10:19:03.897+0000] {processor.py:840} INFO - DAG(s) 'init_connections' retrieved from /opt/airflow/dags/init_connections.py
[2025-11-18T10:19:03.941+0000] {logging_mixin.py:188} INFO - [2025-11-18T10:19:03.941+0000] {dag.py:3096} INFO - Sync 1 DAGs
[2025-11-18T10:19:03.961+0000] {logging_mixin.py:188} INFO - [2025-11-18T10:19:03.961+0000] {dag.py:3954} INFO - Setting next_dagrun for init_connections to None, run_after=None
[2025-11-18T10:19:03.997+0000] {processor.py:183} INFO - Processing /opt/airflow/dags/init_connections.py took 0.174 seconds
[2025-11-18T10:19:22.755+0000] {processor.py:161} INFO - Started process (PID=163) to work on /opt/airflow/dags/init_connections.py
[2025-11-18T10:19:22.757+0000] {processor.py:830} INFO - Processing file /opt/airflow/dags/init_connections.py for tasks to queue
[2025-11-18T10:19:22.760+0000] {logging_mixin.py:188} INFO - [2025-11-18T10:19:22.760+0000] {dagbag.py:540} INFO - Filling up the DagBag from /opt/airflow/dags/init_connections.py
[2025-11-18T10:19:22.801+0000] {processor.py:840} INFO - DAG(s) 'init_connections' retrieved from /opt/airflow/dags/init_connections.py
[2025-11-18T10:19:22.908+0000] {logging_mixin.py:188} INFO - [2025-11-18T10:19:22.908+0000] {dag.py:3096} INFO - Sync 1 DAGs
[2025-11-18T10:19:22.934+0000] {logging_mixin.py:188} INFO - [2025-11-18T10:19:22.934+0000] {dag.py:3954} INFO - Setting next_dagrun for init_connections to None, run_after=None
[2025-11-18T10:19:22.973+0000] {processor.py:183} INFO - Processing /opt/airflow/dags/init_connections.py took 0.228 seconds
[2025-11-18T10:19:53.440+0000] {processor.py:161} INFO - Started process (PID=174) to work on /opt/airflow/dags/init_connections.py
[2025-11-18T10:19:53.441+0000] {processor.py:830} INFO - Processing file /opt/airflow/dags/init_connections.py for tasks to queue
[2025-11-18T10:19:53.443+0000] {logging_mixin.py:188} INFO - [2025-11-18T10:19:53.443+0000] {dagbag.py:540} INFO - Filling up the DagBag from /opt/airflow/dags/init_connections.py
[2025-11-18T10:19:53.467+0000] {processor.py:840} INFO - DAG(s) 'init_connections' retrieved from /opt/airflow/dags/init_connections.py
[2025-11-18T10:19:53.500+0000] {logging_mixin.py:188} INFO - [2025-11-18T10:19:53.500+0000] {dag.py:3096} INFO - Sync 1 DAGs
[2025-11-18T10:19:53.530+0000] {logging_mixin.py:188} INFO - [2025-11-18T10:19:53.530+0000] {dag.py:3954} INFO - Setting next_dagrun for init_connections to None, run_after=None
[2025-11-18T10:19:53.588+0000] {processor.py:183} INFO - Processing /opt/airflow/dags/init_connections.py took 0.157 seconds
[2025-11-18T10:20:24.014+0000] {processor.py:161} INFO - Started process (PID=184) to work on /opt/airflow/dags/init_connections.py
[2025-11-18T10:20:24.016+0000] {processor.py:830} INFO - Processing file /opt/airflow/dags/init_connections.py for tasks to queue
[2025-11-18T10:20:24.018+0000] {logging_mixin.py:188} INFO - [2025-11-18T10:20:24.018+0000] {dagbag.py:540} INFO - Filling up the DagBag from /opt/airflow/dags/init_connections.py
[2025-11-18T10:20:24.046+0000] {processor.py:840} INFO - DAG(s) 'init_connections' retrieved from /opt/airflow/dags/init_connections.py
[2025-11-18T10:20:24.081+0000] {logging_mixin.py:188} INFO - [2025-11-18T10:20:24.081+0000] {dag.py:3096} INFO - Sync 1 DAGs
[2025-11-18T10:20:24.097+0000] {logging_mixin.py:188} INFO - [2025-11-18T10:20:24.097+0000] {dag.py:3954} INFO - Setting next_dagrun for init_connections to None, run_after=None
[2025-11-18T10:20:24.126+0000] {processor.py:183} INFO - Processing /opt/airflow/dags/init_connections.py took 0.120 seconds
[2025-11-18T10:20:54.562+0000] {processor.py:161} INFO - Started process (PID=194) to work on /opt/airflow/dags/init_connections.py
[2025-11-18T10:20:54.563+0000] {processor.py:830} INFO - Processing file /opt/airflow/dags/init_connections.py for tasks to queue
[2025-11-18T10:20:54.566+0000] {logging_mixin.py:188} INFO - [2025-11-18T10:20:54.565+0000] {dagbag.py:540} INFO - Filling up the DagBag from /opt/airflow/dags/init_connections.py
[2025-11-18T10:20:54.598+0000] {processor.py:840} INFO - DAG(s) 'init_connections' retrieved from /opt/airflow/dags/init_connections.py
[2025-11-18T10:20:54.643+0000] {logging_mixin.py:188} INFO - [2025-11-18T10:20:54.642+0000] {dag.py:3096} INFO - Sync 1 DAGs
[2025-11-18T10:20:54.660+0000] {logging_mixin.py:188} INFO - [2025-11-18T10:20:54.659+0000] {dag.py:3954} INFO - Setting next_dagrun for init_connections to None, run_after=None
[2025-11-18T10:20:54.687+0000] {processor.py:183} INFO - Processing /opt/airflow/dags/init_connections.py took 0.136 seconds
[2025-11-18T10:21:25.174+0000] {processor.py:161} INFO - Started process (PID=204) to work on /opt/airflow/dags/init_connections.py
[2025-11-18T10:21:25.175+0000] {processor.py:830} INFO - Processing file /opt/airflow/dags/init_connections.py for tasks to queue
[2025-11-18T10:21:25.177+0000] {logging_mixin.py:188} INFO - [2025-11-18T10:21:25.177+0000] {dagbag.py:540} INFO - Filling up the DagBag from /opt/airflow/dags/init_connections.py
[2025-11-18T10:21:25.201+0000] {processor.py:840} INFO - DAG(s) 'init_connections' retrieved from /opt/airflow/dags/init_connections.py
[2025-11-18T10:21:25.237+0000] {logging_mixin.py:188} INFO - [2025-11-18T10:21:25.236+0000] {dag.py:3096} INFO - Sync 1 DAGs
[2025-11-18T10:21:25.251+0000] {logging_mixin.py:188} INFO - [2025-11-18T10:21:25.251+0000] {dag.py:3954} INFO - Setting next_dagrun for init_connections to None, run_after=None
[2025-11-18T10:21:25.283+0000] {processor.py:183} INFO - Processing /opt/airflow/dags/init_connections.py took 0.117 seconds
[2025-11-18T10:21:55.730+0000] {processor.py:161} INFO - Started process (PID=214) to work on /opt/airflow/dags/init_connections.py
[2025-11-18T10:21:55.732+0000] {processor.py:830} INFO - Processing file /opt/airflow/dags/init_connections.py for tasks to queue
[2025-11-18T10:21:55.735+0000] {logging_mixin.py:188} INFO - [2025-11-18T10:21:55.734+0000] {dagbag.py:540} INFO - Filling up the DagBag from /opt/airflow/dags/init_connections.py
[2025-11-18T10:21:55.771+0000] {processor.py:840} INFO - DAG(s) 'init_connections' retrieved from /opt/airflow/dags/init_connections.py
[2025-11-18T10:21:55.819+0000] {logging_mixin.py:188} INFO - [2025-11-18T10:21:55.819+0000] {dag.py:3096} INFO - Sync 1 DAGs
[2025-11-18T10:21:55.839+0000] {logging_mixin.py:188} INFO - [2025-11-18T10:21:55.839+0000] {dag.py:3954} INFO - Setting next_dagrun for init_connections to None, run_after=None
[2025-11-18T10:21:55.866+0000] {processor.py:183} INFO - Processing /opt/airflow/dags/init_connections.py took 0.146 seconds
[2025-11-18T10:22:26.316+0000] {processor.py:161} INFO - Started process (PID=224) to work on /opt/airflow/dags/init_connections.py
[2025-11-18T10:22:26.318+0000] {processor.py:830} INFO - Processing file /opt/airflow/dags/init_connections.py for tasks to queue
[2025-11-18T10:22:26.321+0000] {logging_mixin.py:188} INFO - [2025-11-18T10:22:26.320+0000] {dagbag.py:540} INFO - Filling up the DagBag from /opt/airflow/dags/init_connections.py
[2025-11-18T10:22:26.348+0000] {processor.py:840} INFO - DAG(s) 'init_connections' retrieved from /opt/airflow/dags/init_connections.py
[2025-11-18T10:22:26.393+0000] {logging_mixin.py:188} INFO - [2025-11-18T10:22:26.392+0000] {dag.py:3096} INFO - Sync 1 DAGs
[2025-11-18T10:22:26.420+0000] {logging_mixin.py:188} INFO - [2025-11-18T10:22:26.419+0000] {dag.py:3954} INFO - Setting next_dagrun for init_connections to None, run_after=None
[2025-11-18T10:22:26.463+0000] {processor.py:183} INFO - Processing /opt/airflow/dags/init_connections.py took 0.155 seconds
[2025-11-18T10:22:56.837+0000] {processor.py:161} INFO - Started process (PID=234) to work on /opt/airflow/dags/init_connections.py
[2025-11-18T10:22:56.839+0000] {processor.py:830} INFO - Processing file /opt/airflow/dags/init_connections.py for tasks to queue
[2025-11-18T10:22:56.841+0000] {logging_mixin.py:188} INFO - [2025-11-18T10:22:56.840+0000] {dagbag.py:540} INFO - Filling up the DagBag from /opt/airflow/dags/init_connections.py
[2025-11-18T10:22:56.867+0000] {processor.py:840} INFO - DAG(s) 'init_connections' retrieved from /opt/airflow/dags/init_connections.py
[2025-11-18T10:22:56.919+0000] {logging_mixin.py:188} INFO - [2025-11-18T10:22:56.918+0000] {dag.py:3096} INFO - Sync 1 DAGs
[2025-11-18T10:22:56.938+0000] {logging_mixin.py:188} INFO - [2025-11-18T10:22:56.938+0000] {dag.py:3954} INFO - Setting next_dagrun for init_connections to None, run_after=None
[2025-11-18T10:22:56.969+0000] {processor.py:183} INFO - Processing /opt/airflow/dags/init_connections.py took 0.142 seconds
[2025-11-18T10:23:27.300+0000] {processor.py:161} INFO - Started process (PID=244) to work on /opt/airflow/dags/init_connections.py
[2025-11-18T10:23:27.301+0000] {processor.py:830} INFO - Processing file /opt/airflow/dags/init_connections.py for tasks to queue
[2025-11-18T10:23:27.304+0000] {logging_mixin.py:188} INFO - [2025-11-18T10:23:27.304+0000] {dagbag.py:540} INFO - Filling up the DagBag from /opt/airflow/dags/init_connections.py
[2025-11-18T10:23:27.342+0000] {processor.py:840} INFO - DAG(s) 'init_connections' retrieved from /opt/airflow/dags/init_connections.py
[2025-11-18T10:23:27.398+0000] {logging_mixin.py:188} INFO - [2025-11-18T10:23:27.397+0000] {dag.py:3096} INFO - Sync 1 DAGs
[2025-11-18T10:23:27.424+0000] {logging_mixin.py:188} INFO - [2025-11-18T10:23:27.423+0000] {dag.py:3954} INFO - Setting next_dagrun for init_connections to None, run_after=None
[2025-11-18T10:23:27.460+0000] {processor.py:183} INFO - Processing /opt/airflow/dags/init_connections.py took 0.172 seconds
[2025-11-18T10:23:57.787+0000] {processor.py:161} INFO - Started process (PID=254) to work on /opt/airflow/dags/init_connections.py
[2025-11-18T10:23:57.789+0000] {processor.py:830} INFO - Processing file /opt/airflow/dags/init_connections.py for tasks to queue
[2025-11-18T10:23:57.792+0000] {logging_mixin.py:188} INFO - [2025-11-18T10:23:57.791+0000] {dagbag.py:540} INFO - Filling up the DagBag from /opt/airflow/dags/init_connections.py
[2025-11-18T10:23:57.834+0000] {processor.py:840} INFO - DAG(s) 'init_connections' retrieved from /opt/airflow/dags/init_connections.py
[2025-11-18T10:23:57.874+0000] {logging_mixin.py:188} INFO - [2025-11-18T10:23:57.874+0000] {dag.py:3096} INFO - Sync 1 DAGs
[2025-11-18T10:23:57.893+0000] {logging_mixin.py:188} INFO - [2025-11-18T10:23:57.892+0000] {dag.py:3954} INFO - Setting next_dagrun for init_connections to None, run_after=None
[2025-11-18T10:23:57.926+0000] {processor.py:183} INFO - Processing /opt/airflow/dags/init_connections.py took 0.149 seconds
[2025-11-18T10:24:28.344+0000] {processor.py:161} INFO - Started process (PID=264) to work on /opt/airflow/dags/init_connections.py
[2025-11-18T10:24:28.346+0000] {processor.py:830} INFO - Processing file /opt/airflow/dags/init_connections.py for tasks to queue
[2025-11-18T10:24:28.349+0000] {logging_mixin.py:188} INFO - [2025-11-18T10:24:28.348+0000] {dagbag.py:540} INFO - Filling up the DagBag from /opt/airflow/dags/init_connections.py
[2025-11-18T10:24:28.381+0000] {processor.py:840} INFO - DAG(s) 'init_connections' retrieved from /opt/airflow/dags/init_connections.py
[2025-11-18T10:24:28.423+0000] {logging_mixin.py:188} INFO - [2025-11-18T10:24:28.423+0000] {dag.py:3096} INFO - Sync 1 DAGs
[2025-11-18T10:24:28.441+0000] {logging_mixin.py:188} INFO - [2025-11-18T10:24:28.441+0000] {dag.py:3954} INFO - Setting next_dagrun for init_connections to None, run_after=None
[2025-11-18T10:24:28.474+0000] {processor.py:183} INFO - Processing /opt/airflow/dags/init_connections.py took 0.138 seconds
[2025-11-18T10:24:58.859+0000] {processor.py:161} INFO - Started process (PID=274) to work on /opt/airflow/dags/init_connections.py
[2025-11-18T10:24:58.861+0000] {processor.py:830} INFO - Processing file /opt/airflow/dags/init_connections.py for tasks to queue
[2025-11-18T10:24:58.864+0000] {logging_mixin.py:188} INFO - [2025-11-18T10:24:58.864+0000] {dagbag.py:540} INFO - Filling up the DagBag from /opt/airflow/dags/init_connections.py
[2025-11-18T10:24:58.900+0000] {processor.py:840} INFO - DAG(s) 'init_connections' retrieved from /opt/airflow/dags/init_connections.py
[2025-11-18T10:24:58.945+0000] {logging_mixin.py:188} INFO - [2025-11-18T10:24:58.945+0000] {dag.py:3096} INFO - Sync 1 DAGs
[2025-11-18T10:24:58.967+0000] {logging_mixin.py:188} INFO - [2025-11-18T10:24:58.966+0000] {dag.py:3954} INFO - Setting next_dagrun for init_connections to None, run_after=None
[2025-11-18T10:24:59.003+0000] {processor.py:183} INFO - Processing /opt/airflow/dags/init_connections.py took 0.154 seconds
