[2025-11-19T12:21:10.034+0000] {local_task_job_runner.py:120} INFO - ::group::Pre task execution logs
[2025-11-19T12:21:10.197+0000] {taskinstance.py:2073} INFO - Dependencies all met for dep_context=non-requeueable deps ti=<TaskInstance: cbr_daily_to_raw.load_cbr_daily_for_date scheduled__2025-07-29T21:00:00+00:00 [queued]>
[2025-11-19T12:21:10.225+0000] {taskinstance.py:2073} INFO - Dependencies all met for dep_context=requeueable deps ti=<TaskInstance: cbr_daily_to_raw.load_cbr_daily_for_date scheduled__2025-07-29T21:00:00+00:00 [queued]>
[2025-11-19T12:21:10.234+0000] {taskinstance.py:2303} INFO - Starting attempt 1 of 2
[2025-11-19T12:21:10.292+0000] {taskinstance.py:2327} INFO - Executing <Task(_PythonDecoratedOperator): load_cbr_daily_for_date> on 2025-07-29 21:00:00+00:00
[2025-11-19T12:21:10.333+0000] {logging_mixin.py:188} WARNING - /home/***/.local/lib/python3.12/site-packages/***/task/task_runner/standard_task_runner.py:61 DeprecationWarning: This process (pid=398) is multi-threaded, use of fork() may lead to deadlocks in the child.
[2025-11-19T12:21:10.345+0000] {standard_task_runner.py:63} INFO - Started process 403 to run task
[2025-11-19T12:21:10.347+0000] {standard_task_runner.py:90} INFO - Running: ['***', 'tasks', 'run', 'cbr_daily_to_raw', 'load_cbr_daily_for_date', 'scheduled__2025-07-29T21:00:00+00:00', '--job-id', '75', '--raw', '--subdir', 'DAGS_FOLDER/cbr_daily_to_raw.py', '--cfg-path', '/tmp/tmpkvkhnewt']
[2025-11-19T12:21:10.356+0000] {standard_task_runner.py:91} INFO - Job 75: Subtask load_cbr_daily_for_date
[2025-11-19T12:21:10.669+0000] {task_command.py:426} INFO - Running <TaskInstance: cbr_daily_to_raw.load_cbr_daily_for_date scheduled__2025-07-29T21:00:00+00:00 [running]> on host 2d463c30b66e
[2025-11-19T12:21:11.269+0000] {taskinstance.py:2644} INFO - Exporting env vars: AIRFLOW_CTX_DAG_OWNER='***' AIRFLOW_CTX_DAG_ID='cbr_daily_to_raw' AIRFLOW_CTX_TASK_ID='load_cbr_daily_for_date' AIRFLOW_CTX_EXECUTION_DATE='2025-07-29T21:00:00+00:00' AIRFLOW_CTX_TRY_NUMBER='1' AIRFLOW_CTX_DAG_RUN_ID='scheduled__2025-07-29T21:00:00+00:00'
[2025-11-19T12:21:11.275+0000] {taskinstance.py:430} INFO - ::endgroup::
[2025-11-19T12:21:12.588+0000] {base.py:84} INFO - Using connection ID 'raw_postgres' for task execution.
[2025-11-19T12:21:12.622+0000] {sql.py:457} INFO - Running statement: 
            INSERT INTO raw.cbr_daily_xml (rate_date, payload)
            VALUES (%s, %s::xml)
            ON CONFLICT (rate_date) DO UPDATE
              SET payload = EXCLUDED.payload,
                  load_ts = now();
            , parameters: (Date(2025, 7, 29), '<?xml version="1.0" encoding="windows-1251"?><ValCurs Date="29.07.2025" name="Foreign Currency Market"><Valute ID="R01010"><NumCode>036</NumCode><CharCode>AUD</CharCode><Nominal>1</Nominal><Name>Австралийский доллар</Name><Value>52,2351</Value><VunitRate>52,2351</VunitRate></Valute><Valute ID="R01020A"><NumCode>944</NumCode><CharCode>AZN</CharCode><Nominal>1</Nominal><Name>Азербайджанский манат</Name><Value>46,8107</Value><VunitRate>46,8107</VunitRate></Valute><Valute ID="R01030"><NumCode>012</NumCode><CharCode>DZD</CharCode><Nominal>100</Nominal><Name>Алжирских динаров</Name><Value>61,3523</Value><VunitRate>0,613523</VunitRate></Valute><Valute ID="R01035"><NumCode>826</NumCode><CharCode>GBP</CharCode><Nominal>1</Nominal><Name>Фунт стерлингов</Name><Value>106,8735</Value><VunitRate>106,8735</VunitRate></Valute><Valute ID="R01060"><NumCode>051</NumCode><CharCode>AMD</CharCode><Nominal>100</Nominal><Name>Армянских драмов</Name><Value>20,7359</Value><VunitRate>0,207359</VunitRate></Valute><Valute ID="R01080"><NumCode>048</NumCode><CharCode>BHD</CharCode><Nominal>1</Nominal><Name>Бахрейнский динар</Name><Value>211,5984</Value><VunitRate>211,5984</VunitRate></Valute><Valute ID="R01090B"><NumCode>933</NumCode><CharCode>BYN</CharCode><Nominal>1</Nominal><Name>Белорусский рубль</Name><Value>26,9300</Value><VunitRate>26,93</VunitRate></Valute><Valute ID="R01100"><NumCode>975</NumCode><CharCode>BGN</CharCode><Nominal>1</Nominal><Name>Болгарский лев</Name><Value>47,7022</Value><VunitRate>47,7022</VunitRate></Valute><Valute ID="R01105"><NumCode>068</NumCode><CharCode>BOB</CharCode><Nominal>1</Nominal><Name>Боливиано</Name><Value>11,5164</Value><VunitRate>11,5164</VunitRate></Valute><Valute ID="R01115"><NumCode>986</NumCode><CharCode>BRL</CharCode><Nominal>1</Nominal><Name>Бразильский реал</Name><Value>14,3583</Value><VunitRate>14,3583</VunitRate></Valute><Valute ID="R01135"><NumCode>348</NumCode><CharCode>HUF</CharCode><Nominal>100</Nominal><Name>Форинтов</Name><Value>23,3950</Value><VunitRate>0,23395</VunitRate></Valute><Valute ID="R01150"><NumCode>704</NumCode><CharCode>VND</CharCode><Nominal>10000</Nominal><Name>Донгов</Name><Value>31,6012</Value><VunitRate>0,00316012</VunitRate></Valute><Valute ID="R01200"><NumCode>344</NumCode><CharCode>HKD</CharCode><Nominal>1</Nominal><Name>Гонконгский доллар</Name><Value>10,1555</Value><VunitRate>10,1555</VunitRate></Valute><Valute ID="R01210"><NumCode>981</NumCode><CharCode>GEL</CharCode><Nominal>1</Nominal><Name>Лари</Name><Value>29,3798</Value><VunitRate>29,3798</VunitRate></Valute><Valute ID="R01215"><NumCode>208</NumCode><CharCode>DKK</CharCode><Nominal>1</Nominal><Name>Датская крона</Name><Value>12,4989</Value><VunitRate>12,4989</VunitRate></Valute><Valute ID="R01230"><NumCode>784</NumCode><CharCode>AED</CharCode><Nominal>1</Nominal><Name>Дирхам ОАЭ</Name><Value>21,6687</Value><VunitRate>21,6687</VunitRate></Valute><Valute ID="R01235"><NumCode>840</NumCode><CharCode>USD</CharCode><Nominal>1</Nominal><Name>Доллар США</Name><Value>79,5782</Value><VunitRate>79,5782</VunitRate></Valute><Valute ID="R01239"><NumCode>978</NumCode><CharCode>EUR</CharCode><Nominal>1</Nominal><Name>Евро</Name><Value>93,2060</Value><VunitRate>93,206</VunitRate></Valute><Valute ID="R01240"><NumCode>818</NumCode><CharCode>EGP</CharCode><Nominal>10</Nominal><Name>Египетских фунтов</Name><Value>16,3159</Value><VunitRate>1,63159</VunitRate></Valute><Valute ID="R01270"><NumCode>356</NumCode><CharCode>INR</CharCode><Nominal>100</Nominal><Name>Индийских рупий</Name><Value>91,9437</Value><VunitRate>0,919437</VunitRate></Valute><Valute ID="R01280"><NumCode>360</NumCode><CharCode>IDR</CharCode><Nominal>10000</Nominal><Name>Рупий</Name><Value>48,7462</Value><VunitRate>0,00487462</VunitRate></Valute><Valute ID="R01300"><NumCode>364</NumCode><CharCode>IRR</CharCode><Nominal>100000</Nominal><Name>Иранских риалов</Name><Value>14,2617</Value><VunitRate>0,000142617</VunitRate></Valute><Valute ID="R01335"><NumCode>398</NumCode><CharCode>KZT</CharCode><Nominal>100</Nominal><Name>Тенге</Name><Value>14,6050</Value><VunitRate>0,14605</VunitRate></Valute><Valute ID="R01350"><NumCode>124</NumCode><CharCode>CAD</CharCode><Nominal>1</Nominal><Name>Канадский доллар</Name><Value>58,0693</Value><VunitRate>58,0693</VunitRate></Valute><Valute ID="R01355"><NumCode>634</NumCode><CharCode>QAR</CharCode><Nominal>1</Nominal><Name>Катарский риал</Name><Value>21,8621</Value><VunitRate>21,8621</VunitRate></Valute><Valute ID="R01370"><NumCode>417</NumCode><CharCode>KGS</CharCode><Nominal>100</Nominal><Name>Сомов</Name><Value>91,1549</Value><VunitRate>0,911549</VunitRate></Valute><Valute ID="R01375"><NumCode>156</NumCode><CharCode>CNY</CharCode><Nominal>1</Nominal><Name>Юань</Name><Value>11,1209</Value><VunitRate>11,1209</VunitRate></Valute><Valute ID="R01395"><NumCode>192</NumCode><CharCode>CUP</CharCode><Nominal>10</Nominal><Name>Кубинских песо</Name><Value>33,1576</Value><VunitRate>3,31576</VunitRate></Valute><Valute ID="R01500"><NumCode>498</NumCode><CharCode>MDL</CharCode><Nominal>10</Nominal><Name>Молдавских леев</Name><Value>47,2246</Value><VunitRate>4,72246</VunitRate></Valute><Valute ID="R01503"><NumCode>496</NumCode><CharCode>MNT</CharCode><Nominal>1000</Nominal><Name>Тугриков</Name><Value>22,1829</Value><VunitRate>0,0221829</VunitRate></Valute><Valute ID="R01520"><NumCode>566</NumCode><CharCode>NGN</CharCode><Nominal>1000</Nominal><Name>Найр</Name><Value>51,8520</Value><VunitRate>0,051852</VunitRate></Valute><Valute ID="R01530"><NumCode>554</NumCode><CharCode>NZD</CharCode><Nominal>1</Nominal><Name>Новозеландский доллар</Name><Value>47,8544</Value><VunitRate>47,8544</VunitRate></Valute><Valute ID="R01535"><NumCode>578</NumCode><CharCode>NOK</CharCode><Nominal>10</Nominal><Name>Норвежских крон</Name><Value>78,4045</Value><VunitRate>7,84045</VunitRate></Valute><Valute ID="R01540"><NumCode>512</NumCode><CharCode>OMR</CharCode><Nominal>1</Nominal><Name>Оманский риал</Name><Value>206,9654</Value><VunitRate>206,9654</VunitRate></Valute><Valute ID="R01565"><NumCode>985</NumCode><CharCode>PLN</CharCode><Nominal>1</Nominal><Name>Злотый</Name><Value>21,8345</Value><VunitRate>21,8345</VunitRate></Valute><Valute ID="R01580"><NumCode>682</NumCode><CharCode>SAR</CharCode><Nominal>1</Nominal><Name>Саудовский риял</Name><Value>21,2209</Value><VunitRate>21,2209</VunitRate></Valute><Valute ID="R01585F"><NumCode>946</NumCode><CharCode>RON</CharCode><Nominal>1</Nominal><Name>Румынский лей</Name><Value>18,3178</Value><VunitRate>18,3178</VunitRate></Valute><Valute ID="R01589"><NumCode>960</NumCode><CharCode>XDR</CharCode><Nominal>1</Nominal><Name>СДР (специальные права заимствования)</Name><Value>109,0054</Value><VunitRate>109,0054</VunitRate></Valute><Valute ID="R01625"><NumCode>702</NumCode><CharCode>SGD</CharCode><Nominal>1</Nominal><Name>Сингапурский доллар</Name><Value>62,1559</Value><VunitRate>62,1559</VunitRate></Valute><Valute ID="R01670"><NumCode>972</NumCode><CharCode>TJS</CharCode><Nominal>10</Nominal><Name>Сомони</Name><Value>83,3917</Value><VunitRate>8,33917</VunitRate></Valute><Valute ID="R01675"><NumCode>764</NumCode><CharCode>THB</CharCode><Nominal>10</Nominal><Name>Батов</Name><Value>24,6227</Value><VunitRate>2,46227</VunitRate></Valute><Valute ID="R01685"><NumCode>050</NumCode><CharCode>BDT</CharCode><Nominal>100</Nominal><Name>Так</Name><Value>64,9443</Value><VunitRate>0,649443</VunitRate></Valute><Valute ID="R01700J"><NumCode>949</NumCode><CharCode>TRY</CharCode><Nominal>10</Nominal><Name>Турецких лир</Name><Value>19,6803</Value><VunitRate>1,96803</VunitRate></Valute><Valute ID="R01710A"><NumCode>934</NumCode><CharCode>TMT</CharCode><Nominal>1</Nominal><Name>Новый туркменский манат</Name><Value>22,7366</Value><VunitRate>22,7366</VunitRate></Valute><Valute ID="R01717"><NumCode>860</NumCode><CharCode>UZS</CharCode><Nominal>10000</Nominal><Name>Узбекских сумов</Name><Value>63,2490</Value><VunitRate>0,0063249</VunitRate></Valute><Valute ID="R01720"><NumCode>980</NumCode><CharCode>UAH</CharCode><Nominal>10</Nominal><Name>Гривен</Name><Value>19,0459</Value><VunitRate>1,90459</VunitRate></Valute><Valute ID="R01760"><NumCode>203</NumCode><CharCode>CZK</CharCode><Nominal>10</Nominal><Name>Чешских крон</Name><Value>37,7023</Value><VunitRate>3,77023</VunitRate></Valute><Valute ID="R01770"><NumCode>752</NumCode><CharCode>SEK</CharCode><Nominal>10</Nominal><Name>Шведских крон</Name><Value>83,5512</Value><VunitRate>8,35512</VunitRate></Valute><Valute ID="R01775"><NumCode>756</NumCode><CharCode>CHF</CharCode><Nominal>1</Nominal><Name>Швейцарский франк</Name><Value>99,5723</Value><VunitRate>99,5723</VunitRate></Valute><Valute ID="R01800"><NumCode>230</NumCode><CharCode>ETB</CharCode><Nominal>100</Nominal><Name>Эфиопских быров</Name><Value>57,7575</Value><VunitRate>0,577575</VunitRate></Valute><Valute ID="R01805F"><NumCode>941</NumCode><CharCode>RSD</CharCode><Nominal>100</Nominal><Name>Сербских динаров</Name><Value>79,7727</Value><VunitRate>0,797727</VunitRate></Valute><Valute ID="R01810"><NumCode>710</NumCode><CharCode>ZAR</CharCode><Nominal>10</Nominal><Name>Рэндов</Name><Value>44,5904</Value><VunitRate>4,45904</VunitRate></Valute><Valute ID="R01815"><NumCode>410</NumCode><CharCode>KRW</CharCode><Nominal>1000</Nominal><Name>Вон</Name><Value>57,8330</Value><VunitRate>0,057833</VunitRate></Valute><Valute ID="R01820"><NumCode>392</NumCode><CharCode>JPY</CharCode><Nominal>100</Nominal><Name>Иен</Name><Value>53,7691</Value><VunitRate>0,537691</VunitRate></Valute><Valute ID="R02005"><NumCode>104</NumCode><CharCode>MMK</CharCode><Nominal>1000</Nominal><Name>Кьятов</Name><Value>37,8944</Value><VunitRate>0,0378944</VunitRate></Valute></ValCurs>')
[2025-11-19T12:21:12.629+0000] {sql.py:466} INFO - Rows affected: 1
[2025-11-19T12:21:12.673+0000] {base.py:84} INFO - Using connection ID 'raw_postgres' for task execution.
[2025-11-19T12:21:12.712+0000] {sql.py:457} INFO - Running statement: 
            INSERT INTO raw.cbr_daily_rates
                (rate_date, val_id, num_code, char_code, nominal, name, value)
            VALUES (%s, %s, %s, %s, %s, %s, %s)
            ON CONFLICT (rate_date, char_code) DO UPDATE
              SET val_id  = EXCLUDED.val_id,
                  num_code= EXCLUDED.num_code,
                  nominal= EXCLUDED.nominal,
                  name    = EXCLUDED.name,
                  value   = EXCLUDED.value,
                  load_ts = now();
        , parameters: (Date(2025, 7, 29), 'R01010', '036', 'AUD', 1, 'Австралийский доллар', 52.2351)
[2025-11-19T12:21:12.722+0000] {sql.py:466} INFO - Rows affected: 1
[2025-11-19T12:21:12.782+0000] {base.py:84} INFO - Using connection ID 'raw_postgres' for task execution.
[2025-11-19T12:21:12.816+0000] {sql.py:457} INFO - Running statement: 
            INSERT INTO raw.cbr_daily_rates
                (rate_date, val_id, num_code, char_code, nominal, name, value)
            VALUES (%s, %s, %s, %s, %s, %s, %s)
            ON CONFLICT (rate_date, char_code) DO UPDATE
              SET val_id  = EXCLUDED.val_id,
                  num_code= EXCLUDED.num_code,
                  nominal= EXCLUDED.nominal,
                  name    = EXCLUDED.name,
                  value   = EXCLUDED.value,
                  load_ts = now();
        , parameters: (Date(2025, 7, 29), 'R01020A', '944', 'AZN', 1, 'Азербайджанский манат', 46.8107)
[2025-11-19T12:21:12.822+0000] {sql.py:466} INFO - Rows affected: 1
[2025-11-19T12:21:12.912+0000] {base.py:84} INFO - Using connection ID 'raw_postgres' for task execution.
[2025-11-19T12:21:12.938+0000] {sql.py:457} INFO - Running statement: 
            INSERT INTO raw.cbr_daily_rates
                (rate_date, val_id, num_code, char_code, nominal, name, value)
            VALUES (%s, %s, %s, %s, %s, %s, %s)
            ON CONFLICT (rate_date, char_code) DO UPDATE
              SET val_id  = EXCLUDED.val_id,
                  num_code= EXCLUDED.num_code,
                  nominal= EXCLUDED.nominal,
                  name    = EXCLUDED.name,
                  value   = EXCLUDED.value,
                  load_ts = now();
        , parameters: (Date(2025, 7, 29), 'R01030', '012', 'DZD', 100, 'Алжирских динаров', 61.3523)
[2025-11-19T12:21:12.949+0000] {sql.py:466} INFO - Rows affected: 1
[2025-11-19T12:21:13.063+0000] {base.py:84} INFO - Using connection ID 'raw_postgres' for task execution.
[2025-11-19T12:21:13.115+0000] {sql.py:457} INFO - Running statement: 
            INSERT INTO raw.cbr_daily_rates
                (rate_date, val_id, num_code, char_code, nominal, name, value)
            VALUES (%s, %s, %s, %s, %s, %s, %s)
            ON CONFLICT (rate_date, char_code) DO UPDATE
              SET val_id  = EXCLUDED.val_id,
                  num_code= EXCLUDED.num_code,
                  nominal= EXCLUDED.nominal,
                  name    = EXCLUDED.name,
                  value   = EXCLUDED.value,
                  load_ts = now();
        , parameters: (Date(2025, 7, 29), 'R01035', '826', 'GBP', 1, 'Фунт стерлингов', 106.8735)
[2025-11-19T12:21:13.118+0000] {sql.py:466} INFO - Rows affected: 1
[2025-11-19T12:21:13.241+0000] {base.py:84} INFO - Using connection ID 'raw_postgres' for task execution.
[2025-11-19T12:21:13.282+0000] {sql.py:457} INFO - Running statement: 
            INSERT INTO raw.cbr_daily_rates
                (rate_date, val_id, num_code, char_code, nominal, name, value)
            VALUES (%s, %s, %s, %s, %s, %s, %s)
            ON CONFLICT (rate_date, char_code) DO UPDATE
              SET val_id  = EXCLUDED.val_id,
                  num_code= EXCLUDED.num_code,
                  nominal= EXCLUDED.nominal,
                  name    = EXCLUDED.name,
                  value   = EXCLUDED.value,
                  load_ts = now();
        , parameters: (Date(2025, 7, 29), 'R01060', '051', 'AMD', 100, 'Армянских драмов', 20.7359)
[2025-11-19T12:21:13.304+0000] {sql.py:466} INFO - Rows affected: 1
[2025-11-19T12:21:13.429+0000] {base.py:84} INFO - Using connection ID 'raw_postgres' for task execution.
[2025-11-19T12:21:13.496+0000] {sql.py:457} INFO - Running statement: 
            INSERT INTO raw.cbr_daily_rates
                (rate_date, val_id, num_code, char_code, nominal, name, value)
            VALUES (%s, %s, %s, %s, %s, %s, %s)
            ON CONFLICT (rate_date, char_code) DO UPDATE
              SET val_id  = EXCLUDED.val_id,
                  num_code= EXCLUDED.num_code,
                  nominal= EXCLUDED.nominal,
                  name    = EXCLUDED.name,
                  value   = EXCLUDED.value,
                  load_ts = now();
        , parameters: (Date(2025, 7, 29), 'R01080', '048', 'BHD', 1, 'Бахрейнский динар', 211.5984)
[2025-11-19T12:21:13.504+0000] {sql.py:466} INFO - Rows affected: 1
[2025-11-19T12:21:13.565+0000] {base.py:84} INFO - Using connection ID 'raw_postgres' for task execution.
[2025-11-19T12:21:13.629+0000] {sql.py:457} INFO - Running statement: 
            INSERT INTO raw.cbr_daily_rates
                (rate_date, val_id, num_code, char_code, nominal, name, value)
            VALUES (%s, %s, %s, %s, %s, %s, %s)
            ON CONFLICT (rate_date, char_code) DO UPDATE
              SET val_id  = EXCLUDED.val_id,
                  num_code= EXCLUDED.num_code,
                  nominal= EXCLUDED.nominal,
                  name    = EXCLUDED.name,
                  value   = EXCLUDED.value,
                  load_ts = now();
        , parameters: (Date(2025, 7, 29), 'R01090B', '933', 'BYN', 1, 'Белорусский рубль', 26.93)
[2025-11-19T12:21:13.638+0000] {sql.py:466} INFO - Rows affected: 1
[2025-11-19T12:21:13.763+0000] {base.py:84} INFO - Using connection ID 'raw_postgres' for task execution.
[2025-11-19T12:21:13.824+0000] {sql.py:457} INFO - Running statement: 
            INSERT INTO raw.cbr_daily_rates
                (rate_date, val_id, num_code, char_code, nominal, name, value)
            VALUES (%s, %s, %s, %s, %s, %s, %s)
            ON CONFLICT (rate_date, char_code) DO UPDATE
              SET val_id  = EXCLUDED.val_id,
                  num_code= EXCLUDED.num_code,
                  nominal= EXCLUDED.nominal,
                  name    = EXCLUDED.name,
                  value   = EXCLUDED.value,
                  load_ts = now();
        , parameters: (Date(2025, 7, 29), 'R01100', '975', 'BGN', 1, 'Болгарский лев', 47.7022)
[2025-11-19T12:21:13.832+0000] {sql.py:466} INFO - Rows affected: 1
[2025-11-19T12:21:13.902+0000] {base.py:84} INFO - Using connection ID 'raw_postgres' for task execution.
[2025-11-19T12:21:13.928+0000] {sql.py:457} INFO - Running statement: 
            INSERT INTO raw.cbr_daily_rates
                (rate_date, val_id, num_code, char_code, nominal, name, value)
            VALUES (%s, %s, %s, %s, %s, %s, %s)
            ON CONFLICT (rate_date, char_code) DO UPDATE
              SET val_id  = EXCLUDED.val_id,
                  num_code= EXCLUDED.num_code,
                  nominal= EXCLUDED.nominal,
                  name    = EXCLUDED.name,
                  value   = EXCLUDED.value,
                  load_ts = now();
        , parameters: (Date(2025, 7, 29), 'R01105', '068', 'BOB', 1, 'Боливиано', 11.5164)
[2025-11-19T12:21:13.932+0000] {sql.py:466} INFO - Rows affected: 1
[2025-11-19T12:21:13.985+0000] {base.py:84} INFO - Using connection ID 'raw_postgres' for task execution.
[2025-11-19T12:21:14.012+0000] {sql.py:457} INFO - Running statement: 
            INSERT INTO raw.cbr_daily_rates
                (rate_date, val_id, num_code, char_code, nominal, name, value)
            VALUES (%s, %s, %s, %s, %s, %s, %s)
            ON CONFLICT (rate_date, char_code) DO UPDATE
              SET val_id  = EXCLUDED.val_id,
                  num_code= EXCLUDED.num_code,
                  nominal= EXCLUDED.nominal,
                  name    = EXCLUDED.name,
                  value   = EXCLUDED.value,
                  load_ts = now();
        , parameters: (Date(2025, 7, 29), 'R01115', '986', 'BRL', 1, 'Бразильский реал', 14.3583)
[2025-11-19T12:21:14.020+0000] {sql.py:466} INFO - Rows affected: 1
[2025-11-19T12:21:14.072+0000] {base.py:84} INFO - Using connection ID 'raw_postgres' for task execution.
[2025-11-19T12:21:14.114+0000] {sql.py:457} INFO - Running statement: 
            INSERT INTO raw.cbr_daily_rates
                (rate_date, val_id, num_code, char_code, nominal, name, value)
            VALUES (%s, %s, %s, %s, %s, %s, %s)
            ON CONFLICT (rate_date, char_code) DO UPDATE
              SET val_id  = EXCLUDED.val_id,
                  num_code= EXCLUDED.num_code,
                  nominal= EXCLUDED.nominal,
                  name    = EXCLUDED.name,
                  value   = EXCLUDED.value,
                  load_ts = now();
        , parameters: (Date(2025, 7, 29), 'R01135', '348', 'HUF', 100, 'Форинтов', 23.395)
[2025-11-19T12:21:14.119+0000] {sql.py:466} INFO - Rows affected: 1
[2025-11-19T12:21:14.196+0000] {base.py:84} INFO - Using connection ID 'raw_postgres' for task execution.
[2025-11-19T12:21:14.280+0000] {sql.py:457} INFO - Running statement: 
            INSERT INTO raw.cbr_daily_rates
                (rate_date, val_id, num_code, char_code, nominal, name, value)
            VALUES (%s, %s, %s, %s, %s, %s, %s)
            ON CONFLICT (rate_date, char_code) DO UPDATE
              SET val_id  = EXCLUDED.val_id,
                  num_code= EXCLUDED.num_code,
                  nominal= EXCLUDED.nominal,
                  name    = EXCLUDED.name,
                  value   = EXCLUDED.value,
                  load_ts = now();
        , parameters: (Date(2025, 7, 29), 'R01150', '704', 'VND', 10000, 'Донгов', 31.6012)
[2025-11-19T12:21:14.286+0000] {sql.py:466} INFO - Rows affected: 1
[2025-11-19T12:21:14.426+0000] {base.py:84} INFO - Using connection ID 'raw_postgres' for task execution.
[2025-11-19T12:21:14.507+0000] {sql.py:457} INFO - Running statement: 
            INSERT INTO raw.cbr_daily_rates
                (rate_date, val_id, num_code, char_code, nominal, name, value)
            VALUES (%s, %s, %s, %s, %s, %s, %s)
            ON CONFLICT (rate_date, char_code) DO UPDATE
              SET val_id  = EXCLUDED.val_id,
                  num_code= EXCLUDED.num_code,
                  nominal= EXCLUDED.nominal,
                  name    = EXCLUDED.name,
                  value   = EXCLUDED.value,
                  load_ts = now();
        , parameters: (Date(2025, 7, 29), 'R01200', '344', 'HKD', 1, 'Гонконгский доллар', 10.1555)
[2025-11-19T12:21:14.541+0000] {sql.py:466} INFO - Rows affected: 1
[2025-11-19T12:21:14.658+0000] {base.py:84} INFO - Using connection ID 'raw_postgres' for task execution.
[2025-11-19T12:21:14.742+0000] {sql.py:457} INFO - Running statement: 
            INSERT INTO raw.cbr_daily_rates
                (rate_date, val_id, num_code, char_code, nominal, name, value)
            VALUES (%s, %s, %s, %s, %s, %s, %s)
            ON CONFLICT (rate_date, char_code) DO UPDATE
              SET val_id  = EXCLUDED.val_id,
                  num_code= EXCLUDED.num_code,
                  nominal= EXCLUDED.nominal,
                  name    = EXCLUDED.name,
                  value   = EXCLUDED.value,
                  load_ts = now();
        , parameters: (Date(2025, 7, 29), 'R01210', '981', 'GEL', 1, 'Лари', 29.3798)
[2025-11-19T12:21:14.759+0000] {sql.py:466} INFO - Rows affected: 1
[2025-11-19T12:21:14.858+0000] {base.py:84} INFO - Using connection ID 'raw_postgres' for task execution.
[2025-11-19T12:21:14.908+0000] {sql.py:457} INFO - Running statement: 
            INSERT INTO raw.cbr_daily_rates
                (rate_date, val_id, num_code, char_code, nominal, name, value)
            VALUES (%s, %s, %s, %s, %s, %s, %s)
            ON CONFLICT (rate_date, char_code) DO UPDATE
              SET val_id  = EXCLUDED.val_id,
                  num_code= EXCLUDED.num_code,
                  nominal= EXCLUDED.nominal,
                  name    = EXCLUDED.name,
                  value   = EXCLUDED.value,
                  load_ts = now();
        , parameters: (Date(2025, 7, 29), 'R01215', '208', 'DKK', 1, 'Датская крона', 12.4989)
[2025-11-19T12:21:14.914+0000] {sql.py:466} INFO - Rows affected: 1
[2025-11-19T12:21:14.995+0000] {base.py:84} INFO - Using connection ID 'raw_postgres' for task execution.
[2025-11-19T12:21:15.038+0000] {sql.py:457} INFO - Running statement: 
            INSERT INTO raw.cbr_daily_rates
                (rate_date, val_id, num_code, char_code, nominal, name, value)
            VALUES (%s, %s, %s, %s, %s, %s, %s)
            ON CONFLICT (rate_date, char_code) DO UPDATE
              SET val_id  = EXCLUDED.val_id,
                  num_code= EXCLUDED.num_code,
                  nominal= EXCLUDED.nominal,
                  name    = EXCLUDED.name,
                  value   = EXCLUDED.value,
                  load_ts = now();
        , parameters: (Date(2025, 7, 29), 'R01230', '784', 'AED', 1, 'Дирхам ОАЭ', 21.6687)
[2025-11-19T12:21:15.043+0000] {sql.py:466} INFO - Rows affected: 1
[2025-11-19T12:21:15.128+0000] {base.py:84} INFO - Using connection ID 'raw_postgres' for task execution.
[2025-11-19T12:21:15.189+0000] {sql.py:457} INFO - Running statement: 
            INSERT INTO raw.cbr_daily_rates
                (rate_date, val_id, num_code, char_code, nominal, name, value)
            VALUES (%s, %s, %s, %s, %s, %s, %s)
            ON CONFLICT (rate_date, char_code) DO UPDATE
              SET val_id  = EXCLUDED.val_id,
                  num_code= EXCLUDED.num_code,
                  nominal= EXCLUDED.nominal,
                  name    = EXCLUDED.name,
                  value   = EXCLUDED.value,
                  load_ts = now();
        , parameters: (Date(2025, 7, 29), 'R01235', '840', 'USD', 1, 'Доллар США', 79.5782)
[2025-11-19T12:21:15.200+0000] {sql.py:466} INFO - Rows affected: 1
[2025-11-19T12:21:15.309+0000] {base.py:84} INFO - Using connection ID 'raw_postgres' for task execution.
[2025-11-19T12:21:15.343+0000] {sql.py:457} INFO - Running statement: 
            INSERT INTO raw.cbr_daily_rates
                (rate_date, val_id, num_code, char_code, nominal, name, value)
            VALUES (%s, %s, %s, %s, %s, %s, %s)
            ON CONFLICT (rate_date, char_code) DO UPDATE
              SET val_id  = EXCLUDED.val_id,
                  num_code= EXCLUDED.num_code,
                  nominal= EXCLUDED.nominal,
                  name    = EXCLUDED.name,
                  value   = EXCLUDED.value,
                  load_ts = now();
        , parameters: (Date(2025, 7, 29), 'R01239', '978', 'EUR', 1, 'Евро', 93.206)
[2025-11-19T12:21:15.347+0000] {sql.py:466} INFO - Rows affected: 1
[2025-11-19T12:21:15.431+0000] {base.py:84} INFO - Using connection ID 'raw_postgres' for task execution.
[2025-11-19T12:21:15.483+0000] {sql.py:457} INFO - Running statement: 
            INSERT INTO raw.cbr_daily_rates
                (rate_date, val_id, num_code, char_code, nominal, name, value)
            VALUES (%s, %s, %s, %s, %s, %s, %s)
            ON CONFLICT (rate_date, char_code) DO UPDATE
              SET val_id  = EXCLUDED.val_id,
                  num_code= EXCLUDED.num_code,
                  nominal= EXCLUDED.nominal,
                  name    = EXCLUDED.name,
                  value   = EXCLUDED.value,
                  load_ts = now();
        , parameters: (Date(2025, 7, 29), 'R01240', '818', 'EGP', 10, 'Египетских фунтов', 16.3159)
[2025-11-19T12:21:15.504+0000] {sql.py:466} INFO - Rows affected: 1
[2025-11-19T12:21:15.621+0000] {base.py:84} INFO - Using connection ID 'raw_postgres' for task execution.
[2025-11-19T12:21:15.650+0000] {sql.py:457} INFO - Running statement: 
            INSERT INTO raw.cbr_daily_rates
                (rate_date, val_id, num_code, char_code, nominal, name, value)
            VALUES (%s, %s, %s, %s, %s, %s, %s)
            ON CONFLICT (rate_date, char_code) DO UPDATE
              SET val_id  = EXCLUDED.val_id,
                  num_code= EXCLUDED.num_code,
                  nominal= EXCLUDED.nominal,
                  name    = EXCLUDED.name,
                  value   = EXCLUDED.value,
                  load_ts = now();
        , parameters: (Date(2025, 7, 29), 'R01270', '356', 'INR', 100, 'Индийских рупий', 91.9437)
[2025-11-19T12:21:15.654+0000] {sql.py:466} INFO - Rows affected: 1
[2025-11-19T12:21:15.726+0000] {base.py:84} INFO - Using connection ID 'raw_postgres' for task execution.
[2025-11-19T12:21:15.760+0000] {sql.py:457} INFO - Running statement: 
            INSERT INTO raw.cbr_daily_rates
                (rate_date, val_id, num_code, char_code, nominal, name, value)
            VALUES (%s, %s, %s, %s, %s, %s, %s)
            ON CONFLICT (rate_date, char_code) DO UPDATE
              SET val_id  = EXCLUDED.val_id,
                  num_code= EXCLUDED.num_code,
                  nominal= EXCLUDED.nominal,
                  name    = EXCLUDED.name,
                  value   = EXCLUDED.value,
                  load_ts = now();
        , parameters: (Date(2025, 7, 29), 'R01280', '360', 'IDR', 10000, 'Рупий', 48.7462)
[2025-11-19T12:21:15.771+0000] {sql.py:466} INFO - Rows affected: 1
[2025-11-19T12:21:15.837+0000] {base.py:84} INFO - Using connection ID 'raw_postgres' for task execution.
[2025-11-19T12:21:15.876+0000] {sql.py:457} INFO - Running statement: 
            INSERT INTO raw.cbr_daily_rates
                (rate_date, val_id, num_code, char_code, nominal, name, value)
            VALUES (%s, %s, %s, %s, %s, %s, %s)
            ON CONFLICT (rate_date, char_code) DO UPDATE
              SET val_id  = EXCLUDED.val_id,
                  num_code= EXCLUDED.num_code,
                  nominal= EXCLUDED.nominal,
                  name    = EXCLUDED.name,
                  value   = EXCLUDED.value,
                  load_ts = now();
        , parameters: (Date(2025, 7, 29), 'R01300', '364', 'IRR', 100000, 'Иранских риалов', 14.2617)
[2025-11-19T12:21:15.886+0000] {sql.py:466} INFO - Rows affected: 1
[2025-11-19T12:21:15.953+0000] {base.py:84} INFO - Using connection ID 'raw_postgres' for task execution.
[2025-11-19T12:21:15.998+0000] {sql.py:457} INFO - Running statement: 
            INSERT INTO raw.cbr_daily_rates
                (rate_date, val_id, num_code, char_code, nominal, name, value)
            VALUES (%s, %s, %s, %s, %s, %s, %s)
            ON CONFLICT (rate_date, char_code) DO UPDATE
              SET val_id  = EXCLUDED.val_id,
                  num_code= EXCLUDED.num_code,
                  nominal= EXCLUDED.nominal,
                  name    = EXCLUDED.name,
                  value   = EXCLUDED.value,
                  load_ts = now();
        , parameters: (Date(2025, 7, 29), 'R01335', '398', 'KZT', 100, 'Тенге', 14.605)
[2025-11-19T12:21:16.002+0000] {sql.py:466} INFO - Rows affected: 1
[2025-11-19T12:21:16.066+0000] {base.py:84} INFO - Using connection ID 'raw_postgres' for task execution.
[2025-11-19T12:21:16.127+0000] {sql.py:457} INFO - Running statement: 
            INSERT INTO raw.cbr_daily_rates
                (rate_date, val_id, num_code, char_code, nominal, name, value)
            VALUES (%s, %s, %s, %s, %s, %s, %s)
            ON CONFLICT (rate_date, char_code) DO UPDATE
              SET val_id  = EXCLUDED.val_id,
                  num_code= EXCLUDED.num_code,
                  nominal= EXCLUDED.nominal,
                  name    = EXCLUDED.name,
                  value   = EXCLUDED.value,
                  load_ts = now();
        , parameters: (Date(2025, 7, 29), 'R01350', '124', 'CAD', 1, 'Канадский доллар', 58.0693)
[2025-11-19T12:21:16.136+0000] {sql.py:466} INFO - Rows affected: 1
[2025-11-19T12:21:16.190+0000] {base.py:84} INFO - Using connection ID 'raw_postgres' for task execution.
[2025-11-19T12:21:16.229+0000] {sql.py:457} INFO - Running statement: 
            INSERT INTO raw.cbr_daily_rates
                (rate_date, val_id, num_code, char_code, nominal, name, value)
            VALUES (%s, %s, %s, %s, %s, %s, %s)
            ON CONFLICT (rate_date, char_code) DO UPDATE
              SET val_id  = EXCLUDED.val_id,
                  num_code= EXCLUDED.num_code,
                  nominal= EXCLUDED.nominal,
                  name    = EXCLUDED.name,
                  value   = EXCLUDED.value,
                  load_ts = now();
        , parameters: (Date(2025, 7, 29), 'R01355', '634', 'QAR', 1, 'Катарский риал', 21.8621)
[2025-11-19T12:21:16.245+0000] {sql.py:466} INFO - Rows affected: 1
[2025-11-19T12:21:16.295+0000] {base.py:84} INFO - Using connection ID 'raw_postgres' for task execution.
[2025-11-19T12:21:16.323+0000] {sql.py:457} INFO - Running statement: 
            INSERT INTO raw.cbr_daily_rates
                (rate_date, val_id, num_code, char_code, nominal, name, value)
            VALUES (%s, %s, %s, %s, %s, %s, %s)
            ON CONFLICT (rate_date, char_code) DO UPDATE
              SET val_id  = EXCLUDED.val_id,
                  num_code= EXCLUDED.num_code,
                  nominal= EXCLUDED.nominal,
                  name    = EXCLUDED.name,
                  value   = EXCLUDED.value,
                  load_ts = now();
        , parameters: (Date(2025, 7, 29), 'R01370', '417', 'KGS', 100, 'Сомов', 91.1549)
[2025-11-19T12:21:16.335+0000] {sql.py:466} INFO - Rows affected: 1
[2025-11-19T12:21:16.399+0000] {base.py:84} INFO - Using connection ID 'raw_postgres' for task execution.
[2025-11-19T12:21:16.441+0000] {sql.py:457} INFO - Running statement: 
            INSERT INTO raw.cbr_daily_rates
                (rate_date, val_id, num_code, char_code, nominal, name, value)
            VALUES (%s, %s, %s, %s, %s, %s, %s)
            ON CONFLICT (rate_date, char_code) DO UPDATE
              SET val_id  = EXCLUDED.val_id,
                  num_code= EXCLUDED.num_code,
                  nominal= EXCLUDED.nominal,
                  name    = EXCLUDED.name,
                  value   = EXCLUDED.value,
                  load_ts = now();
        , parameters: (Date(2025, 7, 29), 'R01375', '156', 'CNY', 1, 'Юань', 11.1209)
[2025-11-19T12:21:16.447+0000] {sql.py:466} INFO - Rows affected: 1
[2025-11-19T12:21:16.528+0000] {base.py:84} INFO - Using connection ID 'raw_postgres' for task execution.
[2025-11-19T12:21:16.565+0000] {sql.py:457} INFO - Running statement: 
            INSERT INTO raw.cbr_daily_rates
                (rate_date, val_id, num_code, char_code, nominal, name, value)
            VALUES (%s, %s, %s, %s, %s, %s, %s)
            ON CONFLICT (rate_date, char_code) DO UPDATE
              SET val_id  = EXCLUDED.val_id,
                  num_code= EXCLUDED.num_code,
                  nominal= EXCLUDED.nominal,
                  name    = EXCLUDED.name,
                  value   = EXCLUDED.value,
                  load_ts = now();
        , parameters: (Date(2025, 7, 29), 'R01395', '192', 'CUP', 10, 'Кубинских песо', 33.1576)
[2025-11-19T12:21:16.569+0000] {sql.py:466} INFO - Rows affected: 1
[2025-11-19T12:21:16.637+0000] {base.py:84} INFO - Using connection ID 'raw_postgres' for task execution.
[2025-11-19T12:21:16.689+0000] {sql.py:457} INFO - Running statement: 
            INSERT INTO raw.cbr_daily_rates
                (rate_date, val_id, num_code, char_code, nominal, name, value)
            VALUES (%s, %s, %s, %s, %s, %s, %s)
            ON CONFLICT (rate_date, char_code) DO UPDATE
              SET val_id  = EXCLUDED.val_id,
                  num_code= EXCLUDED.num_code,
                  nominal= EXCLUDED.nominal,
                  name    = EXCLUDED.name,
                  value   = EXCLUDED.value,
                  load_ts = now();
        , parameters: (Date(2025, 7, 29), 'R01500', '498', 'MDL', 10, 'Молдавских леев', 47.2246)
[2025-11-19T12:21:16.693+0000] {sql.py:466} INFO - Rows affected: 1
[2025-11-19T12:21:16.757+0000] {base.py:84} INFO - Using connection ID 'raw_postgres' for task execution.
[2025-11-19T12:21:16.790+0000] {sql.py:457} INFO - Running statement: 
            INSERT INTO raw.cbr_daily_rates
                (rate_date, val_id, num_code, char_code, nominal, name, value)
            VALUES (%s, %s, %s, %s, %s, %s, %s)
            ON CONFLICT (rate_date, char_code) DO UPDATE
              SET val_id  = EXCLUDED.val_id,
                  num_code= EXCLUDED.num_code,
                  nominal= EXCLUDED.nominal,
                  name    = EXCLUDED.name,
                  value   = EXCLUDED.value,
                  load_ts = now();
        , parameters: (Date(2025, 7, 29), 'R01503', '496', 'MNT', 1000, 'Тугриков', 22.1829)
[2025-11-19T12:21:16.796+0000] {sql.py:466} INFO - Rows affected: 1
[2025-11-19T12:21:16.853+0000] {base.py:84} INFO - Using connection ID 'raw_postgres' for task execution.
[2025-11-19T12:21:16.880+0000] {sql.py:457} INFO - Running statement: 
            INSERT INTO raw.cbr_daily_rates
                (rate_date, val_id, num_code, char_code, nominal, name, value)
            VALUES (%s, %s, %s, %s, %s, %s, %s)
            ON CONFLICT (rate_date, char_code) DO UPDATE
              SET val_id  = EXCLUDED.val_id,
                  num_code= EXCLUDED.num_code,
                  nominal= EXCLUDED.nominal,
                  name    = EXCLUDED.name,
                  value   = EXCLUDED.value,
                  load_ts = now();
        , parameters: (Date(2025, 7, 29), 'R01520', '566', 'NGN', 1000, 'Найр', 51.852)
[2025-11-19T12:21:16.885+0000] {sql.py:466} INFO - Rows affected: 1
[2025-11-19T12:21:16.940+0000] {base.py:84} INFO - Using connection ID 'raw_postgres' for task execution.
[2025-11-19T12:21:16.966+0000] {sql.py:457} INFO - Running statement: 
            INSERT INTO raw.cbr_daily_rates
                (rate_date, val_id, num_code, char_code, nominal, name, value)
            VALUES (%s, %s, %s, %s, %s, %s, %s)
            ON CONFLICT (rate_date, char_code) DO UPDATE
              SET val_id  = EXCLUDED.val_id,
                  num_code= EXCLUDED.num_code,
                  nominal= EXCLUDED.nominal,
                  name    = EXCLUDED.name,
                  value   = EXCLUDED.value,
                  load_ts = now();
        , parameters: (Date(2025, 7, 29), 'R01530', '554', 'NZD', 1, 'Новозеландский доллар', 47.8544)
[2025-11-19T12:21:16.971+0000] {sql.py:466} INFO - Rows affected: 1
[2025-11-19T12:21:17.035+0000] {base.py:84} INFO - Using connection ID 'raw_postgres' for task execution.
[2025-11-19T12:21:17.070+0000] {sql.py:457} INFO - Running statement: 
            INSERT INTO raw.cbr_daily_rates
                (rate_date, val_id, num_code, char_code, nominal, name, value)
            VALUES (%s, %s, %s, %s, %s, %s, %s)
            ON CONFLICT (rate_date, char_code) DO UPDATE
              SET val_id  = EXCLUDED.val_id,
                  num_code= EXCLUDED.num_code,
                  nominal= EXCLUDED.nominal,
                  name    = EXCLUDED.name,
                  value   = EXCLUDED.value,
                  load_ts = now();
        , parameters: (Date(2025, 7, 29), 'R01535', '578', 'NOK', 10, 'Норвежских крон', 78.4045)
[2025-11-19T12:21:17.078+0000] {sql.py:466} INFO - Rows affected: 1
[2025-11-19T12:21:17.125+0000] {base.py:84} INFO - Using connection ID 'raw_postgres' for task execution.
[2025-11-19T12:21:17.148+0000] {sql.py:457} INFO - Running statement: 
            INSERT INTO raw.cbr_daily_rates
                (rate_date, val_id, num_code, char_code, nominal, name, value)
            VALUES (%s, %s, %s, %s, %s, %s, %s)
            ON CONFLICT (rate_date, char_code) DO UPDATE
              SET val_id  = EXCLUDED.val_id,
                  num_code= EXCLUDED.num_code,
                  nominal= EXCLUDED.nominal,
                  name    = EXCLUDED.name,
                  value   = EXCLUDED.value,
                  load_ts = now();
        , parameters: (Date(2025, 7, 29), 'R01540', '512', 'OMR', 1, 'Оманский риал', 206.9654)
[2025-11-19T12:21:17.153+0000] {sql.py:466} INFO - Rows affected: 1
[2025-11-19T12:21:17.196+0000] {base.py:84} INFO - Using connection ID 'raw_postgres' for task execution.
[2025-11-19T12:21:17.231+0000] {sql.py:457} INFO - Running statement: 
            INSERT INTO raw.cbr_daily_rates
                (rate_date, val_id, num_code, char_code, nominal, name, value)
            VALUES (%s, %s, %s, %s, %s, %s, %s)
            ON CONFLICT (rate_date, char_code) DO UPDATE
              SET val_id  = EXCLUDED.val_id,
                  num_code= EXCLUDED.num_code,
                  nominal= EXCLUDED.nominal,
                  name    = EXCLUDED.name,
                  value   = EXCLUDED.value,
                  load_ts = now();
        , parameters: (Date(2025, 7, 29), 'R01565', '985', 'PLN', 1, 'Злотый', 21.8345)
[2025-11-19T12:21:17.235+0000] {sql.py:466} INFO - Rows affected: 1
[2025-11-19T12:21:17.272+0000] {base.py:84} INFO - Using connection ID 'raw_postgres' for task execution.
[2025-11-19T12:21:17.305+0000] {sql.py:457} INFO - Running statement: 
            INSERT INTO raw.cbr_daily_rates
                (rate_date, val_id, num_code, char_code, nominal, name, value)
            VALUES (%s, %s, %s, %s, %s, %s, %s)
            ON CONFLICT (rate_date, char_code) DO UPDATE
              SET val_id  = EXCLUDED.val_id,
                  num_code= EXCLUDED.num_code,
                  nominal= EXCLUDED.nominal,
                  name    = EXCLUDED.name,
                  value   = EXCLUDED.value,
                  load_ts = now();
        , parameters: (Date(2025, 7, 29), 'R01580', '682', 'SAR', 1, 'Саудовский риял', 21.2209)
[2025-11-19T12:21:17.310+0000] {sql.py:466} INFO - Rows affected: 1
[2025-11-19T12:21:17.355+0000] {base.py:84} INFO - Using connection ID 'raw_postgres' for task execution.
[2025-11-19T12:21:17.378+0000] {sql.py:457} INFO - Running statement: 
            INSERT INTO raw.cbr_daily_rates
                (rate_date, val_id, num_code, char_code, nominal, name, value)
            VALUES (%s, %s, %s, %s, %s, %s, %s)
            ON CONFLICT (rate_date, char_code) DO UPDATE
              SET val_id  = EXCLUDED.val_id,
                  num_code= EXCLUDED.num_code,
                  nominal= EXCLUDED.nominal,
                  name    = EXCLUDED.name,
                  value   = EXCLUDED.value,
                  load_ts = now();
        , parameters: (Date(2025, 7, 29), 'R01585F', '946', 'RON', 1, 'Румынский лей', 18.3178)
[2025-11-19T12:21:17.382+0000] {sql.py:466} INFO - Rows affected: 1
[2025-11-19T12:21:17.414+0000] {base.py:84} INFO - Using connection ID 'raw_postgres' for task execution.
[2025-11-19T12:21:17.442+0000] {sql.py:457} INFO - Running statement: 
            INSERT INTO raw.cbr_daily_rates
                (rate_date, val_id, num_code, char_code, nominal, name, value)
            VALUES (%s, %s, %s, %s, %s, %s, %s)
            ON CONFLICT (rate_date, char_code) DO UPDATE
              SET val_id  = EXCLUDED.val_id,
                  num_code= EXCLUDED.num_code,
                  nominal= EXCLUDED.nominal,
                  name    = EXCLUDED.name,
                  value   = EXCLUDED.value,
                  load_ts = now();
        , parameters: (Date(2025, 7, 29), 'R01589', '960', 'XDR', 1, 'СДР (специальные права заимствования)', 109.0054)
[2025-11-19T12:21:17.446+0000] {sql.py:466} INFO - Rows affected: 1
[2025-11-19T12:21:17.482+0000] {base.py:84} INFO - Using connection ID 'raw_postgres' for task execution.
[2025-11-19T12:21:17.510+0000] {sql.py:457} INFO - Running statement: 
            INSERT INTO raw.cbr_daily_rates
                (rate_date, val_id, num_code, char_code, nominal, name, value)
            VALUES (%s, %s, %s, %s, %s, %s, %s)
            ON CONFLICT (rate_date, char_code) DO UPDATE
              SET val_id  = EXCLUDED.val_id,
                  num_code= EXCLUDED.num_code,
                  nominal= EXCLUDED.nominal,
                  name    = EXCLUDED.name,
                  value   = EXCLUDED.value,
                  load_ts = now();
        , parameters: (Date(2025, 7, 29), 'R01625', '702', 'SGD', 1, 'Сингапурский доллар', 62.1559)
[2025-11-19T12:21:17.515+0000] {sql.py:466} INFO - Rows affected: 1
[2025-11-19T12:21:17.550+0000] {base.py:84} INFO - Using connection ID 'raw_postgres' for task execution.
[2025-11-19T12:21:17.577+0000] {sql.py:457} INFO - Running statement: 
            INSERT INTO raw.cbr_daily_rates
                (rate_date, val_id, num_code, char_code, nominal, name, value)
            VALUES (%s, %s, %s, %s, %s, %s, %s)
            ON CONFLICT (rate_date, char_code) DO UPDATE
              SET val_id  = EXCLUDED.val_id,
                  num_code= EXCLUDED.num_code,
                  nominal= EXCLUDED.nominal,
                  name    = EXCLUDED.name,
                  value   = EXCLUDED.value,
                  load_ts = now();
        , parameters: (Date(2025, 7, 29), 'R01670', '972', 'TJS', 10, 'Сомони', 83.3917)
[2025-11-19T12:21:17.581+0000] {sql.py:466} INFO - Rows affected: 1
[2025-11-19T12:21:17.612+0000] {base.py:84} INFO - Using connection ID 'raw_postgres' for task execution.
[2025-11-19T12:21:17.634+0000] {sql.py:457} INFO - Running statement: 
            INSERT INTO raw.cbr_daily_rates
                (rate_date, val_id, num_code, char_code, nominal, name, value)
            VALUES (%s, %s, %s, %s, %s, %s, %s)
            ON CONFLICT (rate_date, char_code) DO UPDATE
              SET val_id  = EXCLUDED.val_id,
                  num_code= EXCLUDED.num_code,
                  nominal= EXCLUDED.nominal,
                  name    = EXCLUDED.name,
                  value   = EXCLUDED.value,
                  load_ts = now();
        , parameters: (Date(2025, 7, 29), 'R01675', '764', 'THB', 10, 'Батов', 24.6227)
[2025-11-19T12:21:17.638+0000] {sql.py:466} INFO - Rows affected: 1
[2025-11-19T12:21:17.677+0000] {base.py:84} INFO - Using connection ID 'raw_postgres' for task execution.
[2025-11-19T12:21:17.701+0000] {sql.py:457} INFO - Running statement: 
            INSERT INTO raw.cbr_daily_rates
                (rate_date, val_id, num_code, char_code, nominal, name, value)
            VALUES (%s, %s, %s, %s, %s, %s, %s)
            ON CONFLICT (rate_date, char_code) DO UPDATE
              SET val_id  = EXCLUDED.val_id,
                  num_code= EXCLUDED.num_code,
                  nominal= EXCLUDED.nominal,
                  name    = EXCLUDED.name,
                  value   = EXCLUDED.value,
                  load_ts = now();
        , parameters: (Date(2025, 7, 29), 'R01685', '050', 'BDT', 100, 'Так', 64.9443)
[2025-11-19T12:21:17.705+0000] {sql.py:466} INFO - Rows affected: 1
[2025-11-19T12:21:17.731+0000] {base.py:84} INFO - Using connection ID 'raw_postgres' for task execution.
[2025-11-19T12:21:17.754+0000] {sql.py:457} INFO - Running statement: 
            INSERT INTO raw.cbr_daily_rates
                (rate_date, val_id, num_code, char_code, nominal, name, value)
            VALUES (%s, %s, %s, %s, %s, %s, %s)
            ON CONFLICT (rate_date, char_code) DO UPDATE
              SET val_id  = EXCLUDED.val_id,
                  num_code= EXCLUDED.num_code,
                  nominal= EXCLUDED.nominal,
                  name    = EXCLUDED.name,
                  value   = EXCLUDED.value,
                  load_ts = now();
        , parameters: (Date(2025, 7, 29), 'R01700J', '949', 'TRY', 10, 'Турецких лир', 19.6803)
[2025-11-19T12:21:17.758+0000] {sql.py:466} INFO - Rows affected: 1
[2025-11-19T12:21:17.790+0000] {base.py:84} INFO - Using connection ID 'raw_postgres' for task execution.
[2025-11-19T12:21:17.812+0000] {sql.py:457} INFO - Running statement: 
            INSERT INTO raw.cbr_daily_rates
                (rate_date, val_id, num_code, char_code, nominal, name, value)
            VALUES (%s, %s, %s, %s, %s, %s, %s)
            ON CONFLICT (rate_date, char_code) DO UPDATE
              SET val_id  = EXCLUDED.val_id,
                  num_code= EXCLUDED.num_code,
                  nominal= EXCLUDED.nominal,
                  name    = EXCLUDED.name,
                  value   = EXCLUDED.value,
                  load_ts = now();
        , parameters: (Date(2025, 7, 29), 'R01710A', '934', 'TMT', 1, 'Новый туркменский манат', 22.7366)
[2025-11-19T12:21:17.818+0000] {sql.py:466} INFO - Rows affected: 1
[2025-11-19T12:21:17.857+0000] {base.py:84} INFO - Using connection ID 'raw_postgres' for task execution.
[2025-11-19T12:21:17.875+0000] {sql.py:457} INFO - Running statement: 
            INSERT INTO raw.cbr_daily_rates
                (rate_date, val_id, num_code, char_code, nominal, name, value)
            VALUES (%s, %s, %s, %s, %s, %s, %s)
            ON CONFLICT (rate_date, char_code) DO UPDATE
              SET val_id  = EXCLUDED.val_id,
                  num_code= EXCLUDED.num_code,
                  nominal= EXCLUDED.nominal,
                  name    = EXCLUDED.name,
                  value   = EXCLUDED.value,
                  load_ts = now();
        , parameters: (Date(2025, 7, 29), 'R01717', '860', 'UZS', 10000, 'Узбекских сумов', 63.249)
[2025-11-19T12:21:17.878+0000] {sql.py:466} INFO - Rows affected: 1
[2025-11-19T12:21:17.913+0000] {base.py:84} INFO - Using connection ID 'raw_postgres' for task execution.
[2025-11-19T12:21:17.934+0000] {sql.py:457} INFO - Running statement: 
            INSERT INTO raw.cbr_daily_rates
                (rate_date, val_id, num_code, char_code, nominal, name, value)
            VALUES (%s, %s, %s, %s, %s, %s, %s)
            ON CONFLICT (rate_date, char_code) DO UPDATE
              SET val_id  = EXCLUDED.val_id,
                  num_code= EXCLUDED.num_code,
                  nominal= EXCLUDED.nominal,
                  name    = EXCLUDED.name,
                  value   = EXCLUDED.value,
                  load_ts = now();
        , parameters: (Date(2025, 7, 29), 'R01720', '980', 'UAH', 10, 'Гривен', 19.0459)
[2025-11-19T12:21:17.937+0000] {sql.py:466} INFO - Rows affected: 1
[2025-11-19T12:21:17.971+0000] {base.py:84} INFO - Using connection ID 'raw_postgres' for task execution.
[2025-11-19T12:21:17.988+0000] {sql.py:457} INFO - Running statement: 
            INSERT INTO raw.cbr_daily_rates
                (rate_date, val_id, num_code, char_code, nominal, name, value)
            VALUES (%s, %s, %s, %s, %s, %s, %s)
            ON CONFLICT (rate_date, char_code) DO UPDATE
              SET val_id  = EXCLUDED.val_id,
                  num_code= EXCLUDED.num_code,
                  nominal= EXCLUDED.nominal,
                  name    = EXCLUDED.name,
                  value   = EXCLUDED.value,
                  load_ts = now();
        , parameters: (Date(2025, 7, 29), 'R01760', '203', 'CZK', 10, 'Чешских крон', 37.7023)
[2025-11-19T12:21:17.992+0000] {sql.py:466} INFO - Rows affected: 1
[2025-11-19T12:21:18.024+0000] {base.py:84} INFO - Using connection ID 'raw_postgres' for task execution.
[2025-11-19T12:21:18.049+0000] {sql.py:457} INFO - Running statement: 
            INSERT INTO raw.cbr_daily_rates
                (rate_date, val_id, num_code, char_code, nominal, name, value)
            VALUES (%s, %s, %s, %s, %s, %s, %s)
            ON CONFLICT (rate_date, char_code) DO UPDATE
              SET val_id  = EXCLUDED.val_id,
                  num_code= EXCLUDED.num_code,
                  nominal= EXCLUDED.nominal,
                  name    = EXCLUDED.name,
                  value   = EXCLUDED.value,
                  load_ts = now();
        , parameters: (Date(2025, 7, 29), 'R01770', '752', 'SEK', 10, 'Шведских крон', 83.5512)
[2025-11-19T12:21:18.054+0000] {sql.py:466} INFO - Rows affected: 1
[2025-11-19T12:21:18.087+0000] {base.py:84} INFO - Using connection ID 'raw_postgres' for task execution.
[2025-11-19T12:21:18.109+0000] {sql.py:457} INFO - Running statement: 
            INSERT INTO raw.cbr_daily_rates
                (rate_date, val_id, num_code, char_code, nominal, name, value)
            VALUES (%s, %s, %s, %s, %s, %s, %s)
            ON CONFLICT (rate_date, char_code) DO UPDATE
              SET val_id  = EXCLUDED.val_id,
                  num_code= EXCLUDED.num_code,
                  nominal= EXCLUDED.nominal,
                  name    = EXCLUDED.name,
                  value   = EXCLUDED.value,
                  load_ts = now();
        , parameters: (Date(2025, 7, 29), 'R01775', '756', 'CHF', 1, 'Швейцарский франк', 99.5723)
[2025-11-19T12:21:18.112+0000] {sql.py:466} INFO - Rows affected: 1
[2025-11-19T12:21:18.137+0000] {base.py:84} INFO - Using connection ID 'raw_postgres' for task execution.
[2025-11-19T12:21:18.158+0000] {sql.py:457} INFO - Running statement: 
            INSERT INTO raw.cbr_daily_rates
                (rate_date, val_id, num_code, char_code, nominal, name, value)
            VALUES (%s, %s, %s, %s, %s, %s, %s)
            ON CONFLICT (rate_date, char_code) DO UPDATE
              SET val_id  = EXCLUDED.val_id,
                  num_code= EXCLUDED.num_code,
                  nominal= EXCLUDED.nominal,
                  name    = EXCLUDED.name,
                  value   = EXCLUDED.value,
                  load_ts = now();
        , parameters: (Date(2025, 7, 29), 'R01800', '230', 'ETB', 100, 'Эфиопских быров', 57.7575)
[2025-11-19T12:21:18.162+0000] {sql.py:466} INFO - Rows affected: 1
[2025-11-19T12:21:18.190+0000] {base.py:84} INFO - Using connection ID 'raw_postgres' for task execution.
[2025-11-19T12:21:18.213+0000] {sql.py:457} INFO - Running statement: 
            INSERT INTO raw.cbr_daily_rates
                (rate_date, val_id, num_code, char_code, nominal, name, value)
            VALUES (%s, %s, %s, %s, %s, %s, %s)
            ON CONFLICT (rate_date, char_code) DO UPDATE
              SET val_id  = EXCLUDED.val_id,
                  num_code= EXCLUDED.num_code,
                  nominal= EXCLUDED.nominal,
                  name    = EXCLUDED.name,
                  value   = EXCLUDED.value,
                  load_ts = now();
        , parameters: (Date(2025, 7, 29), 'R01805F', '941', 'RSD', 100, 'Сербских динаров', 79.7727)
[2025-11-19T12:21:18.220+0000] {sql.py:466} INFO - Rows affected: 1
[2025-11-19T12:21:18.252+0000] {base.py:84} INFO - Using connection ID 'raw_postgres' for task execution.
[2025-11-19T12:21:18.272+0000] {sql.py:457} INFO - Running statement: 
            INSERT INTO raw.cbr_daily_rates
                (rate_date, val_id, num_code, char_code, nominal, name, value)
            VALUES (%s, %s, %s, %s, %s, %s, %s)
            ON CONFLICT (rate_date, char_code) DO UPDATE
              SET val_id  = EXCLUDED.val_id,
                  num_code= EXCLUDED.num_code,
                  nominal= EXCLUDED.nominal,
                  name    = EXCLUDED.name,
                  value   = EXCLUDED.value,
                  load_ts = now();
        , parameters: (Date(2025, 7, 29), 'R01810', '710', 'ZAR', 10, 'Рэндов', 44.5904)
[2025-11-19T12:21:18.275+0000] {sql.py:466} INFO - Rows affected: 1
[2025-11-19T12:21:18.298+0000] {base.py:84} INFO - Using connection ID 'raw_postgres' for task execution.
[2025-11-19T12:21:18.322+0000] {sql.py:457} INFO - Running statement: 
            INSERT INTO raw.cbr_daily_rates
                (rate_date, val_id, num_code, char_code, nominal, name, value)
            VALUES (%s, %s, %s, %s, %s, %s, %s)
            ON CONFLICT (rate_date, char_code) DO UPDATE
              SET val_id  = EXCLUDED.val_id,
                  num_code= EXCLUDED.num_code,
                  nominal= EXCLUDED.nominal,
                  name    = EXCLUDED.name,
                  value   = EXCLUDED.value,
                  load_ts = now();
        , parameters: (Date(2025, 7, 29), 'R01815', '410', 'KRW', 1000, 'Вон', 57.833)
[2025-11-19T12:21:18.325+0000] {sql.py:466} INFO - Rows affected: 1
[2025-11-19T12:21:18.353+0000] {base.py:84} INFO - Using connection ID 'raw_postgres' for task execution.
[2025-11-19T12:21:18.368+0000] {sql.py:457} INFO - Running statement: 
            INSERT INTO raw.cbr_daily_rates
                (rate_date, val_id, num_code, char_code, nominal, name, value)
            VALUES (%s, %s, %s, %s, %s, %s, %s)
            ON CONFLICT (rate_date, char_code) DO UPDATE
              SET val_id  = EXCLUDED.val_id,
                  num_code= EXCLUDED.num_code,
                  nominal= EXCLUDED.nominal,
                  name    = EXCLUDED.name,
                  value   = EXCLUDED.value,
                  load_ts = now();
        , parameters: (Date(2025, 7, 29), 'R01820', '392', 'JPY', 100, 'Иен', 53.7691)
[2025-11-19T12:21:18.372+0000] {sql.py:466} INFO - Rows affected: 1
[2025-11-19T12:21:18.395+0000] {base.py:84} INFO - Using connection ID 'raw_postgres' for task execution.
[2025-11-19T12:21:18.413+0000] {sql.py:457} INFO - Running statement: 
            INSERT INTO raw.cbr_daily_rates
                (rate_date, val_id, num_code, char_code, nominal, name, value)
            VALUES (%s, %s, %s, %s, %s, %s, %s)
            ON CONFLICT (rate_date, char_code) DO UPDATE
              SET val_id  = EXCLUDED.val_id,
                  num_code= EXCLUDED.num_code,
                  nominal= EXCLUDED.nominal,
                  name    = EXCLUDED.name,
                  value   = EXCLUDED.value,
                  load_ts = now();
        , parameters: (Date(2025, 7, 29), 'R02005', '104', 'MMK', 1000, 'Кьятов', 37.8944)
[2025-11-19T12:21:18.418+0000] {sql.py:466} INFO - Rows affected: 1
[2025-11-19T12:21:18.421+0000] {python.py:237} INFO - Done. Returned value was: 55
[2025-11-19T12:21:18.423+0000] {taskinstance.py:441} INFO - ::group::Post task execution logs
[2025-11-19T12:21:18.483+0000] {taskinstance.py:1205} INFO - Marking task as SUCCESS. dag_id=cbr_daily_to_raw, task_id=load_cbr_daily_for_date, execution_date=20250729T210000, start_date=20251119T122110, end_date=20251119T122118
[2025-11-19T12:21:18.544+0000] {local_task_job_runner.py:240} INFO - Task exited with return code 0
[2025-11-19T12:21:18.589+0000] {taskinstance.py:3482} INFO - 0 downstream tasks scheduled from follow-on schedule check
[2025-11-19T12:21:18.593+0000] {local_task_job_runner.py:222} INFO - ::endgroup::
