[2025-11-19T11:49:13.116+0000] {processor.py:161} INFO - Started process (PID=167) to work on /opt/airflow/dags/cbr_daily_to_raw.py
[2025-11-19T11:49:13.117+0000] {processor.py:830} INFO - Processing file /opt/airflow/dags/cbr_daily_to_raw.py for tasks to queue
[2025-11-19T11:49:13.120+0000] {logging_mixin.py:188} INFO - [2025-11-19T11:49:13.120+0000] {dagbag.py:540} INFO - Filling up the DagBag from /opt/airflow/dags/cbr_daily_to_raw.py
[2025-11-19T11:49:13.153+0000] {processor.py:840} INFO - DAG(s) 'cbr_daily_to_raw' retrieved from /opt/airflow/dags/cbr_daily_to_raw.py
[2025-11-19T11:49:13.198+0000] {logging_mixin.py:188} INFO - [2025-11-19T11:49:13.198+0000] {dag.py:3096} INFO - Sync 1 DAGs
[2025-11-19T11:49:13.307+0000] {processor.py:183} INFO - Processing /opt/airflow/dags/cbr_daily_to_raw.py took 0.200 seconds
[2025-11-19T11:49:43.552+0000] {processor.py:161} INFO - Started process (PID=177) to work on /opt/airflow/dags/cbr_daily_to_raw.py
[2025-11-19T11:49:43.553+0000] {processor.py:830} INFO - Processing file /opt/airflow/dags/cbr_daily_to_raw.py for tasks to queue
[2025-11-19T11:49:43.556+0000] {logging_mixin.py:188} INFO - [2025-11-19T11:49:43.556+0000] {dagbag.py:540} INFO - Filling up the DagBag from /opt/airflow/dags/cbr_daily_to_raw.py
[2025-11-19T11:49:43.580+0000] {processor.py:840} INFO - DAG(s) 'cbr_daily_to_raw' retrieved from /opt/airflow/dags/cbr_daily_to_raw.py
[2025-11-19T11:49:43.851+0000] {logging_mixin.py:188} INFO - [2025-11-19T11:49:43.851+0000] {dag.py:3096} INFO - Sync 1 DAGs
[2025-11-19T11:49:43.901+0000] {processor.py:183} INFO - Processing /opt/airflow/dags/cbr_daily_to_raw.py took 0.358 seconds
[2025-11-19T11:50:14.366+0000] {processor.py:161} INFO - Started process (PID=187) to work on /opt/airflow/dags/cbr_daily_to_raw.py
[2025-11-19T11:50:14.367+0000] {processor.py:830} INFO - Processing file /opt/airflow/dags/cbr_daily_to_raw.py for tasks to queue
[2025-11-19T11:50:14.372+0000] {logging_mixin.py:188} INFO - [2025-11-19T11:50:14.371+0000] {dagbag.py:540} INFO - Filling up the DagBag from /opt/airflow/dags/cbr_daily_to_raw.py
[2025-11-19T11:50:14.422+0000] {processor.py:840} INFO - DAG(s) 'cbr_daily_to_raw' retrieved from /opt/airflow/dags/cbr_daily_to_raw.py
[2025-11-19T11:50:14.553+0000] {logging_mixin.py:188} INFO - [2025-11-19T11:50:14.552+0000] {dag.py:3096} INFO - Sync 1 DAGs
[2025-11-19T11:50:14.686+0000] {processor.py:183} INFO - Processing /opt/airflow/dags/cbr_daily_to_raw.py took 0.333 seconds
[2025-11-19T11:50:45.089+0000] {processor.py:161} INFO - Started process (PID=197) to work on /opt/airflow/dags/cbr_daily_to_raw.py
[2025-11-19T11:50:45.091+0000] {processor.py:830} INFO - Processing file /opt/airflow/dags/cbr_daily_to_raw.py for tasks to queue
[2025-11-19T11:50:45.095+0000] {logging_mixin.py:188} INFO - [2025-11-19T11:50:45.094+0000] {dagbag.py:540} INFO - Filling up the DagBag from /opt/airflow/dags/cbr_daily_to_raw.py
[2025-11-19T11:50:45.131+0000] {processor.py:840} INFO - DAG(s) 'cbr_daily_to_raw' retrieved from /opt/airflow/dags/cbr_daily_to_raw.py
[2025-11-19T11:50:45.179+0000] {logging_mixin.py:188} INFO - [2025-11-19T11:50:45.179+0000] {dag.py:3096} INFO - Sync 1 DAGs
[2025-11-19T11:50:45.276+0000] {processor.py:183} INFO - Processing /opt/airflow/dags/cbr_daily_to_raw.py took 0.197 seconds
[2025-11-19T11:51:15.694+0000] {processor.py:161} INFO - Started process (PID=207) to work on /opt/airflow/dags/cbr_daily_to_raw.py
[2025-11-19T11:51:15.696+0000] {processor.py:830} INFO - Processing file /opt/airflow/dags/cbr_daily_to_raw.py for tasks to queue
[2025-11-19T11:51:15.698+0000] {logging_mixin.py:188} INFO - [2025-11-19T11:51:15.698+0000] {dagbag.py:540} INFO - Filling up the DagBag from /opt/airflow/dags/cbr_daily_to_raw.py
[2025-11-19T11:51:15.723+0000] {processor.py:840} INFO - DAG(s) 'cbr_daily_to_raw' retrieved from /opt/airflow/dags/cbr_daily_to_raw.py
[2025-11-19T11:51:15.761+0000] {logging_mixin.py:188} INFO - [2025-11-19T11:51:15.761+0000] {dag.py:3096} INFO - Sync 1 DAGs
[2025-11-19T11:51:15.815+0000] {processor.py:183} INFO - Processing /opt/airflow/dags/cbr_daily_to_raw.py took 0.127 seconds
[2025-11-19T11:51:46.287+0000] {processor.py:161} INFO - Started process (PID=217) to work on /opt/airflow/dags/cbr_daily_to_raw.py
[2025-11-19T11:51:46.287+0000] {processor.py:830} INFO - Processing file /opt/airflow/dags/cbr_daily_to_raw.py for tasks to queue
[2025-11-19T11:51:46.290+0000] {logging_mixin.py:188} INFO - [2025-11-19T11:51:46.290+0000] {dagbag.py:540} INFO - Filling up the DagBag from /opt/airflow/dags/cbr_daily_to_raw.py
[2025-11-19T11:51:46.323+0000] {processor.py:840} INFO - DAG(s) 'cbr_daily_to_raw' retrieved from /opt/airflow/dags/cbr_daily_to_raw.py
[2025-11-19T11:51:46.364+0000] {logging_mixin.py:188} INFO - [2025-11-19T11:51:46.364+0000] {dag.py:3096} INFO - Sync 1 DAGs
[2025-11-19T11:51:46.416+0000] {processor.py:183} INFO - Processing /opt/airflow/dags/cbr_daily_to_raw.py took 0.137 seconds
[2025-11-19T11:52:16.834+0000] {processor.py:161} INFO - Started process (PID=227) to work on /opt/airflow/dags/cbr_daily_to_raw.py
[2025-11-19T11:52:16.835+0000] {processor.py:830} INFO - Processing file /opt/airflow/dags/cbr_daily_to_raw.py for tasks to queue
[2025-11-19T11:52:16.838+0000] {logging_mixin.py:188} INFO - [2025-11-19T11:52:16.838+0000] {dagbag.py:540} INFO - Filling up the DagBag from /opt/airflow/dags/cbr_daily_to_raw.py
[2025-11-19T11:52:16.876+0000] {processor.py:840} INFO - DAG(s) 'cbr_daily_to_raw' retrieved from /opt/airflow/dags/cbr_daily_to_raw.py
[2025-11-19T11:52:16.936+0000] {logging_mixin.py:188} INFO - [2025-11-19T11:52:16.936+0000] {dag.py:3096} INFO - Sync 1 DAGs
[2025-11-19T11:52:17.003+0000] {processor.py:183} INFO - Processing /opt/airflow/dags/cbr_daily_to_raw.py took 0.179 seconds
[2025-11-19T11:52:47.376+0000] {processor.py:161} INFO - Started process (PID=237) to work on /opt/airflow/dags/cbr_daily_to_raw.py
[2025-11-19T11:52:47.381+0000] {processor.py:830} INFO - Processing file /opt/airflow/dags/cbr_daily_to_raw.py for tasks to queue
[2025-11-19T11:52:47.386+0000] {logging_mixin.py:188} INFO - [2025-11-19T11:52:47.385+0000] {dagbag.py:540} INFO - Filling up the DagBag from /opt/airflow/dags/cbr_daily_to_raw.py
[2025-11-19T11:52:47.512+0000] {processor.py:840} INFO - DAG(s) 'cbr_daily_to_raw' retrieved from /opt/airflow/dags/cbr_daily_to_raw.py
[2025-11-19T11:52:47.804+0000] {logging_mixin.py:188} INFO - [2025-11-19T11:52:47.803+0000] {dag.py:3096} INFO - Sync 1 DAGs
[2025-11-19T11:52:48.297+0000] {processor.py:183} INFO - Processing /opt/airflow/dags/cbr_daily_to_raw.py took 0.946 seconds
[2025-11-19T11:53:18.668+0000] {processor.py:161} INFO - Started process (PID=247) to work on /opt/airflow/dags/cbr_daily_to_raw.py
[2025-11-19T11:53:18.669+0000] {processor.py:830} INFO - Processing file /opt/airflow/dags/cbr_daily_to_raw.py for tasks to queue
[2025-11-19T11:53:18.671+0000] {logging_mixin.py:188} INFO - [2025-11-19T11:53:18.671+0000] {dagbag.py:540} INFO - Filling up the DagBag from /opt/airflow/dags/cbr_daily_to_raw.py
[2025-11-19T11:53:18.695+0000] {processor.py:840} INFO - DAG(s) 'cbr_daily_to_raw' retrieved from /opt/airflow/dags/cbr_daily_to_raw.py
[2025-11-19T11:53:18.736+0000] {logging_mixin.py:188} INFO - [2025-11-19T11:53:18.735+0000] {dag.py:3096} INFO - Sync 1 DAGs
[2025-11-19T11:53:18.812+0000] {processor.py:183} INFO - Processing /opt/airflow/dags/cbr_daily_to_raw.py took 0.153 seconds
[2025-11-19T11:53:49.241+0000] {processor.py:161} INFO - Started process (PID=257) to work on /opt/airflow/dags/cbr_daily_to_raw.py
[2025-11-19T11:53:49.243+0000] {processor.py:830} INFO - Processing file /opt/airflow/dags/cbr_daily_to_raw.py for tasks to queue
[2025-11-19T11:53:49.245+0000] {logging_mixin.py:188} INFO - [2025-11-19T11:53:49.245+0000] {dagbag.py:540} INFO - Filling up the DagBag from /opt/airflow/dags/cbr_daily_to_raw.py
[2025-11-19T11:53:49.269+0000] {processor.py:840} INFO - DAG(s) 'cbr_daily_to_raw' retrieved from /opt/airflow/dags/cbr_daily_to_raw.py
[2025-11-19T11:53:49.314+0000] {logging_mixin.py:188} INFO - [2025-11-19T11:53:49.314+0000] {dag.py:3096} INFO - Sync 1 DAGs
[2025-11-19T11:53:49.374+0000] {processor.py:183} INFO - Processing /opt/airflow/dags/cbr_daily_to_raw.py took 0.140 seconds
[2025-11-19T11:54:19.856+0000] {processor.py:161} INFO - Started process (PID=267) to work on /opt/airflow/dags/cbr_daily_to_raw.py
[2025-11-19T11:54:19.858+0000] {processor.py:830} INFO - Processing file /opt/airflow/dags/cbr_daily_to_raw.py for tasks to queue
[2025-11-19T11:54:19.860+0000] {logging_mixin.py:188} INFO - [2025-11-19T11:54:19.860+0000] {dagbag.py:540} INFO - Filling up the DagBag from /opt/airflow/dags/cbr_daily_to_raw.py
[2025-11-19T11:54:19.883+0000] {processor.py:840} INFO - DAG(s) 'cbr_daily_to_raw' retrieved from /opt/airflow/dags/cbr_daily_to_raw.py
[2025-11-19T11:54:19.916+0000] {logging_mixin.py:188} INFO - [2025-11-19T11:54:19.916+0000] {dag.py:3096} INFO - Sync 1 DAGs
[2025-11-19T11:54:19.968+0000] {processor.py:183} INFO - Processing /opt/airflow/dags/cbr_daily_to_raw.py took 0.118 seconds
[2025-11-19T11:54:50.448+0000] {processor.py:161} INFO - Started process (PID=277) to work on /opt/airflow/dags/cbr_daily_to_raw.py
[2025-11-19T11:54:50.449+0000] {processor.py:830} INFO - Processing file /opt/airflow/dags/cbr_daily_to_raw.py for tasks to queue
[2025-11-19T11:54:50.452+0000] {logging_mixin.py:188} INFO - [2025-11-19T11:54:50.451+0000] {dagbag.py:540} INFO - Filling up the DagBag from /opt/airflow/dags/cbr_daily_to_raw.py
[2025-11-19T11:54:50.478+0000] {processor.py:840} INFO - DAG(s) 'cbr_daily_to_raw' retrieved from /opt/airflow/dags/cbr_daily_to_raw.py
[2025-11-19T11:54:50.521+0000] {logging_mixin.py:188} INFO - [2025-11-19T11:54:50.521+0000] {dag.py:3096} INFO - Sync 1 DAGs
[2025-11-19T11:54:50.579+0000] {processor.py:183} INFO - Processing /opt/airflow/dags/cbr_daily_to_raw.py took 0.139 seconds
[2025-11-19T11:55:20.961+0000] {processor.py:161} INFO - Started process (PID=287) to work on /opt/airflow/dags/cbr_daily_to_raw.py
[2025-11-19T11:55:20.963+0000] {processor.py:830} INFO - Processing file /opt/airflow/dags/cbr_daily_to_raw.py for tasks to queue
[2025-11-19T11:55:20.968+0000] {logging_mixin.py:188} INFO - [2025-11-19T11:55:20.967+0000] {dagbag.py:540} INFO - Filling up the DagBag from /opt/airflow/dags/cbr_daily_to_raw.py
[2025-11-19T11:55:21.013+0000] {processor.py:840} INFO - DAG(s) 'cbr_daily_to_raw' retrieved from /opt/airflow/dags/cbr_daily_to_raw.py
[2025-11-19T11:55:21.074+0000] {logging_mixin.py:188} INFO - [2025-11-19T11:55:21.074+0000] {dag.py:3096} INFO - Sync 1 DAGs
[2025-11-19T11:55:21.160+0000] {processor.py:183} INFO - Processing /opt/airflow/dags/cbr_daily_to_raw.py took 0.219 seconds
[2025-11-19T11:55:51.476+0000] {processor.py:161} INFO - Started process (PID=297) to work on /opt/airflow/dags/cbr_daily_to_raw.py
[2025-11-19T11:55:51.477+0000] {processor.py:830} INFO - Processing file /opt/airflow/dags/cbr_daily_to_raw.py for tasks to queue
[2025-11-19T11:55:51.480+0000] {logging_mixin.py:188} INFO - [2025-11-19T11:55:51.479+0000] {dagbag.py:540} INFO - Filling up the DagBag from /opt/airflow/dags/cbr_daily_to_raw.py
[2025-11-19T11:55:51.505+0000] {processor.py:840} INFO - DAG(s) 'cbr_daily_to_raw' retrieved from /opt/airflow/dags/cbr_daily_to_raw.py
[2025-11-19T11:55:51.541+0000] {logging_mixin.py:188} INFO - [2025-11-19T11:55:51.541+0000] {dag.py:3096} INFO - Sync 1 DAGs
[2025-11-19T11:55:51.600+0000] {processor.py:183} INFO - Processing /opt/airflow/dags/cbr_daily_to_raw.py took 0.131 seconds
[2025-11-19T11:56:22.046+0000] {processor.py:161} INFO - Started process (PID=307) to work on /opt/airflow/dags/cbr_daily_to_raw.py
[2025-11-19T11:56:22.048+0000] {processor.py:830} INFO - Processing file /opt/airflow/dags/cbr_daily_to_raw.py for tasks to queue
[2025-11-19T11:56:22.052+0000] {logging_mixin.py:188} INFO - [2025-11-19T11:56:22.051+0000] {dagbag.py:540} INFO - Filling up the DagBag from /opt/airflow/dags/cbr_daily_to_raw.py
[2025-11-19T11:56:22.084+0000] {processor.py:840} INFO - DAG(s) 'cbr_daily_to_raw' retrieved from /opt/airflow/dags/cbr_daily_to_raw.py
[2025-11-19T11:56:22.122+0000] {logging_mixin.py:188} INFO - [2025-11-19T11:56:22.122+0000] {dag.py:3096} INFO - Sync 1 DAGs
[2025-11-19T11:56:22.291+0000] {processor.py:183} INFO - Processing /opt/airflow/dags/cbr_daily_to_raw.py took 0.255 seconds
[2025-11-19T11:56:52.642+0000] {processor.py:161} INFO - Started process (PID=317) to work on /opt/airflow/dags/cbr_daily_to_raw.py
[2025-11-19T11:56:52.644+0000] {processor.py:830} INFO - Processing file /opt/airflow/dags/cbr_daily_to_raw.py for tasks to queue
[2025-11-19T11:56:52.646+0000] {logging_mixin.py:188} INFO - [2025-11-19T11:56:52.645+0000] {dagbag.py:540} INFO - Filling up the DagBag from /opt/airflow/dags/cbr_daily_to_raw.py
[2025-11-19T11:56:52.667+0000] {processor.py:840} INFO - DAG(s) 'cbr_daily_to_raw' retrieved from /opt/airflow/dags/cbr_daily_to_raw.py
[2025-11-19T11:56:52.704+0000] {logging_mixin.py:188} INFO - [2025-11-19T11:56:52.704+0000] {dag.py:3096} INFO - Sync 1 DAGs
[2025-11-19T11:56:52.762+0000] {processor.py:183} INFO - Processing /opt/airflow/dags/cbr_daily_to_raw.py took 0.126 seconds
[2025-11-19T11:57:23.167+0000] {processor.py:161} INFO - Started process (PID=327) to work on /opt/airflow/dags/cbr_daily_to_raw.py
[2025-11-19T11:57:23.168+0000] {processor.py:830} INFO - Processing file /opt/airflow/dags/cbr_daily_to_raw.py for tasks to queue
[2025-11-19T11:57:23.172+0000] {logging_mixin.py:188} INFO - [2025-11-19T11:57:23.171+0000] {dagbag.py:540} INFO - Filling up the DagBag from /opt/airflow/dags/cbr_daily_to_raw.py
[2025-11-19T11:57:23.237+0000] {processor.py:840} INFO - DAG(s) 'cbr_daily_to_raw' retrieved from /opt/airflow/dags/cbr_daily_to_raw.py
[2025-11-19T11:57:23.357+0000] {logging_mixin.py:188} INFO - [2025-11-19T11:57:23.356+0000] {dag.py:3096} INFO - Sync 1 DAGs
[2025-11-19T11:57:23.476+0000] {processor.py:183} INFO - Processing /opt/airflow/dags/cbr_daily_to_raw.py took 0.323 seconds
[2025-11-19T11:57:53.807+0000] {processor.py:161} INFO - Started process (PID=337) to work on /opt/airflow/dags/cbr_daily_to_raw.py
[2025-11-19T11:57:53.808+0000] {processor.py:830} INFO - Processing file /opt/airflow/dags/cbr_daily_to_raw.py for tasks to queue
[2025-11-19T11:57:53.810+0000] {logging_mixin.py:188} INFO - [2025-11-19T11:57:53.810+0000] {dagbag.py:540} INFO - Filling up the DagBag from /opt/airflow/dags/cbr_daily_to_raw.py
[2025-11-19T11:57:53.835+0000] {processor.py:840} INFO - DAG(s) 'cbr_daily_to_raw' retrieved from /opt/airflow/dags/cbr_daily_to_raw.py
[2025-11-19T11:57:53.867+0000] {logging_mixin.py:188} INFO - [2025-11-19T11:57:53.867+0000] {dag.py:3096} INFO - Sync 1 DAGs
[2025-11-19T11:57:53.920+0000] {processor.py:183} INFO - Processing /opt/airflow/dags/cbr_daily_to_raw.py took 0.120 seconds
[2025-11-19T11:58:24.331+0000] {processor.py:161} INFO - Started process (PID=347) to work on /opt/airflow/dags/cbr_daily_to_raw.py
[2025-11-19T11:58:24.333+0000] {processor.py:830} INFO - Processing file /opt/airflow/dags/cbr_daily_to_raw.py for tasks to queue
[2025-11-19T11:58:24.335+0000] {logging_mixin.py:188} INFO - [2025-11-19T11:58:24.335+0000] {dagbag.py:540} INFO - Filling up the DagBag from /opt/airflow/dags/cbr_daily_to_raw.py
[2025-11-19T11:58:24.362+0000] {processor.py:840} INFO - DAG(s) 'cbr_daily_to_raw' retrieved from /opt/airflow/dags/cbr_daily_to_raw.py
[2025-11-19T11:58:24.422+0000] {logging_mixin.py:188} INFO - [2025-11-19T11:58:24.422+0000] {dag.py:3096} INFO - Sync 1 DAGs
[2025-11-19T11:58:24.543+0000] {processor.py:183} INFO - Processing /opt/airflow/dags/cbr_daily_to_raw.py took 0.220 seconds
[2025-11-19T11:58:54.913+0000] {processor.py:161} INFO - Started process (PID=357) to work on /opt/airflow/dags/cbr_daily_to_raw.py
[2025-11-19T11:58:54.914+0000] {processor.py:830} INFO - Processing file /opt/airflow/dags/cbr_daily_to_raw.py for tasks to queue
[2025-11-19T11:58:54.918+0000] {logging_mixin.py:188} INFO - [2025-11-19T11:58:54.917+0000] {dagbag.py:540} INFO - Filling up the DagBag from /opt/airflow/dags/cbr_daily_to_raw.py
[2025-11-19T11:58:54.960+0000] {processor.py:840} INFO - DAG(s) 'cbr_daily_to_raw' retrieved from /opt/airflow/dags/cbr_daily_to_raw.py
[2025-11-19T11:58:55.027+0000] {logging_mixin.py:188} INFO - [2025-11-19T11:58:55.027+0000] {dag.py:3096} INFO - Sync 1 DAGs
[2025-11-19T11:58:55.107+0000] {processor.py:183} INFO - Processing /opt/airflow/dags/cbr_daily_to_raw.py took 0.204 seconds
[2025-11-19T11:59:25.538+0000] {processor.py:161} INFO - Started process (PID=367) to work on /opt/airflow/dags/cbr_daily_to_raw.py
[2025-11-19T11:59:25.540+0000] {processor.py:830} INFO - Processing file /opt/airflow/dags/cbr_daily_to_raw.py for tasks to queue
[2025-11-19T11:59:25.543+0000] {logging_mixin.py:188} INFO - [2025-11-19T11:59:25.542+0000] {dagbag.py:540} INFO - Filling up the DagBag from /opt/airflow/dags/cbr_daily_to_raw.py
[2025-11-19T11:59:25.573+0000] {processor.py:840} INFO - DAG(s) 'cbr_daily_to_raw' retrieved from /opt/airflow/dags/cbr_daily_to_raw.py
[2025-11-19T11:59:25.612+0000] {logging_mixin.py:188} INFO - [2025-11-19T11:59:25.611+0000] {dag.py:3096} INFO - Sync 1 DAGs
[2025-11-19T11:59:25.685+0000] {processor.py:183} INFO - Processing /opt/airflow/dags/cbr_daily_to_raw.py took 0.156 seconds
[2025-11-19T11:59:56.178+0000] {processor.py:161} INFO - Started process (PID=377) to work on /opt/airflow/dags/cbr_daily_to_raw.py
[2025-11-19T11:59:56.180+0000] {processor.py:830} INFO - Processing file /opt/airflow/dags/cbr_daily_to_raw.py for tasks to queue
[2025-11-19T11:59:56.182+0000] {logging_mixin.py:188} INFO - [2025-11-19T11:59:56.182+0000] {dagbag.py:540} INFO - Filling up the DagBag from /opt/airflow/dags/cbr_daily_to_raw.py
[2025-11-19T11:59:56.205+0000] {processor.py:840} INFO - DAG(s) 'cbr_daily_to_raw' retrieved from /opt/airflow/dags/cbr_daily_to_raw.py
[2025-11-19T11:59:56.243+0000] {logging_mixin.py:188} INFO - [2025-11-19T11:59:56.243+0000] {dag.py:3096} INFO - Sync 1 DAGs
[2025-11-19T11:59:56.295+0000] {processor.py:183} INFO - Processing /opt/airflow/dags/cbr_daily_to_raw.py took 0.124 seconds
[2025-11-19T12:00:26.821+0000] {processor.py:161} INFO - Started process (PID=387) to work on /opt/airflow/dags/cbr_daily_to_raw.py
[2025-11-19T12:00:26.822+0000] {processor.py:830} INFO - Processing file /opt/airflow/dags/cbr_daily_to_raw.py for tasks to queue
[2025-11-19T12:00:26.824+0000] {logging_mixin.py:188} INFO - [2025-11-19T12:00:26.824+0000] {dagbag.py:540} INFO - Filling up the DagBag from /opt/airflow/dags/cbr_daily_to_raw.py
[2025-11-19T12:00:26.849+0000] {processor.py:840} INFO - DAG(s) 'cbr_daily_to_raw' retrieved from /opt/airflow/dags/cbr_daily_to_raw.py
[2025-11-19T12:00:26.884+0000] {logging_mixin.py:188} INFO - [2025-11-19T12:00:26.884+0000] {dag.py:3096} INFO - Sync 1 DAGs
[2025-11-19T12:00:26.939+0000] {processor.py:183} INFO - Processing /opt/airflow/dags/cbr_daily_to_raw.py took 0.126 seconds
[2025-11-19T12:00:57.309+0000] {processor.py:161} INFO - Started process (PID=397) to work on /opt/airflow/dags/cbr_daily_to_raw.py
[2025-11-19T12:00:57.310+0000] {processor.py:830} INFO - Processing file /opt/airflow/dags/cbr_daily_to_raw.py for tasks to queue
[2025-11-19T12:00:57.313+0000] {logging_mixin.py:188} INFO - [2025-11-19T12:00:57.312+0000] {dagbag.py:540} INFO - Filling up the DagBag from /opt/airflow/dags/cbr_daily_to_raw.py
[2025-11-19T12:00:57.357+0000] {processor.py:840} INFO - DAG(s) 'cbr_daily_to_raw' retrieved from /opt/airflow/dags/cbr_daily_to_raw.py
[2025-11-19T12:00:57.417+0000] {logging_mixin.py:188} INFO - [2025-11-19T12:00:57.416+0000] {dag.py:3096} INFO - Sync 1 DAGs
[2025-11-19T12:00:57.490+0000] {processor.py:183} INFO - Processing /opt/airflow/dags/cbr_daily_to_raw.py took 0.190 seconds
[2025-11-19T12:01:27.909+0000] {processor.py:161} INFO - Started process (PID=407) to work on /opt/airflow/dags/cbr_daily_to_raw.py
[2025-11-19T12:01:27.911+0000] {processor.py:830} INFO - Processing file /opt/airflow/dags/cbr_daily_to_raw.py for tasks to queue
[2025-11-19T12:01:27.913+0000] {logging_mixin.py:188} INFO - [2025-11-19T12:01:27.913+0000] {dagbag.py:540} INFO - Filling up the DagBag from /opt/airflow/dags/cbr_daily_to_raw.py
[2025-11-19T12:01:27.942+0000] {processor.py:840} INFO - DAG(s) 'cbr_daily_to_raw' retrieved from /opt/airflow/dags/cbr_daily_to_raw.py
[2025-11-19T12:01:28.011+0000] {logging_mixin.py:188} INFO - [2025-11-19T12:01:28.011+0000] {dag.py:3096} INFO - Sync 1 DAGs
[2025-11-19T12:01:28.071+0000] {processor.py:183} INFO - Processing /opt/airflow/dags/cbr_daily_to_raw.py took 0.173 seconds
[2025-11-19T12:01:58.627+0000] {processor.py:161} INFO - Started process (PID=417) to work on /opt/airflow/dags/cbr_daily_to_raw.py
[2025-11-19T12:01:58.628+0000] {processor.py:830} INFO - Processing file /opt/airflow/dags/cbr_daily_to_raw.py for tasks to queue
[2025-11-19T12:01:58.630+0000] {logging_mixin.py:188} INFO - [2025-11-19T12:01:58.630+0000] {dagbag.py:540} INFO - Filling up the DagBag from /opt/airflow/dags/cbr_daily_to_raw.py
[2025-11-19T12:01:58.655+0000] {processor.py:840} INFO - DAG(s) 'cbr_daily_to_raw' retrieved from /opt/airflow/dags/cbr_daily_to_raw.py
[2025-11-19T12:01:58.691+0000] {logging_mixin.py:188} INFO - [2025-11-19T12:01:58.691+0000] {dag.py:3096} INFO - Sync 1 DAGs
[2025-11-19T12:01:58.746+0000] {processor.py:183} INFO - Processing /opt/airflow/dags/cbr_daily_to_raw.py took 0.126 seconds
[2025-11-19T12:04:00.920+0000] {processor.py:161} INFO - Started process (PID=167) to work on /opt/airflow/dags/cbr_daily_to_raw.py
[2025-11-19T12:04:00.922+0000] {processor.py:830} INFO - Processing file /opt/airflow/dags/cbr_daily_to_raw.py for tasks to queue
[2025-11-19T12:04:00.926+0000] {logging_mixin.py:188} INFO - [2025-11-19T12:04:00.925+0000] {dagbag.py:540} INFO - Filling up the DagBag from /opt/airflow/dags/cbr_daily_to_raw.py
[2025-11-19T12:04:00.967+0000] {processor.py:840} INFO - DAG(s) 'cbr_daily_to_raw' retrieved from /opt/airflow/dags/cbr_daily_to_raw.py
[2025-11-19T12:04:01.222+0000] {logging_mixin.py:188} INFO - [2025-11-19T12:04:01.221+0000] {override.py:1829} INFO - Created Permission View: can edit on DAG:cbr_daily_to_raw
[2025-11-19T12:04:01.242+0000] {logging_mixin.py:188} INFO - [2025-11-19T12:04:01.241+0000] {override.py:1829} INFO - Created Permission View: can delete on DAG:cbr_daily_to_raw
[2025-11-19T12:04:01.254+0000] {logging_mixin.py:188} INFO - [2025-11-19T12:04:01.253+0000] {override.py:1829} INFO - Created Permission View: can read on DAG:cbr_daily_to_raw
[2025-11-19T12:04:01.255+0000] {logging_mixin.py:188} INFO - [2025-11-19T12:04:01.255+0000] {dag.py:3096} INFO - Sync 1 DAGs
[2025-11-19T12:04:01.282+0000] {logging_mixin.py:188} INFO - [2025-11-19T12:04:01.282+0000] {dag.py:3118} INFO - Creating ORM DAG for cbr_daily_to_raw
[2025-11-19T12:04:01.310+0000] {logging_mixin.py:188} INFO - [2025-11-19T12:04:01.309+0000] {dag.py:3954} INFO - Setting next_dagrun for cbr_daily_to_raw to 2025-05-17 21:00:00+00:00, run_after=2025-05-18 21:00:00+00:00
[2025-11-19T12:04:01.372+0000] {processor.py:183} INFO - Processing /opt/airflow/dags/cbr_daily_to_raw.py took 0.463 seconds
[2025-11-19T12:04:32.206+0000] {processor.py:161} INFO - Started process (PID=177) to work on /opt/airflow/dags/cbr_daily_to_raw.py
[2025-11-19T12:04:32.207+0000] {processor.py:830} INFO - Processing file /opt/airflow/dags/cbr_daily_to_raw.py for tasks to queue
[2025-11-19T12:04:32.209+0000] {logging_mixin.py:188} INFO - [2025-11-19T12:04:32.209+0000] {dagbag.py:540} INFO - Filling up the DagBag from /opt/airflow/dags/cbr_daily_to_raw.py
[2025-11-19T12:04:32.234+0000] {processor.py:840} INFO - DAG(s) 'cbr_daily_to_raw' retrieved from /opt/airflow/dags/cbr_daily_to_raw.py
[2025-11-19T12:04:32.271+0000] {logging_mixin.py:188} INFO - [2025-11-19T12:04:32.271+0000] {dag.py:3096} INFO - Sync 1 DAGs
[2025-11-19T12:04:32.302+0000] {logging_mixin.py:188} INFO - [2025-11-19T12:04:32.302+0000] {dag.py:3954} INFO - Setting next_dagrun for cbr_daily_to_raw to 2025-05-17 21:00:00+00:00, run_after=2025-05-18 21:00:00+00:00
[2025-11-19T12:04:32.328+0000] {processor.py:183} INFO - Processing /opt/airflow/dags/cbr_daily_to_raw.py took 0.130 seconds
[2025-11-19T12:05:02.801+0000] {processor.py:161} INFO - Started process (PID=187) to work on /opt/airflow/dags/cbr_daily_to_raw.py
[2025-11-19T12:05:02.802+0000] {processor.py:830} INFO - Processing file /opt/airflow/dags/cbr_daily_to_raw.py for tasks to queue
[2025-11-19T12:05:02.805+0000] {logging_mixin.py:188} INFO - [2025-11-19T12:05:02.804+0000] {dagbag.py:540} INFO - Filling up the DagBag from /opt/airflow/dags/cbr_daily_to_raw.py
[2025-11-19T12:05:02.829+0000] {processor.py:840} INFO - DAG(s) 'cbr_daily_to_raw' retrieved from /opt/airflow/dags/cbr_daily_to_raw.py
[2025-11-19T12:05:02.868+0000] {logging_mixin.py:188} INFO - [2025-11-19T12:05:02.867+0000] {dag.py:3096} INFO - Sync 1 DAGs
[2025-11-19T12:05:02.900+0000] {logging_mixin.py:188} INFO - [2025-11-19T12:05:02.899+0000] {dag.py:3954} INFO - Setting next_dagrun for cbr_daily_to_raw to 2025-05-17 21:00:00+00:00, run_after=2025-05-18 21:00:00+00:00
[2025-11-19T12:05:02.924+0000] {processor.py:183} INFO - Processing /opt/airflow/dags/cbr_daily_to_raw.py took 0.131 seconds
[2025-11-19T12:05:33.468+0000] {processor.py:161} INFO - Started process (PID=197) to work on /opt/airflow/dags/cbr_daily_to_raw.py
[2025-11-19T12:05:33.469+0000] {processor.py:830} INFO - Processing file /opt/airflow/dags/cbr_daily_to_raw.py for tasks to queue
[2025-11-19T12:05:33.472+0000] {logging_mixin.py:188} INFO - [2025-11-19T12:05:33.472+0000] {dagbag.py:540} INFO - Filling up the DagBag from /opt/airflow/dags/cbr_daily_to_raw.py
[2025-11-19T12:05:33.500+0000] {processor.py:840} INFO - DAG(s) 'cbr_daily_to_raw' retrieved from /opt/airflow/dags/cbr_daily_to_raw.py
[2025-11-19T12:05:33.538+0000] {logging_mixin.py:188} INFO - [2025-11-19T12:05:33.538+0000] {dag.py:3096} INFO - Sync 1 DAGs
[2025-11-19T12:05:33.567+0000] {logging_mixin.py:188} INFO - [2025-11-19T12:05:33.567+0000] {dag.py:3954} INFO - Setting next_dagrun for cbr_daily_to_raw to 2025-05-17 21:00:00+00:00, run_after=2025-05-18 21:00:00+00:00
[2025-11-19T12:05:33.591+0000] {processor.py:183} INFO - Processing /opt/airflow/dags/cbr_daily_to_raw.py took 0.131 seconds
[2025-11-19T12:06:04.075+0000] {processor.py:161} INFO - Started process (PID=207) to work on /opt/airflow/dags/cbr_daily_to_raw.py
[2025-11-19T12:06:04.076+0000] {processor.py:830} INFO - Processing file /opt/airflow/dags/cbr_daily_to_raw.py for tasks to queue
[2025-11-19T12:06:04.078+0000] {logging_mixin.py:188} INFO - [2025-11-19T12:06:04.078+0000] {dagbag.py:540} INFO - Filling up the DagBag from /opt/airflow/dags/cbr_daily_to_raw.py
[2025-11-19T12:06:04.100+0000] {processor.py:840} INFO - DAG(s) 'cbr_daily_to_raw' retrieved from /opt/airflow/dags/cbr_daily_to_raw.py
[2025-11-19T12:06:04.139+0000] {logging_mixin.py:188} INFO - [2025-11-19T12:06:04.139+0000] {dag.py:3096} INFO - Sync 1 DAGs
[2025-11-19T12:06:04.169+0000] {logging_mixin.py:188} INFO - [2025-11-19T12:06:04.168+0000] {dag.py:3954} INFO - Setting next_dagrun for cbr_daily_to_raw to 2025-05-17 21:00:00+00:00, run_after=2025-05-18 21:00:00+00:00
[2025-11-19T12:06:04.193+0000] {processor.py:183} INFO - Processing /opt/airflow/dags/cbr_daily_to_raw.py took 0.125 seconds
[2025-11-19T12:06:34.649+0000] {processor.py:161} INFO - Started process (PID=217) to work on /opt/airflow/dags/cbr_daily_to_raw.py
[2025-11-19T12:06:34.651+0000] {processor.py:830} INFO - Processing file /opt/airflow/dags/cbr_daily_to_raw.py for tasks to queue
[2025-11-19T12:06:34.653+0000] {logging_mixin.py:188} INFO - [2025-11-19T12:06:34.653+0000] {dagbag.py:540} INFO - Filling up the DagBag from /opt/airflow/dags/cbr_daily_to_raw.py
[2025-11-19T12:06:34.684+0000] {processor.py:840} INFO - DAG(s) 'cbr_daily_to_raw' retrieved from /opt/airflow/dags/cbr_daily_to_raw.py
[2025-11-19T12:06:34.727+0000] {logging_mixin.py:188} INFO - [2025-11-19T12:06:34.727+0000] {dag.py:3096} INFO - Sync 1 DAGs
[2025-11-19T12:06:34.765+0000] {logging_mixin.py:188} INFO - [2025-11-19T12:06:34.764+0000] {dag.py:3954} INFO - Setting next_dagrun for cbr_daily_to_raw to 2025-05-18 21:00:00+00:00, run_after=2025-05-19 21:00:00+00:00
[2025-11-19T12:06:34.792+0000] {processor.py:183} INFO - Processing /opt/airflow/dags/cbr_daily_to_raw.py took 0.153 seconds
[2025-11-19T12:07:05.192+0000] {processor.py:161} INFO - Started process (PID=227) to work on /opt/airflow/dags/cbr_daily_to_raw.py
[2025-11-19T12:07:05.193+0000] {processor.py:830} INFO - Processing file /opt/airflow/dags/cbr_daily_to_raw.py for tasks to queue
[2025-11-19T12:07:05.196+0000] {logging_mixin.py:188} INFO - [2025-11-19T12:07:05.196+0000] {dagbag.py:540} INFO - Filling up the DagBag from /opt/airflow/dags/cbr_daily_to_raw.py
[2025-11-19T12:07:05.221+0000] {processor.py:840} INFO - DAG(s) 'cbr_daily_to_raw' retrieved from /opt/airflow/dags/cbr_daily_to_raw.py
[2025-11-19T12:07:05.258+0000] {logging_mixin.py:188} INFO - [2025-11-19T12:07:05.257+0000] {dag.py:3096} INFO - Sync 1 DAGs
[2025-11-19T12:07:05.293+0000] {logging_mixin.py:188} INFO - [2025-11-19T12:07:05.293+0000] {dag.py:3954} INFO - Setting next_dagrun for cbr_daily_to_raw to 2025-05-18 21:00:00+00:00, run_after=2025-05-19 21:00:00+00:00
[2025-11-19T12:07:05.321+0000] {processor.py:183} INFO - Processing /opt/airflow/dags/cbr_daily_to_raw.py took 0.136 seconds
[2025-11-19T12:07:35.769+0000] {processor.py:161} INFO - Started process (PID=237) to work on /opt/airflow/dags/cbr_daily_to_raw.py
[2025-11-19T12:07:35.771+0000] {processor.py:830} INFO - Processing file /opt/airflow/dags/cbr_daily_to_raw.py for tasks to queue
[2025-11-19T12:07:35.773+0000] {logging_mixin.py:188} INFO - [2025-11-19T12:07:35.772+0000] {dagbag.py:540} INFO - Filling up the DagBag from /opt/airflow/dags/cbr_daily_to_raw.py
[2025-11-19T12:07:35.799+0000] {processor.py:840} INFO - DAG(s) 'cbr_daily_to_raw' retrieved from /opt/airflow/dags/cbr_daily_to_raw.py
[2025-11-19T12:07:35.841+0000] {logging_mixin.py:188} INFO - [2025-11-19T12:07:35.841+0000] {dag.py:3096} INFO - Sync 1 DAGs
[2025-11-19T12:07:35.878+0000] {logging_mixin.py:188} INFO - [2025-11-19T12:07:35.878+0000] {dag.py:3954} INFO - Setting next_dagrun for cbr_daily_to_raw to 2025-05-18 21:00:00+00:00, run_after=2025-05-19 21:00:00+00:00
[2025-11-19T12:07:35.906+0000] {processor.py:183} INFO - Processing /opt/airflow/dags/cbr_daily_to_raw.py took 0.142 seconds
[2025-11-19T12:08:06.268+0000] {processor.py:161} INFO - Started process (PID=247) to work on /opt/airflow/dags/cbr_daily_to_raw.py
[2025-11-19T12:08:06.270+0000] {processor.py:830} INFO - Processing file /opt/airflow/dags/cbr_daily_to_raw.py for tasks to queue
[2025-11-19T12:08:06.272+0000] {logging_mixin.py:188} INFO - [2025-11-19T12:08:06.272+0000] {dagbag.py:540} INFO - Filling up the DagBag from /opt/airflow/dags/cbr_daily_to_raw.py
[2025-11-19T12:08:06.299+0000] {processor.py:840} INFO - DAG(s) 'cbr_daily_to_raw' retrieved from /opt/airflow/dags/cbr_daily_to_raw.py
[2025-11-19T12:08:06.345+0000] {logging_mixin.py:188} INFO - [2025-11-19T12:08:06.345+0000] {dag.py:3096} INFO - Sync 1 DAGs
[2025-11-19T12:08:06.384+0000] {logging_mixin.py:188} INFO - [2025-11-19T12:08:06.383+0000] {dag.py:3954} INFO - Setting next_dagrun for cbr_daily_to_raw to 2025-05-18 21:00:00+00:00, run_after=2025-05-19 21:00:00+00:00
[2025-11-19T12:08:06.425+0000] {processor.py:183} INFO - Processing /opt/airflow/dags/cbr_daily_to_raw.py took 0.164 seconds
[2025-11-19T12:08:36.787+0000] {processor.py:161} INFO - Started process (PID=257) to work on /opt/airflow/dags/cbr_daily_to_raw.py
[2025-11-19T12:08:36.788+0000] {processor.py:830} INFO - Processing file /opt/airflow/dags/cbr_daily_to_raw.py for tasks to queue
[2025-11-19T12:08:36.791+0000] {logging_mixin.py:188} INFO - [2025-11-19T12:08:36.791+0000] {dagbag.py:540} INFO - Filling up the DagBag from /opt/airflow/dags/cbr_daily_to_raw.py
[2025-11-19T12:08:36.817+0000] {processor.py:840} INFO - DAG(s) 'cbr_daily_to_raw' retrieved from /opt/airflow/dags/cbr_daily_to_raw.py
[2025-11-19T12:08:36.872+0000] {logging_mixin.py:188} INFO - [2025-11-19T12:08:36.872+0000] {dag.py:3096} INFO - Sync 1 DAGs
[2025-11-19T12:08:36.920+0000] {logging_mixin.py:188} INFO - [2025-11-19T12:08:36.920+0000] {dag.py:3954} INFO - Setting next_dagrun for cbr_daily_to_raw to 2025-05-18 21:00:00+00:00, run_after=2025-05-19 21:00:00+00:00
[2025-11-19T12:08:36.986+0000] {processor.py:183} INFO - Processing /opt/airflow/dags/cbr_daily_to_raw.py took 0.209 seconds
[2025-11-19T12:09:07.456+0000] {processor.py:161} INFO - Started process (PID=267) to work on /opt/airflow/dags/cbr_daily_to_raw.py
[2025-11-19T12:09:07.459+0000] {processor.py:830} INFO - Processing file /opt/airflow/dags/cbr_daily_to_raw.py for tasks to queue
[2025-11-19T12:09:07.464+0000] {logging_mixin.py:188} INFO - [2025-11-19T12:09:07.463+0000] {dagbag.py:540} INFO - Filling up the DagBag from /opt/airflow/dags/cbr_daily_to_raw.py
[2025-11-19T12:09:07.495+0000] {processor.py:840} INFO - DAG(s) 'cbr_daily_to_raw' retrieved from /opt/airflow/dags/cbr_daily_to_raw.py
[2025-11-19T12:09:07.542+0000] {logging_mixin.py:188} INFO - [2025-11-19T12:09:07.541+0000] {dag.py:3096} INFO - Sync 1 DAGs
[2025-11-19T12:09:07.577+0000] {logging_mixin.py:188} INFO - [2025-11-19T12:09:07.577+0000] {dag.py:3954} INFO - Setting next_dagrun for cbr_daily_to_raw to 2025-05-18 21:00:00+00:00, run_after=2025-05-19 21:00:00+00:00
[2025-11-19T12:09:07.604+0000] {processor.py:183} INFO - Processing /opt/airflow/dags/cbr_daily_to_raw.py took 0.159 seconds
[2025-11-19T12:09:37.990+0000] {processor.py:161} INFO - Started process (PID=277) to work on /opt/airflow/dags/cbr_daily_to_raw.py
[2025-11-19T12:09:37.992+0000] {processor.py:830} INFO - Processing file /opt/airflow/dags/cbr_daily_to_raw.py for tasks to queue
[2025-11-19T12:09:37.995+0000] {logging_mixin.py:188} INFO - [2025-11-19T12:09:37.994+0000] {dagbag.py:540} INFO - Filling up the DagBag from /opt/airflow/dags/cbr_daily_to_raw.py
[2025-11-19T12:09:38.026+0000] {processor.py:840} INFO - DAG(s) 'cbr_daily_to_raw' retrieved from /opt/airflow/dags/cbr_daily_to_raw.py
[2025-11-19T12:09:38.071+0000] {logging_mixin.py:188} INFO - [2025-11-19T12:09:38.070+0000] {dag.py:3096} INFO - Sync 1 DAGs
[2025-11-19T12:09:38.106+0000] {logging_mixin.py:188} INFO - [2025-11-19T12:09:38.106+0000] {dag.py:3954} INFO - Setting next_dagrun for cbr_daily_to_raw to 2025-05-18 21:00:00+00:00, run_after=2025-05-19 21:00:00+00:00
[2025-11-19T12:09:38.770+0000] {processor.py:183} INFO - Processing /opt/airflow/dags/cbr_daily_to_raw.py took 0.788 seconds
[2025-11-19T12:10:09.241+0000] {processor.py:161} INFO - Started process (PID=319) to work on /opt/airflow/dags/cbr_daily_to_raw.py
[2025-11-19T12:10:09.243+0000] {processor.py:830} INFO - Processing file /opt/airflow/dags/cbr_daily_to_raw.py for tasks to queue
[2025-11-19T12:10:09.245+0000] {logging_mixin.py:188} INFO - [2025-11-19T12:10:09.244+0000] {dagbag.py:540} INFO - Filling up the DagBag from /opt/airflow/dags/cbr_daily_to_raw.py
[2025-11-19T12:10:09.271+0000] {processor.py:840} INFO - DAG(s) 'cbr_daily_to_raw' retrieved from /opt/airflow/dags/cbr_daily_to_raw.py
[2025-11-19T12:10:09.319+0000] {logging_mixin.py:188} INFO - [2025-11-19T12:10:09.318+0000] {dag.py:3096} INFO - Sync 1 DAGs
[2025-11-19T12:10:09.385+0000] {processor.py:183} INFO - Processing /opt/airflow/dags/cbr_daily_to_raw.py took 0.151 seconds
[2025-11-19T12:10:39.764+0000] {processor.py:161} INFO - Started process (PID=331) to work on /opt/airflow/dags/cbr_daily_to_raw.py
[2025-11-19T12:10:39.767+0000] {processor.py:830} INFO - Processing file /opt/airflow/dags/cbr_daily_to_raw.py for tasks to queue
[2025-11-19T12:10:39.779+0000] {logging_mixin.py:188} INFO - [2025-11-19T12:10:39.777+0000] {dagbag.py:540} INFO - Filling up the DagBag from /opt/airflow/dags/cbr_daily_to_raw.py
[2025-11-19T12:10:39.825+0000] {processor.py:840} INFO - DAG(s) 'cbr_daily_to_raw' retrieved from /opt/airflow/dags/cbr_daily_to_raw.py
[2025-11-19T12:10:39.902+0000] {logging_mixin.py:188} INFO - [2025-11-19T12:10:39.901+0000] {dag.py:3096} INFO - Sync 1 DAGs
[2025-11-19T12:10:40.026+0000] {processor.py:183} INFO - Processing /opt/airflow/dags/cbr_daily_to_raw.py took 0.284 seconds
[2025-11-19T12:11:10.449+0000] {processor.py:161} INFO - Started process (PID=341) to work on /opt/airflow/dags/cbr_daily_to_raw.py
[2025-11-19T12:11:10.451+0000] {processor.py:830} INFO - Processing file /opt/airflow/dags/cbr_daily_to_raw.py for tasks to queue
[2025-11-19T12:11:10.454+0000] {logging_mixin.py:188} INFO - [2025-11-19T12:11:10.453+0000] {dagbag.py:540} INFO - Filling up the DagBag from /opt/airflow/dags/cbr_daily_to_raw.py
[2025-11-19T12:11:10.488+0000] {processor.py:840} INFO - DAG(s) 'cbr_daily_to_raw' retrieved from /opt/airflow/dags/cbr_daily_to_raw.py
[2025-11-19T12:11:10.534+0000] {logging_mixin.py:188} INFO - [2025-11-19T12:11:10.534+0000] {dag.py:3096} INFO - Sync 1 DAGs
[2025-11-19T12:11:10.590+0000] {processor.py:183} INFO - Processing /opt/airflow/dags/cbr_daily_to_raw.py took 0.151 seconds
[2025-11-19T12:11:41.012+0000] {processor.py:161} INFO - Started process (PID=351) to work on /opt/airflow/dags/cbr_daily_to_raw.py
[2025-11-19T12:11:41.013+0000] {processor.py:830} INFO - Processing file /opt/airflow/dags/cbr_daily_to_raw.py for tasks to queue
[2025-11-19T12:11:41.015+0000] {logging_mixin.py:188} INFO - [2025-11-19T12:11:41.015+0000] {dagbag.py:540} INFO - Filling up the DagBag from /opt/airflow/dags/cbr_daily_to_raw.py
[2025-11-19T12:11:41.038+0000] {processor.py:840} INFO - DAG(s) 'cbr_daily_to_raw' retrieved from /opt/airflow/dags/cbr_daily_to_raw.py
[2025-11-19T12:11:41.073+0000] {logging_mixin.py:188} INFO - [2025-11-19T12:11:41.072+0000] {dag.py:3096} INFO - Sync 1 DAGs
[2025-11-19T12:11:41.127+0000] {processor.py:183} INFO - Processing /opt/airflow/dags/cbr_daily_to_raw.py took 0.122 seconds
[2025-11-19T12:12:11.724+0000] {processor.py:161} INFO - Started process (PID=405) to work on /opt/airflow/dags/cbr_daily_to_raw.py
[2025-11-19T12:12:11.736+0000] {processor.py:830} INFO - Processing file /opt/airflow/dags/cbr_daily_to_raw.py for tasks to queue
[2025-11-19T12:12:11.748+0000] {logging_mixin.py:188} INFO - [2025-11-19T12:12:11.745+0000] {dagbag.py:540} INFO - Filling up the DagBag from /opt/airflow/dags/cbr_daily_to_raw.py
[2025-11-19T12:12:11.886+0000] {processor.py:840} INFO - DAG(s) 'cbr_daily_to_raw' retrieved from /opt/airflow/dags/cbr_daily_to_raw.py
[2025-11-19T12:12:12.072+0000] {logging_mixin.py:188} INFO - [2025-11-19T12:12:12.068+0000] {dag.py:3096} INFO - Sync 1 DAGs
[2025-11-19T12:12:12.269+0000] {logging_mixin.py:188} INFO - [2025-11-19T12:12:12.268+0000] {dag.py:3954} INFO - Setting next_dagrun for cbr_daily_to_raw to 2025-06-13 21:00:00+00:00, run_after=2025-06-14 21:00:00+00:00
[2025-11-19T12:12:12.342+0000] {processor.py:183} INFO - Processing /opt/airflow/dags/cbr_daily_to_raw.py took 0.639 seconds
[2025-11-19T12:12:42.822+0000] {processor.py:161} INFO - Started process (PID=433) to work on /opt/airflow/dags/cbr_daily_to_raw.py
[2025-11-19T12:12:42.823+0000] {processor.py:830} INFO - Processing file /opt/airflow/dags/cbr_daily_to_raw.py for tasks to queue
[2025-11-19T12:12:42.826+0000] {logging_mixin.py:188} INFO - [2025-11-19T12:12:42.825+0000] {dagbag.py:540} INFO - Filling up the DagBag from /opt/airflow/dags/cbr_daily_to_raw.py
[2025-11-19T12:12:42.847+0000] {processor.py:840} INFO - DAG(s) 'cbr_daily_to_raw' retrieved from /opt/airflow/dags/cbr_daily_to_raw.py
[2025-11-19T12:12:42.879+0000] {logging_mixin.py:188} INFO - [2025-11-19T12:12:42.879+0000] {dag.py:3096} INFO - Sync 1 DAGs
[2025-11-19T12:12:42.933+0000] {processor.py:183} INFO - Processing /opt/airflow/dags/cbr_daily_to_raw.py took 0.118 seconds
[2025-11-19T12:13:13.328+0000] {processor.py:161} INFO - Started process (PID=443) to work on /opt/airflow/dags/cbr_daily_to_raw.py
[2025-11-19T12:13:13.330+0000] {processor.py:830} INFO - Processing file /opt/airflow/dags/cbr_daily_to_raw.py for tasks to queue
[2025-11-19T12:13:13.332+0000] {logging_mixin.py:188} INFO - [2025-11-19T12:13:13.332+0000] {dagbag.py:540} INFO - Filling up the DagBag from /opt/airflow/dags/cbr_daily_to_raw.py
[2025-11-19T12:13:13.355+0000] {processor.py:840} INFO - DAG(s) 'cbr_daily_to_raw' retrieved from /opt/airflow/dags/cbr_daily_to_raw.py
[2025-11-19T12:13:13.390+0000] {logging_mixin.py:188} INFO - [2025-11-19T12:13:13.390+0000] {dag.py:3096} INFO - Sync 1 DAGs
[2025-11-19T12:13:13.420+0000] {logging_mixin.py:188} INFO - [2025-11-19T12:13:13.420+0000] {dag.py:3954} INFO - Setting next_dagrun for cbr_daily_to_raw to 2025-06-17 21:00:00+00:00, run_after=2025-06-18 21:00:00+00:00
[2025-11-19T12:13:13.448+0000] {processor.py:183} INFO - Processing /opt/airflow/dags/cbr_daily_to_raw.py took 0.129 seconds
[2025-11-19T12:13:43.835+0000] {processor.py:161} INFO - Started process (PID=453) to work on /opt/airflow/dags/cbr_daily_to_raw.py
[2025-11-19T12:13:43.837+0000] {processor.py:830} INFO - Processing file /opt/airflow/dags/cbr_daily_to_raw.py for tasks to queue
[2025-11-19T12:13:43.839+0000] {logging_mixin.py:188} INFO - [2025-11-19T12:13:43.839+0000] {dagbag.py:540} INFO - Filling up the DagBag from /opt/airflow/dags/cbr_daily_to_raw.py
[2025-11-19T12:13:43.861+0000] {processor.py:840} INFO - DAG(s) 'cbr_daily_to_raw' retrieved from /opt/airflow/dags/cbr_daily_to_raw.py
[2025-11-19T12:13:43.897+0000] {logging_mixin.py:188} INFO - [2025-11-19T12:13:43.897+0000] {dag.py:3096} INFO - Sync 1 DAGs
[2025-11-19T12:13:43.930+0000] {logging_mixin.py:188} INFO - [2025-11-19T12:13:43.930+0000] {dag.py:3954} INFO - Setting next_dagrun for cbr_daily_to_raw to 2025-06-17 21:00:00+00:00, run_after=2025-06-18 21:00:00+00:00
[2025-11-19T12:13:43.962+0000] {processor.py:183} INFO - Processing /opt/airflow/dags/cbr_daily_to_raw.py took 0.134 seconds
[2025-11-19T12:13:46.036+0000] {processor.py:161} INFO - Started process (PID=460) to work on /opt/airflow/dags/cbr_daily_to_raw.py
[2025-11-19T12:13:46.039+0000] {processor.py:830} INFO - Processing file /opt/airflow/dags/cbr_daily_to_raw.py for tasks to queue
[2025-11-19T12:13:46.042+0000] {logging_mixin.py:188} INFO - [2025-11-19T12:13:46.042+0000] {dagbag.py:540} INFO - Filling up the DagBag from /opt/airflow/dags/cbr_daily_to_raw.py
[2025-11-19T12:13:46.081+0000] {processor.py:840} INFO - DAG(s) 'cbr_daily_to_raw' retrieved from /opt/airflow/dags/cbr_daily_to_raw.py
[2025-11-19T12:13:46.118+0000] {logging_mixin.py:188} INFO - [2025-11-19T12:13:46.118+0000] {dag.py:3096} INFO - Sync 1 DAGs
[2025-11-19T12:13:46.155+0000] {logging_mixin.py:188} INFO - [2025-11-19T12:13:46.155+0000] {dag.py:3954} INFO - Setting next_dagrun for cbr_daily_to_raw to 2025-06-17 21:00:00+00:00, run_after=2025-06-18 21:00:00+00:00
[2025-11-19T12:13:46.192+0000] {processor.py:183} INFO - Processing /opt/airflow/dags/cbr_daily_to_raw.py took 0.170 seconds
[2025-11-19T12:14:09.257+0000] {processor.py:161} INFO - Started process (PID=465) to work on /opt/airflow/dags/cbr_daily_to_raw.py
[2025-11-19T12:14:09.259+0000] {processor.py:830} INFO - Processing file /opt/airflow/dags/cbr_daily_to_raw.py for tasks to queue
[2025-11-19T12:14:09.270+0000] {logging_mixin.py:188} INFO - [2025-11-19T12:14:09.264+0000] {dagbag.py:540} INFO - Filling up the DagBag from /opt/airflow/dags/cbr_daily_to_raw.py
[2025-11-19T12:14:09.307+0000] {processor.py:840} INFO - DAG(s) 'cbr_daily_to_raw' retrieved from /opt/airflow/dags/cbr_daily_to_raw.py
[2025-11-19T12:14:09.341+0000] {logging_mixin.py:188} INFO - [2025-11-19T12:14:09.340+0000] {dag.py:3096} INFO - Sync 1 DAGs
[2025-11-19T12:14:09.370+0000] {logging_mixin.py:188} INFO - [2025-11-19T12:14:09.369+0000] {dag.py:3954} INFO - Setting next_dagrun for cbr_daily_to_raw to 2025-06-17 21:00:00+00:00, run_after=2025-06-18 21:00:00+00:00
[2025-11-19T12:14:09.404+0000] {processor.py:183} INFO - Processing /opt/airflow/dags/cbr_daily_to_raw.py took 0.155 seconds
[2025-11-19T12:14:39.858+0000] {processor.py:161} INFO - Started process (PID=475) to work on /opt/airflow/dags/cbr_daily_to_raw.py
[2025-11-19T12:14:39.860+0000] {processor.py:830} INFO - Processing file /opt/airflow/dags/cbr_daily_to_raw.py for tasks to queue
[2025-11-19T12:14:39.864+0000] {logging_mixin.py:188} INFO - [2025-11-19T12:14:39.863+0000] {dagbag.py:540} INFO - Filling up the DagBag from /opt/airflow/dags/cbr_daily_to_raw.py
[2025-11-19T12:14:39.900+0000] {processor.py:840} INFO - DAG(s) 'cbr_daily_to_raw' retrieved from /opt/airflow/dags/cbr_daily_to_raw.py
[2025-11-19T12:14:39.950+0000] {logging_mixin.py:188} INFO - [2025-11-19T12:14:39.950+0000] {dag.py:3096} INFO - Sync 1 DAGs
[2025-11-19T12:14:40.004+0000] {logging_mixin.py:188} INFO - [2025-11-19T12:14:40.004+0000] {dag.py:3954} INFO - Setting next_dagrun for cbr_daily_to_raw to 2025-06-17 21:00:00+00:00, run_after=2025-06-18 21:00:00+00:00
[2025-11-19T12:14:40.045+0000] {processor.py:183} INFO - Processing /opt/airflow/dags/cbr_daily_to_raw.py took 0.198 seconds
[2025-11-19T12:15:10.181+0000] {processor.py:161} INFO - Started process (PID=485) to work on /opt/airflow/dags/cbr_daily_to_raw.py
[2025-11-19T12:15:10.183+0000] {processor.py:830} INFO - Processing file /opt/airflow/dags/cbr_daily_to_raw.py for tasks to queue
[2025-11-19T12:15:10.186+0000] {logging_mixin.py:188} INFO - [2025-11-19T12:15:10.186+0000] {dagbag.py:540} INFO - Filling up the DagBag from /opt/airflow/dags/cbr_daily_to_raw.py
[2025-11-19T12:15:10.211+0000] {processor.py:840} INFO - DAG(s) 'cbr_daily_to_raw' retrieved from /opt/airflow/dags/cbr_daily_to_raw.py
[2025-11-19T12:15:10.249+0000] {logging_mixin.py:188} INFO - [2025-11-19T12:15:10.249+0000] {dag.py:3096} INFO - Sync 1 DAGs
[2025-11-19T12:15:10.282+0000] {logging_mixin.py:188} INFO - [2025-11-19T12:15:10.281+0000] {dag.py:3954} INFO - Setting next_dagrun for cbr_daily_to_raw to 2025-06-17 21:00:00+00:00, run_after=2025-06-18 21:00:00+00:00
[2025-11-19T12:15:10.308+0000] {processor.py:183} INFO - Processing /opt/airflow/dags/cbr_daily_to_raw.py took 0.134 seconds
[2025-11-19T12:15:40.602+0000] {processor.py:161} INFO - Started process (PID=495) to work on /opt/airflow/dags/cbr_daily_to_raw.py
[2025-11-19T12:15:40.604+0000] {processor.py:830} INFO - Processing file /opt/airflow/dags/cbr_daily_to_raw.py for tasks to queue
[2025-11-19T12:15:40.607+0000] {logging_mixin.py:188} INFO - [2025-11-19T12:15:40.607+0000] {dagbag.py:540} INFO - Filling up the DagBag from /opt/airflow/dags/cbr_daily_to_raw.py
[2025-11-19T12:15:40.640+0000] {processor.py:840} INFO - DAG(s) 'cbr_daily_to_raw' retrieved from /opt/airflow/dags/cbr_daily_to_raw.py
[2025-11-19T12:15:40.686+0000] {logging_mixin.py:188} INFO - [2025-11-19T12:15:40.686+0000] {dag.py:3096} INFO - Sync 1 DAGs
[2025-11-19T12:15:40.725+0000] {logging_mixin.py:188} INFO - [2025-11-19T12:15:40.724+0000] {dag.py:3954} INFO - Setting next_dagrun for cbr_daily_to_raw to 2025-06-17 21:00:00+00:00, run_after=2025-06-18 21:00:00+00:00
[2025-11-19T12:15:40.763+0000] {processor.py:183} INFO - Processing /opt/airflow/dags/cbr_daily_to_raw.py took 0.170 seconds
[2025-11-19T12:15:53.764+0000] {processor.py:161} INFO - Started process (PID=505) to work on /opt/airflow/dags/cbr_daily_to_raw.py
[2025-11-19T12:15:53.766+0000] {processor.py:830} INFO - Processing file /opt/airflow/dags/cbr_daily_to_raw.py for tasks to queue
[2025-11-19T12:15:53.769+0000] {logging_mixin.py:188} INFO - [2025-11-19T12:15:53.768+0000] {dagbag.py:540} INFO - Filling up the DagBag from /opt/airflow/dags/cbr_daily_to_raw.py
[2025-11-19T12:15:53.809+0000] {processor.py:840} INFO - DAG(s) 'cbr_daily_to_raw' retrieved from /opt/airflow/dags/cbr_daily_to_raw.py
[2025-11-19T12:15:53.961+0000] {logging_mixin.py:188} INFO - [2025-11-19T12:15:53.961+0000] {dag.py:3096} INFO - Sync 1 DAGs
[2025-11-19T12:15:53.990+0000] {logging_mixin.py:188} INFO - [2025-11-19T12:15:53.989+0000] {dag.py:3954} INFO - Setting next_dagrun for cbr_daily_to_raw to 2025-06-17 21:00:00+00:00, run_after=2025-06-18 21:00:00+00:00
[2025-11-19T12:15:54.028+0000] {processor.py:183} INFO - Processing /opt/airflow/dags/cbr_daily_to_raw.py took 0.272 seconds
[2025-11-19T12:16:57.882+0000] {processor.py:161} INFO - Started process (PID=164) to work on /opt/airflow/dags/cbr_daily_to_raw.py
[2025-11-19T12:16:57.885+0000] {processor.py:830} INFO - Processing file /opt/airflow/dags/cbr_daily_to_raw.py for tasks to queue
[2025-11-19T12:16:57.889+0000] {logging_mixin.py:188} INFO - [2025-11-19T12:16:57.889+0000] {dagbag.py:540} INFO - Filling up the DagBag from /opt/airflow/dags/cbr_daily_to_raw.py
[2025-11-19T12:16:57.964+0000] {processor.py:840} INFO - DAG(s) 'cbr_daily_to_raw' retrieved from /opt/airflow/dags/cbr_daily_to_raw.py
[2025-11-19T12:16:58.965+0000] {logging_mixin.py:188} INFO - [2025-11-19T12:16:58.963+0000] {override.py:1829} INFO - Created Permission View: can edit on DAG:cbr_daily_to_raw
[2025-11-19T12:16:59.013+0000] {logging_mixin.py:188} INFO - [2025-11-19T12:16:59.011+0000] {override.py:1829} INFO - Created Permission View: can delete on DAG:cbr_daily_to_raw
[2025-11-19T12:16:59.049+0000] {logging_mixin.py:188} INFO - [2025-11-19T12:16:59.047+0000] {override.py:1829} INFO - Created Permission View: can read on DAG:cbr_daily_to_raw
[2025-11-19T12:16:59.051+0000] {logging_mixin.py:188} INFO - [2025-11-19T12:16:59.050+0000] {dag.py:3096} INFO - Sync 1 DAGs
[2025-11-19T12:16:59.092+0000] {logging_mixin.py:188} INFO - [2025-11-19T12:16:59.091+0000] {dag.py:3118} INFO - Creating ORM DAG for cbr_daily_to_raw
[2025-11-19T12:16:59.146+0000] {logging_mixin.py:188} INFO - [2025-11-19T12:16:59.143+0000] {dag.py:3954} INFO - Setting next_dagrun for cbr_daily_to_raw to 2025-05-17 21:00:00+00:00, run_after=2025-05-18 21:00:00+00:00
[2025-11-19T12:16:59.213+0000] {processor.py:183} INFO - Processing /opt/airflow/dags/cbr_daily_to_raw.py took 1.348 seconds
[2025-11-19T12:17:29.604+0000] {processor.py:161} INFO - Started process (PID=174) to work on /opt/airflow/dags/cbr_daily_to_raw.py
[2025-11-19T12:17:29.611+0000] {processor.py:830} INFO - Processing file /opt/airflow/dags/cbr_daily_to_raw.py for tasks to queue
[2025-11-19T12:17:29.617+0000] {logging_mixin.py:188} INFO - [2025-11-19T12:17:29.616+0000] {dagbag.py:540} INFO - Filling up the DagBag from /opt/airflow/dags/cbr_daily_to_raw.py
[2025-11-19T12:17:29.671+0000] {processor.py:840} INFO - DAG(s) 'cbr_daily_to_raw' retrieved from /opt/airflow/dags/cbr_daily_to_raw.py
[2025-11-19T12:17:29.760+0000] {logging_mixin.py:188} INFO - [2025-11-19T12:17:29.759+0000] {dag.py:3096} INFO - Sync 1 DAGs
[2025-11-19T12:17:29.818+0000] {logging_mixin.py:188} INFO - [2025-11-19T12:17:29.817+0000] {dag.py:3954} INFO - Setting next_dagrun for cbr_daily_to_raw to 2025-05-17 21:00:00+00:00, run_after=2025-05-18 21:00:00+00:00
[2025-11-19T12:17:29.842+0000] {processor.py:183} INFO - Processing /opt/airflow/dags/cbr_daily_to_raw.py took 0.258 seconds
[2025-11-19T12:18:00.275+0000] {processor.py:161} INFO - Started process (PID=184) to work on /opt/airflow/dags/cbr_daily_to_raw.py
[2025-11-19T12:18:00.277+0000] {processor.py:830} INFO - Processing file /opt/airflow/dags/cbr_daily_to_raw.py for tasks to queue
[2025-11-19T12:18:00.284+0000] {logging_mixin.py:188} INFO - [2025-11-19T12:18:00.283+0000] {dagbag.py:540} INFO - Filling up the DagBag from /opt/airflow/dags/cbr_daily_to_raw.py
[2025-11-19T12:18:00.331+0000] {processor.py:840} INFO - DAG(s) 'cbr_daily_to_raw' retrieved from /opt/airflow/dags/cbr_daily_to_raw.py
[2025-11-19T12:18:00.391+0000] {logging_mixin.py:188} INFO - [2025-11-19T12:18:00.391+0000] {dag.py:3096} INFO - Sync 1 DAGs
[2025-11-19T12:18:00.438+0000] {logging_mixin.py:188} INFO - [2025-11-19T12:18:00.438+0000] {dag.py:3954} INFO - Setting next_dagrun for cbr_daily_to_raw to 2025-05-17 21:00:00+00:00, run_after=2025-05-18 21:00:00+00:00
[2025-11-19T12:18:00.479+0000] {processor.py:183} INFO - Processing /opt/airflow/dags/cbr_daily_to_raw.py took 0.218 seconds
[2025-11-19T12:18:30.896+0000] {processor.py:161} INFO - Started process (PID=194) to work on /opt/airflow/dags/cbr_daily_to_raw.py
[2025-11-19T12:18:30.897+0000] {processor.py:830} INFO - Processing file /opt/airflow/dags/cbr_daily_to_raw.py for tasks to queue
[2025-11-19T12:18:30.899+0000] {logging_mixin.py:188} INFO - [2025-11-19T12:18:30.899+0000] {dagbag.py:540} INFO - Filling up the DagBag from /opt/airflow/dags/cbr_daily_to_raw.py
[2025-11-19T12:18:30.924+0000] {processor.py:840} INFO - DAG(s) 'cbr_daily_to_raw' retrieved from /opt/airflow/dags/cbr_daily_to_raw.py
[2025-11-19T12:18:30.960+0000] {logging_mixin.py:188} INFO - [2025-11-19T12:18:30.959+0000] {dag.py:3096} INFO - Sync 1 DAGs
[2025-11-19T12:18:30.990+0000] {logging_mixin.py:188} INFO - [2025-11-19T12:18:30.989+0000] {dag.py:3954} INFO - Setting next_dagrun for cbr_daily_to_raw to 2025-05-17 21:00:00+00:00, run_after=2025-05-18 21:00:00+00:00
[2025-11-19T12:18:31.016+0000] {processor.py:183} INFO - Processing /opt/airflow/dags/cbr_daily_to_raw.py took 0.128 seconds
[2025-11-19T12:19:01.236+0000] {processor.py:161} INFO - Started process (PID=204) to work on /opt/airflow/dags/cbr_daily_to_raw.py
[2025-11-19T12:19:01.238+0000] {processor.py:830} INFO - Processing file /opt/airflow/dags/cbr_daily_to_raw.py for tasks to queue
[2025-11-19T12:19:01.240+0000] {logging_mixin.py:188} INFO - [2025-11-19T12:19:01.239+0000] {dagbag.py:540} INFO - Filling up the DagBag from /opt/airflow/dags/cbr_daily_to_raw.py
[2025-11-19T12:19:01.272+0000] {processor.py:840} INFO - DAG(s) 'cbr_daily_to_raw' retrieved from /opt/airflow/dags/cbr_daily_to_raw.py
[2025-11-19T12:19:01.318+0000] {logging_mixin.py:188} INFO - [2025-11-19T12:19:01.316+0000] {dag.py:3096} INFO - Sync 1 DAGs
[2025-11-19T12:19:01.350+0000] {logging_mixin.py:188} INFO - [2025-11-19T12:19:01.350+0000] {dag.py:3954} INFO - Setting next_dagrun for cbr_daily_to_raw to 2025-05-17 21:00:00+00:00, run_after=2025-05-18 21:00:00+00:00
[2025-11-19T12:19:01.376+0000] {processor.py:183} INFO - Processing /opt/airflow/dags/cbr_daily_to_raw.py took 0.151 seconds
[2025-11-19T12:19:31.782+0000] {processor.py:161} INFO - Started process (PID=214) to work on /opt/airflow/dags/cbr_daily_to_raw.py
[2025-11-19T12:19:31.783+0000] {processor.py:830} INFO - Processing file /opt/airflow/dags/cbr_daily_to_raw.py for tasks to queue
[2025-11-19T12:19:31.785+0000] {logging_mixin.py:188} INFO - [2025-11-19T12:19:31.785+0000] {dagbag.py:540} INFO - Filling up the DagBag from /opt/airflow/dags/cbr_daily_to_raw.py
[2025-11-19T12:19:31.811+0000] {processor.py:840} INFO - DAG(s) 'cbr_daily_to_raw' retrieved from /opt/airflow/dags/cbr_daily_to_raw.py
[2025-11-19T12:19:31.848+0000] {logging_mixin.py:188} INFO - [2025-11-19T12:19:31.848+0000] {dag.py:3096} INFO - Sync 1 DAGs
[2025-11-19T12:19:31.881+0000] {logging_mixin.py:188} INFO - [2025-11-19T12:19:31.881+0000] {dag.py:3954} INFO - Setting next_dagrun for cbr_daily_to_raw to 2025-05-17 21:00:00+00:00, run_after=2025-05-18 21:00:00+00:00
[2025-11-19T12:19:31.909+0000] {processor.py:183} INFO - Processing /opt/airflow/dags/cbr_daily_to_raw.py took 0.137 seconds
[2025-11-19T12:20:02.727+0000] {processor.py:161} INFO - Started process (PID=254) to work on /opt/airflow/dags/cbr_daily_to_raw.py
[2025-11-19T12:20:02.735+0000] {processor.py:830} INFO - Processing file /opt/airflow/dags/cbr_daily_to_raw.py for tasks to queue
[2025-11-19T12:20:02.756+0000] {logging_mixin.py:188} INFO - [2025-11-19T12:20:02.755+0000] {dagbag.py:540} INFO - Filling up the DagBag from /opt/airflow/dags/cbr_daily_to_raw.py
[2025-11-19T12:20:02.871+0000] {processor.py:840} INFO - DAG(s) 'cbr_daily_to_raw' retrieved from /opt/airflow/dags/cbr_daily_to_raw.py
[2025-11-19T12:20:03.076+0000] {logging_mixin.py:188} INFO - [2025-11-19T12:20:03.076+0000] {dag.py:3096} INFO - Sync 1 DAGs
[2025-11-19T12:20:03.354+0000] {processor.py:183} INFO - Processing /opt/airflow/dags/cbr_daily_to_raw.py took 0.691 seconds
[2025-11-19T12:20:34.312+0000] {processor.py:161} INFO - Started process (PID=320) to work on /opt/airflow/dags/cbr_daily_to_raw.py
[2025-11-19T12:20:34.319+0000] {processor.py:830} INFO - Processing file /opt/airflow/dags/cbr_daily_to_raw.py for tasks to queue
[2025-11-19T12:20:34.324+0000] {logging_mixin.py:188} INFO - [2025-11-19T12:20:34.323+0000] {dagbag.py:540} INFO - Filling up the DagBag from /opt/airflow/dags/cbr_daily_to_raw.py
[2025-11-19T12:20:34.436+0000] {processor.py:840} INFO - DAG(s) 'cbr_daily_to_raw' retrieved from /opt/airflow/dags/cbr_daily_to_raw.py
[2025-11-19T12:20:34.604+0000] {logging_mixin.py:188} INFO - [2025-11-19T12:20:34.602+0000] {dag.py:3096} INFO - Sync 1 DAGs
[2025-11-19T12:20:34.853+0000] {processor.py:183} INFO - Processing /opt/airflow/dags/cbr_daily_to_raw.py took 0.580 seconds
[2025-11-19T12:21:05.534+0000] {processor.py:161} INFO - Started process (PID=374) to work on /opt/airflow/dags/cbr_daily_to_raw.py
[2025-11-19T12:21:05.535+0000] {processor.py:830} INFO - Processing file /opt/airflow/dags/cbr_daily_to_raw.py for tasks to queue
[2025-11-19T12:21:05.538+0000] {logging_mixin.py:188} INFO - [2025-11-19T12:21:05.537+0000] {dagbag.py:540} INFO - Filling up the DagBag from /opt/airflow/dags/cbr_daily_to_raw.py
[2025-11-19T12:21:05.562+0000] {processor.py:840} INFO - DAG(s) 'cbr_daily_to_raw' retrieved from /opt/airflow/dags/cbr_daily_to_raw.py
[2025-11-19T12:21:05.597+0000] {logging_mixin.py:188} INFO - [2025-11-19T12:21:05.597+0000] {dag.py:3096} INFO - Sync 1 DAGs
[2025-11-19T12:21:05.627+0000] {logging_mixin.py:188} INFO - [2025-11-19T12:21:05.627+0000] {dag.py:3954} INFO - Setting next_dagrun for cbr_daily_to_raw to 2025-07-21 21:00:00+00:00, run_after=2025-07-22 21:00:00+00:00
[2025-11-19T12:21:05.653+0000] {processor.py:183} INFO - Processing /opt/airflow/dags/cbr_daily_to_raw.py took 0.126 seconds
[2025-11-19T12:21:36.259+0000] {processor.py:161} INFO - Started process (PID=435) to work on /opt/airflow/dags/cbr_daily_to_raw.py
[2025-11-19T12:21:36.261+0000] {processor.py:830} INFO - Processing file /opt/airflow/dags/cbr_daily_to_raw.py for tasks to queue
[2025-11-19T12:21:36.268+0000] {logging_mixin.py:188} INFO - [2025-11-19T12:21:36.267+0000] {dagbag.py:540} INFO - Filling up the DagBag from /opt/airflow/dags/cbr_daily_to_raw.py
[2025-11-19T12:21:36.319+0000] {processor.py:840} INFO - DAG(s) 'cbr_daily_to_raw' retrieved from /opt/airflow/dags/cbr_daily_to_raw.py
[2025-11-19T12:21:36.402+0000] {logging_mixin.py:188} INFO - [2025-11-19T12:21:36.401+0000] {dag.py:3096} INFO - Sync 1 DAGs
[2025-11-19T12:21:36.465+0000] {logging_mixin.py:188} INFO - [2025-11-19T12:21:36.463+0000] {dag.py:3954} INFO - Setting next_dagrun for cbr_daily_to_raw to 2025-08-19 21:00:00+00:00, run_after=2025-08-20 21:00:00+00:00
[2025-11-19T12:21:36.506+0000] {processor.py:183} INFO - Processing /opt/airflow/dags/cbr_daily_to_raw.py took 0.265 seconds
[2025-11-19T12:22:07.395+0000] {processor.py:161} INFO - Started process (PID=497) to work on /opt/airflow/dags/cbr_daily_to_raw.py
[2025-11-19T12:22:07.399+0000] {processor.py:830} INFO - Processing file /opt/airflow/dags/cbr_daily_to_raw.py for tasks to queue
[2025-11-19T12:22:07.435+0000] {logging_mixin.py:188} INFO - [2025-11-19T12:22:07.434+0000] {dagbag.py:540} INFO - Filling up the DagBag from /opt/airflow/dags/cbr_daily_to_raw.py
[2025-11-19T12:22:07.823+0000] {processor.py:840} INFO - DAG(s) 'cbr_daily_to_raw' retrieved from /opt/airflow/dags/cbr_daily_to_raw.py
[2025-11-19T12:22:08.071+0000] {logging_mixin.py:188} INFO - [2025-11-19T12:22:08.070+0000] {dag.py:3096} INFO - Sync 1 DAGs
[2025-11-19T12:22:08.362+0000] {processor.py:183} INFO - Processing /opt/airflow/dags/cbr_daily_to_raw.py took 1.014 seconds
[2025-11-19T12:22:38.659+0000] {processor.py:161} INFO - Started process (PID=561) to work on /opt/airflow/dags/cbr_daily_to_raw.py
[2025-11-19T12:22:38.681+0000] {processor.py:830} INFO - Processing file /opt/airflow/dags/cbr_daily_to_raw.py for tasks to queue
[2025-11-19T12:22:38.692+0000] {logging_mixin.py:188} INFO - [2025-11-19T12:22:38.691+0000] {dagbag.py:540} INFO - Filling up the DagBag from /opt/airflow/dags/cbr_daily_to_raw.py
[2025-11-19T12:22:38.862+0000] {processor.py:840} INFO - DAG(s) 'cbr_daily_to_raw' retrieved from /opt/airflow/dags/cbr_daily_to_raw.py
[2025-11-19T12:22:39.166+0000] {logging_mixin.py:188} INFO - [2025-11-19T12:22:39.165+0000] {dag.py:3096} INFO - Sync 1 DAGs
[2025-11-19T12:22:39.329+0000] {logging_mixin.py:188} INFO - [2025-11-19T12:22:39.328+0000] {dag.py:3954} INFO - Setting next_dagrun for cbr_daily_to_raw to 2025-10-06 21:00:00+00:00, run_after=2025-10-07 21:00:00+00:00
[2025-11-19T12:22:39.478+0000] {processor.py:183} INFO - Processing /opt/airflow/dags/cbr_daily_to_raw.py took 0.884 seconds
[2025-11-19T12:23:10.160+0000] {processor.py:161} INFO - Started process (PID=620) to work on /opt/airflow/dags/cbr_daily_to_raw.py
[2025-11-19T12:23:10.167+0000] {processor.py:830} INFO - Processing file /opt/airflow/dags/cbr_daily_to_raw.py for tasks to queue
[2025-11-19T12:23:10.181+0000] {logging_mixin.py:188} INFO - [2025-11-19T12:23:10.180+0000] {dagbag.py:540} INFO - Filling up the DagBag from /opt/airflow/dags/cbr_daily_to_raw.py
[2025-11-19T12:23:10.318+0000] {processor.py:840} INFO - DAG(s) 'cbr_daily_to_raw' retrieved from /opt/airflow/dags/cbr_daily_to_raw.py
[2025-11-19T12:23:10.515+0000] {logging_mixin.py:188} INFO - [2025-11-19T12:23:10.512+0000] {dag.py:3096} INFO - Sync 1 DAGs
[2025-11-19T12:23:10.623+0000] {logging_mixin.py:188} INFO - [2025-11-19T12:23:10.622+0000] {dag.py:3954} INFO - Setting next_dagrun for cbr_daily_to_raw to 2025-10-27 21:00:00+00:00, run_after=2025-10-28 21:00:00+00:00
[2025-11-19T12:23:10.699+0000] {processor.py:183} INFO - Processing /opt/airflow/dags/cbr_daily_to_raw.py took 0.574 seconds
[2025-11-19T12:23:41.511+0000] {processor.py:161} INFO - Started process (PID=673) to work on /opt/airflow/dags/cbr_daily_to_raw.py
[2025-11-19T12:23:41.514+0000] {processor.py:830} INFO - Processing file /opt/airflow/dags/cbr_daily_to_raw.py for tasks to queue
[2025-11-19T12:23:41.520+0000] {logging_mixin.py:188} INFO - [2025-11-19T12:23:41.519+0000] {dagbag.py:540} INFO - Filling up the DagBag from /opt/airflow/dags/cbr_daily_to_raw.py
[2025-11-19T12:23:41.600+0000] {processor.py:840} INFO - DAG(s) 'cbr_daily_to_raw' retrieved from /opt/airflow/dags/cbr_daily_to_raw.py
[2025-11-19T12:23:41.718+0000] {logging_mixin.py:188} INFO - [2025-11-19T12:23:41.717+0000] {dag.py:3096} INFO - Sync 1 DAGs
[2025-11-19T12:23:41.870+0000] {logging_mixin.py:188} INFO - [2025-11-19T12:23:41.869+0000] {dag.py:3954} INFO - Setting next_dagrun for cbr_daily_to_raw to 2025-11-18 21:00:00+00:00, run_after=2025-11-19 21:00:00+00:00
[2025-11-19T12:23:42.016+0000] {processor.py:183} INFO - Processing /opt/airflow/dags/cbr_daily_to_raw.py took 0.526 seconds
[2025-11-19T12:24:12.442+0000] {processor.py:161} INFO - Started process (PID=684) to work on /opt/airflow/dags/cbr_daily_to_raw.py
[2025-11-19T12:24:12.444+0000] {processor.py:830} INFO - Processing file /opt/airflow/dags/cbr_daily_to_raw.py for tasks to queue
[2025-11-19T12:24:12.447+0000] {logging_mixin.py:188} INFO - [2025-11-19T12:24:12.447+0000] {dagbag.py:540} INFO - Filling up the DagBag from /opt/airflow/dags/cbr_daily_to_raw.py
[2025-11-19T12:24:12.477+0000] {processor.py:840} INFO - DAG(s) 'cbr_daily_to_raw' retrieved from /opt/airflow/dags/cbr_daily_to_raw.py
[2025-11-19T12:24:12.555+0000] {logging_mixin.py:188} INFO - [2025-11-19T12:24:12.555+0000] {dag.py:3096} INFO - Sync 1 DAGs
[2025-11-19T12:24:12.625+0000] {logging_mixin.py:188} INFO - [2025-11-19T12:24:12.625+0000] {dag.py:3954} INFO - Setting next_dagrun for cbr_daily_to_raw to 2025-11-18 21:00:00+00:00, run_after=2025-11-19 21:00:00+00:00
[2025-11-19T12:24:12.650+0000] {processor.py:183} INFO - Processing /opt/airflow/dags/cbr_daily_to_raw.py took 0.219 seconds
[2025-11-19T12:24:43.015+0000] {processor.py:161} INFO - Started process (PID=694) to work on /opt/airflow/dags/cbr_daily_to_raw.py
[2025-11-19T12:24:43.017+0000] {processor.py:830} INFO - Processing file /opt/airflow/dags/cbr_daily_to_raw.py for tasks to queue
[2025-11-19T12:24:43.019+0000] {logging_mixin.py:188} INFO - [2025-11-19T12:24:43.019+0000] {dagbag.py:540} INFO - Filling up the DagBag from /opt/airflow/dags/cbr_daily_to_raw.py
[2025-11-19T12:24:43.051+0000] {processor.py:840} INFO - DAG(s) 'cbr_daily_to_raw' retrieved from /opt/airflow/dags/cbr_daily_to_raw.py
[2025-11-19T12:24:43.090+0000] {logging_mixin.py:188} INFO - [2025-11-19T12:24:43.090+0000] {dag.py:3096} INFO - Sync 1 DAGs
[2025-11-19T12:24:43.123+0000] {logging_mixin.py:188} INFO - [2025-11-19T12:24:43.123+0000] {dag.py:3954} INFO - Setting next_dagrun for cbr_daily_to_raw to 2025-11-18 21:00:00+00:00, run_after=2025-11-19 21:00:00+00:00
[2025-11-19T12:24:43.152+0000] {processor.py:183} INFO - Processing /opt/airflow/dags/cbr_daily_to_raw.py took 0.147 seconds
[2025-11-19T12:25:13.462+0000] {processor.py:161} INFO - Started process (PID=704) to work on /opt/airflow/dags/cbr_daily_to_raw.py
[2025-11-19T12:25:13.464+0000] {processor.py:830} INFO - Processing file /opt/airflow/dags/cbr_daily_to_raw.py for tasks to queue
[2025-11-19T12:25:13.466+0000] {logging_mixin.py:188} INFO - [2025-11-19T12:25:13.465+0000] {dagbag.py:540} INFO - Filling up the DagBag from /opt/airflow/dags/cbr_daily_to_raw.py
[2025-11-19T12:25:13.490+0000] {processor.py:840} INFO - DAG(s) 'cbr_daily_to_raw' retrieved from /opt/airflow/dags/cbr_daily_to_raw.py
[2025-11-19T12:25:13.524+0000] {logging_mixin.py:188} INFO - [2025-11-19T12:25:13.523+0000] {dag.py:3096} INFO - Sync 1 DAGs
[2025-11-19T12:25:13.551+0000] {logging_mixin.py:188} INFO - [2025-11-19T12:25:13.550+0000] {dag.py:3954} INFO - Setting next_dagrun for cbr_daily_to_raw to 2025-11-18 21:00:00+00:00, run_after=2025-11-19 21:00:00+00:00
[2025-11-19T12:25:13.576+0000] {processor.py:183} INFO - Processing /opt/airflow/dags/cbr_daily_to_raw.py took 0.121 seconds
[2025-11-19T12:25:44.005+0000] {processor.py:161} INFO - Started process (PID=714) to work on /opt/airflow/dags/cbr_daily_to_raw.py
[2025-11-19T12:25:44.006+0000] {processor.py:830} INFO - Processing file /opt/airflow/dags/cbr_daily_to_raw.py for tasks to queue
[2025-11-19T12:25:44.008+0000] {logging_mixin.py:188} INFO - [2025-11-19T12:25:44.008+0000] {dagbag.py:540} INFO - Filling up the DagBag from /opt/airflow/dags/cbr_daily_to_raw.py
[2025-11-19T12:25:44.031+0000] {processor.py:840} INFO - DAG(s) 'cbr_daily_to_raw' retrieved from /opt/airflow/dags/cbr_daily_to_raw.py
[2025-11-19T12:25:44.065+0000] {logging_mixin.py:188} INFO - [2025-11-19T12:25:44.065+0000] {dag.py:3096} INFO - Sync 1 DAGs
[2025-11-19T12:25:44.093+0000] {logging_mixin.py:188} INFO - [2025-11-19T12:25:44.093+0000] {dag.py:3954} INFO - Setting next_dagrun for cbr_daily_to_raw to 2025-11-18 21:00:00+00:00, run_after=2025-11-19 21:00:00+00:00
[2025-11-19T12:25:44.117+0000] {processor.py:183} INFO - Processing /opt/airflow/dags/cbr_daily_to_raw.py took 0.121 seconds
[2025-11-19T12:26:14.462+0000] {processor.py:161} INFO - Started process (PID=724) to work on /opt/airflow/dags/cbr_daily_to_raw.py
[2025-11-19T12:26:14.464+0000] {processor.py:830} INFO - Processing file /opt/airflow/dags/cbr_daily_to_raw.py for tasks to queue
[2025-11-19T12:26:14.466+0000] {logging_mixin.py:188} INFO - [2025-11-19T12:26:14.465+0000] {dagbag.py:540} INFO - Filling up the DagBag from /opt/airflow/dags/cbr_daily_to_raw.py
[2025-11-19T12:26:14.494+0000] {processor.py:840} INFO - DAG(s) 'cbr_daily_to_raw' retrieved from /opt/airflow/dags/cbr_daily_to_raw.py
[2025-11-19T12:26:14.531+0000] {logging_mixin.py:188} INFO - [2025-11-19T12:26:14.531+0000] {dag.py:3096} INFO - Sync 1 DAGs
[2025-11-19T12:26:14.564+0000] {logging_mixin.py:188} INFO - [2025-11-19T12:26:14.564+0000] {dag.py:3954} INFO - Setting next_dagrun for cbr_daily_to_raw to 2025-11-18 21:00:00+00:00, run_after=2025-11-19 21:00:00+00:00
[2025-11-19T12:26:14.589+0000] {processor.py:183} INFO - Processing /opt/airflow/dags/cbr_daily_to_raw.py took 0.136 seconds
[2025-11-19T12:26:45.003+0000] {processor.py:161} INFO - Started process (PID=734) to work on /opt/airflow/dags/cbr_daily_to_raw.py
[2025-11-19T12:26:45.005+0000] {processor.py:830} INFO - Processing file /opt/airflow/dags/cbr_daily_to_raw.py for tasks to queue
[2025-11-19T12:26:45.008+0000] {logging_mixin.py:188} INFO - [2025-11-19T12:26:45.007+0000] {dagbag.py:540} INFO - Filling up the DagBag from /opt/airflow/dags/cbr_daily_to_raw.py
[2025-11-19T12:26:45.043+0000] {processor.py:840} INFO - DAG(s) 'cbr_daily_to_raw' retrieved from /opt/airflow/dags/cbr_daily_to_raw.py
[2025-11-19T12:26:45.100+0000] {logging_mixin.py:188} INFO - [2025-11-19T12:26:45.100+0000] {dag.py:3096} INFO - Sync 1 DAGs
[2025-11-19T12:26:45.148+0000] {logging_mixin.py:188} INFO - [2025-11-19T12:26:45.148+0000] {dag.py:3954} INFO - Setting next_dagrun for cbr_daily_to_raw to 2025-11-18 21:00:00+00:00, run_after=2025-11-19 21:00:00+00:00
[2025-11-19T12:26:45.182+0000] {processor.py:183} INFO - Processing /opt/airflow/dags/cbr_daily_to_raw.py took 0.191 seconds
[2025-11-19T12:27:15.405+0000] {processor.py:161} INFO - Started process (PID=744) to work on /opt/airflow/dags/cbr_daily_to_raw.py
[2025-11-19T12:27:15.406+0000] {processor.py:830} INFO - Processing file /opt/airflow/dags/cbr_daily_to_raw.py for tasks to queue
[2025-11-19T12:27:15.409+0000] {logging_mixin.py:188} INFO - [2025-11-19T12:27:15.409+0000] {dagbag.py:540} INFO - Filling up the DagBag from /opt/airflow/dags/cbr_daily_to_raw.py
[2025-11-19T12:27:15.439+0000] {processor.py:840} INFO - DAG(s) 'cbr_daily_to_raw' retrieved from /opt/airflow/dags/cbr_daily_to_raw.py
[2025-11-19T12:27:15.483+0000] {logging_mixin.py:188} INFO - [2025-11-19T12:27:15.483+0000] {dag.py:3096} INFO - Sync 1 DAGs
[2025-11-19T12:27:15.517+0000] {logging_mixin.py:188} INFO - [2025-11-19T12:27:15.516+0000] {dag.py:3954} INFO - Setting next_dagrun for cbr_daily_to_raw to 2025-11-18 21:00:00+00:00, run_after=2025-11-19 21:00:00+00:00
[2025-11-19T12:27:15.546+0000] {processor.py:183} INFO - Processing /opt/airflow/dags/cbr_daily_to_raw.py took 0.151 seconds
[2025-11-19T12:27:45.786+0000] {processor.py:161} INFO - Started process (PID=754) to work on /opt/airflow/dags/cbr_daily_to_raw.py
[2025-11-19T12:27:45.788+0000] {processor.py:830} INFO - Processing file /opt/airflow/dags/cbr_daily_to_raw.py for tasks to queue
[2025-11-19T12:27:45.792+0000] {logging_mixin.py:188} INFO - [2025-11-19T12:27:45.791+0000] {dagbag.py:540} INFO - Filling up the DagBag from /opt/airflow/dags/cbr_daily_to_raw.py
[2025-11-19T12:27:45.828+0000] {processor.py:840} INFO - DAG(s) 'cbr_daily_to_raw' retrieved from /opt/airflow/dags/cbr_daily_to_raw.py
[2025-11-19T12:27:45.879+0000] {logging_mixin.py:188} INFO - [2025-11-19T12:27:45.879+0000] {dag.py:3096} INFO - Sync 1 DAGs
[2025-11-19T12:27:45.937+0000] {logging_mixin.py:188} INFO - [2025-11-19T12:27:45.937+0000] {dag.py:3954} INFO - Setting next_dagrun for cbr_daily_to_raw to 2025-11-18 21:00:00+00:00, run_after=2025-11-19 21:00:00+00:00
[2025-11-19T12:27:45.978+0000] {processor.py:183} INFO - Processing /opt/airflow/dags/cbr_daily_to_raw.py took 0.205 seconds
[2025-11-19T12:28:16.298+0000] {processor.py:161} INFO - Started process (PID=764) to work on /opt/airflow/dags/cbr_daily_to_raw.py
[2025-11-19T12:28:16.300+0000] {processor.py:830} INFO - Processing file /opt/airflow/dags/cbr_daily_to_raw.py for tasks to queue
[2025-11-19T12:28:16.303+0000] {logging_mixin.py:188} INFO - [2025-11-19T12:28:16.303+0000] {dagbag.py:540} INFO - Filling up the DagBag from /opt/airflow/dags/cbr_daily_to_raw.py
[2025-11-19T12:28:16.338+0000] {processor.py:840} INFO - DAG(s) 'cbr_daily_to_raw' retrieved from /opt/airflow/dags/cbr_daily_to_raw.py
[2025-11-19T12:28:16.383+0000] {logging_mixin.py:188} INFO - [2025-11-19T12:28:16.382+0000] {dag.py:3096} INFO - Sync 1 DAGs
[2025-11-19T12:28:16.425+0000] {logging_mixin.py:188} INFO - [2025-11-19T12:28:16.424+0000] {dag.py:3954} INFO - Setting next_dagrun for cbr_daily_to_raw to 2025-11-18 21:00:00+00:00, run_after=2025-11-19 21:00:00+00:00
[2025-11-19T12:28:16.459+0000] {processor.py:183} INFO - Processing /opt/airflow/dags/cbr_daily_to_raw.py took 0.171 seconds
[2025-11-19T12:28:46.790+0000] {processor.py:161} INFO - Started process (PID=774) to work on /opt/airflow/dags/cbr_daily_to_raw.py
[2025-11-19T12:28:46.792+0000] {processor.py:830} INFO - Processing file /opt/airflow/dags/cbr_daily_to_raw.py for tasks to queue
[2025-11-19T12:28:46.795+0000] {logging_mixin.py:188} INFO - [2025-11-19T12:28:46.794+0000] {dagbag.py:540} INFO - Filling up the DagBag from /opt/airflow/dags/cbr_daily_to_raw.py
[2025-11-19T12:28:46.828+0000] {processor.py:840} INFO - DAG(s) 'cbr_daily_to_raw' retrieved from /opt/airflow/dags/cbr_daily_to_raw.py
[2025-11-19T12:28:46.872+0000] {logging_mixin.py:188} INFO - [2025-11-19T12:28:46.871+0000] {dag.py:3096} INFO - Sync 1 DAGs
[2025-11-19T12:28:46.911+0000] {logging_mixin.py:188} INFO - [2025-11-19T12:28:46.911+0000] {dag.py:3954} INFO - Setting next_dagrun for cbr_daily_to_raw to 2025-11-18 21:00:00+00:00, run_after=2025-11-19 21:00:00+00:00
[2025-11-19T12:28:46.945+0000] {processor.py:183} INFO - Processing /opt/airflow/dags/cbr_daily_to_raw.py took 0.165 seconds
[2025-11-19T12:29:17.264+0000] {processor.py:161} INFO - Started process (PID=784) to work on /opt/airflow/dags/cbr_daily_to_raw.py
[2025-11-19T12:29:17.266+0000] {processor.py:830} INFO - Processing file /opt/airflow/dags/cbr_daily_to_raw.py for tasks to queue
[2025-11-19T12:29:17.272+0000] {logging_mixin.py:188} INFO - [2025-11-19T12:29:17.270+0000] {dagbag.py:540} INFO - Filling up the DagBag from /opt/airflow/dags/cbr_daily_to_raw.py
[2025-11-19T12:29:17.310+0000] {processor.py:840} INFO - DAG(s) 'cbr_daily_to_raw' retrieved from /opt/airflow/dags/cbr_daily_to_raw.py
[2025-11-19T12:29:17.373+0000] {logging_mixin.py:188} INFO - [2025-11-19T12:29:17.373+0000] {dag.py:3096} INFO - Sync 1 DAGs
[2025-11-19T12:29:17.413+0000] {logging_mixin.py:188} INFO - [2025-11-19T12:29:17.413+0000] {dag.py:3954} INFO - Setting next_dagrun for cbr_daily_to_raw to 2025-11-18 21:00:00+00:00, run_after=2025-11-19 21:00:00+00:00
[2025-11-19T12:29:17.449+0000] {processor.py:183} INFO - Processing /opt/airflow/dags/cbr_daily_to_raw.py took 0.196 seconds
[2025-11-19T12:29:47.567+0000] {processor.py:161} INFO - Started process (PID=794) to work on /opt/airflow/dags/cbr_daily_to_raw.py
[2025-11-19T12:29:47.569+0000] {processor.py:830} INFO - Processing file /opt/airflow/dags/cbr_daily_to_raw.py for tasks to queue
[2025-11-19T12:29:47.572+0000] {logging_mixin.py:188} INFO - [2025-11-19T12:29:47.572+0000] {dagbag.py:540} INFO - Filling up the DagBag from /opt/airflow/dags/cbr_daily_to_raw.py
[2025-11-19T12:29:47.607+0000] {processor.py:840} INFO - DAG(s) 'cbr_daily_to_raw' retrieved from /opt/airflow/dags/cbr_daily_to_raw.py
[2025-11-19T12:29:47.657+0000] {logging_mixin.py:188} INFO - [2025-11-19T12:29:47.656+0000] {dag.py:3096} INFO - Sync 1 DAGs
[2025-11-19T12:29:47.701+0000] {logging_mixin.py:188} INFO - [2025-11-19T12:29:47.701+0000] {dag.py:3954} INFO - Setting next_dagrun for cbr_daily_to_raw to 2025-11-18 21:00:00+00:00, run_after=2025-11-19 21:00:00+00:00
[2025-11-19T12:29:47.743+0000] {processor.py:183} INFO - Processing /opt/airflow/dags/cbr_daily_to_raw.py took 0.187 seconds
[2025-11-19T12:30:18.086+0000] {processor.py:161} INFO - Started process (PID=804) to work on /opt/airflow/dags/cbr_daily_to_raw.py
[2025-11-19T12:30:18.087+0000] {processor.py:830} INFO - Processing file /opt/airflow/dags/cbr_daily_to_raw.py for tasks to queue
[2025-11-19T12:30:18.090+0000] {logging_mixin.py:188} INFO - [2025-11-19T12:30:18.089+0000] {dagbag.py:540} INFO - Filling up the DagBag from /opt/airflow/dags/cbr_daily_to_raw.py
[2025-11-19T12:30:18.121+0000] {processor.py:840} INFO - DAG(s) 'cbr_daily_to_raw' retrieved from /opt/airflow/dags/cbr_daily_to_raw.py
[2025-11-19T12:30:18.163+0000] {logging_mixin.py:188} INFO - [2025-11-19T12:30:18.163+0000] {dag.py:3096} INFO - Sync 1 DAGs
[2025-11-19T12:30:18.200+0000] {logging_mixin.py:188} INFO - [2025-11-19T12:30:18.200+0000] {dag.py:3954} INFO - Setting next_dagrun for cbr_daily_to_raw to 2025-11-18 21:00:00+00:00, run_after=2025-11-19 21:00:00+00:00
[2025-11-19T12:30:18.229+0000] {processor.py:183} INFO - Processing /opt/airflow/dags/cbr_daily_to_raw.py took 0.154 seconds
[2025-11-19T12:30:48.609+0000] {processor.py:161} INFO - Started process (PID=814) to work on /opt/airflow/dags/cbr_daily_to_raw.py
[2025-11-19T12:30:48.612+0000] {processor.py:830} INFO - Processing file /opt/airflow/dags/cbr_daily_to_raw.py for tasks to queue
[2025-11-19T12:30:48.616+0000] {logging_mixin.py:188} INFO - [2025-11-19T12:30:48.615+0000] {dagbag.py:540} INFO - Filling up the DagBag from /opt/airflow/dags/cbr_daily_to_raw.py
[2025-11-19T12:30:48.676+0000] {processor.py:840} INFO - DAG(s) 'cbr_daily_to_raw' retrieved from /opt/airflow/dags/cbr_daily_to_raw.py
[2025-11-19T12:30:48.730+0000] {logging_mixin.py:188} INFO - [2025-11-19T12:30:48.730+0000] {dag.py:3096} INFO - Sync 1 DAGs
[2025-11-19T12:30:48.773+0000] {logging_mixin.py:188} INFO - [2025-11-19T12:30:48.773+0000] {dag.py:3954} INFO - Setting next_dagrun for cbr_daily_to_raw to 2025-11-18 21:00:00+00:00, run_after=2025-11-19 21:00:00+00:00
[2025-11-19T12:30:48.806+0000] {processor.py:183} INFO - Processing /opt/airflow/dags/cbr_daily_to_raw.py took 0.212 seconds
[2025-11-19T12:31:19.138+0000] {processor.py:161} INFO - Started process (PID=824) to work on /opt/airflow/dags/cbr_daily_to_raw.py
[2025-11-19T12:31:19.140+0000] {processor.py:830} INFO - Processing file /opt/airflow/dags/cbr_daily_to_raw.py for tasks to queue
[2025-11-19T12:31:19.143+0000] {logging_mixin.py:188} INFO - [2025-11-19T12:31:19.143+0000] {dagbag.py:540} INFO - Filling up the DagBag from /opt/airflow/dags/cbr_daily_to_raw.py
[2025-11-19T12:31:19.173+0000] {processor.py:840} INFO - DAG(s) 'cbr_daily_to_raw' retrieved from /opt/airflow/dags/cbr_daily_to_raw.py
[2025-11-19T12:31:19.215+0000] {logging_mixin.py:188} INFO - [2025-11-19T12:31:19.215+0000] {dag.py:3096} INFO - Sync 1 DAGs
[2025-11-19T12:31:19.254+0000] {logging_mixin.py:188} INFO - [2025-11-19T12:31:19.253+0000] {dag.py:3954} INFO - Setting next_dagrun for cbr_daily_to_raw to 2025-11-18 21:00:00+00:00, run_after=2025-11-19 21:00:00+00:00
[2025-11-19T12:31:19.284+0000] {processor.py:183} INFO - Processing /opt/airflow/dags/cbr_daily_to_raw.py took 0.156 seconds
[2025-11-19T12:31:49.612+0000] {processor.py:161} INFO - Started process (PID=834) to work on /opt/airflow/dags/cbr_daily_to_raw.py
[2025-11-19T12:31:49.614+0000] {processor.py:830} INFO - Processing file /opt/airflow/dags/cbr_daily_to_raw.py for tasks to queue
[2025-11-19T12:31:49.616+0000] {logging_mixin.py:188} INFO - [2025-11-19T12:31:49.616+0000] {dagbag.py:540} INFO - Filling up the DagBag from /opt/airflow/dags/cbr_daily_to_raw.py
[2025-11-19T12:31:49.642+0000] {processor.py:840} INFO - DAG(s) 'cbr_daily_to_raw' retrieved from /opt/airflow/dags/cbr_daily_to_raw.py
[2025-11-19T12:31:49.687+0000] {logging_mixin.py:188} INFO - [2025-11-19T12:31:49.686+0000] {dag.py:3096} INFO - Sync 1 DAGs
[2025-11-19T12:31:49.720+0000] {logging_mixin.py:188} INFO - [2025-11-19T12:31:49.720+0000] {dag.py:3954} INFO - Setting next_dagrun for cbr_daily_to_raw to 2025-11-18 21:00:00+00:00, run_after=2025-11-19 21:00:00+00:00
[2025-11-19T12:31:49.751+0000] {processor.py:183} INFO - Processing /opt/airflow/dags/cbr_daily_to_raw.py took 0.147 seconds
[2025-11-19T12:32:20.175+0000] {processor.py:161} INFO - Started process (PID=844) to work on /opt/airflow/dags/cbr_daily_to_raw.py
[2025-11-19T12:32:20.177+0000] {processor.py:830} INFO - Processing file /opt/airflow/dags/cbr_daily_to_raw.py for tasks to queue
[2025-11-19T12:32:20.179+0000] {logging_mixin.py:188} INFO - [2025-11-19T12:32:20.179+0000] {dagbag.py:540} INFO - Filling up the DagBag from /opt/airflow/dags/cbr_daily_to_raw.py
[2025-11-19T12:32:20.208+0000] {processor.py:840} INFO - DAG(s) 'cbr_daily_to_raw' retrieved from /opt/airflow/dags/cbr_daily_to_raw.py
[2025-11-19T12:32:20.285+0000] {logging_mixin.py:188} INFO - [2025-11-19T12:32:20.285+0000] {dag.py:3096} INFO - Sync 1 DAGs
[2025-11-19T12:32:20.332+0000] {logging_mixin.py:188} INFO - [2025-11-19T12:32:20.331+0000] {dag.py:3954} INFO - Setting next_dagrun for cbr_daily_to_raw to 2025-11-18 21:00:00+00:00, run_after=2025-11-19 21:00:00+00:00
[2025-11-19T12:32:20.392+0000] {processor.py:183} INFO - Processing /opt/airflow/dags/cbr_daily_to_raw.py took 0.226 seconds
[2025-11-19T12:32:50.703+0000] {processor.py:161} INFO - Started process (PID=854) to work on /opt/airflow/dags/cbr_daily_to_raw.py
[2025-11-19T12:32:50.705+0000] {processor.py:830} INFO - Processing file /opt/airflow/dags/cbr_daily_to_raw.py for tasks to queue
[2025-11-19T12:32:50.709+0000] {logging_mixin.py:188} INFO - [2025-11-19T12:32:50.709+0000] {dagbag.py:540} INFO - Filling up the DagBag from /opt/airflow/dags/cbr_daily_to_raw.py
[2025-11-19T12:32:50.749+0000] {processor.py:840} INFO - DAG(s) 'cbr_daily_to_raw' retrieved from /opt/airflow/dags/cbr_daily_to_raw.py
[2025-11-19T12:32:50.793+0000] {logging_mixin.py:188} INFO - [2025-11-19T12:32:50.792+0000] {dag.py:3096} INFO - Sync 1 DAGs
[2025-11-19T12:32:50.828+0000] {logging_mixin.py:188} INFO - [2025-11-19T12:32:50.827+0000] {dag.py:3954} INFO - Setting next_dagrun for cbr_daily_to_raw to 2025-11-18 21:00:00+00:00, run_after=2025-11-19 21:00:00+00:00
[2025-11-19T12:32:50.858+0000] {processor.py:183} INFO - Processing /opt/airflow/dags/cbr_daily_to_raw.py took 0.169 seconds
[2025-11-19T12:33:21.204+0000] {processor.py:161} INFO - Started process (PID=864) to work on /opt/airflow/dags/cbr_daily_to_raw.py
[2025-11-19T12:33:21.206+0000] {processor.py:830} INFO - Processing file /opt/airflow/dags/cbr_daily_to_raw.py for tasks to queue
[2025-11-19T12:33:21.209+0000] {logging_mixin.py:188} INFO - [2025-11-19T12:33:21.209+0000] {dagbag.py:540} INFO - Filling up the DagBag from /opt/airflow/dags/cbr_daily_to_raw.py
[2025-11-19T12:33:21.239+0000] {processor.py:840} INFO - DAG(s) 'cbr_daily_to_raw' retrieved from /opt/airflow/dags/cbr_daily_to_raw.py
[2025-11-19T12:33:21.277+0000] {logging_mixin.py:188} INFO - [2025-11-19T12:33:21.277+0000] {dag.py:3096} INFO - Sync 1 DAGs
[2025-11-19T12:33:21.308+0000] {logging_mixin.py:188} INFO - [2025-11-19T12:33:21.308+0000] {dag.py:3954} INFO - Setting next_dagrun for cbr_daily_to_raw to 2025-11-18 21:00:00+00:00, run_after=2025-11-19 21:00:00+00:00
[2025-11-19T12:33:21.335+0000] {processor.py:183} INFO - Processing /opt/airflow/dags/cbr_daily_to_raw.py took 0.143 seconds
[2025-11-19T12:33:51.660+0000] {processor.py:161} INFO - Started process (PID=874) to work on /opt/airflow/dags/cbr_daily_to_raw.py
[2025-11-19T12:33:51.661+0000] {processor.py:830} INFO - Processing file /opt/airflow/dags/cbr_daily_to_raw.py for tasks to queue
[2025-11-19T12:33:51.664+0000] {logging_mixin.py:188} INFO - [2025-11-19T12:33:51.664+0000] {dagbag.py:540} INFO - Filling up the DagBag from /opt/airflow/dags/cbr_daily_to_raw.py
[2025-11-19T12:33:51.692+0000] {processor.py:840} INFO - DAG(s) 'cbr_daily_to_raw' retrieved from /opt/airflow/dags/cbr_daily_to_raw.py
[2025-11-19T12:33:51.731+0000] {logging_mixin.py:188} INFO - [2025-11-19T12:33:51.731+0000] {dag.py:3096} INFO - Sync 1 DAGs
[2025-11-19T12:33:51.765+0000] {logging_mixin.py:188} INFO - [2025-11-19T12:33:51.764+0000] {dag.py:3954} INFO - Setting next_dagrun for cbr_daily_to_raw to 2025-11-18 21:00:00+00:00, run_after=2025-11-19 21:00:00+00:00
[2025-11-19T12:33:51.793+0000] {processor.py:183} INFO - Processing /opt/airflow/dags/cbr_daily_to_raw.py took 0.147 seconds
[2025-11-19T12:34:21.994+0000] {processor.py:161} INFO - Started process (PID=884) to work on /opt/airflow/dags/cbr_daily_to_raw.py
[2025-11-19T12:34:21.996+0000] {processor.py:830} INFO - Processing file /opt/airflow/dags/cbr_daily_to_raw.py for tasks to queue
[2025-11-19T12:34:21.999+0000] {logging_mixin.py:188} INFO - [2025-11-19T12:34:21.998+0000] {dagbag.py:540} INFO - Filling up the DagBag from /opt/airflow/dags/cbr_daily_to_raw.py
[2025-11-19T12:34:22.027+0000] {processor.py:840} INFO - DAG(s) 'cbr_daily_to_raw' retrieved from /opt/airflow/dags/cbr_daily_to_raw.py
[2025-11-19T12:34:22.064+0000] {logging_mixin.py:188} INFO - [2025-11-19T12:34:22.064+0000] {dag.py:3096} INFO - Sync 1 DAGs
[2025-11-19T12:34:22.100+0000] {logging_mixin.py:188} INFO - [2025-11-19T12:34:22.100+0000] {dag.py:3954} INFO - Setting next_dagrun for cbr_daily_to_raw to 2025-11-18 21:00:00+00:00, run_after=2025-11-19 21:00:00+00:00
[2025-11-19T12:34:22.134+0000] {processor.py:183} INFO - Processing /opt/airflow/dags/cbr_daily_to_raw.py took 0.150 seconds
[2025-11-19T12:34:52.439+0000] {processor.py:161} INFO - Started process (PID=894) to work on /opt/airflow/dags/cbr_daily_to_raw.py
[2025-11-19T12:34:52.441+0000] {processor.py:830} INFO - Processing file /opt/airflow/dags/cbr_daily_to_raw.py for tasks to queue
[2025-11-19T12:34:52.444+0000] {logging_mixin.py:188} INFO - [2025-11-19T12:34:52.443+0000] {dagbag.py:540} INFO - Filling up the DagBag from /opt/airflow/dags/cbr_daily_to_raw.py
[2025-11-19T12:34:52.475+0000] {processor.py:840} INFO - DAG(s) 'cbr_daily_to_raw' retrieved from /opt/airflow/dags/cbr_daily_to_raw.py
[2025-11-19T12:34:52.516+0000] {logging_mixin.py:188} INFO - [2025-11-19T12:34:52.516+0000] {dag.py:3096} INFO - Sync 1 DAGs
[2025-11-19T12:34:52.559+0000] {logging_mixin.py:188} INFO - [2025-11-19T12:34:52.558+0000] {dag.py:3954} INFO - Setting next_dagrun for cbr_daily_to_raw to 2025-11-18 21:00:00+00:00, run_after=2025-11-19 21:00:00+00:00
[2025-11-19T12:34:52.587+0000] {processor.py:183} INFO - Processing /opt/airflow/dags/cbr_daily_to_raw.py took 0.158 seconds
[2025-11-19T12:35:22.903+0000] {processor.py:161} INFO - Started process (PID=904) to work on /opt/airflow/dags/cbr_daily_to_raw.py
[2025-11-19T12:35:22.905+0000] {processor.py:830} INFO - Processing file /opt/airflow/dags/cbr_daily_to_raw.py for tasks to queue
[2025-11-19T12:35:22.907+0000] {logging_mixin.py:188} INFO - [2025-11-19T12:35:22.907+0000] {dagbag.py:540} INFO - Filling up the DagBag from /opt/airflow/dags/cbr_daily_to_raw.py
[2025-11-19T12:35:22.934+0000] {processor.py:840} INFO - DAG(s) 'cbr_daily_to_raw' retrieved from /opt/airflow/dags/cbr_daily_to_raw.py
[2025-11-19T12:35:22.973+0000] {logging_mixin.py:188} INFO - [2025-11-19T12:35:22.973+0000] {dag.py:3096} INFO - Sync 1 DAGs
[2025-11-19T12:35:23.005+0000] {logging_mixin.py:188} INFO - [2025-11-19T12:35:23.004+0000] {dag.py:3954} INFO - Setting next_dagrun for cbr_daily_to_raw to 2025-11-18 21:00:00+00:00, run_after=2025-11-19 21:00:00+00:00
[2025-11-19T12:35:23.035+0000] {processor.py:183} INFO - Processing /opt/airflow/dags/cbr_daily_to_raw.py took 0.140 seconds
[2025-11-19T12:35:53.353+0000] {processor.py:161} INFO - Started process (PID=914) to work on /opt/airflow/dags/cbr_daily_to_raw.py
[2025-11-19T12:35:53.354+0000] {processor.py:830} INFO - Processing file /opt/airflow/dags/cbr_daily_to_raw.py for tasks to queue
[2025-11-19T12:35:53.357+0000] {logging_mixin.py:188} INFO - [2025-11-19T12:35:53.357+0000] {dagbag.py:540} INFO - Filling up the DagBag from /opt/airflow/dags/cbr_daily_to_raw.py
[2025-11-19T12:35:53.386+0000] {processor.py:840} INFO - DAG(s) 'cbr_daily_to_raw' retrieved from /opt/airflow/dags/cbr_daily_to_raw.py
[2025-11-19T12:35:53.428+0000] {logging_mixin.py:188} INFO - [2025-11-19T12:35:53.427+0000] {dag.py:3096} INFO - Sync 1 DAGs
[2025-11-19T12:35:53.462+0000] {logging_mixin.py:188} INFO - [2025-11-19T12:35:53.462+0000] {dag.py:3954} INFO - Setting next_dagrun for cbr_daily_to_raw to 2025-11-18 21:00:00+00:00, run_after=2025-11-19 21:00:00+00:00
[2025-11-19T12:35:53.492+0000] {processor.py:183} INFO - Processing /opt/airflow/dags/cbr_daily_to_raw.py took 0.148 seconds
[2025-11-19T12:36:23.822+0000] {processor.py:161} INFO - Started process (PID=924) to work on /opt/airflow/dags/cbr_daily_to_raw.py
[2025-11-19T12:36:23.823+0000] {processor.py:830} INFO - Processing file /opt/airflow/dags/cbr_daily_to_raw.py for tasks to queue
[2025-11-19T12:36:23.826+0000] {logging_mixin.py:188} INFO - [2025-11-19T12:36:23.826+0000] {dagbag.py:540} INFO - Filling up the DagBag from /opt/airflow/dags/cbr_daily_to_raw.py
[2025-11-19T12:36:23.856+0000] {processor.py:840} INFO - DAG(s) 'cbr_daily_to_raw' retrieved from /opt/airflow/dags/cbr_daily_to_raw.py
[2025-11-19T12:36:23.895+0000] {logging_mixin.py:188} INFO - [2025-11-19T12:36:23.895+0000] {dag.py:3096} INFO - Sync 1 DAGs
[2025-11-19T12:36:23.927+0000] {logging_mixin.py:188} INFO - [2025-11-19T12:36:23.927+0000] {dag.py:3954} INFO - Setting next_dagrun for cbr_daily_to_raw to 2025-11-18 21:00:00+00:00, run_after=2025-11-19 21:00:00+00:00
[2025-11-19T12:36:23.956+0000] {processor.py:183} INFO - Processing /opt/airflow/dags/cbr_daily_to_raw.py took 0.142 seconds
[2025-11-19T12:36:44.204+0000] {processor.py:161} INFO - Started process (PID=934) to work on /opt/airflow/dags/cbr_daily_to_raw.py
[2025-11-19T12:36:44.206+0000] {processor.py:830} INFO - Processing file /opt/airflow/dags/cbr_daily_to_raw.py for tasks to queue
[2025-11-19T12:36:44.209+0000] {logging_mixin.py:188} INFO - [2025-11-19T12:36:44.208+0000] {dagbag.py:540} INFO - Filling up the DagBag from /opt/airflow/dags/cbr_daily_to_raw.py
[2025-11-19T12:36:44.252+0000] {processor.py:840} INFO - DAG(s) 'cbr_daily_to_raw' retrieved from /opt/airflow/dags/cbr_daily_to_raw.py
[2025-11-19T12:36:44.456+0000] {logging_mixin.py:188} INFO - [2025-11-19T12:36:44.456+0000] {dag.py:3096} INFO - Sync 1 DAGs
[2025-11-19T12:36:44.513+0000] {logging_mixin.py:188} INFO - [2025-11-19T12:36:44.513+0000] {dag.py:3954} INFO - Setting next_dagrun for cbr_daily_to_raw to 2025-11-18 21:00:00+00:00, run_after=2025-11-19 21:00:00+00:00
[2025-11-19T12:36:44.551+0000] {processor.py:183} INFO - Processing /opt/airflow/dags/cbr_daily_to_raw.py took 0.356 seconds
